{"schema_version":"1.0","record_type":"process_creation","timestamp_utc":"2026-08-11T15:14:45Z","host":"purplelab-win-client.purplelab.local","user":"PURPLELAB\\jdoe","provider":"Microsoft-Windows-Sysmon","run_id":"run-001","label":"attack","source":{"raw_file":"C:\\CyberRangers\\evidence\\it\\runs\\run-001\\raw\\windows-client\\EventLog_Microsoft-Windows-Sysmon_Operational.csv","raw_row":1},"data":{"event_id":1,"process_image":"C:\\Users\\jdoe\\AppData\\Local\\Python\\pythoncore-3.14-64\\python.exe","process_id":9092,"parent_image":"C:\\Program Files\\WindowsApps\\PythonSoftwareFoundation.PythonManager_26.3.240.0_x64__3847v3x7pw1km\\python.exe","parent_process_id":6488,"command_line":"\"C:\\Users\\jdoe\\AppData\\Local\\Python\\pythoncore-3.14-64\\python.exe\"  -c \"import jsonschema\""}}
{"schema_version":"1.0","record_type":"process_creation","timestamp_utc":"2026-08-11T15:14:46Z","host":"purplelab-win-client.purplelab.local","user":"PURPLELAB\\jdoe","provider":"Microsoft-Windows-Sysmon","run_id":"run-001","label":"attack","source":{"raw_file":"C:\\CyberRangers\\evidence\\it\\runs\\run-001\\raw\\windows-client\\EventLog_Microsoft-Windows-Sysmon_Operational.csv","raw_row":2},"data":{"event_id":1,"process_image":"C:\\Windows\\System32\\quser.exe","process_id":1564,"parent_image":"C:\\Windows\\System32\\WindowsPowerShell\\v1.0\\powershell.exe","parent_process_id":8152,"command_line":"\"C:\\WINDOWS\\system32\\quser.exe\""}}
{"schema_version":"1.0","record_type":"process_creation","timestamp_utc":"2026-08-11T15:14:46Z","host":"purplelab-win-client.purplelab.local","user":"NT AUTHORITY\\NETWORK SERVICE","provider":"Microsoft-Windows-Sysmon","run_id":"run-001","label":"attack","source":{"raw_file":"C:\\CyberRangers\\evidence\\it\\runs\\run-001\\raw\\windows-client\\EventLog_Microsoft-Windows-Sysmon_Operational.csv","raw_row":3},"data":{"event_id":1,"process_image":"C:\\Windows\\System32\\wbem\\WmiPrvSE.exe","process_id":5564,"parent_image":"C:\\Windows\\System32\\svchost.exe","parent_process_id":904,"command_line":"C:\\WINDOWS\\system32\\wbem\\wmiprvse.exe -secured -Embedding"}}
{"schema_version":"1.0","record_type":"process_creation","timestamp_utc":"2026-08-11T15:14:47Z","host":"purplelab-win-client.purplelab.local","user":"NT AUTHORITY\\LOCAL SERVICE","provider":"Microsoft-Windows-Sysmon","run_id":"run-001","label":"attack","source":{"raw_file":"C:\\CyberRangers\\evidence\\it\\runs\\run-001\\raw\\windows-client\\EventLog_Microsoft-Windows-Sysmon_Operational.csv","raw_row":4},"data":{"event_id":1,"process_image":"C:\\Windows\\System32\\wbem\\WmiPrvSE.exe","process_id":5392,"parent_image":"C:\\Windows\\System32\\svchost.exe","parent_process_id":904,"command_line":"C:\\WINDOWS\\system32\\wbem\\wmiprvse.exe -secured -Embedding"}}
{"schema_version":"1.0","record_type":"process_creation","timestamp_utc":"2026-08-11T15:14:48Z","host":"purplelab-win-client.purplelab.local","user":"PURPLELAB\\jdoe","provider":"Microsoft-Windows-Sysmon","run_id":"run-001","label":"attack","source":{"raw_file":"C:\\CyberRangers\\evidence\\it\\runs\\run-001\\raw\\windows-client\\EventLog_Microsoft-Windows-Sysmon_Operational.csv","raw_row":5},"data":{"event_id":1,"process_image":"C:\\Windows\\System32\\whoami.exe","process_id":13164,"parent_image":"C:\\Windows\\System32\\WindowsPowerShell\\v1.0\\powershell.exe","parent_process_id":8152,"command_line":"\"C:\\WINDOWS\\system32\\whoami.exe\" /groups /fo csv"}}
{"schema_version":"1.0","record_type":"process_creation","timestamp_utc":"2026-08-11T15:14:54Z","host":"purplelab-win-client.purplelab.local","user":"PURPLELAB\\jdoe","provider":"Microsoft-Windows-Sysmon","run_id":"run-001","label":"attack","source":{"raw_file":"C:\\CyberRangers\\evidence\\it\\runs\\run-001\\raw\\windows-client\\EventLog_Microsoft-Windows-Sysmon_Operational.csv","raw_row":6},"data":{"event_id":1,"process_image":"C:\\Windows\\System32\\WindowsPowerShell\\v1.0\\powershell.exe","process_id":1556,"parent_image":"C:\\Windows\\System32\\WindowsPowerShell\\v1.0\\powershell.exe","parent_process_id":8152,"command_line":"\"C:\\WINDOWS\\System32\\WindowsPowerShell\\v1.0\\powershell.exe\" -NoProfile -ExecutionPolicy Bypass -Command \"& '\\\\purplelab.local\\netlogon\\simulated_wiper.ps1' -TargetDirectory 'C:\\WiperTest'\""}}
{"schema_version":"1.0","record_type":"powershell","timestamp_utc":"2026-08-11T15:14:44Z","host":"purplelab-win-client.purplelab.local","user":"S-1-5-21-1898955512-2253536272-2216333128-1103","provider":"Microsoft-Windows-PowerShell","run_id":"run-001","label":"attack","source":{"raw_file":"C:\\CyberRangers\\evidence\\it\\runs\\run-001\\raw\\windows-client\\EventLog_Microsoft-Windows-PowerShell_Operational.csv","raw_row":1},"data":{"event_id":4103,"event_type":"module_pipeline","script_text":"CommandInvocation(PSConsoleHostReadLine): \"PSConsoleHostReadLine\"\\n\\n\\nContext:\\n        Severity = Informational\\n        Host Name = ConsoleHost\\n        Host Version = 5.1.26100.8875\\n        Host ID = a02d10d4-ac40-4a73-bdd1-bb8bb54ffa68\\n        Host Application = C:\\WINDOWS\\System32\\WindowsPowerShell\\v1.0\\powershell.exe\\n        Engine Version = 5.1.26100.8875\\n        Runspace ID = 4c42a43a-9e18-42e7-82d5-39afd17cf314\\n        Pipeline ID = 42\\n        Command Name = PSConsoleHostReadLine\\n        Command Type = Function\\n        Script Name = \\n        Command Path = \\n        Sequence Number = 2425\\n        User = PURPLELAB\\jdoe\\n        Connected User = \\n        Shell ID = Microsoft.PowerShell\\n\\n\\nUser Data:\\n\\n","record_id":17000}}
{"schema_version":"1.0","record_type":"powershell","timestamp_utc":"2026-08-11T15:14:44Z","host":"purplelab-win-client.purplelab.local","user":"S-1-5-21-1898955512-2253536272-2216333128-1103","provider":"Microsoft-Windows-PowerShell","run_id":"run-001","label":"attack","source":{"raw_file":"C:\\CyberRangers\\evidence\\it\\runs\\run-001\\raw\\windows-client\\EventLog_Microsoft-Windows-PowerShell_Operational.csv","raw_row":2},"data":{"event_id":4104,"event_type":"script_block","script_text":"Creating Scriptblock text (1 of 1):\\n.\\run_it_vector.ps1 -RunId run-001\\n\\nScriptBlock ID: 68e74e6a-3341-43b8-84e9-6eb78cae7edb\\nPath: ","record_id":17001}}
{"schema_version":"1.0","record_type":"powershell","timestamp_utc":"2026-08-11T15:14:44Z","host":"purplelab-win-client.purplelab.local","user":"S-1-5-21-1898955512-2253536272-2216333128-1103","provider":"Microsoft-Windows-PowerShell","run_id":"run-001","label":"attack","source":{"raw_file":"C:\\CyberRangers\\evidence\\it\\runs\\run-001\\raw\\windows-client\\EventLog_Microsoft-Windows-PowerShell_Operational.csv","raw_row":3},"data":{"event_id":4103,"event_type":"module_pipeline","script_text":"CommandInvocation(Set-StrictMode): \"Set-StrictMode\"\\nParameterBinding(Set-StrictMode): name=\"Version\"; value=\"5.1.26100.8875\"\\n\\n\\nContext:\\n        Severity = Informational\\n        Host Name = ConsoleHost\\n        Host Version = 5.1.26100.8875\\n        Host ID = a02d10d4-ac40-4a73-bdd1-bb8bb54ffa68\\n        Host Application = C:\\WINDOWS\\System32\\WindowsPowerShell\\v1.0\\powershell.exe\\n        Engine Version = 5.1.26100.8875\\n        Runspace ID = 4c42a43a-9e18-42e7-82d5-39afd17cf314\\n        Pipeline ID = 43\\n        Command Name = Set-StrictMode\\n        Command Type = Cmdlet\\n        Script Name = Z:\\windows\\run_it_vector.ps1\\n        Command Path = \\n        Sequence Number = 2427\\n        User = PURPLELAB\\jdoe\\n        Connected User = \\n        Shell ID = Microsoft.PowerShell\\n\\n\\nUser Data:\\n\\n","record_id":17002}}
{"schema_version":"1.0","record_type":"powershell","timestamp_utc":"2026-08-11T15:14:44Z","host":"purplelab-win-client.purplelab.local","user":"S-1-5-21-1898955512-2253536272-2216333128-1103","provider":"Microsoft-Windows-PowerShell","run_id":"run-001","label":"attack","source":{"raw_file":"C:\\CyberRangers\\evidence\\it\\runs\\run-001\\raw\\windows-client\\EventLog_Microsoft-Windows-PowerShell_Operational.csv","raw_row":4},"data":{"event_id":4103,"event_type":"module_pipeline","script_text":"CommandInvocation(Join-Path): \"Join-Path\"\\nParameterBinding(Join-Path): name=\"Path\"; value=\"C:\\CyberRangers\\evidence\\it\\runs\"\\nParameterBinding(Join-Path): name=\"ChildPath\"; value=\"run-001\"\\n\\n\\nContext:\\n        Severity = Informational\\n        Host Name = ConsoleHost\\n        Host Version = 5.1.26100.8875\\n        Host ID = a02d10d4-ac40-4a73-bdd1-bb8bb54ffa68\\n        Host Application = C:\\WINDOWS\\System32\\WindowsPowerShell\\v1.0\\powershell.exe\\n        Engine Version = 5.1.26100.8875\\n        Runspace ID = 4c42a43a-9e18-42e7-82d5-39afd17cf314\\n        Pipeline ID = 43\\n        Command Name = Join-Path\\n        Command Type = Cmdlet\\n        Script Name = Z:\\windows\\run_it_vector.ps1\\n        Command Path = \\n        Sequence Number = 2429\\n        User = PURPLELAB\\jdoe\\n        Connected User = \\n        Shell ID = Microsoft.PowerShell\\n\\n\\nUser Data:\\n\\n","record_id":17003}}
{"schema_version":"1.0","record_type":"powershell","timestamp_utc":"2026-08-11T15:14:44Z","host":"purplelab-win-client.purplelab.local","user":"S-1-5-21-1898955512-2253536272-2216333128-1103","provider":"Microsoft-Windows-PowerShell","run_id":"run-001","label":"attack","source":{"raw_file":"C:\\CyberRangers\\evidence\\it\\runs\\run-001\\raw\\windows-client\\EventLog_Microsoft-Windows-PowerShell_Operational.csv","raw_row":5},"data":{"event_id":4103,"event_type":"module_pipeline","script_text":"CommandInvocation(Join-Path): \"Join-Path\"\\nParameterBinding(Join-Path): name=\"Path\"; value=\"C:\\CyberRangers\\evidence\\it\\runs\\run-001\"\\nParameterBinding(Join-Path): name=\"ChildPath\"; value=\"raw\"\\n\\n\\nContext:\\n        Severity = Informational\\n        Host Name = ConsoleHost\\n        Host Version = 5.1.26100.8875\\n        Host ID = a02d10d4-ac40-4a73-bdd1-bb8bb54ffa68\\n        Host Application = C:\\WINDOWS\\System32\\WindowsPowerShell\\v1.0\\powershell.exe\\n        Engine Version = 5.1.26100.8875\\n        Runspace ID = 4c42a43a-9e18-42e7-82d5-39afd17cf314\\n        Pipeline ID = 43\\n        Command Name = Join-Path\\n        Command Type = Cmdlet\\n        Script Name = Z:\\windows\\run_it_vector.ps1\\n        Command Path = \\n        Sequence Number = 2431\\n        User = PURPLELAB\\jdoe\\n        Connected User = \\n        Shell ID = Microsoft.PowerShell\\n\\n\\nUser Data:\\n\\n","record_id":17004}}
{"schema_version":"1.0","record_type":"powershell","timestamp_utc":"2026-08-11T15:14:44Z","host":"purplelab-win-client.purplelab.local","user":"S-1-5-21-1898955512-2253536272-2216333128-1103","provider":"Microsoft-Windows-PowerShell","run_id":"run-001","label":"attack","source":{"raw_file":"C:\\CyberRangers\\evidence\\it\\runs\\run-001\\raw\\windows-client\\EventLog_Microsoft-Windows-PowerShell_Operational.csv","raw_row":6},"data":{"event_id":4103,"event_type":"module_pipeline","script_text":"CommandInvocation(Join-Path): \"Join-Path\"\\nParameterBinding(Join-Path): name=\"Path\"; value=\"C:\\CyberRangers\\evidence\\it\\runs\\run-001\\raw\"\\nParameterBinding(Join-Path): name=\"ChildPath\"; value=\"windows-client\"\\n\\n\\nContext:\\n        Severity = Informational\\n        Host Name = ConsoleHost\\n        Host Version = 5.1.26100.8875\\n        Host ID = a02d10d4-ac40-4a73-bdd1-bb8bb54ffa68\\n        Host Application = C:\\WINDOWS\\System32\\WindowsPowerShell\\v1.0\\powershell.exe\\n        Engine Version = 5.1.26100.8875\\n        Runspace ID = 4c42a43a-9e18-42e7-82d5-39afd17cf314\\n        Pipeline ID = 43\\n        Command Name = Join-Path\\n        Command Type = Cmdlet\\n        Script Name = Z:\\windows\\run_it_vector.ps1\\n        Command Path = \\n        Sequence Number = 2433\\n        User = PURPLELAB\\jdoe\\n        Connected User = \\n        Shell ID = Microsoft.PowerShell\\n\\n\\nUser Data:\\n\\n","record_id":17005}}
{"schema_version":"1.0","record_type":"powershell","timestamp_utc":"2026-08-11T15:14:44Z","host":"purplelab-win-client.purplelab.local","user":"S-1-5-21-1898955512-2253536272-2216333128-1103","provider":"Microsoft-Windows-PowerShell","run_id":"run-001","label":"attack","source":{"raw_file":"C:\\CyberRangers\\evidence\\it\\runs\\run-001\\raw\\windows-client\\EventLog_Microsoft-Windows-PowerShell_Operational.csv","raw_row":7},"data":{"event_id":4103,"event_type":"module_pipeline","script_text":"CommandInvocation(Join-Path): \"Join-Path\"\\nParameterBinding(Join-Path): name=\"Path\"; value=\"C:\\CyberRangers\\evidence\\it\\runs\\run-001\\raw\\windows-client\"\\nParameterBinding(Join-Path): name=\"ChildPath\"; value=\"discovery\"\\n\\n\\nContext:\\n        Severity = Informational\\n        Host Name = ConsoleHost\\n        Host Version = 5.1.26100.8875\\n        Host ID = a02d10d4-ac40-4a73-bdd1-bb8bb54ffa68\\n        Host Application = C:\\WINDOWS\\System32\\WindowsPowerShell\\v1.0\\powershell.exe\\n        Engine Version = 5.1.26100.8875\\n        Runspace ID = 4c42a43a-9e18-42e7-82d5-39afd17cf314\\n        Pipeline ID = 43\\n        Command Name = Join-Path\\n        Command Type = Cmdlet\\n        Script Name = Z:\\windows\\run_it_vector.ps1\\n        Command Path = \\n        Sequence Number = 2435\\n        User = PURPLELAB\\jdoe\\n        Connected User = \\n        Shell ID = Microsoft.PowerShell\\n\\n\\nUser Data:\\n\\n","record_id":17006}}
{"schema_version":"1.0","record_type":"powershell","timestamp_utc":"2026-08-11T15:14:44Z","host":"purplelab-win-client.purplelab.local","user":"S-1-5-21-1898955512-2253536272-2216333128-1103","provider":"Microsoft-Windows-PowerShell","run_id":"run-001","label":"attack","source":{"raw_file":"C:\\CyberRangers\\evidence\\it\\runs\\run-001\\raw\\windows-client\\EventLog_Microsoft-Windows-PowerShell_Operational.csv","raw_row":8},"data":{"event_id":4103,"event_type":"module_pipeline","script_text":"CommandInvocation(Join-Path): \"Join-Path\"\\nParameterBinding(Join-Path): name=\"Path\"; value=\"C:\\CyberRangers\\evidence\\it\\runs\\run-001\\raw\"\\nParameterBinding(Join-Path): name=\"ChildPath\"; value=\"domain-controller\"\\n\\n\\nContext:\\n        Severity = Informational\\n        Host Name = ConsoleHost\\n        Host Version = 5.1.26100.8875\\n        Host ID = a02d10d4-ac40-4a73-bdd1-bb8bb54ffa68\\n        Host Application = C:\\WINDOWS\\System32\\WindowsPowerShell\\v1.0\\powershell.exe\\n        Engine Version = 5.1.26100.8875\\n        Runspace ID = 4c42a43a-9e18-42e7-82d5-39afd17cf314\\n        Pipeline ID = 43\\n        Command Name = Join-Path\\n        Command Type = Cmdlet\\n        Script Name = Z:\\windows\\run_it_vector.ps1\\n        Command Path = \\n        Sequence Number = 2437\\n        User = PURPLELAB\\jdoe\\n        Connected User = \\n        Shell ID = Microsoft.PowerShell\\n\\n\\nUser Data:\\n\\n","record_id":17007}}
{"schema_version":"1.0","record_type":"powershell","timestamp_utc":"2026-08-11T15:14:44Z","host":"purplelab-win-client.purplelab.local","user":"S-1-5-21-1898955512-2253536272-2216333128-1103","provider":"Microsoft-Windows-PowerShell","run_id":"run-001","label":"attack","source":{"raw_file":"C:\\CyberRangers\\evidence\\it\\runs\\run-001\\raw\\windows-client\\EventLog_Microsoft-Windows-PowerShell_Operational.csv","raw_row":9},"data":{"event_id":4103,"event_type":"module_pipeline","script_text":"CommandInvocation(Join-Path): \"Join-Path\"\\nParameterBinding(Join-Path): name=\"Path\"; value=\"C:\\CyberRangers\\evidence\\it\\runs\\run-001\"\\nParameterBinding(Join-Path): name=\"ChildPath\"; value=\"metadata\"\\n\\n\\nContext:\\n        Severity = Informational\\n        Host Name = ConsoleHost\\n        Host Version = 5.1.26100.8875\\n        Host ID = a02d10d4-ac40-4a73-bdd1-bb8bb54ffa68\\n        Host Application = C:\\WINDOWS\\System32\\WindowsPowerShell\\v1.0\\powershell.exe\\n        Engine Version = 5.1.26100.8875\\n        Runspace ID = 4c42a43a-9e18-42e7-82d5-39afd17cf314\\n        Pipeline ID = 43\\n        Command Name = Join-Path\\n        Command Type = Cmdlet\\n        Script Name = Z:\\windows\\run_it_vector.ps1\\n        Command Path = \\n        Sequence Number = 2439\\n        User = PURPLELAB\\jdoe\\n        Connected User = \\n        Shell ID = Microsoft.PowerShell\\n\\n\\nUser Data:\\n\\n","record_id":17008}}
{"schema_version":"1.0","record_type":"powershell","timestamp_utc":"2026-08-11T15:14:44Z","host":"purplelab-win-client.purplelab.local","user":"S-1-5-21-1898955512-2253536272-2216333128-1103","provider":"Microsoft-Windows-PowerShell","run_id":"run-001","label":"attack","source":{"raw_file":"C:\\CyberRangers\\evidence\\it\\runs\\run-001\\raw\\windows-client\\EventLog_Microsoft-Windows-PowerShell_Operational.csv","raw_row":10},"data":{"event_id":4103,"event_type":"module_pipeline","script_text":"CommandInvocation(Join-Path): \"Join-Path\"\\nParameterBinding(Join-Path): name=\"Path\"; value=\"C:\\CyberRangers\\evidence\\it\\runs\\run-001\"\\nParameterBinding(Join-Path): name=\"ChildPath\"; value=\"screenshots\"\\n\\n\\nContext:\\n        Severity = Informational\\n        Host Name = ConsoleHost\\n        Host Version = 5.1.26100.8875\\n        Host ID = a02d10d4-ac40-4a73-bdd1-bb8bb54ffa68\\n        Host Application = C:\\WINDOWS\\System32\\WindowsPowerShell\\v1.0\\powershell.exe\\n        Engine Version = 5.1.26100.8875\\n        Runspace ID = 4c42a43a-9e18-42e7-82d5-39afd17cf314\\n        Pipeline ID = 43\\n        Command Name = Join-Path\\n        Command Type = Cmdlet\\n        Script Name = Z:\\windows\\run_it_vector.ps1\\n        Command Path = \\n        Sequence Number = 2441\\n        User = PURPLELAB\\jdoe\\n        Connected User = \\n        Shell ID = Microsoft.PowerShell\\n\\n\\nUser Data:\\n\\n","record_id":17009}}
{"schema_version":"1.0","record_type":"powershell","timestamp_utc":"2026-08-11T15:14:44Z","host":"purplelab-win-client.purplelab.local","user":"S-1-5-21-1898955512-2253536272-2216333128-1103","provider":"Microsoft-Windows-PowerShell","run_id":"run-001","label":"attack","source":{"raw_file":"C:\\CyberRangers\\evidence\\it\\runs\\run-001\\raw\\windows-client\\EventLog_Microsoft-Windows-PowerShell_Operational.csv","raw_row":11},"data":{"event_id":4103,"event_type":"module_pipeline","script_text":"CommandInvocation(Join-Path): \"Join-Path\"\\nParameterBinding(Join-Path): name=\"Path\"; value=\"C:\\CyberRangers\\evidence\\it\\runs\\run-001\"\\nParameterBinding(Join-Path): name=\"ChildPath\"; value=\"derived\"\\n\\n\\nContext:\\n        Severity = Informational\\n        Host Name = ConsoleHost\\n        Host Version = 5.1.26100.8875\\n        Host ID = a02d10d4-ac40-4a73-bdd1-bb8bb54ffa68\\n        Host Application = C:\\WINDOWS\\System32\\WindowsPowerShell\\v1.0\\powershell.exe\\n        Engine Version = 5.1.26100.8875\\n        Runspace ID = 4c42a43a-9e18-42e7-82d5-39afd17cf314\\n        Pipeline ID = 43\\n        Command Name = Join-Path\\n        Command Type = Cmdlet\\n        Script Name = Z:\\windows\\run_it_vector.ps1\\n        Command Path = \\n        Sequence Number = 2443\\n        User = PURPLELAB\\jdoe\\n        Connected User = \\n        Shell ID = Microsoft.PowerShell\\n\\n\\nUser Data:\\n\\n","record_id":17010}}
{"schema_version":"1.0","record_type":"powershell","timestamp_utc":"2026-08-11T15:14:44Z","host":"purplelab-win-client.purplelab.local","user":"S-1-5-21-1898955512-2253536272-2216333128-1103","provider":"Microsoft-Windows-PowerShell","run_id":"run-001","label":"attack","source":{"raw_file":"C:\\CyberRangers\\evidence\\it\\runs\\run-001\\raw\\windows-client\\EventLog_Microsoft-Windows-PowerShell_Operational.csv","raw_row":12},"data":{"event_id":4103,"event_type":"module_pipeline","script_text":"CommandInvocation(Test-Path): \"Test-Path\"\\nParameterBinding(Test-Path): name=\"Path\"; value=\"C:\\CyberRangers\\evidence\\it\\runs\\run-001\"\\n\\n\\nContext:\\n        Severity = Informational\\n        Host Name = ConsoleHost\\n        Host Version = 5.1.26100.8875\\n        Host ID = a02d10d4-ac40-4a73-bdd1-bb8bb54ffa68\\n        Host Application = C:\\WINDOWS\\System32\\WindowsPowerShell\\v1.0\\powershell.exe\\n        Engine Version = 5.1.26100.8875\\n        Runspace ID = 4c42a43a-9e18-42e7-82d5-39afd17cf314\\n        Pipeline ID = 43\\n        Command Name = Test-Path\\n        Command Type = Cmdlet\\n        Script Name = Z:\\windows\\run_it_vector.ps1\\n        Command Path = \\n        Sequence Number = 2445\\n        User = PURPLELAB\\jdoe\\n        Connected User = \\n        Shell ID = Microsoft.PowerShell\\n\\n\\nUser Data:\\n\\n","record_id":17011}}
{"schema_version":"1.0","record_type":"powershell","timestamp_utc":"2026-08-11T15:14:44Z","host":"purplelab-win-client.purplelab.local","user":"S-1-5-21-1898955512-2253536272-2216333128-1103","provider":"Microsoft-Windows-PowerShell","run_id":"run-001","label":"attack","source":{"raw_file":"C:\\CyberRangers\\evidence\\it\\runs\\run-001\\raw\\windows-client\\EventLog_Microsoft-Windows-PowerShell_Operational.csv","raw_row":13},"data":{"event_id":4103,"event_type":"module_pipeline","script_text":"CommandInvocation(New-Item): \"New-Item\"\\nParameterBinding(New-Item): name=\"ItemType\"; value=\"Directory\"\\nParameterBinding(New-Item): name=\"Force\"; value=\"True\"\\nParameterBinding(New-Item): name=\"Path\"; value=\"C:\\CyberRangers\\evidence\\it\\runs\\run-001\\raw\\windows-client\\discovery\"\\nCommandInvocation(Out-Null): \"Out-Null\"\\nParameterBinding(Out-Null): name=\"InputObject\"; value=\"C:\\CyberRangers\\evidence\\it\\runs\\run-001\\raw\\windows-client\\discovery\"\\n\\n\\nContext:\\n        Severity = Informational\\n        Host Name = ConsoleHost\\n        Host Version = 5.1.26100.8875\\n        Host ID = a02d10d4-ac40-4a73-bdd1-bb8bb54ffa68\\n        Host Application = C:\\WINDOWS\\System32\\WindowsPowerShell\\v1.0\\powershell.exe\\n        Engine Version = 5.1.26100.8875\\n        Runspace ID = 4c42a43a-9e18-42e7-82d5-39afd17cf314\\n        Pipeline ID = 43\\n        Command Name = New-Item\\n        Command Type = Cmdlet\\n        Script Name = Z:\\windows\\run_it_vector.ps1\\n        Command Path = \\n        Sequence Number = 2447\\n        User = PURPLELAB\\jdoe\\n        Connected User = \\n        Shell ID = Microsoft.PowerShell\\n\\n\\nUser Data:\\n\\n","record_id":17012}}
{"schema_version":"1.0","record_type":"powershell","timestamp_utc":"2026-08-11T15:14:44Z","host":"purplelab-win-client.purplelab.local","user":"S-1-5-21-1898955512-2253536272-2216333128-1103","provider":"Microsoft-Windows-PowerShell","run_id":"run-001","label":"attack","source":{"raw_file":"C:\\CyberRangers\\evidence\\it\\runs\\run-001\\raw\\windows-client\\EventLog_Microsoft-Windows-PowerShell_Operational.csv","raw_row":14},"data":{"event_id":4103,"event_type":"module_pipeline","script_text":"CommandInvocation(New-Item): \"New-Item\"\\nParameterBinding(New-Item): name=\"ItemType\"; value=\"Directory\"\\nParameterBinding(New-Item): name=\"Force\"; value=\"True\"\\nParameterBinding(New-Item): name=\"Path\"; value=\"C:\\CyberRangers\\evidence\\it\\runs\\run-001\\raw\\domain-controller\"\\nCommandInvocation(Out-Null): \"Out-Null\"\\nParameterBinding(Out-Null): name=\"InputObject\"; value=\"C:\\CyberRangers\\evidence\\it\\runs\\run-001\\raw\\domain-controller\"\\n\\n\\nContext:\\n        Severity = Informational\\n        Host Name = ConsoleHost\\n        Host Version = 5.1.26100.8875\\n        Host ID = a02d10d4-ac40-4a73-bdd1-bb8bb54ffa68\\n        Host Application = C:\\WINDOWS\\System32\\WindowsPowerShell\\v1.0\\powershell.exe\\n        Engine Version = 5.1.26100.8875\\n        Runspace ID = 4c42a43a-9e18-42e7-82d5-39afd17cf314\\n        Pipeline ID = 43\\n        Command Name = New-Item\\n        Command Type = Cmdlet\\n        Script Name = Z:\\windows\\run_it_vector.ps1\\n        Command Path = \\n        Sequence Number = 2449\\n        User = PURPLELAB\\jdoe\\n        Connected User = \\n        Shell ID = Microsoft.PowerShell\\n\\n\\nUser Data:\\n\\n","record_id":17013}}
{"schema_version":"1.0","record_type":"powershell","timestamp_utc":"2026-08-11T15:14:44Z","host":"purplelab-win-client.purplelab.local","user":"S-1-5-21-1898955512-2253536272-2216333128-1103","provider":"Microsoft-Windows-PowerShell","run_id":"run-001","label":"attack","source":{"raw_file":"C:\\CyberRangers\\evidence\\it\\runs\\run-001\\raw\\windows-client\\EventLog_Microsoft-Windows-PowerShell_Operational.csv","raw_row":15},"data":{"event_id":4103,"event_type":"module_pipeline","script_text":"CommandInvocation(New-Item): \"New-Item\"\\nParameterBinding(New-Item): name=\"ItemType\"; value=\"Directory\"\\nParameterBinding(New-Item): name=\"Force\"; value=\"True\"\\nParameterBinding(New-Item): name=\"Path\"; value=\"C:\\CyberRangers\\evidence\\it\\runs\\run-001\\metadata\"\\nCommandInvocation(Out-Null): \"Out-Null\"\\nParameterBinding(Out-Null): name=\"InputObject\"; value=\"C:\\CyberRangers\\evidence\\it\\runs\\run-001\\metadata\"\\n\\n\\nContext:\\n        Severity = Informational\\n        Host Name = ConsoleHost\\n        Host Version = 5.1.26100.8875\\n        Host ID = a02d10d4-ac40-4a73-bdd1-bb8bb54ffa68\\n        Host Application = C:\\WINDOWS\\System32\\WindowsPowerShell\\v1.0\\powershell.exe\\n        Engine Version = 5.1.26100.8875\\n        Runspace ID = 4c42a43a-9e18-42e7-82d5-39afd17cf314\\n        Pipeline ID = 43\\n        Command Name = New-Item\\n        Command Type = Cmdlet\\n        Script Name = Z:\\windows\\run_it_vector.ps1\\n        Command Path = \\n        Sequence Number = 2451\\n        User = PURPLELAB\\jdoe\\n        Connected User = \\n        Shell ID = Microsoft.PowerShell\\n\\n\\nUser Data:\\n\\n","record_id":17014}}
{"schema_version":"1.0","record_type":"powershell","timestamp_utc":"2026-08-11T15:14:44Z","host":"purplelab-win-client.purplelab.local","user":"S-1-5-21-1898955512-2253536272-2216333128-1103","provider":"Microsoft-Windows-PowerShell","run_id":"run-001","label":"attack","source":{"raw_file":"C:\\CyberRangers\\evidence\\it\\runs\\run-001\\raw\\windows-client\\EventLog_Microsoft-Windows-PowerShell_Operational.csv","raw_row":16},"data":{"event_id":4103,"event_type":"module_pipeline","script_text":"CommandInvocation(New-Item): \"New-Item\"\\nParameterBinding(New-Item): name=\"ItemType\"; value=\"Directory\"\\nParameterBinding(New-Item): name=\"Force\"; value=\"True\"\\nParameterBinding(New-Item): name=\"Path\"; value=\"C:\\CyberRangers\\evidence\\it\\runs\\run-001\\screenshots\"\\nCommandInvocation(Out-Null): \"Out-Null\"\\nParameterBinding(Out-Null): name=\"InputObject\"; value=\"C:\\CyberRangers\\evidence\\it\\runs\\run-001\\screenshots\"\\n\\n\\nContext:\\n        Severity = Informational\\n        Host Name = ConsoleHost\\n        Host Version = 5.1.26100.8875\\n        Host ID = a02d10d4-ac40-4a73-bdd1-bb8bb54ffa68\\n        Host Application = C:\\WINDOWS\\System32\\WindowsPowerShell\\v1.0\\powershell.exe\\n        Engine Version = 5.1.26100.8875\\n        Runspace ID = 4c42a43a-9e18-42e7-82d5-39afd17cf314\\n        Pipeline ID = 43\\n        Command Name = New-Item\\n        Command Type = Cmdlet\\n        Script Name = Z:\\windows\\run_it_vector.ps1\\n        Command Path = \\n        Sequence Number = 2453\\n        User = PURPLELAB\\jdoe\\n        Connected User = \\n        Shell ID = Microsoft.PowerShell\\n\\n\\nUser Data:\\n\\n","record_id":17015}}
{"schema_version":"1.0","record_type":"powershell","timestamp_utc":"2026-08-11T15:14:44Z","host":"purplelab-win-client.purplelab.local","user":"S-1-5-21-1898955512-2253536272-2216333128-1103","provider":"Microsoft-Windows-PowerShell","run_id":"run-001","label":"attack","source":{"raw_file":"C:\\CyberRangers\\evidence\\it\\runs\\run-001\\raw\\windows-client\\EventLog_Microsoft-Windows-PowerShell_Operational.csv","raw_row":17},"data":{"event_id":4103,"event_type":"module_pipeline","script_text":"CommandInvocation(New-Item): \"New-Item\"\\nParameterBinding(New-Item): name=\"ItemType\"; value=\"Directory\"\\nParameterBinding(New-Item): name=\"Force\"; value=\"True\"\\nParameterBinding(New-Item): name=\"Path\"; value=\"C:\\CyberRangers\\evidence\\it\\runs\\run-001\\derived\"\\nCommandInvocation(Out-Null): \"Out-Null\"\\nParameterBinding(Out-Null): name=\"InputObject\"; value=\"C:\\CyberRangers\\evidence\\it\\runs\\run-001\\derived\"\\n\\n\\nContext:\\n        Severity = Informational\\n        Host Name = ConsoleHost\\n        Host Version = 5.1.26100.8875\\n        Host ID = a02d10d4-ac40-4a73-bdd1-bb8bb54ffa68\\n        Host Application = C:\\WINDOWS\\System32\\WindowsPowerShell\\v1.0\\powershell.exe\\n        Engine Version = 5.1.26100.8875\\n        Runspace ID = 4c42a43a-9e18-42e7-82d5-39afd17cf314\\n        Pipeline ID = 43\\n        Command Name = New-Item\\n        Command Type = Cmdlet\\n        Script Name = Z:\\windows\\run_it_vector.ps1\\n        Command Path = \\n        Sequence Number = 2455\\n        User = PURPLELAB\\jdoe\\n        Connected User = \\n        Shell ID = Microsoft.PowerShell\\n\\n\\nUser Data:\\n\\n","record_id":17016}}
{"schema_version":"1.0","record_type":"powershell","timestamp_utc":"2026-08-11T15:14:44Z","host":"purplelab-win-client.purplelab.local","user":"S-1-5-21-1898955512-2253536272-2216333128-1103","provider":"Microsoft-Windows-PowerShell","run_id":"run-001","label":"attack","source":{"raw_file":"C:\\CyberRangers\\evidence\\it\\runs\\run-001\\raw\\windows-client\\EventLog_Microsoft-Windows-PowerShell_Operational.csv","raw_row":18},"data":{"event_id":4103,"event_type":"module_pipeline","script_text":"CommandInvocation(Join-Path): \"Join-Path\"\\nParameterBinding(Join-Path): name=\"Path\"; value=\"C:\\CyberRangers\\evidence\\it\\runs\\run-001\\raw\\windows-client\"\\nParameterBinding(Join-Path): name=\"ChildPath\"; value=\"run_it_vector.csv\"\\n\\n\\nContext:\\n        Severity = Informational\\n        Host Name = ConsoleHost\\n        Host Version = 5.1.26100.8875\\n        Host ID = a02d10d4-ac40-4a73-bdd1-bb8bb54ffa68\\n        Host Application = C:\\WINDOWS\\System32\\WindowsPowerShell\\v1.0\\powershell.exe\\n        Engine Version = 5.1.26100.8875\\n        Runspace ID = 4c42a43a-9e18-42e7-82d5-39afd17cf314\\n        Pipeline ID = 43\\n        Command Name = Join-Path\\n        Command Type = Cmdlet\\n        Script Name = Z:\\windows\\run_it_vector.ps1\\n        Command Path = \\n        Sequence Number = 2457\\n        User = PURPLELAB\\jdoe\\n        Connected User = \\n        Shell ID = Microsoft.PowerShell\\n\\n\\nUser Data:\\n\\n","record_id":17017}}
{"schema_version":"1.0","record_type":"powershell","timestamp_utc":"2026-08-11T15:14:44Z","host":"purplelab-win-client.purplelab.local","user":"S-1-5-21-1898955512-2253536272-2216333128-1103","provider":"Microsoft-Windows-PowerShell","run_id":"run-001","label":"attack","source":{"raw_file":"C:\\CyberRangers\\evidence\\it\\runs\\run-001\\raw\\windows-client\\EventLog_Microsoft-Windows-PowerShell_Operational.csv","raw_row":19},"data":{"event_id":4103,"event_type":"module_pipeline","script_text":"CommandInvocation(Join-Path): \"Join-Path\"\\nParameterBinding(Join-Path): name=\"Path\"; value=\"C:\\CyberRangers\\evidence\\it\\runs\\run-001\\raw\\windows-client\"\\nParameterBinding(Join-Path): name=\"ChildPath\"; value=\"powershell-transcript.txt\"\\n\\n\\nContext:\\n        Severity = Informational\\n        Host Name = ConsoleHost\\n        Host Version = 5.1.26100.8875\\n        Host ID = a02d10d4-ac40-4a73-bdd1-bb8bb54ffa68\\n        Host Application = C:\\WINDOWS\\System32\\WindowsPowerShell\\v1.0\\powershell.exe\\n        Engine Version = 5.1.26100.8875\\n        Runspace ID = 4c42a43a-9e18-42e7-82d5-39afd17cf314\\n        Pipeline ID = 43\\n        Command Name = Join-Path\\n        Command Type = Cmdlet\\n        Script Name = Z:\\windows\\run_it_vector.ps1\\n        Command Path = \\n        Sequence Number = 2459\\n        User = PURPLELAB\\jdoe\\n        Connected User = \\n        Shell ID = Microsoft.PowerShell\\n\\n\\nUser Data:\\n\\n","record_id":17018}}
{"schema_version":"1.0","record_type":"powershell","timestamp_utc":"2026-08-11T15:14:44Z","host":"purplelab-win-client.purplelab.local","user":"S-1-5-21-1898955512-2253536272-2216333128-1103","provider":"Microsoft-Windows-PowerShell","run_id":"run-001","label":"attack","source":{"raw_file":"C:\\CyberRangers\\evidence\\it\\runs\\run-001\\raw\\windows-client\\EventLog_Microsoft-Windows-PowerShell_Operational.csv","raw_row":20},"data":{"event_id":4103,"event_type":"module_pipeline","script_text":"CommandInvocation(Join-Path): \"Join-Path\"\\nParameterBinding(Join-Path): name=\"Path\"; value=\"Z:\\windows\"\\nParameterBinding(Join-Path): name=\"ChildPath\"; value=\"win_discovery.ps1\"\\n\\n\\nContext:\\n        Severity = Informational\\n        Host Name = ConsoleHost\\n        Host Version = 5.1.26100.8875\\n        Host ID = a02d10d4-ac40-4a73-bdd1-bb8bb54ffa68\\n        Host Application = C:\\WINDOWS\\System32\\WindowsPowerShell\\v1.0\\powershell.exe\\n        Engine Version = 5.1.26100.8875\\n        Runspace ID = 4c42a43a-9e18-42e7-82d5-39afd17cf314\\n        Pipeline ID = 43\\n        Command Name = Join-Path\\n        Command Type = Cmdlet\\n        Script Name = Z:\\windows\\run_it_vector.ps1\\n        Command Path = \\n        Sequence Number = 2461\\n        User = PURPLELAB\\jdoe\\n        Connected User = \\n        Shell ID = Microsoft.PowerShell\\n\\n\\nUser Data:\\n\\n","record_id":17019}}
{"schema_version":"1.0","record_type":"powershell","timestamp_utc":"2026-08-11T15:14:44Z","host":"purplelab-win-client.purplelab.local","user":"S-1-5-21-1898955512-2253536272-2216333128-1103","provider":"Microsoft-Windows-PowerShell","run_id":"run-001","label":"attack","source":{"raw_file":"C:\\CyberRangers\\evidence\\it\\runs\\run-001\\raw\\windows-client\\EventLog_Microsoft-Windows-PowerShell_Operational.csv","raw_row":21},"data":{"event_id":4103,"event_type":"module_pipeline","script_text":"CommandInvocation(Join-Path): \"Join-Path\"\\nParameterBinding(Join-Path): name=\"Path\"; value=\"Z:\\windows\"\\nParameterBinding(Join-Path): name=\"ChildPath\"; value=\"test_dc_access.ps1\"\\n\\n\\nContext:\\n        Severity = Informational\\n        Host Name = ConsoleHost\\n        Host Version = 5.1.26100.8875\\n        Host ID = a02d10d4-ac40-4a73-bdd1-bb8bb54ffa68\\n        Host Application = C:\\WINDOWS\\System32\\WindowsPowerShell\\v1.0\\powershell.exe\\n        Engine Version = 5.1.26100.8875\\n        Runspace ID = 4c42a43a-9e18-42e7-82d5-39afd17cf314\\n        Pipeline ID = 43\\n        Command Name = Join-Path\\n        Command Type = Cmdlet\\n        Script Name = Z:\\windows\\run_it_vector.ps1\\n        Command Path = \\n        Sequence Number = 2463\\n        User = PURPLELAB\\jdoe\\n        Connected User = \\n        Shell ID = Microsoft.PowerShell\\n\\n\\nUser Data:\\n\\n","record_id":17020}}
{"schema_version":"1.0","record_type":"powershell","timestamp_utc":"2026-08-11T15:14:44Z","host":"purplelab-win-client.purplelab.local","user":"S-1-5-21-1898955512-2253536272-2216333128-1103","provider":"Microsoft-Windows-PowerShell","run_id":"run-001","label":"attack","source":{"raw_file":"C:\\CyberRangers\\evidence\\it\\runs\\run-001\\raw\\windows-client\\EventLog_Microsoft-Windows-PowerShell_Operational.csv","raw_row":22},"data":{"event_id":4103,"event_type":"module_pipeline","script_text":"CommandInvocation(Join-Path): \"Join-Path\"\\nParameterBinding(Join-Path): name=\"Path\"; value=\"Z:\\windows\"\\nParameterBinding(Join-Path): name=\"ChildPath\"; value=\"export_win_events.ps1\"\\n\\n\\nContext:\\n        Severity = Informational\\n        Host Name = ConsoleHost\\n        Host Version = 5.1.26100.8875\\n        Host ID = a02d10d4-ac40-4a73-bdd1-bb8bb54ffa68\\n        Host Application = C:\\WINDOWS\\System32\\WindowsPowerShell\\v1.0\\powershell.exe\\n        Engine Version = 5.1.26100.8875\\n        Runspace ID = 4c42a43a-9e18-42e7-82d5-39afd17cf314\\n        Pipeline ID = 43\\n        Command Name = Join-Path\\n        Command Type = Cmdlet\\n        Script Name = Z:\\windows\\run_it_vector.ps1\\n        Command Path = \\n        Sequence Number = 2465\\n        User = PURPLELAB\\jdoe\\n        Connected User = \\n        Shell ID = Microsoft.PowerShell\\n\\n\\nUser Data:\\n\\n","record_id":17021}}
{"schema_version":"1.0","record_type":"powershell","timestamp_utc":"2026-08-11T15:14:44Z","host":"purplelab-win-client.purplelab.local","user":"S-1-5-21-1898955512-2253536272-2216333128-1103","provider":"Microsoft-Windows-PowerShell","run_id":"run-001","label":"attack","source":{"raw_file":"C:\\CyberRangers\\evidence\\it\\runs\\run-001\\raw\\windows-client\\EventLog_Microsoft-Windows-PowerShell_Operational.csv","raw_row":23},"data":{"event_id":4103,"event_type":"module_pipeline","script_text":"CommandInvocation(Join-Path): \"Join-Path\"\\nParameterBinding(Join-Path): name=\"Path\"; value=\"Z:\\windows\"\\nParameterBinding(Join-Path): name=\"ChildPath\"; value=\"cleanup.ps1\"\\n\\n\\nContext:\\n        Severity = Informational\\n        Host Name = ConsoleHost\\n        Host Version = 5.1.26100.8875\\n        Host ID = a02d10d4-ac40-4a73-bdd1-bb8bb54ffa68\\n        Host Application = C:\\WINDOWS\\System32\\WindowsPowerShell\\v1.0\\powershell.exe\\n        Engine Version = 5.1.26100.8875\\n        Runspace ID = 4c42a43a-9e18-42e7-82d5-39afd17cf314\\n        Pipeline ID = 43\\n        Command Name = Join-Path\\n        Command Type = Cmdlet\\n        Script Name = Z:\\windows\\run_it_vector.ps1\\n        Command Path = \\n        Sequence Number = 2467\\n        User = PURPLELAB\\jdoe\\n        Connected User = \\n        Shell ID = Microsoft.PowerShell\\n\\n\\nUser Data:\\n\\n","record_id":17022}}
{"schema_version":"1.0","record_type":"powershell","timestamp_utc":"2026-08-11T15:14:44Z","host":"purplelab-win-client.purplelab.local","user":"S-1-5-21-1898955512-2253536272-2216333128-1103","provider":"Microsoft-Windows-PowerShell","run_id":"run-001","label":"attack","source":{"raw_file":"C:\\CyberRangers\\evidence\\it\\runs\\run-001\\raw\\windows-client\\EventLog_Microsoft-Windows-PowerShell_Operational.csv","raw_row":24},"data":{"event_id":4103,"event_type":"module_pipeline","script_text":"CommandInvocation(Join-Path): \"Join-Path\"\\nParameterBinding(Join-Path): name=\"Path\"; value=\"Z:\\windows\"\\nParameterBinding(Join-Path): name=\"ChildPath\"; value=\"normalize_it_evidence.ps1\"\\n\\n\\nContext:\\n        Severity = Informational\\n        Host Name = ConsoleHost\\n        Host Version = 5.1.26100.8875\\n        Host ID = a02d10d4-ac40-4a73-bdd1-bb8bb54ffa68\\n        Host Application = C:\\WINDOWS\\System32\\WindowsPowerShell\\v1.0\\powershell.exe\\n        Engine Version = 5.1.26100.8875\\n        Runspace ID = 4c42a43a-9e18-42e7-82d5-39afd17cf314\\n        Pipeline ID = 43\\n        Command Name = Join-Path\\n        Command Type = Cmdlet\\n        Script Name = Z:\\windows\\run_it_vector.ps1\\n        Command Path = \\n        Sequence Number = 2469\\n        User = PURPLELAB\\jdoe\\n        Connected User = \\n        Shell ID = Microsoft.PowerShell\\n\\n\\nUser Data:\\n\\n","record_id":17023}}
{"schema_version":"1.0","record_type":"powershell","timestamp_utc":"2026-08-11T15:14:44Z","host":"purplelab-win-client.purplelab.local","user":"S-1-5-21-1898955512-2253536272-2216333128-1103","provider":"Microsoft-Windows-PowerShell","run_id":"run-001","label":"attack","source":{"raw_file":"C:\\CyberRangers\\evidence\\it\\runs\\run-001\\raw\\windows-client\\EventLog_Microsoft-Windows-PowerShell_Operational.csv","raw_row":25},"data":{"event_id":4103,"event_type":"module_pipeline","script_text":"CommandInvocation(Join-Path): \"Join-Path\"\\nParameterBinding(Join-Path): name=\"Path\"; value=\"Z:\\windows\"\\nParameterBinding(Join-Path): name=\"ChildPath\"; value=\"normalize_windows.py\"\\n\\n\\nContext:\\n        Severity = Informational\\n        Host Name = ConsoleHost\\n        Host Version = 5.1.26100.8875\\n        Host ID = a02d10d4-ac40-4a73-bdd1-bb8bb54ffa68\\n        Host Application = C:\\WINDOWS\\System32\\WindowsPowerShell\\v1.0\\powershell.exe\\n        Engine Version = 5.1.26100.8875\\n        Runspace ID = 4c42a43a-9e18-42e7-82d5-39afd17cf314\\n        Pipeline ID = 43\\n        Command Name = Join-Path\\n        Command Type = Cmdlet\\n        Script Name = Z:\\windows\\run_it_vector.ps1\\n        Command Path = \\n        Sequence Number = 2471\\n        User = PURPLELAB\\jdoe\\n        Connected User = \\n        Shell ID = Microsoft.PowerShell\\n\\n\\nUser Data:\\n\\n","record_id":17024}}
{"schema_version":"1.0","record_type":"powershell","timestamp_utc":"2026-08-11T15:14:44Z","host":"purplelab-win-client.purplelab.local","user":"S-1-5-21-1898955512-2253536272-2216333128-1103","provider":"Microsoft-Windows-PowerShell","run_id":"run-001","label":"attack","source":{"raw_file":"C:\\CyberRangers\\evidence\\it\\runs\\run-001\\raw\\windows-client\\EventLog_Microsoft-Windows-PowerShell_Operational.csv","raw_row":26},"data":{"event_id":4103,"event_type":"module_pipeline","script_text":"CommandInvocation(Join-Path): \"Join-Path\"\\nParameterBinding(Join-Path): name=\"Path\"; value=\"Z:\\windows\"\\nParameterBinding(Join-Path): name=\"ChildPath\"; value=\"..\\ai\\specifications\\it_schema.json\"\\n\\n\\nContext:\\n        Severity = Informational\\n        Host Name = ConsoleHost\\n        Host Version = 5.1.26100.8875\\n        Host ID = a02d10d4-ac40-4a73-bdd1-bb8bb54ffa68\\n        Host Application = C:\\WINDOWS\\System32\\WindowsPowerShell\\v1.0\\powershell.exe\\n        Engine Version = 5.1.26100.8875\\n        Runspace ID = 4c42a43a-9e18-42e7-82d5-39afd17cf314\\n        Pipeline ID = 43\\n        Command Name = Join-Path\\n        Command Type = Cmdlet\\n        Script Name = Z:\\windows\\run_it_vector.ps1\\n        Command Path = \\n        Sequence Number = 2473\\n        User = PURPLELAB\\jdoe\\n        Connected User = \\n        Shell ID = Microsoft.PowerShell\\n\\n\\nUser Data:\\n\\n","record_id":17025}}
{"schema_version":"1.0","record_type":"powershell","timestamp_utc":"2026-08-11T15:14:44Z","host":"purplelab-win-client.purplelab.local","user":"S-1-5-21-1898955512-2253536272-2216333128-1103","provider":"Microsoft-Windows-PowerShell","run_id":"run-001","label":"attack","source":{"raw_file":"C:\\CyberRangers\\evidence\\it\\runs\\run-001\\raw\\windows-client\\EventLog_Microsoft-Windows-PowerShell_Operational.csv","raw_row":27},"data":{"event_id":4103,"event_type":"module_pipeline","script_text":"CommandInvocation(Join-Path): \"Join-Path\"\\nParameterBinding(Join-Path): name=\"Path\"; value=\"C:\\CyberRangers\\evidence\\it\\runs\\run-001\\raw\\windows-client\"\\nParameterBinding(Join-Path): name=\"ChildPath\"; value=\"04-wiper-result.json\"\\n\\n\\nContext:\\n        Severity = Informational\\n        Host Name = ConsoleHost\\n        Host Version = 5.1.26100.8875\\n        Host ID = a02d10d4-ac40-4a73-bdd1-bb8bb54ffa68\\n        Host Application = C:\\WINDOWS\\System32\\WindowsPowerShell\\v1.0\\powershell.exe\\n        Engine Version = 5.1.26100.8875\\n        Runspace ID = 4c42a43a-9e18-42e7-82d5-39afd17cf314\\n        Pipeline ID = 43\\n        Command Name = Join-Path\\n        Command Type = Cmdlet\\n        Script Name = Z:\\windows\\run_it_vector.ps1\\n        Command Path = \\n        Sequence Number = 2475\\n        User = PURPLELAB\\jdoe\\n        Connected User = \\n        Shell ID = Microsoft.PowerShell\\n\\n\\nUser Data:\\n\\n","record_id":17026}}
{"schema_version":"1.0","record_type":"powershell","timestamp_utc":"2026-08-11T15:14:44Z","host":"purplelab-win-client.purplelab.local","user":"S-1-5-21-1898955512-2253536272-2216333128-1103","provider":"Microsoft-Windows-PowerShell","run_id":"run-001","label":"attack","source":{"raw_file":"C:\\CyberRangers\\evidence\\it\\runs\\run-001\\raw\\windows-client\\EventLog_Microsoft-Windows-PowerShell_Operational.csv","raw_row":28},"data":{"event_id":4103,"event_type":"module_pipeline","script_text":"CommandInvocation(Test-Path): \"Test-Path\"\\nParameterBinding(Test-Path): name=\"PathType\"; value=\"Leaf\"\\nParameterBinding(Test-Path): name=\"Path\"; value=\"Z:\\windows\\win_discovery.ps1\"\\n\\n\\nContext:\\n        Severity = Informational\\n        Host Name = ConsoleHost\\n        Host Version = 5.1.26100.8875\\n        Host ID = a02d10d4-ac40-4a73-bdd1-bb8bb54ffa68\\n        Host Application = C:\\WINDOWS\\System32\\WindowsPowerShell\\v1.0\\powershell.exe\\n        Engine Version = 5.1.26100.8875\\n        Runspace ID = 4c42a43a-9e18-42e7-82d5-39afd17cf314\\n        Pipeline ID = 43\\n        Command Name = Test-Path\\n        Command Type = Cmdlet\\n        Script Name = Z:\\windows\\run_it_vector.ps1\\n        Command Path = \\n        Sequence Number = 2477\\n        User = PURPLELAB\\jdoe\\n        Connected User = \\n        Shell ID = Microsoft.PowerShell\\n\\n\\nUser Data:\\n\\n","record_id":17027}}
{"schema_version":"1.0","record_type":"powershell","timestamp_utc":"2026-08-11T15:14:44Z","host":"purplelab-win-client.purplelab.local","user":"S-1-5-21-1898955512-2253536272-2216333128-1103","provider":"Microsoft-Windows-PowerShell","run_id":"run-001","label":"attack","source":{"raw_file":"C:\\CyberRangers\\evidence\\it\\runs\\run-001\\raw\\windows-client\\EventLog_Microsoft-Windows-PowerShell_Operational.csv","raw_row":29},"data":{"event_id":4103,"event_type":"module_pipeline","script_text":"CommandInvocation(Test-Path): \"Test-Path\"\\nParameterBinding(Test-Path): name=\"PathType\"; value=\"Leaf\"\\nParameterBinding(Test-Path): name=\"Path\"; value=\"Z:\\windows\\test_dc_access.ps1\"\\n\\n\\nContext:\\n        Severity = Informational\\n        Host Name = ConsoleHost\\n        Host Version = 5.1.26100.8875\\n        Host ID = a02d10d4-ac40-4a73-bdd1-bb8bb54ffa68\\n        Host Application = C:\\WINDOWS\\System32\\WindowsPowerShell\\v1.0\\powershell.exe\\n        Engine Version = 5.1.26100.8875\\n        Runspace ID = 4c42a43a-9e18-42e7-82d5-39afd17cf314\\n        Pipeline ID = 43\\n        Command Name = Test-Path\\n        Command Type = Cmdlet\\n        Script Name = Z:\\windows\\run_it_vector.ps1\\n        Command Path = \\n        Sequence Number = 2479\\n        User = PURPLELAB\\jdoe\\n        Connected User = \\n        Shell ID = Microsoft.PowerShell\\n\\n\\nUser Data:\\n\\n","record_id":17028}}
{"schema_version":"1.0","record_type":"powershell","timestamp_utc":"2026-08-11T15:14:44Z","host":"purplelab-win-client.purplelab.local","user":"S-1-5-21-1898955512-2253536272-2216333128-1103","provider":"Microsoft-Windows-PowerShell","run_id":"run-001","label":"attack","source":{"raw_file":"C:\\CyberRangers\\evidence\\it\\runs\\run-001\\raw\\windows-client\\EventLog_Microsoft-Windows-PowerShell_Operational.csv","raw_row":30},"data":{"event_id":4103,"event_type":"module_pipeline","script_text":"CommandInvocation(Test-Path): \"Test-Path\"\\nParameterBinding(Test-Path): name=\"PathType\"; value=\"Leaf\"\\nParameterBinding(Test-Path): name=\"Path\"; value=\"Z:\\windows\\export_win_events.ps1\"\\n\\n\\nContext:\\n        Severity = Informational\\n        Host Name = ConsoleHost\\n        Host Version = 5.1.26100.8875\\n        Host ID = a02d10d4-ac40-4a73-bdd1-bb8bb54ffa68\\n        Host Application = C:\\WINDOWS\\System32\\WindowsPowerShell\\v1.0\\powershell.exe\\n        Engine Version = 5.1.26100.8875\\n        Runspace ID = 4c42a43a-9e18-42e7-82d5-39afd17cf314\\n        Pipeline ID = 43\\n        Command Name = Test-Path\\n        Command Type = Cmdlet\\n        Script Name = Z:\\windows\\run_it_vector.ps1\\n        Command Path = \\n        Sequence Number = 2481\\n        User = PURPLELAB\\jdoe\\n        Connected User = \\n        Shell ID = Microsoft.PowerShell\\n\\n\\nUser Data:\\n\\n","record_id":17029}}
{"schema_version":"1.0","record_type":"powershell","timestamp_utc":"2026-08-11T15:14:44Z","host":"purplelab-win-client.purplelab.local","user":"S-1-5-21-1898955512-2253536272-2216333128-1103","provider":"Microsoft-Windows-PowerShell","run_id":"run-001","label":"attack","source":{"raw_file":"C:\\CyberRangers\\evidence\\it\\runs\\run-001\\raw\\windows-client\\EventLog_Microsoft-Windows-PowerShell_Operational.csv","raw_row":31},"data":{"event_id":4103,"event_type":"module_pipeline","script_text":"CommandInvocation(Test-Path): \"Test-Path\"\\nParameterBinding(Test-Path): name=\"PathType\"; value=\"Leaf\"\\nParameterBinding(Test-Path): name=\"Path\"; value=\"Z:\\windows\\cleanup.ps1\"\\n\\n\\nContext:\\n        Severity = Informational\\n        Host Name = ConsoleHost\\n        Host Version = 5.1.26100.8875\\n        Host ID = a02d10d4-ac40-4a73-bdd1-bb8bb54ffa68\\n        Host Application = C:\\WINDOWS\\System32\\WindowsPowerShell\\v1.0\\powershell.exe\\n        Engine Version = 5.1.26100.8875\\n        Runspace ID = 4c42a43a-9e18-42e7-82d5-39afd17cf314\\n        Pipeline ID = 43\\n        Command Name = Test-Path\\n        Command Type = Cmdlet\\n        Script Name = Z:\\windows\\run_it_vector.ps1\\n        Command Path = \\n        Sequence Number = 2483\\n        User = PURPLELAB\\jdoe\\n        Connected User = \\n        Shell ID = Microsoft.PowerShell\\n\\n\\nUser Data:\\n\\n","record_id":17030}}
