{"schema_version":"1.0","record_type":"powershell","timestamp_utc":"2026-08-11T15:14:48Z","host":"purplelab-win-client.purplelab.local","user":"S-1-5-21-1898955512-2253536272-2216333128-1103","provider":"Microsoft-Windows-PowerShell","run_id":"run-001","label":"attack","source":{"raw_file":"C:\\CyberRangers\\evidence\\it\\runs\\run-001\\raw\\windows-client\\EventLog_Microsoft-Windows-PowerShell_Operational.csv","raw_row":127},"data":{"event_id":4103,"event_type":"module_pipeline","script_text":"CommandInvocation(Get-Date): \"Get-Date\"\\n\\n\\nContext:\\n        Severity = Informational\\n        Host Name = ConsoleHost\\n        Host Version = 5.1.26100.8875\\n        Host ID = a02d10d4-ac40-4a73-bdd1-bb8bb54ffa68\\n        Host Application = C:\\WINDOWS\\System32\\WindowsPowerShell\\v1.0\\powershell.exe\\n        Engine Version = 5.1.26100.8875\\n        Runspace ID = 4c42a43a-9e18-42e7-82d5-39afd17cf314\\n        Pipeline ID = 43\\n        Command Name = Get-Date\\n        Command Type = Cmdlet\\n        Script Name = Z:\\windows\\win_discovery.ps1\\n        Command Path = \\n        Sequence Number = 2665\\n        User = PURPLELAB\\jdoe\\n        Connected User = \\n        Shell ID = Microsoft.PowerShell\\n\\n\\nUser Data:\\n\\n","record_id":17126}}
{"schema_version":"1.0","record_type":"powershell","timestamp_utc":"2026-08-11T15:14:48Z","host":"purplelab-win-client.purplelab.local","user":"S-1-5-21-1898955512-2253536272-2216333128-1103","provider":"Microsoft-Windows-PowerShell","run_id":"run-001","label":"attack","source":{"raw_file":"C:\\CyberRangers\\evidence\\it\\runs\\run-001\\raw\\windows-client\\EventLog_Microsoft-Windows-PowerShell_Operational.csv","raw_row":128},"data":{"event_id":4103,"event_type":"module_pipeline","script_text":"CommandInvocation(Join-Path): \"Join-Path\"\\nParameterBinding(Join-Path): name=\"Path\"; value=\"C:\\CyberRangers\\evidence\\it\\runs\\run-001\\raw\\windows-client\\discovery\"\\nParameterBinding(Join-Path): name=\"ChildPath\"; value=\"01_domain.json\"\\n\\n\\nContext:\\n        Severity = Informational\\n        Host Name = ConsoleHost\\n        Host Version = 5.1.26100.8875\\n        Host ID = a02d10d4-ac40-4a73-bdd1-bb8bb54ffa68\\n        Host Application = C:\\WINDOWS\\System32\\WindowsPowerShell\\v1.0\\powershell.exe\\n        Engine Version = 5.1.26100.8875\\n        Runspace ID = 4c42a43a-9e18-42e7-82d5-39afd17cf314\\n        Pipeline ID = 43\\n        Command Name = Join-Path\\n        Command Type = Cmdlet\\n        Script Name = Z:\\windows\\win_discovery.ps1\\n        Command Path = \\n        Sequence Number = 2667\\n        User = PURPLELAB\\jdoe\\n        Connected User = \\n        Shell ID = Microsoft.PowerShell\\n\\n\\nUser Data:\\n\\n","record_id":17127}}
{"schema_version":"1.0","record_type":"powershell","timestamp_utc":"2026-08-11T15:14:48Z","host":"purplelab-win-client.purplelab.local","user":"S-1-5-21-1898955512-2253536272-2216333128-1103","provider":"Microsoft-Windows-PowerShell","run_id":"run-001","label":"attack","source":{"raw_file":"C:\\CyberRangers\\evidence\\it\\runs\\run-001\\raw\\windows-client\\EventLog_Microsoft-Windows-PowerShell_Operational.csv","raw_row":129},"data":{"event_id":4103,"event_type":"module_pipeline","script_text":"CommandInvocation(ConvertTo-Json): \"ConvertTo-Json\"\\nParameterBinding(ConvertTo-Json): name=\"Depth\"; value=\"6\"\\nCommandInvocation(Set-Content): \"Set-Content\"\\nParameterBinding(Set-Content): name=\"LiteralPath\"; value=\"C:\\CyberRangers\\evidence\\it\\runs\\run-001\\raw\\windows-client\\discovery\\01_domain.json\"\\nParameterBinding(Set-Content): name=\"Encoding\"; value=\"UTF8\"\\nParameterBinding(ConvertTo-Json): name=\"InputObject\"; value=\"System.Collections.Specialized.OrderedDictionary\"\\nParameterBinding(Set-Content): name=\"Value\"; value=\"{\\n    \"collected_utc\":  \"2026-08-11T15:14:48.1241822Z\",\\n    \"computer_name\":  \"PURPLELAB-WIN-C\",\\n    \"os_name\":  \"Microsoft Windows 11 Enterprise Evaluation\",\\n    \"os_version\":  \"10.0.26100\",\\n    \"part_of_domain\":  true,\\n    \"domain\":  \"purplelab.local\",\\n    \"domain_role\":  1\\n}, ...\"\\n\\n\\nContext:\\n        Severity = Informational\\n        Host Name = ConsoleHost\\n        Host Version = 5.1.26100.8875\\n        Host ID = a02d10d4-ac40-4a73-bdd1-bb8bb54ffa68\\n        Host Application = C:\\WINDOWS\\System32\\WindowsPowerShell\\v1.0\\powershell.exe\\n        Engine Version = 5.1.26100.8875\\n        Runspace ID = 4c42a43a-9e18-42e7-82d5-39afd17cf314\\n        Pipeline ID = 43\\n        Command Name = ConvertTo-Json\\n        Command Type = Cmdlet\\n        Script Name = Z:\\windows\\win_discovery.ps1\\n        Command Path = \\n        Sequence Number = 2669\\n        User = PURPLELAB\\jdoe\\n        Connected User = \\n        Shell ID = Microsoft.PowerShell\\n\\n\\nUser Data:\\n\\n","record_id":17128}}
{"schema_version":"1.0","record_type":"powershell","timestamp_utc":"2026-08-11T15:14:48Z","host":"purplelab-win-client.purplelab.local","user":"S-1-5-21-1898955512-2253536272-2216333128-1103","provider":"Microsoft-Windows-PowerShell","run_id":"run-001","label":"attack","source":{"raw_file":"C:\\CyberRangers\\evidence\\it\\runs\\run-001\\raw\\windows-client\\EventLog_Microsoft-Windows-PowerShell_Operational.csv","raw_row":130},"data":{"event_id":4103,"event_type":"module_pipeline","script_text":"CommandInvocation(Get-Date): \"Get-Date\"\\n\\n\\nContext:\\n        Severity = Informational\\n        Host Name = ConsoleHost\\n        Host Version = 5.1.26100.8875\\n        Host ID = a02d10d4-ac40-4a73-bdd1-bb8bb54ffa68\\n        Host Application = C:\\WINDOWS\\System32\\WindowsPowerShell\\v1.0\\powershell.exe\\n        Engine Version = 5.1.26100.8875\\n        Runspace ID = 4c42a43a-9e18-42e7-82d5-39afd17cf314\\n        Pipeline ID = 43\\n        Command Name = Get-Date\\n        Command Type = Cmdlet\\n        Script Name = Z:\\windows\\win_discovery.ps1\\n        Command Path = \\n        Sequence Number = 2671\\n        User = PURPLELAB\\jdoe\\n        Connected User = \\n        Shell ID = Microsoft.PowerShell\\n\\n\\nUser Data:\\n\\n","record_id":17129}}
{"schema_version":"1.0","record_type":"powershell","timestamp_utc":"2026-08-11T15:14:48Z","host":"purplelab-win-client.purplelab.local","user":"S-1-5-21-1898955512-2253536272-2216333128-1103","provider":"Microsoft-Windows-PowerShell","run_id":"run-001","label":"attack","source":{"raw_file":"C:\\CyberRangers\\evidence\\it\\runs\\run-001\\raw\\windows-client\\EventLog_Microsoft-Windows-PowerShell_Operational.csv","raw_row":131},"data":{"event_id":4103,"event_type":"module_pipeline","script_text":"CommandInvocation(whoami.exe): \"whoami.exe\"\\nCommandInvocation(ConvertFrom-Csv): \"ConvertFrom-Csv\"\\nParameterBinding(ConvertFrom-Csv): name=\"InputObject\"; value=\"\"Group Name\",\"Type\",\"SID\",\"Attributes\"\"\\nParameterBinding(ConvertFrom-Csv): name=\"InputObject\"; value=\"\"Everyone\",\"Well-known group\",\"S-1-1-0\",\"Mandatory group, Enabled by default, Enabled group\"\"\\nParameterBinding(ConvertFrom-Csv): name=\"InputObject\"; value=\"\"BUILTIN\\Users\",\"Alias\",\"S-1-5-32-545\",\"Mandatory group, Enabled by default, Enabled group\"\"\\nParameterBinding(ConvertFrom-Csv): name=\"InputObject\"; value=\"\"BUILTIN\\Administrators\",\"Alias\",\"S-1-5-32-544\",\"Mandatory group, Enabled by default, Enabled group, Group owner\"\"\\nParameterBinding(ConvertFrom-Csv): name=\"InputObject\"; value=\"\"NT AUTHORITY\\INTERACTIVE\",\"Well-known group\",\"S-1-5-4\",\"Mandatory group, Enabled by default, Enabled group\"\"\\nParameterBinding(ConvertFrom-Csv): name=\"InputObject\"; value=\"\"CONSOLE LOGON\",\"Well-known group\",\"S-1-2-1\",\"Mandatory group, Enabled by default, Enabled group\"\"\\nParameterBinding(ConvertFrom-Csv): name=\"InputObject\"; value=\"\"NT AUTHORITY\\Authenticated Users\",\"Well-known group\",\"S-1-5-11\",\"Mandatory group, Enabled by default, Enabled group\"\"\\nParameterBinding(ConvertFrom-Csv): name=\"InputObject\"; value=\"\"NT AUTHORITY\\This Organization\",\"Well-known group\",\"S-1-5-15\",\"Mandatory group, Enabled by default, Enabled group\"\"\\nParameterBinding(ConvertFrom-Csv): name=\"InputObject\"; value=\"\"LOCAL\",\"Well-known group\",\"S-1-2-0\",\"Mandatory group, Enabled by default, Enabled group\"\"\\nParameterBinding(ConvertFrom-Csv): name=\"InputObject\"; value=\"\"PURPLELAB\\Domain Admins\",\"Group\",\"S-1-5-21-1898955512-2253536272-2216333128-512\",\"Mandatory group, Enabled by default, Enabled group\"\"\\nParameterBinding(ConvertFrom-Csv): name=\"InputObject\"; value=\"\"Authentication authority asserted identity\",\"Well-known group\",\"S-1-18-1\",\"Mandatory group, Enabled by default, Enabled group\"\"\\nParameterBinding(ConvertFrom-Csv): name=\"InputObject\"; value=\"\"PURPLELAB\\Denied RODC Password Replication Group\",\"Alias\",\"S-1-5-21-1898955512-2253536272-2216333128-572\",\"Mandatory group, Enabled by default, Enabled group, Local Group\"\"\\nParameterBinding(ConvertFrom-Csv): name=\"InputObject\"; value=\"\"Mandatory Label\\High Mandatory Level\",\"Label\",\"S-1-16-12288\",\"\"\"\\n\\n\\nContext:\\n        Severity = Informational\\n        Host Name = ConsoleHost\\n        Host Version = 5.1.26100.8875\\n        Host ID = a02d10d4-ac40-4a73-bdd1-bb8bb54ffa68\\n        Host Application = C:\\WINDOWS\\System32\\WindowsPowerShell\\v1.0\\powershell.exe\\n        Engine Version = 5.1.26100.8875\\n        Runspace ID = 4c42a43a-9e18-42e7-82d5-39afd17cf314\\n        Pipeline ID = 43\\n        Command Name = whoami.exe\\n        Command Type = Application\\n        Script Name = Z:\\windows\\win_discovery.ps1\\n        Command Path = C:\\WINDOWS\\system32\\whoami.exe\\n        Sequence Number = 2673\\n        User = PURPLELAB\\jdoe\\n        Connected User = \\n        Shell ID = Microsoft.PowerShell\\n\\n\\nUser Data:\\n\\n","record_id":17130}}
{"schema_version":"1.0","record_type":"powershell","timestamp_utc":"2026-08-11T15:14:48Z","host":"purplelab-win-client.purplelab.local","user":"S-1-5-21-1898955512-2253536272-2216333128-1103","provider":"Microsoft-Windows-PowerShell","run_id":"run-001","label":"attack","source":{"raw_file":"C:\\CyberRangers\\evidence\\it\\runs\\run-001\\raw\\windows-client\\EventLog_Microsoft-Windows-PowerShell_Operational.csv","raw_row":132},"data":{"event_id":4103,"event_type":"module_pipeline","script_text":"CommandInvocation(Join-Path): \"Join-Path\"\\nParameterBinding(Join-Path): name=\"Path\"; value=\"C:\\CyberRangers\\evidence\\it\\runs\\run-001\\raw\\windows-client\\discovery\"\\nParameterBinding(Join-Path): name=\"ChildPath\"; value=\"02_privileges.json\"\\n\\n\\nContext:\\n        Severity = Informational\\n        Host Name = ConsoleHost\\n        Host Version = 5.1.26100.8875\\n        Host ID = a02d10d4-ac40-4a73-bdd1-bb8bb54ffa68\\n        Host Application = C:\\WINDOWS\\System32\\WindowsPowerShell\\v1.0\\powershell.exe\\n        Engine Version = 5.1.26100.8875\\n        Runspace ID = 4c42a43a-9e18-42e7-82d5-39afd17cf314\\n        Pipeline ID = 43\\n        Command Name = Join-Path\\n        Command Type = Cmdlet\\n        Script Name = Z:\\windows\\win_discovery.ps1\\n        Command Path = \\n        Sequence Number = 2675\\n        User = PURPLELAB\\jdoe\\n        Connected User = \\n        Shell ID = Microsoft.PowerShell\\n\\n\\nUser Data:\\n\\n","record_id":17131}}
{"schema_version":"1.0","record_type":"powershell","timestamp_utc":"2026-08-11T15:14:48Z","host":"purplelab-win-client.purplelab.local","user":"S-1-5-21-1898955512-2253536272-2216333128-1103","provider":"Microsoft-Windows-PowerShell","run_id":"run-001","label":"attack","source":{"raw_file":"C:\\CyberRangers\\evidence\\it\\runs\\run-001\\raw\\windows-client\\EventLog_Microsoft-Windows-PowerShell_Operational.csv","raw_row":133},"data":{"event_id":4103,"event_type":"module_pipeline","script_text":"CommandInvocation(ConvertTo-Json): \"ConvertTo-Json\"\\nParameterBinding(ConvertTo-Json): name=\"Depth\"; value=\"6\"\\nCommandInvocation(Set-Content): \"Set-Content\"\\nParameterBinding(Set-Content): name=\"LiteralPath\"; value=\"C:\\CyberRangers\\evidence\\it\\runs\\run-001\\raw\\windows-client\\discovery\\02_privileges.json\"\\nParameterBinding(Set-Content): name=\"Encoding\"; value=\"UTF8\"\\nParameterBinding(ConvertTo-Json): name=\"InputObject\"; value=\"System.Collections.Specialized.OrderedDictionary\"\\nParameterBinding(Set-Content): name=\"Value\"; value=\"{\\n    \"collected_utc\":  \"2026-08-11T15:14:48.1303192Z\",\\n    \"current_user\":  \"PURPLELAB\\\\jdoe\",\\n    \"is_administrator\":  true,\\n    \"security_groups\":  [\\n                            {\\n                                \"Group Name\":  \"Everyone\",\\n                                \"Type\":  \"Well-known group\",\\n                                \"SID\":  \"S-1-1-0\",\\n                                \"Attributes\":  \"Mandatory group, Enabled by default, Enabled group\"\\n                            },\\n                            {\\n                                \"Group Name\":  \"BUILTIN\\\\Users\",\\n                                \"Type\":  \"Alias\",\\n                                \"SID\":  \"S-1-5-32-545\",\\n                                \"Attributes\":  \"Mandatory group, Enabled by default, Enabled group\"\\n                            },\\n                            {\\n                                \"Group Name\":  \"BUILTIN\\\\Administrators\",\\n                                \"Type\":  \"Alias\",\\n                                \"SID\":  \"S-1-5-32-544\",\\n                                \"Attributes\":  \"Mandatory group, Enabled by default, Enabled group, Group owner\"\\n                            },\\n                            {\\n                                \"Group Name\":  \"NT AUTHORITY\\\\INTERACTIVE\",\\n                                \"Type\":  \"Well-known group\",\\n                                \"SID\":  \"S-1-5-4\",\\n                                \"Attributes\":  \"Mandatory group, Enabled by default, Enabled group\"\\n                            },\\n                            {\\n                                \"Group Name\":  \"CONSOLE LOGON\",\\n                                \"Type\":  \"Well-known group\",\\n                                \"SID\":  \"S-1-2-1\",\\n                                \"Attributes\":  \"Mandatory group, Enabled by default, Enabled group\"\\n                            },\\n                            {\\n                                \"Group Name\":  \"NT AUTHORITY\\\\Authenticated Users\",\\n                                \"Type\":  \"Well-known group\",\\n                                \"SID\":  \"S-1-5-11\",\\n                                \"Attributes\":  \"Mandatory group, Enabled by default, Enabled group\"\\n                            },\\n                            {\\n                                \"Group Name\":  \"NT AUTHORITY\\\\This Organization\",\\n                                \"Type\":  \"Well-known group\",\\n                                \"SID\":  \"S-1-5-15\",\\n                                \"Attributes\":  \"Mandatory group, Enabled by default, Enabled group\"\\n                            },\\n                            {\\n                                \"Group Name\":  \"LOCAL\",\\n                                \"Type\":  \"Well-known group\",\\n                                \"SID\":  \"S-1-2-0\",\\n                                \"Attributes\":  \"Mandatory group, Enabled by default, Enabled group\"\\n                            },\\n                            {\\n                                \"Group Name\":  \"PURPLELAB\\\\Domain Admins\",\\n                                \"Type\":  \"Group\",\\n                                \"SID\":  \"S-1-5-21-1898955512-2253536272-2216333128-512\",\\n                                \"Attributes\":  \"Mandatory group, Enabled by default, Enabled group\"\\n                            },\\n                            {\\n                                \"Group Name\":  \"Authentication authority asserted identity\",\\n                                \"Type\":  \"Well-known group\",\\n                                \"SID\":  \"S-1-18-1\",\\n                                \"Attributes\":  \"Mandatory group, Enabled by default, Enabled group\"\\n                            },\\n                            {\\n                                \"Group Name\":  \"PURPLELAB\\\\Denied RODC Password Replication Group\",\\n                                \"Type\":  \"Alias\",\\n                                \"SID\":  \"S-1-5-21-1898955512-2253536272-2216333128-572\",\\n                                \"Attributes\":  \"Mandatory group, Enabled by default, Enabled group, Local Group\"\\n                            },\\n                            {\\n                                \"Group Name\":  \"Mandatory Label\\\\High Mandatory Level\",\\n                                \"Type\":  \"Label\",\\n                                \"SID\":  \"S-1-16-12288\",\\n                                \"Attributes\":  \"\"\\n                            }\\n                        ]\\n}, ...\"\\n\\n\\nContext:\\n        Severity = Informational\\n        Host Name = ConsoleHost\\n        Host Version = 5.1.26100.8875\\n        Host ID = a02d10d4-ac40-4a73-bdd1-bb8bb54ffa68\\n        Host Application = C:\\WINDOWS\\System32\\WindowsPowerShell\\v1.0\\powershell.exe\\n        Engine Version = 5.1.26100.8875\\n        Runspace ID = 4c42a43a-9e18-42e7-82d5-39afd17cf314\\n        Pipeline ID = 43\\n        Command Name = ConvertTo-Json\\n        Command Type = Cmdlet\\n        Script Name = Z:\\windows\\win_discovery.ps1\\n        Command Path = \\n        Sequence Number = 2677\\n        User = PURPLELAB\\jdoe\\n        Connected User = \\n        Shell ID = Microsoft.PowerShell\\n\\n\\nUser Data:\\n\\n","record_id":17132}}
{"schema_version":"1.0","record_type":"powershell","timestamp_utc":"2026-08-11T15:14:48Z","host":"purplelab-win-client.purplelab.local","user":"S-1-5-21-1898955512-2253536272-2216333128-1103","provider":"Microsoft-Windows-PowerShell","run_id":"run-001","label":"attack","source":{"raw_file":"C:\\CyberRangers\\evidence\\it\\runs\\run-001\\raw\\windows-client\\EventLog_Microsoft-Windows-PowerShell_Operational.csv","raw_row":134},"data":{"event_id":4103,"event_type":"module_pipeline","script_text":"CommandInvocation(Get-Date): \"Get-Date\"\\n\\n\\nContext:\\n        Severity = Informational\\n        Host Name = ConsoleHost\\n        Host Version = 5.1.26100.8875\\n        Host ID = a02d10d4-ac40-4a73-bdd1-bb8bb54ffa68\\n        Host Application = C:\\WINDOWS\\System32\\WindowsPowerShell\\v1.0\\powershell.exe\\n        Engine Version = 5.1.26100.8875\\n        Runspace ID = 4c42a43a-9e18-42e7-82d5-39afd17cf314\\n        Pipeline ID = 43\\n        Command Name = Get-Date\\n        Command Type = Cmdlet\\n        Script Name = Z:\\windows\\win_discovery.ps1\\n        Command Path = \\n        Sequence Number = 2679\\n        User = PURPLELAB\\jdoe\\n        Connected User = \\n        Shell ID = Microsoft.PowerShell\\n\\n\\nUser Data:\\n\\n","record_id":17133}}
{"schema_version":"1.0","record_type":"powershell","timestamp_utc":"2026-08-11T15:14:48Z","host":"purplelab-win-client.purplelab.local","user":"S-1-5-21-1898955512-2253536272-2216333128-1103","provider":"Microsoft-Windows-PowerShell","run_id":"run-001","label":"attack","source":{"raw_file":"C:\\CyberRangers\\evidence\\it\\runs\\run-001\\raw\\windows-client\\EventLog_Microsoft-Windows-PowerShell_Operational.csv","raw_row":135},"data":{"event_id":4103,"event_type":"module_pipeline","script_text":"CommandInvocation(Join-Path): \"Join-Path\"\\nParameterBinding(Join-Path): name=\"Path\"; value=\"C:\\CyberRangers\\evidence\\it\\runs\\run-001\\raw\\windows-client\\discovery\"\\nParameterBinding(Join-Path): name=\"ChildPath\"; value=\"03_domain-controller.json\"\\n\\n\\nContext:\\n        Severity = Informational\\n        Host Name = ConsoleHost\\n        Host Version = 5.1.26100.8875\\n        Host ID = a02d10d4-ac40-4a73-bdd1-bb8bb54ffa68\\n        Host Application = C:\\WINDOWS\\System32\\WindowsPowerShell\\v1.0\\powershell.exe\\n        Engine Version = 5.1.26100.8875\\n        Runspace ID = 4c42a43a-9e18-42e7-82d5-39afd17cf314\\n        Pipeline ID = 43\\n        Command Name = Join-Path\\n        Command Type = Cmdlet\\n        Script Name = Z:\\windows\\win_discovery.ps1\\n        Command Path = \\n        Sequence Number = 2681\\n        User = PURPLELAB\\jdoe\\n        Connected User = \\n        Shell ID = Microsoft.PowerShell\\n\\n\\nUser Data:\\n\\n","record_id":17134}}
{"schema_version":"1.0","record_type":"powershell","timestamp_utc":"2026-08-11T15:14:48Z","host":"purplelab-win-client.purplelab.local","user":"S-1-5-21-1898955512-2253536272-2216333128-1103","provider":"Microsoft-Windows-PowerShell","run_id":"run-001","label":"attack","source":{"raw_file":"C:\\CyberRangers\\evidence\\it\\runs\\run-001\\raw\\windows-client\\EventLog_Microsoft-Windows-PowerShell_Operational.csv","raw_row":136},"data":{"event_id":4103,"event_type":"module_pipeline","script_text":"CommandInvocation(ConvertTo-Json): \"ConvertTo-Json\"\\nParameterBinding(ConvertTo-Json): name=\"Depth\"; value=\"6\"\\nCommandInvocation(Set-Content): \"Set-Content\"\\nParameterBinding(Set-Content): name=\"LiteralPath\"; value=\"C:\\CyberRangers\\evidence\\it\\runs\\run-001\\raw\\windows-client\\discovery\\03_domain-controller.json\"\\nParameterBinding(Set-Content): name=\"Encoding\"; value=\"UTF8\"\\nParameterBinding(ConvertTo-Json): name=\"InputObject\"; value=\"System.Collections.Specialized.OrderedDictionary\"\\nParameterBinding(Set-Content): name=\"Value\"; value=\"{\\n    \"collected_utc\":  \"2026-08-11T15:14:48.2757747Z\",\\n    \"domain\":  \"purplelab.local\",\\n    \"dc_name\":  \"WIN-5PBHN06IDFU.purplelab.local\",\\n    \"dc_ip_address\":  \"10.10.10.10\",\\n    \"dc_site\":  \"Default-First-Site-Name\",\\n    \"reachable\":  true\\n}\"\\n\\n\\nContext:\\n        Severity = Informational\\n        Host Name = ConsoleHost\\n        Host Version = 5.1.26100.8875\\n        Host ID = a02d10d4-ac40-4a73-bdd1-bb8bb54ffa68\\n        Host Application = C:\\WINDOWS\\System32\\WindowsPowerShell\\v1.0\\powershell.exe\\n        Engine Version = 5.1.26100.8875\\n        Runspace ID = 4c42a43a-9e18-42e7-82d5-39afd17cf314\\n        Pipeline ID = 43\\n        Command Name = ConvertTo-Json\\n        Command Type = Cmdlet\\n        Script Name = Z:\\windows\\win_discovery.ps1\\n        Command Path = \\n        Sequence Number = 2683\\n        User = PURPLELAB\\jdoe\\n        Connected User = \\n        Shell ID = Microsoft.PowerShell\\n\\n\\nUser Data:\\n\\n","record_id":17135}}
{"schema_version":"1.0","record_type":"powershell","timestamp_utc":"2026-08-11T15:14:48Z","host":"purplelab-win-client.purplelab.local","user":"S-1-5-21-1898955512-2253536272-2216333128-1103","provider":"Microsoft-Windows-PowerShell","run_id":"run-001","label":"attack","source":{"raw_file":"C:\\CyberRangers\\evidence\\it\\runs\\run-001\\raw\\windows-client\\EventLog_Microsoft-Windows-PowerShell_Operational.csv","raw_row":137},"data":{"event_id":4103,"event_type":"module_pipeline","script_text":"CommandInvocation(Write-Host): \"Write-Host\"\\nParameterBinding(Write-Host): name=\"Object\"; value=\"Discovery complete: C:\\CyberRangers\\evidence\\it\\runs\\run-001\\raw\\windows-client\\discovery\"\\n\\n\\nContext:\\n        Severity = Informational\\n        Host Name = ConsoleHost\\n        Host Version = 5.1.26100.8875\\n        Host ID = a02d10d4-ac40-4a73-bdd1-bb8bb54ffa68\\n        Host Application = C:\\WINDOWS\\System32\\WindowsPowerShell\\v1.0\\powershell.exe\\n        Engine Version = 5.1.26100.8875\\n        Runspace ID = 4c42a43a-9e18-42e7-82d5-39afd17cf314\\n        Pipeline ID = 43\\n        Command Name = Write-Host\\n        Command Type = Cmdlet\\n        Script Name = Z:\\windows\\win_discovery.ps1\\n        Command Path = \\n        Sequence Number = 2685\\n        User = PURPLELAB\\jdoe\\n        Connected User = \\n        Shell ID = Microsoft.PowerShell\\n\\n\\nUser Data:\\n\\n","record_id":17136}}
{"schema_version":"1.0","record_type":"powershell","timestamp_utc":"2026-08-11T15:14:48Z","host":"purplelab-win-client.purplelab.local","user":"S-1-5-21-1898955512-2253536272-2216333128-1103","provider":"Microsoft-Windows-PowerShell","run_id":"run-001","label":"attack","source":{"raw_file":"C:\\CyberRangers\\evidence\\it\\runs\\run-001\\raw\\windows-client\\EventLog_Microsoft-Windows-PowerShell_Operational.csv","raw_row":138},"data":{"event_id":4103,"event_type":"module_pipeline","script_text":"CommandInvocation(Get-Date): \"Get-Date\"\\n\\n\\nContext:\\n        Severity = Informational\\n        Host Name = ConsoleHost\\n        Host Version = 5.1.26100.8875\\n        Host ID = a02d10d4-ac40-4a73-bdd1-bb8bb54ffa68\\n        Host Application = C:\\WINDOWS\\System32\\WindowsPowerShell\\v1.0\\powershell.exe\\n        Engine Version = 5.1.26100.8875\\n        Runspace ID = 4c42a43a-9e18-42e7-82d5-39afd17cf314\\n        Pipeline ID = 43\\n        Command Name = Get-Date\\n        Command Type = Cmdlet\\n        Script Name = Z:\\windows\\run_it_vector.ps1\\n        Command Path = \\n        Sequence Number = 2687\\n        User = PURPLELAB\\jdoe\\n        Connected User = \\n        Shell ID = Microsoft.PowerShell\\n\\n\\nUser Data:\\n\\n","record_id":17137}}
{"schema_version":"1.0","record_type":"powershell","timestamp_utc":"2026-08-11T15:14:48Z","host":"purplelab-win-client.purplelab.local","user":"S-1-5-21-1898955512-2253536272-2216333128-1103","provider":"Microsoft-Windows-PowerShell","run_id":"run-001","label":"attack","source":{"raw_file":"C:\\CyberRangers\\evidence\\it\\runs\\run-001\\raw\\windows-client\\EventLog_Microsoft-Windows-PowerShell_Operational.csv","raw_row":139},"data":{"event_id":4103,"event_type":"module_pipeline","script_text":"CommandInvocation(Export-Csv): \"Export-Csv\"\\nParameterBinding(Export-Csv): name=\"Path\"; value=\"C:\\CyberRangers\\evidence\\it\\runs\\run-001\\raw\\windows-client\\run_it_vector.csv\"\\nParameterBinding(Export-Csv): name=\"NoTypeInformation\"; value=\"True\"\\nParameterBinding(Export-Csv): name=\"Append\"; value=\"True\"\\nParameterBinding(Export-Csv): name=\"InputObject\"; value=\"@{timestamp_utc=2026-08-11T15:14:48.2986807Z; run_id=run-001; phase=discovery; status=COMPLETED; details=Step completed successfully.}\"\\n\\n\\nContext:\\n        Severity = Informational\\n        Host Name = ConsoleHost\\n        Host Version = 5.1.26100.8875\\n        Host ID = a02d10d4-ac40-4a73-bdd1-bb8bb54ffa68\\n        Host Application = C:\\WINDOWS\\System32\\WindowsPowerShell\\v1.0\\powershell.exe\\n        Engine Version = 5.1.26100.8875\\n        Runspace ID = 4c42a43a-9e18-42e7-82d5-39afd17cf314\\n        Pipeline ID = 43\\n        Command Name = Export-Csv\\n        Command Type = Cmdlet\\n        Script Name = Z:\\windows\\run_it_vector.ps1\\n        Command Path = \\n        Sequence Number = 2689\\n        User = PURPLELAB\\jdoe\\n        Connected User = \\n        Shell ID = Microsoft.PowerShell\\n\\n\\nUser Data:\\n\\n","record_id":17138}}
{"schema_version":"1.0","record_type":"powershell","timestamp_utc":"2026-08-11T15:14:48Z","host":"purplelab-win-client.purplelab.local","user":"S-1-5-21-1898955512-2253536272-2216333128-1103","provider":"Microsoft-Windows-PowerShell","run_id":"run-001","label":"attack","source":{"raw_file":"C:\\CyberRangers\\evidence\\it\\runs\\run-001\\raw\\windows-client\\EventLog_Microsoft-Windows-PowerShell_Operational.csv","raw_row":140},"data":{"event_id":4103,"event_type":"module_pipeline","script_text":"CommandInvocation(Get-Date): \"Get-Date\"\\n\\n\\nContext:\\n        Severity = Informational\\n        Host Name = ConsoleHost\\n        Host Version = 5.1.26100.8875\\n        Host ID = a02d10d4-ac40-4a73-bdd1-bb8bb54ffa68\\n        Host Application = C:\\WINDOWS\\System32\\WindowsPowerShell\\v1.0\\powershell.exe\\n        Engine Version = 5.1.26100.8875\\n        Runspace ID = 4c42a43a-9e18-42e7-82d5-39afd17cf314\\n        Pipeline ID = 43\\n        Command Name = Get-Date\\n        Command Type = Cmdlet\\n        Script Name = Z:\\windows\\run_it_vector.ps1\\n        Command Path = \\n        Sequence Number = 2691\\n        User = PURPLELAB\\jdoe\\n        Connected User = \\n        Shell ID = Microsoft.PowerShell\\n\\n\\nUser Data:\\n\\n","record_id":17139}}
{"schema_version":"1.0","record_type":"powershell","timestamp_utc":"2026-08-11T15:14:48Z","host":"purplelab-win-client.purplelab.local","user":"S-1-5-21-1898955512-2253536272-2216333128-1103","provider":"Microsoft-Windows-PowerShell","run_id":"run-001","label":"attack","source":{"raw_file":"C:\\CyberRangers\\evidence\\it\\runs\\run-001\\raw\\windows-client\\EventLog_Microsoft-Windows-PowerShell_Operational.csv","raw_row":141},"data":{"event_id":4103,"event_type":"module_pipeline","script_text":"CommandInvocation(Export-Csv): \"Export-Csv\"\\nParameterBinding(Export-Csv): name=\"Path\"; value=\"C:\\CyberRangers\\evidence\\it\\runs\\run-001\\raw\\windows-client\\run_it_vector.csv\"\\nParameterBinding(Export-Csv): name=\"NoTypeInformation\"; value=\"True\"\\nParameterBinding(Export-Csv): name=\"Append\"; value=\"True\"\\nParameterBinding(Export-Csv): name=\"InputObject\"; value=\"@{timestamp_utc=2026-08-11T15:14:48.3068270Z; run_id=run-001; phase=dc_netlogon; status=STARTED; details=Step started.}\"\\n\\n\\nContext:\\n        Severity = Informational\\n        Host Name = ConsoleHost\\n        Host Version = 5.1.26100.8875\\n        Host ID = a02d10d4-ac40-4a73-bdd1-bb8bb54ffa68\\n        Host Application = C:\\WINDOWS\\System32\\WindowsPowerShell\\v1.0\\powershell.exe\\n        Engine Version = 5.1.26100.8875\\n        Runspace ID = 4c42a43a-9e18-42e7-82d5-39afd17cf314\\n        Pipeline ID = 43\\n        Command Name = Export-Csv\\n        Command Type = Cmdlet\\n        Script Name = Z:\\windows\\run_it_vector.ps1\\n        Command Path = \\n        Sequence Number = 2693\\n        User = PURPLELAB\\jdoe\\n        Connected User = \\n        Shell ID = Microsoft.PowerShell\\n\\n\\nUser Data:\\n\\n","record_id":17140}}
{"schema_version":"1.0","record_type":"powershell","timestamp_utc":"2026-08-11T15:14:48Z","host":"purplelab-win-client.purplelab.local","user":"S-1-5-21-1898955512-2253536272-2216333128-1103","provider":"Microsoft-Windows-PowerShell","run_id":"run-001","label":"attack","source":{"raw_file":"C:\\CyberRangers\\evidence\\it\\runs\\run-001\\raw\\windows-client\\EventLog_Microsoft-Windows-PowerShell_Operational.csv","raw_row":142},"data":{"event_id":4104,"event_type":"script_block","script_text":"Creating Scriptblock text (1 of 1):\\n{\\n        & $DcAccessScript `\\n            -RunId $RunId `\\n            -DomainControllerEvidencePath $Discovery.RunDirectory `\\n            -OutputDirectory $DcRoot\\n    }\\n\\nScriptBlock ID: eb0ef8b1-f94d-4107-89d6-fb48efcbef7d\\nPath: Z:\\windows\\run_it_vector.ps1","record_id":17141}}
{"schema_version":"1.0","record_type":"powershell","timestamp_utc":"2026-08-11T15:14:48Z","host":"purplelab-win-client.purplelab.local","user":"S-1-5-21-1898955512-2253536272-2216333128-1103","provider":"Microsoft-Windows-PowerShell","run_id":"run-001","label":"attack","source":{"raw_file":"C:\\CyberRangers\\evidence\\it\\runs\\run-001\\raw\\windows-client\\EventLog_Microsoft-Windows-PowerShell_Operational.csv","raw_row":143},"data":{"event_id":4103,"event_type":"module_pipeline","script_text":"CommandInvocation(New-Item): \"New-Item\"\\nParameterBinding(New-Item): name=\"ItemType\"; value=\"Directory\"\\nParameterBinding(New-Item): name=\"Force\"; value=\"True\"\\nParameterBinding(New-Item): name=\"Path\"; value=\"C:\\CyberRangers\\evidence\\it\\runs\\run-001\\raw\\domain-controller\"\\nCommandInvocation(Out-Null): \"Out-Null\"\\nParameterBinding(Out-Null): name=\"InputObject\"; value=\"C:\\CyberRangers\\evidence\\it\\runs\\run-001\\raw\\domain-controller\"\\n\\n\\nContext:\\n        Severity = Informational\\n        Host Name = ConsoleHost\\n        Host Version = 5.1.26100.8875\\n        Host ID = a02d10d4-ac40-4a73-bdd1-bb8bb54ffa68\\n        Host Application = C:\\WINDOWS\\System32\\WindowsPowerShell\\v1.0\\powershell.exe\\n        Engine Version = 5.1.26100.8875\\n        Runspace ID = 4c42a43a-9e18-42e7-82d5-39afd17cf314\\n        Pipeline ID = 43\\n        Command Name = New-Item\\n        Command Type = Cmdlet\\n        Script Name = Z:\\windows\\test_dc_access.ps1\\n        Command Path = \\n        Sequence Number = 2695\\n        User = PURPLELAB\\jdoe\\n        Connected User = \\n        Shell ID = Microsoft.PowerShell\\n\\n\\nUser Data:\\n\\n","record_id":17142}}
{"schema_version":"1.0","record_type":"powershell","timestamp_utc":"2026-08-11T15:14:48Z","host":"purplelab-win-client.purplelab.local","user":"S-1-5-21-1898955512-2253536272-2216333128-1103","provider":"Microsoft-Windows-PowerShell","run_id":"run-001","label":"attack","source":{"raw_file":"C:\\CyberRangers\\evidence\\it\\runs\\run-001\\raw\\windows-client\\EventLog_Microsoft-Windows-PowerShell_Operational.csv","raw_row":144},"data":{"event_id":4103,"event_type":"module_pipeline","script_text":"CommandInvocation(Join-Path): \"Join-Path\"\\nParameterBinding(Join-Path): name=\"Path\"; value=\"C:\\CyberRangers\\evidence\\it\\runs\\run-001\\raw\\windows-client\\discovery\"\\nParameterBinding(Join-Path): name=\"ChildPath\"; value=\"03_domain-controller.json\"\\n\\n\\nContext:\\n        Severity = Informational\\n        Host Name = ConsoleHost\\n        Host Version = 5.1.26100.8875\\n        Host ID = a02d10d4-ac40-4a73-bdd1-bb8bb54ffa68\\n        Host Application = C:\\WINDOWS\\System32\\WindowsPowerShell\\v1.0\\powershell.exe\\n        Engine Version = 5.1.26100.8875\\n        Runspace ID = 4c42a43a-9e18-42e7-82d5-39afd17cf314\\n        Pipeline ID = 43\\n        Command Name = Join-Path\\n        Command Type = Cmdlet\\n        Script Name = Z:\\windows\\test_dc_access.ps1\\n        Command Path = \\n        Sequence Number = 2697\\n        User = PURPLELAB\\jdoe\\n        Connected User = \\n        Shell ID = Microsoft.PowerShell\\n\\n\\nUser Data:\\n\\n","record_id":17143}}
{"schema_version":"1.0","record_type":"powershell","timestamp_utc":"2026-08-11T15:14:48Z","host":"purplelab-win-client.purplelab.local","user":"S-1-5-21-1898955512-2253536272-2216333128-1103","provider":"Microsoft-Windows-PowerShell","run_id":"run-001","label":"attack","source":{"raw_file":"C:\\CyberRangers\\evidence\\it\\runs\\run-001\\raw\\windows-client\\EventLog_Microsoft-Windows-PowerShell_Operational.csv","raw_row":145},"data":{"event_id":4103,"event_type":"module_pipeline","script_text":"CommandInvocation(Join-Path): \"Join-Path\"\\nParameterBinding(Join-Path): name=\"Path\"; value=\"C:\\CyberRangers\\evidence\\it\\runs\\run-001\\raw\\domain-controller\"\\nParameterBinding(Join-Path): name=\"ChildPath\"; value=\"03-dc-netlogon-proof.json\"\\n\\n\\nContext:\\n        Severity = Informational\\n        Host Name = ConsoleHost\\n        Host Version = 5.1.26100.8875\\n        Host ID = a02d10d4-ac40-4a73-bdd1-bb8bb54ffa68\\n        Host Application = C:\\WINDOWS\\System32\\WindowsPowerShell\\v1.0\\powershell.exe\\n        Engine Version = 5.1.26100.8875\\n        Runspace ID = 4c42a43a-9e18-42e7-82d5-39afd17cf314\\n        Pipeline ID = 43\\n        Command Name = Join-Path\\n        Command Type = Cmdlet\\n        Script Name = Z:\\windows\\test_dc_access.ps1\\n        Command Path = \\n        Sequence Number = 2699\\n        User = PURPLELAB\\jdoe\\n        Connected User = \\n        Shell ID = Microsoft.PowerShell\\n\\n\\nUser Data:\\n\\n","record_id":17144}}
{"schema_version":"1.0","record_type":"powershell","timestamp_utc":"2026-08-11T15:14:48Z","host":"purplelab-win-client.purplelab.local","user":"S-1-5-21-1898955512-2253536272-2216333128-1103","provider":"Microsoft-Windows-PowerShell","run_id":"run-001","label":"attack","source":{"raw_file":"C:\\CyberRangers\\evidence\\it\\runs\\run-001\\raw\\windows-client\\EventLog_Microsoft-Windows-PowerShell_Operational.csv","raw_row":146},"data":{"event_id":4103,"event_type":"module_pipeline","script_text":"CommandInvocation(Test-Path): \"Test-Path\"\\nParameterBinding(Test-Path): name=\"PathType\"; value=\"Leaf\"\\nParameterBinding(Test-Path): name=\"Path\"; value=\"C:\\CyberRangers\\evidence\\it\\runs\\run-001\\raw\\windows-client\\discovery\\03_domain-controller.json\"\\n\\n\\nContext:\\n        Severity = Informational\\n        Host Name = ConsoleHost\\n        Host Version = 5.1.26100.8875\\n        Host ID = a02d10d4-ac40-4a73-bdd1-bb8bb54ffa68\\n        Host Application = C:\\WINDOWS\\System32\\WindowsPowerShell\\v1.0\\powershell.exe\\n        Engine Version = 5.1.26100.8875\\n        Runspace ID = 4c42a43a-9e18-42e7-82d5-39afd17cf314\\n        Pipeline ID = 43\\n        Command Name = Test-Path\\n        Command Type = Cmdlet\\n        Script Name = Z:\\windows\\test_dc_access.ps1\\n        Command Path = \\n        Sequence Number = 2701\\n        User = PURPLELAB\\jdoe\\n        Connected User = \\n        Shell ID = Microsoft.PowerShell\\n\\n\\nUser Data:\\n\\n","record_id":17145}}
{"schema_version":"1.0","record_type":"powershell","timestamp_utc":"2026-08-11T15:14:48Z","host":"purplelab-win-client.purplelab.local","user":"S-1-5-21-1898955512-2253536272-2216333128-1103","provider":"Microsoft-Windows-PowerShell","run_id":"run-001","label":"attack","source":{"raw_file":"C:\\CyberRangers\\evidence\\it\\runs\\run-001\\raw\\windows-client\\EventLog_Microsoft-Windows-PowerShell_Operational.csv","raw_row":147},"data":{"event_id":4103,"event_type":"module_pipeline","script_text":"CommandInvocation(Test-Path): \"Test-Path\"\\nParameterBinding(Test-Path): name=\"Path\"; value=\"C:\\CyberRangers\\evidence\\it\\runs\\run-001\\raw\\domain-controller\\03-dc-netlogon-proof.json\"\\n\\n\\nContext:\\n        Severity = Informational\\n        Host Name = ConsoleHost\\n        Host Version = 5.1.26100.8875\\n        Host ID = a02d10d4-ac40-4a73-bdd1-bb8bb54ffa68\\n        Host Application = C:\\WINDOWS\\System32\\WindowsPowerShell\\v1.0\\powershell.exe\\n        Engine Version = 5.1.26100.8875\\n        Runspace ID = 4c42a43a-9e18-42e7-82d5-39afd17cf314\\n        Pipeline ID = 43\\n        Command Name = Test-Path\\n        Command Type = Cmdlet\\n        Script Name = Z:\\windows\\test_dc_access.ps1\\n        Command Path = \\n        Sequence Number = 2703\\n        User = PURPLELAB\\jdoe\\n        Connected User = \\n        Shell ID = Microsoft.PowerShell\\n\\n\\nUser Data:\\n\\n","record_id":17146}}
{"schema_version":"1.0","record_type":"powershell","timestamp_utc":"2026-08-11T15:14:48Z","host":"purplelab-win-client.purplelab.local","user":"S-1-5-21-1898955512-2253536272-2216333128-1103","provider":"Microsoft-Windows-PowerShell","run_id":"run-001","label":"attack","source":{"raw_file":"C:\\CyberRangers\\evidence\\it\\runs\\run-001\\raw\\windows-client\\EventLog_Microsoft-Windows-PowerShell_Operational.csv","raw_row":148},"data":{"event_id":4103,"event_type":"module_pipeline","script_text":"CommandInvocation(Get-Content): \"Get-Content\"\\nParameterBinding(Get-Content): name=\"Path\"; value=\"C:\\CyberRangers\\evidence\\it\\runs\\run-001\\raw\\windows-client\\discovery\\03_domain-controller.json\"\\nParameterBinding(Get-Content): name=\"Raw\"; value=\"True\"\\nCommandInvocation(ConvertFrom-Json): \"ConvertFrom-Json\"\\nParameterBinding(ConvertFrom-Json): name=\"InputObject\"; value=\"{\\n    \"collected_utc\":  \"2026-08-11T15:14:48.2757747Z\",\\n    \"domain\":  \"purplelab.local\",\\n    \"dc_name\":  \"WIN-5PBHN06IDFU.purplelab.local\",\\n    \"dc_ip_address\":  \"10.10.10.10\",\\n    \"dc_site\":  \"Default-First-Site-Name\",\\n    \"reachable\":  true\\n}\\n\"\\n\\n\\nContext:\\n        Severity = Informational\\n        Host Name = ConsoleHost\\n        Host Version = 5.1.26100.8875\\n        Host ID = a02d10d4-ac40-4a73-bdd1-bb8bb54ffa68\\n        Host Application = C:\\WINDOWS\\System32\\WindowsPowerShell\\v1.0\\powershell.exe\\n        Engine Version = 5.1.26100.8875\\n        Runspace ID = 4c42a43a-9e18-42e7-82d5-39afd17cf314\\n        Pipeline ID = 43\\n        Command Name = Get-Content\\n        Command Type = Cmdlet\\n        Script Name = Z:\\windows\\test_dc_access.ps1\\n        Command Path = \\n        Sequence Number = 2705\\n        User = PURPLELAB\\jdoe\\n        Connected User = \\n        Shell ID = Microsoft.PowerShell\\n\\n\\nUser Data:\\n\\n","record_id":17147}}
{"schema_version":"1.0","record_type":"powershell","timestamp_utc":"2026-08-11T15:14:48Z","host":"purplelab-win-client.purplelab.local","user":"S-1-5-21-1898955512-2253536272-2216333128-1103","provider":"Microsoft-Windows-PowerShell","run_id":"run-001","label":"attack","source":{"raw_file":"C:\\CyberRangers\\evidence\\it\\runs\\run-001\\raw\\windows-client\\EventLog_Microsoft-Windows-PowerShell_Operational.csv","raw_row":149},"data":{"event_id":4103,"event_type":"module_pipeline","script_text":"CommandInvocation(Get-Date): \"Get-Date\"\\n\\n\\nContext:\\n        Severity = Informational\\n        Host Name = ConsoleHost\\n        Host Version = 5.1.26100.8875\\n        Host ID = a02d10d4-ac40-4a73-bdd1-bb8bb54ffa68\\n        Host Application = C:\\WINDOWS\\System32\\WindowsPowerShell\\v1.0\\powershell.exe\\n        Engine Version = 5.1.26100.8875\\n        Runspace ID = 4c42a43a-9e18-42e7-82d5-39afd17cf314\\n        Pipeline ID = 43\\n        Command Name = Get-Date\\n        Command Type = Cmdlet\\n        Script Name = Z:\\windows\\test_dc_access.ps1\\n        Command Path = \\n        Sequence Number = 2707\\n        User = PURPLELAB\\jdoe\\n        Connected User = \\n        Shell ID = Microsoft.PowerShell\\n\\n\\nUser Data:\\n\\n","record_id":17148}}
{"schema_version":"1.0","record_type":"powershell","timestamp_utc":"2026-08-11T15:14:48Z","host":"purplelab-win-client.purplelab.local","user":"S-1-5-21-1898955512-2253536272-2216333128-1103","provider":"Microsoft-Windows-PowerShell","run_id":"run-001","label":"attack","source":{"raw_file":"C:\\CyberRangers\\evidence\\it\\runs\\run-001\\raw\\windows-client\\EventLog_Microsoft-Windows-PowerShell_Operational.csv","raw_row":150},"data":{"event_id":4103,"event_type":"module_pipeline","script_text":"CommandInvocation(Test-WSMan): \"Test-WSMan\"\\nParameterBinding(Test-WSMan): name=\"ComputerName\"; value=\"WIN-5PBHN06IDFU.purplelab.local\"\\nCommandInvocation(Out-Null): \"Out-Null\"\\nParameterBinding(Out-Null): name=\"InputObject\"; value=\"IdentifyResponse\"\\n\\n\\nContext:\\n        Severity = Informational\\n        Host Name = ConsoleHost\\n        Host Version = 5.1.26100.8875\\n        Host ID = a02d10d4-ac40-4a73-bdd1-bb8bb54ffa68\\n        Host Application = C:\\WINDOWS\\System32\\WindowsPowerShell\\v1.0\\powershell.exe\\n        Engine Version = 5.1.26100.8875\\n        Runspace ID = 4c42a43a-9e18-42e7-82d5-39afd17cf314\\n        Pipeline ID = 43\\n        Command Name = Test-WSMan\\n        Command Type = Cmdlet\\n        Script Name = Z:\\windows\\test_dc_access.ps1\\n        Command Path = \\n        Sequence Number = 2709\\n        User = PURPLELAB\\jdoe\\n        Connected User = \\n        Shell ID = Microsoft.PowerShell\\n\\n\\nUser Data:\\n\\n","record_id":17149}}
{"schema_version":"1.0","record_type":"powershell","timestamp_utc":"2026-08-11T15:14:52Z","host":"purplelab-win-client.purplelab.local","user":"S-1-5-21-1898955512-2253536272-2216333128-1103","provider":"Microsoft-Windows-PowerShell","run_id":"run-001","label":"attack","source":{"raw_file":"C:\\CyberRangers\\evidence\\it\\runs\\run-001\\raw\\windows-client\\EventLog_Microsoft-Windows-PowerShell_Operational.csv","raw_row":151},"data":{"event_id":4103,"event_type":"module_pipeline","script_text":"CommandInvocation(Get-Credential): \"Get-Credential\"\\nParameterBinding(Get-Credential): name=\"UserName\"; value=\"PURPLELAB\\Administrator\"\\nParameterBinding(Get-Credential): name=\"Message\"; value=\"Enter approved DC lab credentials.\"\\n\\n\\nContext:\\n        Severity = Informational\\n        Host Name = ConsoleHost\\n        Host Version = 5.1.26100.8875\\n        Host ID = a02d10d4-ac40-4a73-bdd1-bb8bb54ffa68\\n        Host Application = C:\\WINDOWS\\System32\\WindowsPowerShell\\v1.0\\powershell.exe\\n        Engine Version = 5.1.26100.8875\\n        Runspace ID = 4c42a43a-9e18-42e7-82d5-39afd17cf314\\n        Pipeline ID = 43\\n        Command Name = Get-Credential\\n        Command Type = Cmdlet\\n        Script Name = Z:\\windows\\test_dc_access.ps1\\n        Command Path = \\n        Sequence Number = 2711\\n        User = PURPLELAB\\jdoe\\n        Connected User = \\n        Shell ID = Microsoft.PowerShell\\n\\n\\nUser Data:\\n\\n","record_id":17150}}
{"schema_version":"1.0","record_type":"powershell","timestamp_utc":"2026-08-11T15:14:52Z","host":"purplelab-win-client.purplelab.local","user":"S-1-5-21-1898955512-2253536272-2216333128-1103","provider":"Microsoft-Windows-PowerShell","run_id":"run-001","label":"attack","source":{"raw_file":"C:\\CyberRangers\\evidence\\it\\runs\\run-001\\raw\\windows-client\\EventLog_Microsoft-Windows-PowerShell_Operational.csv","raw_row":152},"data":{"event_id":4103,"event_type":"module_pipeline","script_text":"CommandInvocation(New-PSSession): \"New-PSSession\"\\nParameterBinding(New-PSSession): name=\"ComputerName\"; value=\"WIN-5PBHN06IDFU.purplelab.local\"\\nParameterBinding(New-PSSession): name=\"Credential\"; value=\"System.Management.Automation.PSCredential\"\\n\\n\\nContext:\\n        Severity = Informational\\n        Host Name = ConsoleHost\\n        Host Version = 5.1.26100.8875\\n        Host ID = a02d10d4-ac40-4a73-bdd1-bb8bb54ffa68\\n        Host Application = C:\\WINDOWS\\System32\\WindowsPowerShell\\v1.0\\powershell.exe\\n        Engine Version = 5.1.26100.8875\\n        Runspace ID = 4c42a43a-9e18-42e7-82d5-39afd17cf314\\n        Pipeline ID = 43\\n        Command Name = New-PSSession\\n        Command Type = Cmdlet\\n        Script Name = Z:\\windows\\test_dc_access.ps1\\n        Command Path = \\n        Sequence Number = 2713\\n        User = PURPLELAB\\jdoe\\n        Connected User = \\n        Shell ID = Microsoft.PowerShell\\n\\n\\nUser Data:\\n\\n","record_id":17164}}
{"schema_version":"1.0","record_type":"powershell","timestamp_utc":"2026-08-11T15:14:53Z","host":"purplelab-win-client.purplelab.local","user":"S-1-5-21-1898955512-2253536272-2216333128-1103","provider":"Microsoft-Windows-PowerShell","run_id":"run-001","label":"attack","source":{"raw_file":"C:\\CyberRangers\\evidence\\it\\runs\\run-001\\raw\\windows-client\\EventLog_Microsoft-Windows-PowerShell_Operational.csv","raw_row":153},"data":{"event_id":4103,"event_type":"module_pipeline","script_text":"CommandInvocation(Invoke-Command): \"Invoke-Command\"\\nParameterBinding(Invoke-Command): name=\"Session\"; value=\"[PSSession]WinRM4\"\\nParameterBinding(Invoke-Command): name=\"ScriptBlock\"; value=\"\\n        $Computer = Get-CimInstance Win32_ComputerSystem\\n\\n        [PSCustomObject]@{\\n            collected_utc    = (Get-Date).ToUniversalTime().ToString('o')\\n            remote_hostname  = $env:COMPUTERNAME\\n            remote_user      = whoami.exe\\n            domain           = $computer.Domain\\n            domain_role      = $computer.DomainRole\\n            is_domain_dc     = $computer.DomainRole -in @(4, 5)\\n        }\\n    \"\\n\\n\\nContext:\\n        Severity = Informational\\n        Host Name = ConsoleHost\\n        Host Version = 5.1.26100.8875\\n        Host ID = a02d10d4-ac40-4a73-bdd1-bb8bb54ffa68\\n        Host Application = C:\\WINDOWS\\System32\\WindowsPowerShell\\v1.0\\powershell.exe\\n        Engine Version = 5.1.26100.8875\\n        Runspace ID = 4c42a43a-9e18-42e7-82d5-39afd17cf314\\n        Pipeline ID = 43\\n        Command Name = Invoke-Command\\n        Command Type = Cmdlet\\n        Script Name = Z:\\windows\\test_dc_access.ps1\\n        Command Path = \\n        Sequence Number = 2715\\n        User = PURPLELAB\\jdoe\\n        Connected User = \\n        Shell ID = Microsoft.PowerShell\\n\\n\\nUser Data:\\n\\n","record_id":17169}}
