{"schema_version":"1.0","record_type":"powershell","timestamp_utc":"2026-08-11T15:14:58Z","host":"purplelab-win-client.purplelab.local","user":"S-1-5-21-1898955512-2253536272-2216333128-1103","provider":"Microsoft-Windows-PowerShell","run_id":"run-001","label":"attack","source":{"raw_file":"C:\\CyberRangers\\evidence\\it\\runs\\run-001\\raw\\windows-client\\EventLog_Microsoft-Windows-PowerShell_Operational.csv","raw_row":185},"data":{"event_id":4103,"event_type":"module_pipeline","script_text":"CommandInvocation(Resolve-Path): \"Resolve-Path\"\\nParameterBinding(Resolve-Path): name=\"Path\"; value=\"C:\\WiperTest\\.wiper-lab-approved\"\\nCommandInvocation(ForEach-Object): \"ForEach-Object\"\\nParameterBinding(ForEach-Object): name=\"MemberName\"; value=\"ProviderPath\"\\nParameterBinding(ForEach-Object): name=\"InputObject\"; value=\"C:\\WiperTest\\.wiper-lab-approved\"\\n\\n\\nContext:\\n        Severity = Informational\\n        Host Name = ConsoleHost\\n        Host Version = 5.1.26100.8875\\n        Host ID = a02d10d4-ac40-4a73-bdd1-bb8bb54ffa68\\n        Host Application = C:\\WINDOWS\\System32\\WindowsPowerShell\\v1.0\\powershell.exe\\n        Engine Version = 5.1.26100.8875\\n        Runspace ID = 4c42a43a-9e18-42e7-82d5-39afd17cf314\\n        Pipeline ID = 43\\n        Command Name = Resolve-Path\\n        Command Type = Cmdlet\\n        Script Name = C:\\WINDOWS\\system32\\WindowsPowerShell\\v1.0\\Modules\\Microsoft.PowerShell.Utility\\Microsoft.PowerShell.Utility.psm1\\n        Command Path = \\n        Sequence Number = 2761\\n        User = PURPLELAB\\jdoe\\n        Connected User = \\n        Shell ID = Microsoft.PowerShell\\n\\n\\nUser Data:\\n\\n","record_id":17244}}
{"schema_version":"1.0","record_type":"powershell","timestamp_utc":"2026-08-11T15:14:58Z","host":"purplelab-win-client.purplelab.local","user":"S-1-5-21-1898955512-2253536272-2216333128-1103","provider":"Microsoft-Windows-PowerShell","run_id":"run-001","label":"attack","source":{"raw_file":"C:\\CyberRangers\\evidence\\it\\runs\\run-001\\raw\\windows-client\\EventLog_Microsoft-Windows-PowerShell_Operational.csv","raw_row":186},"data":{"event_id":4103,"event_type":"module_pipeline","script_text":"CommandInvocation(Test-Path): \"Test-Path\"\\nParameterBinding(Test-Path): name=\"LiteralPath\"; value=\"C:\\WiperTest\\.wiper-lab-approved\"\\nParameterBinding(Test-Path): name=\"PathType\"; value=\"Container\"\\n\\n\\nContext:\\n        Severity = Informational\\n        Host Name = ConsoleHost\\n        Host Version = 5.1.26100.8875\\n        Host ID = a02d10d4-ac40-4a73-bdd1-bb8bb54ffa68\\n        Host Application = C:\\WINDOWS\\System32\\WindowsPowerShell\\v1.0\\powershell.exe\\n        Engine Version = 5.1.26100.8875\\n        Runspace ID = 4c42a43a-9e18-42e7-82d5-39afd17cf314\\n        Pipeline ID = 43\\n        Command Name = Test-Path\\n        Command Type = Cmdlet\\n        Script Name = C:\\WINDOWS\\system32\\WindowsPowerShell\\v1.0\\Modules\\Microsoft.PowerShell.Utility\\Microsoft.PowerShell.Utility.psm1\\n        Command Path = \\n        Sequence Number = 2763\\n        User = PURPLELAB\\jdoe\\n        Connected User = \\n        Shell ID = Microsoft.PowerShell\\n\\n\\nUser Data:\\n\\n","record_id":17245}}
{"schema_version":"1.0","record_type":"powershell","timestamp_utc":"2026-08-11T15:14:58Z","host":"purplelab-win-client.purplelab.local","user":"S-1-5-21-1898955512-2253536272-2216333128-1103","provider":"Microsoft-Windows-PowerShell","run_id":"run-001","label":"attack","source":{"raw_file":"C:\\CyberRangers\\evidence\\it\\runs\\run-001\\raw\\windows-client\\EventLog_Microsoft-Windows-PowerShell_Operational.csv","raw_row":187},"data":{"event_id":4103,"event_type":"module_pipeline","script_text":"CommandInvocation(GetStreamHash): \"GetStreamHash\"\\nParameterBinding(GetStreamHash): name=\"InputStream\"; value=\"System.IO.FileStream\"\\nParameterBinding(GetStreamHash): name=\"RelatedPath\"; value=\"C:\\WiperTest\\.wiper-lab-approved\"\\nParameterBinding(GetStreamHash): name=\"Hasher\"; value=\"System.Security.Cryptography.SHA256CryptoServiceProvider\"\\n\\n\\nContext:\\n        Severity = Informational\\n        Host Name = ConsoleHost\\n        Host Version = 5.1.26100.8875\\n        Host ID = a02d10d4-ac40-4a73-bdd1-bb8bb54ffa68\\n        Host Application = C:\\WINDOWS\\System32\\WindowsPowerShell\\v1.0\\powershell.exe\\n        Engine Version = 5.1.26100.8875\\n        Runspace ID = 4c42a43a-9e18-42e7-82d5-39afd17cf314\\n        Pipeline ID = 43\\n        Command Name = GetStreamHash\\n        Command Type = Function\\n        Script Name = C:\\WINDOWS\\system32\\WindowsPowerShell\\v1.0\\Modules\\Microsoft.PowerShell.Utility\\Microsoft.PowerShell.Utility.psm1\\n        Command Path = \\n        Sequence Number = 2765\\n        User = PURPLELAB\\jdoe\\n        Connected User = \\n        Shell ID = Microsoft.PowerShell\\n\\n\\nUser Data:\\n\\n","record_id":17246}}
{"schema_version":"1.0","record_type":"powershell","timestamp_utc":"2026-08-11T15:14:58Z","host":"purplelab-win-client.purplelab.local","user":"S-1-5-21-1898955512-2253536272-2216333128-1103","provider":"Microsoft-Windows-PowerShell","run_id":"run-001","label":"attack","source":{"raw_file":"C:\\CyberRangers\\evidence\\it\\runs\\run-001\\raw\\windows-client\\EventLog_Microsoft-Windows-PowerShell_Operational.csv","raw_row":188},"data":{"event_id":4103,"event_type":"module_pipeline","script_text":"CommandInvocation(Get-FileHash): \"Get-FileHash\"\\nParameterBinding(Get-FileHash): name=\"Algorithm\"; value=\"SHA256\"\\nParameterBinding(Get-FileHash): name=\"Path\"; value=\"C:\\WiperTest\\.wiper-lab-approved\"\\n\\n\\nContext:\\n        Severity = Informational\\n        Host Name = ConsoleHost\\n        Host Version = 5.1.26100.8875\\n        Host ID = a02d10d4-ac40-4a73-bdd1-bb8bb54ffa68\\n        Host Application = C:\\WINDOWS\\System32\\WindowsPowerShell\\v1.0\\powershell.exe\\n        Engine Version = 5.1.26100.8875\\n        Runspace ID = 4c42a43a-9e18-42e7-82d5-39afd17cf314\\n        Pipeline ID = 43\\n        Command Name = Get-FileHash\\n        Command Type = Function\\n        Script Name = Z:\\windows\\run_it_vector.ps1\\n        Command Path = \\n        Sequence Number = 2767\\n        User = PURPLELAB\\jdoe\\n        Connected User = \\n        Shell ID = Microsoft.PowerShell\\n\\n\\nUser Data:\\n\\n","record_id":17247}}
{"schema_version":"1.0","record_type":"powershell","timestamp_utc":"2026-08-11T15:14:58Z","host":"purplelab-win-client.purplelab.local","user":"S-1-5-21-1898955512-2253536272-2216333128-1103","provider":"Microsoft-Windows-PowerShell","run_id":"run-001","label":"attack","source":{"raw_file":"C:\\CyberRangers\\evidence\\it\\runs\\run-001\\raw\\windows-client\\EventLog_Microsoft-Windows-PowerShell_Operational.csv","raw_row":189},"data":{"event_id":4103,"event_type":"module_pipeline","script_text":"CommandInvocation(Export-Csv): \"Export-Csv\"\\nParameterBinding(Export-Csv): name=\"Path\"; value=\"C:\\CyberRangers\\evidence\\it\\runs\\run-001\\raw\\windows-client\\05-post-wipe-files.csv\"\\nParameterBinding(Export-Csv): name=\"NoTypeInformation\"; value=\"True\"\\nParameterBinding(Export-Csv): name=\"InputObject\"; value=\"@{collected_utc=2026-08-11T15:14:58.6221875Z; path=C:\\WiperTest\\.wiper-lab-approved; size_bytes=24; last_write_utc=2026-07-27T15:05:44.7777334Z; sha256=9B55C174E4C3162B5C3400D8669CBA54F76A7106BE2D2401A3A40269E93D8317}\"\\n\\n\\nContext:\\n        Severity = Informational\\n        Host Name = ConsoleHost\\n        Host Version = 5.1.26100.8875\\n        Host ID = a02d10d4-ac40-4a73-bdd1-bb8bb54ffa68\\n        Host Application = C:\\WINDOWS\\System32\\WindowsPowerShell\\v1.0\\powershell.exe\\n        Engine Version = 5.1.26100.8875\\n        Runspace ID = 4c42a43a-9e18-42e7-82d5-39afd17cf314\\n        Pipeline ID = 43\\n        Command Name = Export-Csv\\n        Command Type = Cmdlet\\n        Script Name = Z:\\windows\\run_it_vector.ps1\\n        Command Path = \\n        Sequence Number = 2769\\n        User = PURPLELAB\\jdoe\\n        Connected User = \\n        Shell ID = Microsoft.PowerShell\\n\\n\\nUser Data:\\n\\n","record_id":17248}}
{"schema_version":"1.0","record_type":"rdp_session","timestamp_utc":"2026-08-11T15:14:47.592309Z","host":"PURPLELAB-WIN-C","user":"PURPLELAB\\jdoe","provider":"Get-NetTCPConnection","run_id":"run-001","label":"attack","source":{"raw_file":"C:\\CyberRangers\\evidence\\it\\runs\\run-001\\raw\\windows-client\\00-rdp-connections.csv","raw_row":1},"data":{"source_ip":"10.10.30.10","source_port":57928,"local_port":3389,"logon_type":"active_rdp_tcp","attribution_source":"active_tcp_connection","source_ip_valid":true,"local_ip":"10.10.10.30"}}
{"schema_version":"1.0","record_type":"rdp_session","timestamp_utc":"2026-08-11T15:12:07Z","host":"purplelab-win-client.purplelab.local","user":"PURPLELAB\\jdoe","provider":"Microsoft-Windows-Security-Auditing","run_id":"run-001","label":"attack","source":{"raw_file":"C:\\CyberRangers\\evidence\\it\\runs\\run-001\\raw\\windows-client\\EventLog_Security_4624_RDP.csv","raw_row":1},"data":{"source_ip":"10.10.30.10","source_port":0,"local_port":3389,"logon_type":"10","attribution_source":"security_4624","source_ip_valid":true}}
{"schema_version":"1.0","record_type":"rdp_session","timestamp_utc":"2026-08-11T15:12:07Z","host":"purplelab-win-client.purplelab.local","user":"PURPLELAB\\jdoe","provider":"Microsoft-Windows-Security-Auditing","run_id":"run-001","label":"attack","source":{"raw_file":"C:\\CyberRangers\\evidence\\it\\runs\\run-001\\raw\\windows-client\\EventLog_Security_4624_RDP.csv","raw_row":2},"data":{"source_ip":"10.10.30.10","source_port":0,"local_port":3389,"logon_type":"10","attribution_source":"security_4624","source_ip_valid":true}}
{"schema_version":"1.0","record_type":"rdp_session","timestamp_utc":"2026-08-11T15:14:22Z","host":"purplelab-win-client.purplelab.local","user":"PURPLELAB\\jdoe","provider":"Microsoft-Windows-Security-Auditing","run_id":"run-001","label":"attack","source":{"raw_file":"C:\\CyberRangers\\evidence\\it\\runs\\run-001\\raw\\windows-client\\EventLog_Security_4624_RDP.csv","raw_row":3},"data":{"source_ip":"10.10.30.10","source_port":0,"local_port":3389,"logon_type":"10","attribution_source":"security_4624","source_ip_valid":true}}
{"schema_version":"1.0","record_type":"rdp_session","timestamp_utc":"2026-08-11T15:14:22Z","host":"purplelab-win-client.purplelab.local","user":"PURPLELAB\\jdoe","provider":"Microsoft-Windows-Security-Auditing","run_id":"run-001","label":"attack","source":{"raw_file":"C:\\CyberRangers\\evidence\\it\\runs\\run-001\\raw\\windows-client\\EventLog_Security_4624_RDP.csv","raw_row":4},"data":{"source_ip":"10.10.30.10","source_port":0,"local_port":3389,"logon_type":"10","attribution_source":"security_4624","source_ip_valid":true}}
