{"schema_version":"1.0","record_type":"powershell","timestamp_utc":"2026-08-11T15:14:44Z","host":"purplelab-win-client.purplelab.local","user":"S-1-5-21-1898955512-2253536272-2216333128-1103","provider":"Microsoft-Windows-PowerShell","run_id":"run-001","label":"attack","source":{"raw_file":"C:\\CyberRangers\\evidence\\it\\runs\\run-001\\raw\\windows-client\\EventLog_Microsoft-Windows-PowerShell_Operational.csv","raw_row":32},"data":{"event_id":4103,"event_type":"module_pipeline","script_text":"CommandInvocation(Test-Path): \"Test-Path\"\\nParameterBinding(Test-Path): name=\"PathType\"; value=\"Leaf\"\\nParameterBinding(Test-Path): name=\"Path\"; value=\"Z:\\windows\\normalize_it_evidence.ps1\"\\n\\n\\nContext:\\n        Severity = Informational\\n        Host Name = ConsoleHost\\n        Host Version = 5.1.26100.8875\\n        Host ID = a02d10d4-ac40-4a73-bdd1-bb8bb54ffa68\\n        Host Application = C:\\WINDOWS\\System32\\WindowsPowerShell\\v1.0\\powershell.exe\\n        Engine Version = 5.1.26100.8875\\n        Runspace ID = 4c42a43a-9e18-42e7-82d5-39afd17cf314\\n        Pipeline ID = 43\\n        Command Name = Test-Path\\n        Command Type = Cmdlet\\n        Script Name = Z:\\windows\\run_it_vector.ps1\\n        Command Path = \\n        Sequence Number = 2485\\n        User = PURPLELAB\\jdoe\\n        Connected User = \\n        Shell ID = Microsoft.PowerShell\\n\\n\\nUser Data:\\n\\n","record_id":17031}}
{"schema_version":"1.0","record_type":"powershell","timestamp_utc":"2026-08-11T15:14:44Z","host":"purplelab-win-client.purplelab.local","user":"S-1-5-21-1898955512-2253536272-2216333128-1103","provider":"Microsoft-Windows-PowerShell","run_id":"run-001","label":"attack","source":{"raw_file":"C:\\CyberRangers\\evidence\\it\\runs\\run-001\\raw\\windows-client\\EventLog_Microsoft-Windows-PowerShell_Operational.csv","raw_row":33},"data":{"event_id":4103,"event_type":"module_pipeline","script_text":"CommandInvocation(Test-Path): \"Test-Path\"\\nParameterBinding(Test-Path): name=\"PathType\"; value=\"Leaf\"\\nParameterBinding(Test-Path): name=\"Path\"; value=\"Z:\\windows\\normalize_windows.py\"\\n\\n\\nContext:\\n        Severity = Informational\\n        Host Name = ConsoleHost\\n        Host Version = 5.1.26100.8875\\n        Host ID = a02d10d4-ac40-4a73-bdd1-bb8bb54ffa68\\n        Host Application = C:\\WINDOWS\\System32\\WindowsPowerShell\\v1.0\\powershell.exe\\n        Engine Version = 5.1.26100.8875\\n        Runspace ID = 4c42a43a-9e18-42e7-82d5-39afd17cf314\\n        Pipeline ID = 43\\n        Command Name = Test-Path\\n        Command Type = Cmdlet\\n        Script Name = Z:\\windows\\run_it_vector.ps1\\n        Command Path = \\n        Sequence Number = 2487\\n        User = PURPLELAB\\jdoe\\n        Connected User = \\n        Shell ID = Microsoft.PowerShell\\n\\n\\nUser Data:\\n\\n","record_id":17032}}
{"schema_version":"1.0","record_type":"powershell","timestamp_utc":"2026-08-11T15:14:44Z","host":"purplelab-win-client.purplelab.local","user":"S-1-5-21-1898955512-2253536272-2216333128-1103","provider":"Microsoft-Windows-PowerShell","run_id":"run-001","label":"attack","source":{"raw_file":"C:\\CyberRangers\\evidence\\it\\runs\\run-001\\raw\\windows-client\\EventLog_Microsoft-Windows-PowerShell_Operational.csv","raw_row":34},"data":{"event_id":4103,"event_type":"module_pipeline","script_text":"CommandInvocation(Test-Path): \"Test-Path\"\\nParameterBinding(Test-Path): name=\"PathType\"; value=\"Leaf\"\\nParameterBinding(Test-Path): name=\"Path\"; value=\"Z:\\windows\\..\\ai\\specifications\\it_schema.json\"\\n\\n\\nContext:\\n        Severity = Informational\\n        Host Name = ConsoleHost\\n        Host Version = 5.1.26100.8875\\n        Host ID = a02d10d4-ac40-4a73-bdd1-bb8bb54ffa68\\n        Host Application = C:\\WINDOWS\\System32\\WindowsPowerShell\\v1.0\\powershell.exe\\n        Engine Version = 5.1.26100.8875\\n        Runspace ID = 4c42a43a-9e18-42e7-82d5-39afd17cf314\\n        Pipeline ID = 43\\n        Command Name = Test-Path\\n        Command Type = Cmdlet\\n        Script Name = Z:\\windows\\run_it_vector.ps1\\n        Command Path = \\n        Sequence Number = 2489\\n        User = PURPLELAB\\jdoe\\n        Connected User = \\n        Shell ID = Microsoft.PowerShell\\n\\n\\nUser Data:\\n\\n","record_id":17033}}
{"schema_version":"1.0","record_type":"powershell","timestamp_utc":"2026-08-11T15:14:44Z","host":"purplelab-win-client.purplelab.local","user":"S-1-5-21-1898955512-2253536272-2216333128-1103","provider":"Microsoft-Windows-PowerShell","run_id":"run-001","label":"attack","source":{"raw_file":"C:\\CyberRangers\\evidence\\it\\runs\\run-001\\raw\\windows-client\\EventLog_Microsoft-Windows-PowerShell_Operational.csv","raw_row":35},"data":{"event_id":4103,"event_type":"module_pipeline","script_text":"CommandInvocation(Get-Command): \"Get-Command\"\\nParameterBinding(Get-Command): name=\"ErrorAction\"; value=\"SilentlyContinue\"\\nParameterBinding(Get-Command): name=\"Name\"; value=\"python\"\\n\\n\\nContext:\\n        Severity = Informational\\n        Host Name = ConsoleHost\\n        Host Version = 5.1.26100.8875\\n        Host ID = a02d10d4-ac40-4a73-bdd1-bb8bb54ffa68\\n        Host Application = C:\\WINDOWS\\System32\\WindowsPowerShell\\v1.0\\powershell.exe\\n        Engine Version = 5.1.26100.8875\\n        Runspace ID = 4c42a43a-9e18-42e7-82d5-39afd17cf314\\n        Pipeline ID = 43\\n        Command Name = Get-Command\\n        Command Type = Cmdlet\\n        Script Name = Z:\\windows\\run_it_vector.ps1\\n        Command Path = \\n        Sequence Number = 2491\\n        User = PURPLELAB\\jdoe\\n        Connected User = \\n        Shell ID = Microsoft.PowerShell\\n\\n\\nUser Data:\\n\\n","record_id":17034}}
{"schema_version":"1.0","record_type":"powershell","timestamp_utc":"2026-08-11T15:14:46Z","host":"purplelab-win-client.purplelab.local","user":"S-1-5-21-1898955512-2253536272-2216333128-1103","provider":"Microsoft-Windows-PowerShell","run_id":"run-001","label":"attack","source":{"raw_file":"C:\\CyberRangers\\evidence\\it\\runs\\run-001\\raw\\windows-client\\EventLog_Microsoft-Windows-PowerShell_Operational.csv","raw_row":36},"data":{"event_id":4103,"event_type":"module_pipeline","script_text":"CommandInvocation(Get-Date): \"Get-Date\"\\n\\n\\nContext:\\n        Severity = Informational\\n        Host Name = ConsoleHost\\n        Host Version = 5.1.26100.8875\\n        Host ID = a02d10d4-ac40-4a73-bdd1-bb8bb54ffa68\\n        Host Application = C:\\WINDOWS\\System32\\WindowsPowerShell\\v1.0\\powershell.exe\\n        Engine Version = 5.1.26100.8875\\n        Runspace ID = 4c42a43a-9e18-42e7-82d5-39afd17cf314\\n        Pipeline ID = 43\\n        Command Name = Get-Date\\n        Command Type = Cmdlet\\n        Script Name = Z:\\windows\\run_it_vector.ps1\\n        Command Path = \\n        Sequence Number = 2493\\n        User = PURPLELAB\\jdoe\\n        Connected User = \\n        Shell ID = Microsoft.PowerShell\\n\\n\\nUser Data:\\n\\n","record_id":17035}}
{"schema_version":"1.0","record_type":"powershell","timestamp_utc":"2026-08-11T15:14:46Z","host":"purplelab-win-client.purplelab.local","user":"S-1-5-21-1898955512-2253536272-2216333128-1103","provider":"Microsoft-Windows-PowerShell","run_id":"run-001","label":"attack","source":{"raw_file":"C:\\CyberRangers\\evidence\\it\\runs\\run-001\\raw\\windows-client\\EventLog_Microsoft-Windows-PowerShell_Operational.csv","raw_row":37},"data":{"event_id":4103,"event_type":"module_pipeline","script_text":"CommandInvocation(Start-Transcript): \"Start-Transcript\"\\nParameterBinding(Start-Transcript): name=\"Path\"; value=\"C:\\CyberRangers\\evidence\\it\\runs\\run-001\\raw\\windows-client\\powershell-transcript.txt\"\\nCommandInvocation(Out-Null): \"Out-Null\"\\nParameterBinding(Out-Null): name=\"InputObject\"; value=\"Transcript started, output file is C:\\CyberRangers\\evidence\\it\\runs\\run-001\\raw\\windows-client\\powershell-transcript.txt\"\\n\\n\\nContext:\\n        Severity = Informational\\n        Host Name = ConsoleHost\\n        Host Version = 5.1.26100.8875\\n        Host ID = a02d10d4-ac40-4a73-bdd1-bb8bb54ffa68\\n        Host Application = C:\\WINDOWS\\System32\\WindowsPowerShell\\v1.0\\powershell.exe\\n        Engine Version = 5.1.26100.8875\\n        Runspace ID = 4c42a43a-9e18-42e7-82d5-39afd17cf314\\n        Pipeline ID = 43\\n        Command Name = Start-Transcript\\n        Command Type = Cmdlet\\n        Script Name = Z:\\windows\\run_it_vector.ps1\\n        Command Path = \\n        Sequence Number = 2495\\n        User = PURPLELAB\\jdoe\\n        Connected User = \\n        Shell ID = Microsoft.PowerShell\\n\\n\\nUser Data:\\n\\n","record_id":17036}}
{"schema_version":"1.0","record_type":"powershell","timestamp_utc":"2026-08-11T15:14:46Z","host":"purplelab-win-client.purplelab.local","user":"S-1-5-21-1898955512-2253536272-2216333128-1103","provider":"Microsoft-Windows-PowerShell","run_id":"run-001","label":"attack","source":{"raw_file":"C:\\CyberRangers\\evidence\\it\\runs\\run-001\\raw\\windows-client\\EventLog_Microsoft-Windows-PowerShell_Operational.csv","raw_row":38},"data":{"event_id":4104,"event_type":"script_block","script_text":"Creating Scriptblock text (1 of 1):\\nfunction Add-RunEvent {\\n    param(\\n        [string]$Phase,\\n        [string]$Status,\\n        [string]$Details\\n    )\\n\\n    $Event = [PSCustomObject]@{\\n        timestamp_utc = (\\n            Get-Date\\n        ).ToUniversalTime().ToString(\"o\")\\n        run_id = $RunId\\n        phase = $Phase\\n        status = $Status\\n        details = $Details\\n    }\\n\\n    $Event | Export-Csv `\\n        -Path $ActionLog `\\n        -NoTypeInformation `\\n        -Append\\n}\\n\\nScriptBlock ID: 8d1b3b93-4931-48b9-b742-8ad9f0a90c43\\nPath: Z:\\windows\\run_it_vector.ps1","record_id":17037}}
{"schema_version":"1.0","record_type":"powershell","timestamp_utc":"2026-08-11T15:14:46Z","host":"purplelab-win-client.purplelab.local","user":"S-1-5-21-1898955512-2253536272-2216333128-1103","provider":"Microsoft-Windows-PowerShell","run_id":"run-001","label":"attack","source":{"raw_file":"C:\\CyberRangers\\evidence\\it\\runs\\run-001\\raw\\windows-client\\EventLog_Microsoft-Windows-PowerShell_Operational.csv","raw_row":39},"data":{"event_id":4103,"event_type":"module_pipeline","script_text":"CommandInvocation(Get-Date): \"Get-Date\"\\n\\n\\nContext:\\n        Severity = Informational\\n        Host Name = ConsoleHost\\n        Host Version = 5.1.26100.8875\\n        Host ID = a02d10d4-ac40-4a73-bdd1-bb8bb54ffa68\\n        Host Application = C:\\WINDOWS\\System32\\WindowsPowerShell\\v1.0\\powershell.exe\\n        Engine Version = 5.1.26100.8875\\n        Runspace ID = 4c42a43a-9e18-42e7-82d5-39afd17cf314\\n        Pipeline ID = 43\\n        Command Name = Get-Date\\n        Command Type = Cmdlet\\n        Script Name = Z:\\windows\\run_it_vector.ps1\\n        Command Path = \\n        Sequence Number = 2497\\n        User = PURPLELAB\\jdoe\\n        Connected User = \\n        Shell ID = Microsoft.PowerShell\\n\\n\\nUser Data:\\n\\n","record_id":17038}}
{"schema_version":"1.0","record_type":"powershell","timestamp_utc":"2026-08-11T15:14:46Z","host":"purplelab-win-client.purplelab.local","user":"S-1-5-21-1898955512-2253536272-2216333128-1103","provider":"Microsoft-Windows-PowerShell","run_id":"run-001","label":"attack","source":{"raw_file":"C:\\CyberRangers\\evidence\\it\\runs\\run-001\\raw\\windows-client\\EventLog_Microsoft-Windows-PowerShell_Operational.csv","raw_row":40},"data":{"event_id":4103,"event_type":"module_pipeline","script_text":"CommandInvocation(Export-Csv): \"Export-Csv\"\\nParameterBinding(Export-Csv): name=\"Path\"; value=\"C:\\CyberRangers\\evidence\\it\\runs\\run-001\\raw\\windows-client\\run_it_vector.csv\"\\nParameterBinding(Export-Csv): name=\"NoTypeInformation\"; value=\"True\"\\nParameterBinding(Export-Csv): name=\"Append\"; value=\"True\"\\nParameterBinding(Export-Csv): name=\"InputObject\"; value=\"@{timestamp_utc=2026-08-11T15:14:46.8421642Z; run_id=run-001; phase=run; status=STARTED; details=IT evidence run started.}\"\\n\\n\\nContext:\\n        Severity = Informational\\n        Host Name = ConsoleHost\\n        Host Version = 5.1.26100.8875\\n        Host ID = a02d10d4-ac40-4a73-bdd1-bb8bb54ffa68\\n        Host Application = C:\\WINDOWS\\System32\\WindowsPowerShell\\v1.0\\powershell.exe\\n        Engine Version = 5.1.26100.8875\\n        Runspace ID = 4c42a43a-9e18-42e7-82d5-39afd17cf314\\n        Pipeline ID = 43\\n        Command Name = Export-Csv\\n        Command Type = Cmdlet\\n        Script Name = Z:\\windows\\run_it_vector.ps1\\n        Command Path = \\n        Sequence Number = 2499\\n        User = PURPLELAB\\jdoe\\n        Connected User = \\n        Shell ID = Microsoft.PowerShell\\n\\n\\nUser Data:\\n\\n","record_id":17039}}
{"schema_version":"1.0","record_type":"powershell","timestamp_utc":"2026-08-11T15:14:46Z","host":"purplelab-win-client.purplelab.local","user":"S-1-5-21-1898955512-2253536272-2216333128-1103","provider":"Microsoft-Windows-PowerShell","run_id":"run-001","label":"attack","source":{"raw_file":"C:\\CyberRangers\\evidence\\it\\runs\\run-001\\raw\\windows-client\\EventLog_Microsoft-Windows-PowerShell_Operational.csv","raw_row":41},"data":{"event_id":4103,"event_type":"module_pipeline","script_text":"CommandInvocation(Join-Path): \"Join-Path\"\\nParameterBinding(Join-Path): name=\"Path\"; value=\"C:\\CyberRangers\\evidence\\it\\runs\\run-001\\raw\\windows-client\"\\nParameterBinding(Join-Path): name=\"ChildPath\"; value=\"00-rdp-session.txt\"\\n\\n\\nContext:\\n        Severity = Informational\\n        Host Name = ConsoleHost\\n        Host Version = 5.1.26100.8875\\n        Host ID = a02d10d4-ac40-4a73-bdd1-bb8bb54ffa68\\n        Host Application = C:\\WINDOWS\\System32\\WindowsPowerShell\\v1.0\\powershell.exe\\n        Engine Version = 5.1.26100.8875\\n        Runspace ID = 4c42a43a-9e18-42e7-82d5-39afd17cf314\\n        Pipeline ID = 43\\n        Command Name = Join-Path\\n        Command Type = Cmdlet\\n        Script Name = Z:\\windows\\run_it_vector.ps1\\n        Command Path = \\n        Sequence Number = 2501\\n        User = PURPLELAB\\jdoe\\n        Connected User = \\n        Shell ID = Microsoft.PowerShell\\n\\n\\nUser Data:\\n\\n","record_id":17040}}
{"schema_version":"1.0","record_type":"powershell","timestamp_utc":"2026-08-11T15:14:46Z","host":"purplelab-win-client.purplelab.local","user":"S-1-5-21-1898955512-2253536272-2216333128-1103","provider":"Microsoft-Windows-PowerShell","run_id":"run-001","label":"attack","source":{"raw_file":"C:\\CyberRangers\\evidence\\it\\runs\\run-001\\raw\\windows-client\\EventLog_Microsoft-Windows-PowerShell_Operational.csv","raw_row":42},"data":{"event_id":4103,"event_type":"module_pipeline","script_text":"CommandInvocation(quser.exe): \"quser.exe\"\\nCommandInvocation(Set-Content): \"Set-Content\"\\nParameterBinding(Set-Content): name=\"Path\"; value=\"C:\\CyberRangers\\evidence\\it\\runs\\run-001\\raw\\windows-client\\00-rdp-session.txt\"\\nParameterBinding(Set-Content): name=\"Value\"; value=\" USERNAME              SESSIONNAME        ID  STATE   IDLE TIME  LOGON TIME\"\\nParameterBinding(Set-Content): name=\"Value\"; value=\">jdoe                  rdp-tcp#0           1  Active          .  8/6/2026 11:35 AM\"\\n\\n\\nContext:\\n        Severity = Informational\\n        Host Name = ConsoleHost\\n        Host Version = 5.1.26100.8875\\n        Host ID = a02d10d4-ac40-4a73-bdd1-bb8bb54ffa68\\n        Host Application = C:\\WINDOWS\\System32\\WindowsPowerShell\\v1.0\\powershell.exe\\n        Engine Version = 5.1.26100.8875\\n        Runspace ID = 4c42a43a-9e18-42e7-82d5-39afd17cf314\\n        Pipeline ID = 43\\n        Command Name = quser.exe\\n        Command Type = Application\\n        Script Name = Z:\\windows\\run_it_vector.ps1\\n        Command Path = C:\\WINDOWS\\system32\\quser.exe\\n        Sequence Number = 2503\\n        User = PURPLELAB\\jdoe\\n        Connected User = \\n        Shell ID = Microsoft.PowerShell\\n\\n\\nUser Data:\\n\\n","record_id":17041}}
{"schema_version":"1.0","record_type":"powershell","timestamp_utc":"2026-08-11T15:14:47Z","host":"purplelab-win-client.purplelab.local","user":"S-1-5-21-1898955512-2253536272-2216333128-1103","provider":"Microsoft-Windows-PowerShell","run_id":"run-001","label":"attack","source":{"raw_file":"C:\\CyberRangers\\evidence\\it\\runs\\run-001\\raw\\windows-client\\EventLog_Microsoft-Windows-PowerShell_Operational.csv","raw_row":43},"data":{"event_id":4103,"event_type":"module_pipeline","script_text":"CommandInvocation(Get-NetTCPConnection): \"Get-NetTCPConnection\"\\nParameterBinding(Get-NetTCPConnection): name=\"LocalPort\"; value=\"3389\"\\nParameterBinding(Get-NetTCPConnection): name=\"State\"; value=\"Established\"\\nParameterBinding(Get-NetTCPConnection): name=\"ErrorAction\"; value=\"Stop\"\\nParameterBinding(Get-NetTCPConnection): name=\"ThrottleLimit\"; value=\"0\"\\nParameterBinding(Get-NetTCPConnection): name=\"AsJob\"; value=\"False\"\\n\\n\\nContext:\\n        Severity = Informational\\n        Host Name = ConsoleHost\\n        Host Version = 5.1.26100.8875\\n        Host ID = a02d10d4-ac40-4a73-bdd1-bb8bb54ffa68\\n        Host Application = C:\\WINDOWS\\System32\\WindowsPowerShell\\v1.0\\powershell.exe\\n        Engine Version = 5.1.26100.8875\\n        Runspace ID = 4c42a43a-9e18-42e7-82d5-39afd17cf314\\n        Pipeline ID = 43\\n        Command Name = Get-NetTCPConnection\\n        Command Type = Function\\n        Script Name = Z:\\windows\\run_it_vector.ps1\\n        Command Path = \\n        Sequence Number = 2505\\n        User = PURPLELAB\\jdoe\\n        Connected User = \\n        Shell ID = Microsoft.PowerShell\\n\\n\\nUser Data:\\n\\n","record_id":17042}}
{"schema_version":"1.0","record_type":"powershell","timestamp_utc":"2026-08-11T15:14:47Z","host":"purplelab-win-client.purplelab.local","user":"S-1-5-21-1898955512-2253536272-2216333128-1103","provider":"Microsoft-Windows-PowerShell","run_id":"run-001","label":"attack","source":{"raw_file":"C:\\CyberRangers\\evidence\\it\\runs\\run-001\\raw\\windows-client\\EventLog_Microsoft-Windows-PowerShell_Operational.csv","raw_row":44},"data":{"event_id":4103,"event_type":"module_pipeline","script_text":"CommandInvocation(Get-Date): \"Get-Date\"\\n\\n\\nContext:\\n        Severity = Informational\\n        Host Name = ConsoleHost\\n        Host Version = 5.1.26100.8875\\n        Host ID = a02d10d4-ac40-4a73-bdd1-bb8bb54ffa68\\n        Host Application = C:\\WINDOWS\\System32\\WindowsPowerShell\\v1.0\\powershell.exe\\n        Engine Version = 5.1.26100.8875\\n        Runspace ID = 4c42a43a-9e18-42e7-82d5-39afd17cf314\\n        Pipeline ID = 43\\n        Command Name = Get-Date\\n        Command Type = Cmdlet\\n        Script Name = Z:\\windows\\run_it_vector.ps1\\n        Command Path = \\n        Sequence Number = 2507\\n        User = PURPLELAB\\jdoe\\n        Connected User = \\n        Shell ID = Microsoft.PowerShell\\n\\n\\nUser Data:\\n\\n","record_id":17043}}
{"schema_version":"1.0","record_type":"powershell","timestamp_utc":"2026-08-11T15:14:47Z","host":"purplelab-win-client.purplelab.local","user":"S-1-5-21-1898955512-2253536272-2216333128-1103","provider":"Microsoft-Windows-PowerShell","run_id":"run-001","label":"attack","source":{"raw_file":"C:\\CyberRangers\\evidence\\it\\runs\\run-001\\raw\\windows-client\\EventLog_Microsoft-Windows-PowerShell_Operational.csv","raw_row":45},"data":{"event_id":4103,"event_type":"module_pipeline","script_text":"CommandInvocation(Join-Path): \"Join-Path\"\\nParameterBinding(Join-Path): name=\"Path\"; value=\"C:\\CyberRangers\\evidence\\it\\runs\\run-001\\raw\\windows-client\"\\nParameterBinding(Join-Path): name=\"ChildPath\"; value=\"00-rdp-connections.csv\"\\n\\n\\nContext:\\n        Severity = Informational\\n        Host Name = ConsoleHost\\n        Host Version = 5.1.26100.8875\\n        Host ID = a02d10d4-ac40-4a73-bdd1-bb8bb54ffa68\\n        Host Application = C:\\WINDOWS\\System32\\WindowsPowerShell\\v1.0\\powershell.exe\\n        Engine Version = 5.1.26100.8875\\n        Runspace ID = 4c42a43a-9e18-42e7-82d5-39afd17cf314\\n        Pipeline ID = 43\\n        Command Name = Join-Path\\n        Command Type = Cmdlet\\n        Script Name = Z:\\windows\\run_it_vector.ps1\\n        Command Path = \\n        Sequence Number = 2509\\n        User = PURPLELAB\\jdoe\\n        Connected User = \\n        Shell ID = Microsoft.PowerShell\\n\\n\\nUser Data:\\n\\n","record_id":17044}}
{"schema_version":"1.0","record_type":"powershell","timestamp_utc":"2026-08-11T15:14:47Z","host":"purplelab-win-client.purplelab.local","user":"S-1-5-21-1898955512-2253536272-2216333128-1103","provider":"Microsoft-Windows-PowerShell","run_id":"run-001","label":"attack","source":{"raw_file":"C:\\CyberRangers\\evidence\\it\\runs\\run-001\\raw\\windows-client\\EventLog_Microsoft-Windows-PowerShell_Operational.csv","raw_row":46},"data":{"event_id":4104,"event_type":"script_block","script_text":"Creating Scriptblock text (1 of 1):\\n{\\n                [PSCustomObject]@{\\n                    captured_utc = $RdpCapturedUtc\\n                    host          = $env:COMPUTERNAME\\n                    user          = $CurrentUser\\n                    State         = $_.State\\n                    LocalAddress  = $_.LocalAddress\\n                    LocalPort     = $_.LocalPort\\n                    RemoteAddress = $_.RemoteAddress\\n                    RemotePort    = $_.RemotePort\\n                    OwningProcess = $_.OwningProcess\\n                }\\n            }\\n\\nScriptBlock ID: a05c5386-0877-4f2d-b779-8ed01c3b3ef0\\nPath: Z:\\windows\\run_it_vector.ps1","record_id":17045}}
{"schema_version":"1.0","record_type":"powershell","timestamp_utc":"2026-08-11T15:14:47Z","host":"purplelab-win-client.purplelab.local","user":"S-1-5-21-1898955512-2253536272-2216333128-1103","provider":"Microsoft-Windows-PowerShell","run_id":"run-001","label":"attack","source":{"raw_file":"C:\\CyberRangers\\evidence\\it\\runs\\run-001\\raw\\windows-client\\EventLog_Microsoft-Windows-PowerShell_Operational.csv","raw_row":47},"data":{"event_id":4103,"event_type":"module_pipeline","script_text":"CommandInvocation(ForEach-Object): \"ForEach-Object\"\\nParameterBinding(ForEach-Object): name=\"Process\"; value=\"\\n                [PSCustomObject]@{\\n                    captured_utc = $RdpCapturedUtc\\n                    host          = $env:COMPUTERNAME\\n                    user          = $CurrentUser\\n                    State         = $_.State\\n                    LocalAddress  = $_.LocalAddress\\n                    LocalPort     = $_.LocalPort\\n                    RemoteAddress = $_.RemoteAddress\\n                    RemotePort    = $_.RemotePort\\n                    OwningProcess = $_.OwningProcess\\n                }\\n            , ...\"\\nCommandInvocation(Export-Csv): \"Export-Csv\"\\nParameterBinding(Export-Csv): name=\"NoTypeInformation\"; value=\"True\"\\nParameterBinding(Export-Csv): name=\"Encoding\"; value=\"UTF8\"\\nParameterBinding(Export-Csv): name=\"Path\"; value=\"C:\\CyberRangers\\evidence\\it\\runs\\run-001\\raw\\windows-client\\00-rdp-connections.csv\"\\nParameterBinding(ForEach-Object): name=\"InputObject\"; value=\"MSFT_NetTCPConnection (InstanceID = \"10.10.10.30??3389??10.10.30.10??57928\")\"\\nParameterBinding(Export-Csv): name=\"InputObject\"; value=\"@{captured_utc=2026-08-11T15:14:47.5923093Z; host=PURPLELAB-WIN-C; user=PURPLELAB\\jdoe; State=Established; LocalAddress=10.10.10.30; LocalPort=3389; RemoteAddress=10.10.30.10; RemotePort=57928; OwningProcess=2524}\"\\n\\n\\nContext:\\n        Severity = Informational\\n        Host Name = ConsoleHost\\n        Host Version = 5.1.26100.8875\\n        Host ID = a02d10d4-ac40-4a73-bdd1-bb8bb54ffa68\\n        Host Application = C:\\WINDOWS\\System32\\WindowsPowerShell\\v1.0\\powershell.exe\\n        Engine Version = 5.1.26100.8875\\n        Runspace ID = 4c42a43a-9e18-42e7-82d5-39afd17cf314\\n        Pipeline ID = 43\\n        Command Name = ForEach-Object\\n        Command Type = Cmdlet\\n        Script Name = Z:\\windows\\run_it_vector.ps1\\n        Command Path = \\n        Sequence Number = 2511\\n        User = PURPLELAB\\jdoe\\n        Connected User = \\n        Shell ID = Microsoft.PowerShell\\n\\n\\nUser Data:\\n\\n","record_id":17046}}
{"schema_version":"1.0","record_type":"powershell","timestamp_utc":"2026-08-11T15:14:47Z","host":"purplelab-win-client.purplelab.local","user":"S-1-5-21-1898955512-2253536272-2216333128-1103","provider":"Microsoft-Windows-PowerShell","run_id":"run-001","label":"attack","source":{"raw_file":"C:\\CyberRangers\\evidence\\it\\runs\\run-001\\raw\\windows-client\\EventLog_Microsoft-Windows-PowerShell_Operational.csv","raw_row":48},"data":{"event_id":4103,"event_type":"module_pipeline","script_text":"CommandInvocation(Select-Object): \"Select-Object\"\\nParameterBinding(Select-Object): name=\"ExpandProperty\"; value=\"RemoteAddress\"\\nParameterBinding(Select-Object): name=\"Unique\"; value=\"True\"\\nParameterBinding(Select-Object): name=\"InputObject\"; value=\"MSFT_NetTCPConnection (InstanceID = \"10.10.10.30??3389??10.10.30.10??57928\")\"\\n\\n\\nContext:\\n        Severity = Informational\\n        Host Name = ConsoleHost\\n        Host Version = 5.1.26100.8875\\n        Host ID = a02d10d4-ac40-4a73-bdd1-bb8bb54ffa68\\n        Host Application = C:\\WINDOWS\\System32\\WindowsPowerShell\\v1.0\\powershell.exe\\n        Engine Version = 5.1.26100.8875\\n        Runspace ID = 4c42a43a-9e18-42e7-82d5-39afd17cf314\\n        Pipeline ID = 43\\n        Command Name = Select-Object\\n        Command Type = Cmdlet\\n        Script Name = Z:\\windows\\run_it_vector.ps1\\n        Command Path = \\n        Sequence Number = 2513\\n        User = PURPLELAB\\jdoe\\n        Connected User = \\n        Shell ID = Microsoft.PowerShell\\n\\n\\nUser Data:\\n\\n","record_id":17047}}
{"schema_version":"1.0","record_type":"powershell","timestamp_utc":"2026-08-11T15:14:47Z","host":"purplelab-win-client.purplelab.local","user":"S-1-5-21-1898955512-2253536272-2216333128-1103","provider":"Microsoft-Windows-PowerShell","run_id":"run-001","label":"attack","source":{"raw_file":"C:\\CyberRangers\\evidence\\it\\runs\\run-001\\raw\\windows-client\\EventLog_Microsoft-Windows-PowerShell_Operational.csv","raw_row":49},"data":{"event_id":4103,"event_type":"module_pipeline","script_text":"CommandInvocation(Get-Date): \"Get-Date\"\\n\\n\\nContext:\\n        Severity = Informational\\n        Host Name = ConsoleHost\\n        Host Version = 5.1.26100.8875\\n        Host ID = a02d10d4-ac40-4a73-bdd1-bb8bb54ffa68\\n        Host Application = C:\\WINDOWS\\System32\\WindowsPowerShell\\v1.0\\powershell.exe\\n        Engine Version = 5.1.26100.8875\\n        Runspace ID = 4c42a43a-9e18-42e7-82d5-39afd17cf314\\n        Pipeline ID = 43\\n        Command Name = Get-Date\\n        Command Type = Cmdlet\\n        Script Name = Z:\\windows\\run_it_vector.ps1\\n        Command Path = \\n        Sequence Number = 2515\\n        User = PURPLELAB\\jdoe\\n        Connected User = \\n        Shell ID = Microsoft.PowerShell\\n\\n\\nUser Data:\\n\\n","record_id":17048}}
{"schema_version":"1.0","record_type":"powershell","timestamp_utc":"2026-08-11T15:14:47Z","host":"purplelab-win-client.purplelab.local","user":"S-1-5-21-1898955512-2253536272-2216333128-1103","provider":"Microsoft-Windows-PowerShell","run_id":"run-001","label":"attack","source":{"raw_file":"C:\\CyberRangers\\evidence\\it\\runs\\run-001\\raw\\windows-client\\EventLog_Microsoft-Windows-PowerShell_Operational.csv","raw_row":50},"data":{"event_id":4103,"event_type":"module_pipeline","script_text":"CommandInvocation(Export-Csv): \"Export-Csv\"\\nParameterBinding(Export-Csv): name=\"Path\"; value=\"C:\\CyberRangers\\evidence\\it\\runs\\run-001\\raw\\windows-client\\run_it_vector.csv\"\\nParameterBinding(Export-Csv): name=\"NoTypeInformation\"; value=\"True\"\\nParameterBinding(Export-Csv): name=\"Append\"; value=\"True\"\\nParameterBinding(Export-Csv): name=\"InputObject\"; value=\"@{timestamp_utc=2026-08-11T15:14:47.6194966Z; run_id=run-001; phase=rdp_attribution; status=CAPTURED; details=Observed active RDP source(s): 10.10.30.10}\"\\n\\n\\nContext:\\n        Severity = Informational\\n        Host Name = ConsoleHost\\n        Host Version = 5.1.26100.8875\\n        Host ID = a02d10d4-ac40-4a73-bdd1-bb8bb54ffa68\\n        Host Application = C:\\WINDOWS\\System32\\WindowsPowerShell\\v1.0\\powershell.exe\\n        Engine Version = 5.1.26100.8875\\n        Runspace ID = 4c42a43a-9e18-42e7-82d5-39afd17cf314\\n        Pipeline ID = 43\\n        Command Name = Export-Csv\\n        Command Type = Cmdlet\\n        Script Name = Z:\\windows\\run_it_vector.ps1\\n        Command Path = \\n        Sequence Number = 2517\\n        User = PURPLELAB\\jdoe\\n        Connected User = \\n        Shell ID = Microsoft.PowerShell\\n\\n\\nUser Data:\\n\\n","record_id":17049}}
{"schema_version":"1.0","record_type":"powershell","timestamp_utc":"2026-08-11T15:14:47Z","host":"purplelab-win-client.purplelab.local","user":"S-1-5-21-1898955512-2253536272-2216333128-1103","provider":"Microsoft-Windows-PowerShell","run_id":"run-001","label":"attack","source":{"raw_file":"C:\\CyberRangers\\evidence\\it\\runs\\run-001\\raw\\windows-client\\EventLog_Microsoft-Windows-PowerShell_Operational.csv","raw_row":51},"data":{"event_id":4103,"event_type":"module_pipeline","script_text":"CommandInvocation(Join-Path): \"Join-Path\"\\nParameterBinding(Join-Path): name=\"Path\"; value=\"C:\\CyberRangers\\evidence\\it\\runs\\run-001\\raw\\windows-client\"\\nParameterBinding(Join-Path): name=\"ChildPath\"; value=\"01-pre-wipe-files.csv\"\\n\\n\\nContext:\\n        Severity = Informational\\n        Host Name = ConsoleHost\\n        Host Version = 5.1.26100.8875\\n        Host ID = a02d10d4-ac40-4a73-bdd1-bb8bb54ffa68\\n        Host Application = C:\\WINDOWS\\System32\\WindowsPowerShell\\v1.0\\powershell.exe\\n        Engine Version = 5.1.26100.8875\\n        Runspace ID = 4c42a43a-9e18-42e7-82d5-39afd17cf314\\n        Pipeline ID = 43\\n        Command Name = Join-Path\\n        Command Type = Cmdlet\\n        Script Name = Z:\\windows\\run_it_vector.ps1\\n        Command Path = \\n        Sequence Number = 2519\\n        User = PURPLELAB\\jdoe\\n        Connected User = \\n        Shell ID = Microsoft.PowerShell\\n\\n\\nUser Data:\\n\\n","record_id":17050}}
{"schema_version":"1.0","record_type":"powershell","timestamp_utc":"2026-08-11T15:14:47Z","host":"purplelab-win-client.purplelab.local","user":"S-1-5-21-1898955512-2253536272-2216333128-1103","provider":"Microsoft-Windows-PowerShell","run_id":"run-001","label":"attack","source":{"raw_file":"C:\\CyberRangers\\evidence\\it\\runs\\run-001\\raw\\windows-client\\EventLog_Microsoft-Windows-PowerShell_Operational.csv","raw_row":52},"data":{"event_id":4104,"event_type":"script_block","script_text":"Creating Scriptblock text (1 of 1):\\nfunction Export-FileInventory {\\n    param(\\n        [string]$OutputPath\\n    )\\n\\n    # Hash files before or after the wipe.\\n    # The marker is included so restoration can also be proven.\\n    $Inventory = foreach (\\n        $File in Get-ChildItem $TargetDirectory -File -Recurse -Force\\n    ) {\\n        [PSCustomObject]@{\\n            collected_utc = (\\n                Get-Date\\n            ).ToUniversalTime().ToString(\"o\")\\n            path = $File.FullName\\n            size_bytes = $File.Length\\n            last_write_utc = $File.LastWriteTimeUtc.ToString(\"o\")\\n            sha256 = (\\n                Get-FileHash $File.FullName -Algorithm SHA256\\n            ).Hash\\n        }\\n    }\\n\\n    $Inventory | Export-Csv `\\n        -Path $OutputPath `\\n        -NoTypeInformation\\n}\\n\\nScriptBlock ID: a816fca0-ce39-45d3-8953-c386e1111255\\nPath: Z:\\windows\\run_it_vector.ps1","record_id":17051}}
{"schema_version":"1.0","record_type":"powershell","timestamp_utc":"2026-08-11T15:14:47Z","host":"purplelab-win-client.purplelab.local","user":"S-1-5-21-1898955512-2253536272-2216333128-1103","provider":"Microsoft-Windows-PowerShell","run_id":"run-001","label":"attack","source":{"raw_file":"C:\\CyberRangers\\evidence\\it\\runs\\run-001\\raw\\windows-client\\EventLog_Microsoft-Windows-PowerShell_Operational.csv","raw_row":53},"data":{"event_id":4103,"event_type":"module_pipeline","script_text":"CommandInvocation(Get-ChildItem): \"Get-ChildItem\"\\nParameterBinding(Get-ChildItem): name=\"Recurse\"; value=\"True\"\\nParameterBinding(Get-ChildItem): name=\"Force\"; value=\"True\"\\nParameterBinding(Get-ChildItem): name=\"Path\"; value=\"C:\\WiperTest\"\\nParameterBinding(Get-ChildItem): name=\"File\"; value=\"True\"\\n\\n\\nContext:\\n        Severity = Informational\\n        Host Name = ConsoleHost\\n        Host Version = 5.1.26100.8875\\n        Host ID = a02d10d4-ac40-4a73-bdd1-bb8bb54ffa68\\n        Host Application = C:\\WINDOWS\\System32\\WindowsPowerShell\\v1.0\\powershell.exe\\n        Engine Version = 5.1.26100.8875\\n        Runspace ID = 4c42a43a-9e18-42e7-82d5-39afd17cf314\\n        Pipeline ID = 43\\n        Command Name = Get-ChildItem\\n        Command Type = Cmdlet\\n        Script Name = Z:\\windows\\run_it_vector.ps1\\n        Command Path = \\n        Sequence Number = 2521\\n        User = PURPLELAB\\jdoe\\n        Connected User = \\n        Shell ID = Microsoft.PowerShell\\n\\n\\nUser Data:\\n\\n","record_id":17052}}
{"schema_version":"1.0","record_type":"powershell","timestamp_utc":"2026-08-11T15:14:47Z","host":"purplelab-win-client.purplelab.local","user":"S-1-5-21-1898955512-2253536272-2216333128-1103","provider":"Microsoft-Windows-PowerShell","run_id":"run-001","label":"attack","source":{"raw_file":"C:\\CyberRangers\\evidence\\it\\runs\\run-001\\raw\\windows-client\\EventLog_Microsoft-Windows-PowerShell_Operational.csv","raw_row":54},"data":{"event_id":4103,"event_type":"module_pipeline","script_text":"CommandInvocation(Get-Date): \"Get-Date\"\\n\\n\\nContext:\\n        Severity = Informational\\n        Host Name = ConsoleHost\\n        Host Version = 5.1.26100.8875\\n        Host ID = a02d10d4-ac40-4a73-bdd1-bb8bb54ffa68\\n        Host Application = C:\\WINDOWS\\System32\\WindowsPowerShell\\v1.0\\powershell.exe\\n        Engine Version = 5.1.26100.8875\\n        Runspace ID = 4c42a43a-9e18-42e7-82d5-39afd17cf314\\n        Pipeline ID = 43\\n        Command Name = Get-Date\\n        Command Type = Cmdlet\\n        Script Name = Z:\\windows\\run_it_vector.ps1\\n        Command Path = \\n        Sequence Number = 2523\\n        User = PURPLELAB\\jdoe\\n        Connected User = \\n        Shell ID = Microsoft.PowerShell\\n\\n\\nUser Data:\\n\\n","record_id":17053}}
{"schema_version":"1.0","record_type":"powershell","timestamp_utc":"2026-08-11T15:14:47Z","host":"purplelab-win-client.purplelab.local","user":"S-1-5-21-1898955512-2253536272-2216333128-1103","provider":"Microsoft-Windows-PowerShell","run_id":"run-001","label":"attack","source":{"raw_file":"C:\\CyberRangers\\evidence\\it\\runs\\run-001\\raw\\windows-client\\EventLog_Microsoft-Windows-PowerShell_Operational.csv","raw_row":55},"data":{"event_id":4103,"event_type":"module_pipeline","script_text":"CommandInvocation(Resolve-Path): \"Resolve-Path\"\\nParameterBinding(Resolve-Path): name=\"Path\"; value=\"C:\\WiperTest\\.wiper-lab-approved\"\\nCommandInvocation(ForEach-Object): \"ForEach-Object\"\\nParameterBinding(ForEach-Object): name=\"MemberName\"; value=\"ProviderPath\"\\nParameterBinding(ForEach-Object): name=\"InputObject\"; value=\"C:\\WiperTest\\.wiper-lab-approved\"\\n\\n\\nContext:\\n        Severity = Informational\\n        Host Name = ConsoleHost\\n        Host Version = 5.1.26100.8875\\n        Host ID = a02d10d4-ac40-4a73-bdd1-bb8bb54ffa68\\n        Host Application = C:\\WINDOWS\\System32\\WindowsPowerShell\\v1.0\\powershell.exe\\n        Engine Version = 5.1.26100.8875\\n        Runspace ID = 4c42a43a-9e18-42e7-82d5-39afd17cf314\\n        Pipeline ID = 43\\n        Command Name = Resolve-Path\\n        Command Type = Cmdlet\\n        Script Name = C:\\WINDOWS\\system32\\WindowsPowerShell\\v1.0\\Modules\\Microsoft.PowerShell.Utility\\Microsoft.PowerShell.Utility.psm1\\n        Command Path = \\n        Sequence Number = 2525\\n        User = PURPLELAB\\jdoe\\n        Connected User = \\n        Shell ID = Microsoft.PowerShell\\n\\n\\nUser Data:\\n\\n","record_id":17054}}
{"schema_version":"1.0","record_type":"powershell","timestamp_utc":"2026-08-11T15:14:47Z","host":"purplelab-win-client.purplelab.local","user":"S-1-5-21-1898955512-2253536272-2216333128-1103","provider":"Microsoft-Windows-PowerShell","run_id":"run-001","label":"attack","source":{"raw_file":"C:\\CyberRangers\\evidence\\it\\runs\\run-001\\raw\\windows-client\\EventLog_Microsoft-Windows-PowerShell_Operational.csv","raw_row":56},"data":{"event_id":4103,"event_type":"module_pipeline","script_text":"CommandInvocation(Test-Path): \"Test-Path\"\\nParameterBinding(Test-Path): name=\"LiteralPath\"; value=\"C:\\WiperTest\\.wiper-lab-approved\"\\nParameterBinding(Test-Path): name=\"PathType\"; value=\"Container\"\\n\\n\\nContext:\\n        Severity = Informational\\n        Host Name = ConsoleHost\\n        Host Version = 5.1.26100.8875\\n        Host ID = a02d10d4-ac40-4a73-bdd1-bb8bb54ffa68\\n        Host Application = C:\\WINDOWS\\System32\\WindowsPowerShell\\v1.0\\powershell.exe\\n        Engine Version = 5.1.26100.8875\\n        Runspace ID = 4c42a43a-9e18-42e7-82d5-39afd17cf314\\n        Pipeline ID = 43\\n        Command Name = Test-Path\\n        Command Type = Cmdlet\\n        Script Name = C:\\WINDOWS\\system32\\WindowsPowerShell\\v1.0\\Modules\\Microsoft.PowerShell.Utility\\Microsoft.PowerShell.Utility.psm1\\n        Command Path = \\n        Sequence Number = 2527\\n        User = PURPLELAB\\jdoe\\n        Connected User = \\n        Shell ID = Microsoft.PowerShell\\n\\n\\nUser Data:\\n\\n","record_id":17055}}
{"schema_version":"1.0","record_type":"powershell","timestamp_utc":"2026-08-11T15:14:47Z","host":"purplelab-win-client.purplelab.local","user":"S-1-5-21-1898955512-2253536272-2216333128-1103","provider":"Microsoft-Windows-PowerShell","run_id":"run-001","label":"attack","source":{"raw_file":"C:\\CyberRangers\\evidence\\it\\runs\\run-001\\raw\\windows-client\\EventLog_Microsoft-Windows-PowerShell_Operational.csv","raw_row":57},"data":{"event_id":4103,"event_type":"module_pipeline","script_text":"CommandInvocation(GetStreamHash): \"GetStreamHash\"\\nParameterBinding(GetStreamHash): name=\"InputStream\"; value=\"System.IO.FileStream\"\\nParameterBinding(GetStreamHash): name=\"RelatedPath\"; value=\"C:\\WiperTest\\.wiper-lab-approved\"\\nParameterBinding(GetStreamHash): name=\"Hasher\"; value=\"System.Security.Cryptography.SHA256CryptoServiceProvider\"\\n\\n\\nContext:\\n        Severity = Informational\\n        Host Name = ConsoleHost\\n        Host Version = 5.1.26100.8875\\n        Host ID = a02d10d4-ac40-4a73-bdd1-bb8bb54ffa68\\n        Host Application = C:\\WINDOWS\\System32\\WindowsPowerShell\\v1.0\\powershell.exe\\n        Engine Version = 5.1.26100.8875\\n        Runspace ID = 4c42a43a-9e18-42e7-82d5-39afd17cf314\\n        Pipeline ID = 43\\n        Command Name = GetStreamHash\\n        Command Type = Function\\n        Script Name = C:\\WINDOWS\\system32\\WindowsPowerShell\\v1.0\\Modules\\Microsoft.PowerShell.Utility\\Microsoft.PowerShell.Utility.psm1\\n        Command Path = \\n        Sequence Number = 2529\\n        User = PURPLELAB\\jdoe\\n        Connected User = \\n        Shell ID = Microsoft.PowerShell\\n\\n\\nUser Data:\\n\\n","record_id":17056}}
{"schema_version":"1.0","record_type":"powershell","timestamp_utc":"2026-08-11T15:14:47Z","host":"purplelab-win-client.purplelab.local","user":"S-1-5-21-1898955512-2253536272-2216333128-1103","provider":"Microsoft-Windows-PowerShell","run_id":"run-001","label":"attack","source":{"raw_file":"C:\\CyberRangers\\evidence\\it\\runs\\run-001\\raw\\windows-client\\EventLog_Microsoft-Windows-PowerShell_Operational.csv","raw_row":58},"data":{"event_id":4103,"event_type":"module_pipeline","script_text":"CommandInvocation(Get-FileHash): \"Get-FileHash\"\\nParameterBinding(Get-FileHash): name=\"Algorithm\"; value=\"SHA256\"\\nParameterBinding(Get-FileHash): name=\"Path\"; value=\"C:\\WiperTest\\.wiper-lab-approved\"\\n\\n\\nContext:\\n        Severity = Informational\\n        Host Name = ConsoleHost\\n        Host Version = 5.1.26100.8875\\n        Host ID = a02d10d4-ac40-4a73-bdd1-bb8bb54ffa68\\n        Host Application = C:\\WINDOWS\\System32\\WindowsPowerShell\\v1.0\\powershell.exe\\n        Engine Version = 5.1.26100.8875\\n        Runspace ID = 4c42a43a-9e18-42e7-82d5-39afd17cf314\\n        Pipeline ID = 43\\n        Command Name = Get-FileHash\\n        Command Type = Function\\n        Script Name = Z:\\windows\\run_it_vector.ps1\\n        Command Path = \\n        Sequence Number = 2531\\n        User = PURPLELAB\\jdoe\\n        Connected User = \\n        Shell ID = Microsoft.PowerShell\\n\\n\\nUser Data:\\n\\n","record_id":17057}}
{"schema_version":"1.0","record_type":"powershell","timestamp_utc":"2026-08-11T15:14:47Z","host":"purplelab-win-client.purplelab.local","user":"S-1-5-21-1898955512-2253536272-2216333128-1103","provider":"Microsoft-Windows-PowerShell","run_id":"run-001","label":"attack","source":{"raw_file":"C:\\CyberRangers\\evidence\\it\\runs\\run-001\\raw\\windows-client\\EventLog_Microsoft-Windows-PowerShell_Operational.csv","raw_row":59},"data":{"event_id":4103,"event_type":"module_pipeline","script_text":"CommandInvocation(Get-Date): \"Get-Date\"\\n\\n\\nContext:\\n        Severity = Informational\\n        Host Name = ConsoleHost\\n        Host Version = 5.1.26100.8875\\n        Host ID = a02d10d4-ac40-4a73-bdd1-bb8bb54ffa68\\n        Host Application = C:\\WINDOWS\\System32\\WindowsPowerShell\\v1.0\\powershell.exe\\n        Engine Version = 5.1.26100.8875\\n        Runspace ID = 4c42a43a-9e18-42e7-82d5-39afd17cf314\\n        Pipeline ID = 43\\n        Command Name = Get-Date\\n        Command Type = Cmdlet\\n        Script Name = Z:\\windows\\run_it_vector.ps1\\n        Command Path = \\n        Sequence Number = 2533\\n        User = PURPLELAB\\jdoe\\n        Connected User = \\n        Shell ID = Microsoft.PowerShell\\n\\n\\nUser Data:\\n\\n","record_id":17058}}
{"schema_version":"1.0","record_type":"powershell","timestamp_utc":"2026-08-11T15:14:47Z","host":"purplelab-win-client.purplelab.local","user":"S-1-5-21-1898955512-2253536272-2216333128-1103","provider":"Microsoft-Windows-PowerShell","run_id":"run-001","label":"attack","source":{"raw_file":"C:\\CyberRangers\\evidence\\it\\runs\\run-001\\raw\\windows-client\\EventLog_Microsoft-Windows-PowerShell_Operational.csv","raw_row":60},"data":{"event_id":4103,"event_type":"module_pipeline","script_text":"CommandInvocation(Resolve-Path): \"Resolve-Path\"\\nParameterBinding(Resolve-Path): name=\"Path\"; value=\"C:\\WiperTest\\file_0ae1034a.txt\"\\nCommandInvocation(ForEach-Object): \"ForEach-Object\"\\nParameterBinding(ForEach-Object): name=\"MemberName\"; value=\"ProviderPath\"\\nParameterBinding(ForEach-Object): name=\"InputObject\"; value=\"C:\\WiperTest\\file_0ae1034a.txt\"\\n\\n\\nContext:\\n        Severity = Informational\\n        Host Name = ConsoleHost\\n        Host Version = 5.1.26100.8875\\n        Host ID = a02d10d4-ac40-4a73-bdd1-bb8bb54ffa68\\n        Host Application = C:\\WINDOWS\\System32\\WindowsPowerShell\\v1.0\\powershell.exe\\n        Engine Version = 5.1.26100.8875\\n        Runspace ID = 4c42a43a-9e18-42e7-82d5-39afd17cf314\\n        Pipeline ID = 43\\n        Command Name = Resolve-Path\\n        Command Type = Cmdlet\\n        Script Name = C:\\WINDOWS\\system32\\WindowsPowerShell\\v1.0\\Modules\\Microsoft.PowerShell.Utility\\Microsoft.PowerShell.Utility.psm1\\n        Command Path = \\n        Sequence Number = 2535\\n        User = PURPLELAB\\jdoe\\n        Connected User = \\n        Shell ID = Microsoft.PowerShell\\n\\n\\nUser Data:\\n\\n","record_id":17059}}
{"schema_version":"1.0","record_type":"powershell","timestamp_utc":"2026-08-11T15:14:47Z","host":"purplelab-win-client.purplelab.local","user":"S-1-5-21-1898955512-2253536272-2216333128-1103","provider":"Microsoft-Windows-PowerShell","run_id":"run-001","label":"attack","source":{"raw_file":"C:\\CyberRangers\\evidence\\it\\runs\\run-001\\raw\\windows-client\\EventLog_Microsoft-Windows-PowerShell_Operational.csv","raw_row":61},"data":{"event_id":4103,"event_type":"module_pipeline","script_text":"CommandInvocation(Test-Path): \"Test-Path\"\\nParameterBinding(Test-Path): name=\"LiteralPath\"; value=\"C:\\WiperTest\\file_0ae1034a.txt\"\\nParameterBinding(Test-Path): name=\"PathType\"; value=\"Container\"\\n\\n\\nContext:\\n        Severity = Informational\\n        Host Name = ConsoleHost\\n        Host Version = 5.1.26100.8875\\n        Host ID = a02d10d4-ac40-4a73-bdd1-bb8bb54ffa68\\n        Host Application = C:\\WINDOWS\\System32\\WindowsPowerShell\\v1.0\\powershell.exe\\n        Engine Version = 5.1.26100.8875\\n        Runspace ID = 4c42a43a-9e18-42e7-82d5-39afd17cf314\\n        Pipeline ID = 43\\n        Command Name = Test-Path\\n        Command Type = Cmdlet\\n        Script Name = C:\\WINDOWS\\system32\\WindowsPowerShell\\v1.0\\Modules\\Microsoft.PowerShell.Utility\\Microsoft.PowerShell.Utility.psm1\\n        Command Path = \\n        Sequence Number = 2537\\n        User = PURPLELAB\\jdoe\\n        Connected User = \\n        Shell ID = Microsoft.PowerShell\\n\\n\\nUser Data:\\n\\n","record_id":17060}}
{"schema_version":"1.0","record_type":"powershell","timestamp_utc":"2026-08-11T15:14:47Z","host":"purplelab-win-client.purplelab.local","user":"S-1-5-21-1898955512-2253536272-2216333128-1103","provider":"Microsoft-Windows-PowerShell","run_id":"run-001","label":"attack","source":{"raw_file":"C:\\CyberRangers\\evidence\\it\\runs\\run-001\\raw\\windows-client\\EventLog_Microsoft-Windows-PowerShell_Operational.csv","raw_row":62},"data":{"event_id":4103,"event_type":"module_pipeline","script_text":"CommandInvocation(GetStreamHash): \"GetStreamHash\"\\nParameterBinding(GetStreamHash): name=\"InputStream\"; value=\"System.IO.FileStream\"\\nParameterBinding(GetStreamHash): name=\"RelatedPath\"; value=\"C:\\WiperTest\\file_0ae1034a.txt\"\\nParameterBinding(GetStreamHash): name=\"Hasher\"; value=\"System.Security.Cryptography.SHA256CryptoServiceProvider\"\\n\\n\\nContext:\\n        Severity = Informational\\n        Host Name = ConsoleHost\\n        Host Version = 5.1.26100.8875\\n        Host ID = a02d10d4-ac40-4a73-bdd1-bb8bb54ffa68\\n        Host Application = C:\\WINDOWS\\System32\\WindowsPowerShell\\v1.0\\powershell.exe\\n        Engine Version = 5.1.26100.8875\\n        Runspace ID = 4c42a43a-9e18-42e7-82d5-39afd17cf314\\n        Pipeline ID = 43\\n        Command Name = GetStreamHash\\n        Command Type = Function\\n        Script Name = C:\\WINDOWS\\system32\\WindowsPowerShell\\v1.0\\Modules\\Microsoft.PowerShell.Utility\\Microsoft.PowerShell.Utility.psm1\\n        Command Path = \\n        Sequence Number = 2539\\n        User = PURPLELAB\\jdoe\\n        Connected User = \\n        Shell ID = Microsoft.PowerShell\\n\\n\\nUser Data:\\n\\n","record_id":17061}}
{"schema_version":"1.0","record_type":"powershell","timestamp_utc":"2026-08-11T15:14:47Z","host":"purplelab-win-client.purplelab.local","user":"S-1-5-21-1898955512-2253536272-2216333128-1103","provider":"Microsoft-Windows-PowerShell","run_id":"run-001","label":"attack","source":{"raw_file":"C:\\CyberRangers\\evidence\\it\\runs\\run-001\\raw\\windows-client\\EventLog_Microsoft-Windows-PowerShell_Operational.csv","raw_row":63},"data":{"event_id":4103,"event_type":"module_pipeline","script_text":"CommandInvocation(Get-FileHash): \"Get-FileHash\"\\nParameterBinding(Get-FileHash): name=\"Algorithm\"; value=\"SHA256\"\\nParameterBinding(Get-FileHash): name=\"Path\"; value=\"C:\\WiperTest\\file_0ae1034a.txt\"\\n\\n\\nContext:\\n        Severity = Informational\\n        Host Name = ConsoleHost\\n        Host Version = 5.1.26100.8875\\n        Host ID = a02d10d4-ac40-4a73-bdd1-bb8bb54ffa68\\n        Host Application = C:\\WINDOWS\\System32\\WindowsPowerShell\\v1.0\\powershell.exe\\n        Engine Version = 5.1.26100.8875\\n        Runspace ID = 4c42a43a-9e18-42e7-82d5-39afd17cf314\\n        Pipeline ID = 43\\n        Command Name = Get-FileHash\\n        Command Type = Function\\n        Script Name = Z:\\windows\\run_it_vector.ps1\\n        Command Path = \\n        Sequence Number = 2541\\n        User = PURPLELAB\\jdoe\\n        Connected User = \\n        Shell ID = Microsoft.PowerShell\\n\\n\\nUser Data:\\n\\n","record_id":17062}}
