{"schema_version":"1.0","record_type":"powershell","timestamp_utc":"2026-08-11T15:14:47Z","host":"purplelab-win-client.purplelab.local","user":"S-1-5-21-1898955512-2253536272-2216333128-1103","provider":"Microsoft-Windows-PowerShell","run_id":"run-001","label":"attack","source":{"raw_file":"C:\\CyberRangers\\evidence\\it\\runs\\run-001\\raw\\windows-client\\EventLog_Microsoft-Windows-PowerShell_Operational.csv","raw_row":64},"data":{"event_id":4103,"event_type":"module_pipeline","script_text":"CommandInvocation(Get-Date): \"Get-Date\"\\n\\n\\nContext:\\n        Severity = Informational\\n        Host Name = ConsoleHost\\n        Host Version = 5.1.26100.8875\\n        Host ID = a02d10d4-ac40-4a73-bdd1-bb8bb54ffa68\\n        Host Application = C:\\WINDOWS\\System32\\WindowsPowerShell\\v1.0\\powershell.exe\\n        Engine Version = 5.1.26100.8875\\n        Runspace ID = 4c42a43a-9e18-42e7-82d5-39afd17cf314\\n        Pipeline ID = 43\\n        Command Name = Get-Date\\n        Command Type = Cmdlet\\n        Script Name = Z:\\windows\\run_it_vector.ps1\\n        Command Path = \\n        Sequence Number = 2543\\n        User = PURPLELAB\\jdoe\\n        Connected User = \\n        Shell ID = Microsoft.PowerShell\\n\\n\\nUser Data:\\n\\n","record_id":17063}}
{"schema_version":"1.0","record_type":"powershell","timestamp_utc":"2026-08-11T15:14:47Z","host":"purplelab-win-client.purplelab.local","user":"S-1-5-21-1898955512-2253536272-2216333128-1103","provider":"Microsoft-Windows-PowerShell","run_id":"run-001","label":"attack","source":{"raw_file":"C:\\CyberRangers\\evidence\\it\\runs\\run-001\\raw\\windows-client\\EventLog_Microsoft-Windows-PowerShell_Operational.csv","raw_row":65},"data":{"event_id":4103,"event_type":"module_pipeline","script_text":"CommandInvocation(Resolve-Path): \"Resolve-Path\"\\nParameterBinding(Resolve-Path): name=\"Path\"; value=\"C:\\WiperTest\\file_0ee4f530.txt\"\\nCommandInvocation(ForEach-Object): \"ForEach-Object\"\\nParameterBinding(ForEach-Object): name=\"MemberName\"; value=\"ProviderPath\"\\nParameterBinding(ForEach-Object): name=\"InputObject\"; value=\"C:\\WiperTest\\file_0ee4f530.txt\"\\n\\n\\nContext:\\n        Severity = Informational\\n        Host Name = ConsoleHost\\n        Host Version = 5.1.26100.8875\\n        Host ID = a02d10d4-ac40-4a73-bdd1-bb8bb54ffa68\\n        Host Application = C:\\WINDOWS\\System32\\WindowsPowerShell\\v1.0\\powershell.exe\\n        Engine Version = 5.1.26100.8875\\n        Runspace ID = 4c42a43a-9e18-42e7-82d5-39afd17cf314\\n        Pipeline ID = 43\\n        Command Name = Resolve-Path\\n        Command Type = Cmdlet\\n        Script Name = C:\\WINDOWS\\system32\\WindowsPowerShell\\v1.0\\Modules\\Microsoft.PowerShell.Utility\\Microsoft.PowerShell.Utility.psm1\\n        Command Path = \\n        Sequence Number = 2545\\n        User = PURPLELAB\\jdoe\\n        Connected User = \\n        Shell ID = Microsoft.PowerShell\\n\\n\\nUser Data:\\n\\n","record_id":17064}}
{"schema_version":"1.0","record_type":"powershell","timestamp_utc":"2026-08-11T15:14:47Z","host":"purplelab-win-client.purplelab.local","user":"S-1-5-21-1898955512-2253536272-2216333128-1103","provider":"Microsoft-Windows-PowerShell","run_id":"run-001","label":"attack","source":{"raw_file":"C:\\CyberRangers\\evidence\\it\\runs\\run-001\\raw\\windows-client\\EventLog_Microsoft-Windows-PowerShell_Operational.csv","raw_row":66},"data":{"event_id":4103,"event_type":"module_pipeline","script_text":"CommandInvocation(Test-Path): \"Test-Path\"\\nParameterBinding(Test-Path): name=\"LiteralPath\"; value=\"C:\\WiperTest\\file_0ee4f530.txt\"\\nParameterBinding(Test-Path): name=\"PathType\"; value=\"Container\"\\n\\n\\nContext:\\n        Severity = Informational\\n        Host Name = ConsoleHost\\n        Host Version = 5.1.26100.8875\\n        Host ID = a02d10d4-ac40-4a73-bdd1-bb8bb54ffa68\\n        Host Application = C:\\WINDOWS\\System32\\WindowsPowerShell\\v1.0\\powershell.exe\\n        Engine Version = 5.1.26100.8875\\n        Runspace ID = 4c42a43a-9e18-42e7-82d5-39afd17cf314\\n        Pipeline ID = 43\\n        Command Name = Test-Path\\n        Command Type = Cmdlet\\n        Script Name = C:\\WINDOWS\\system32\\WindowsPowerShell\\v1.0\\Modules\\Microsoft.PowerShell.Utility\\Microsoft.PowerShell.Utility.psm1\\n        Command Path = \\n        Sequence Number = 2547\\n        User = PURPLELAB\\jdoe\\n        Connected User = \\n        Shell ID = Microsoft.PowerShell\\n\\n\\nUser Data:\\n\\n","record_id":17065}}
{"schema_version":"1.0","record_type":"powershell","timestamp_utc":"2026-08-11T15:14:47Z","host":"purplelab-win-client.purplelab.local","user":"S-1-5-21-1898955512-2253536272-2216333128-1103","provider":"Microsoft-Windows-PowerShell","run_id":"run-001","label":"attack","source":{"raw_file":"C:\\CyberRangers\\evidence\\it\\runs\\run-001\\raw\\windows-client\\EventLog_Microsoft-Windows-PowerShell_Operational.csv","raw_row":67},"data":{"event_id":4103,"event_type":"module_pipeline","script_text":"CommandInvocation(GetStreamHash): \"GetStreamHash\"\\nParameterBinding(GetStreamHash): name=\"InputStream\"; value=\"System.IO.FileStream\"\\nParameterBinding(GetStreamHash): name=\"RelatedPath\"; value=\"C:\\WiperTest\\file_0ee4f530.txt\"\\nParameterBinding(GetStreamHash): name=\"Hasher\"; value=\"System.Security.Cryptography.SHA256CryptoServiceProvider\"\\n\\n\\nContext:\\n        Severity = Informational\\n        Host Name = ConsoleHost\\n        Host Version = 5.1.26100.8875\\n        Host ID = a02d10d4-ac40-4a73-bdd1-bb8bb54ffa68\\n        Host Application = C:\\WINDOWS\\System32\\WindowsPowerShell\\v1.0\\powershell.exe\\n        Engine Version = 5.1.26100.8875\\n        Runspace ID = 4c42a43a-9e18-42e7-82d5-39afd17cf314\\n        Pipeline ID = 43\\n        Command Name = GetStreamHash\\n        Command Type = Function\\n        Script Name = C:\\WINDOWS\\system32\\WindowsPowerShell\\v1.0\\Modules\\Microsoft.PowerShell.Utility\\Microsoft.PowerShell.Utility.psm1\\n        Command Path = \\n        Sequence Number = 2549\\n        User = PURPLELAB\\jdoe\\n        Connected User = \\n        Shell ID = Microsoft.PowerShell\\n\\n\\nUser Data:\\n\\n","record_id":17066}}
{"schema_version":"1.0","record_type":"powershell","timestamp_utc":"2026-08-11T15:14:47Z","host":"purplelab-win-client.purplelab.local","user":"S-1-5-21-1898955512-2253536272-2216333128-1103","provider":"Microsoft-Windows-PowerShell","run_id":"run-001","label":"attack","source":{"raw_file":"C:\\CyberRangers\\evidence\\it\\runs\\run-001\\raw\\windows-client\\EventLog_Microsoft-Windows-PowerShell_Operational.csv","raw_row":68},"data":{"event_id":4103,"event_type":"module_pipeline","script_text":"CommandInvocation(Get-FileHash): \"Get-FileHash\"\\nParameterBinding(Get-FileHash): name=\"Algorithm\"; value=\"SHA256\"\\nParameterBinding(Get-FileHash): name=\"Path\"; value=\"C:\\WiperTest\\file_0ee4f530.txt\"\\n\\n\\nContext:\\n        Severity = Informational\\n        Host Name = ConsoleHost\\n        Host Version = 5.1.26100.8875\\n        Host ID = a02d10d4-ac40-4a73-bdd1-bb8bb54ffa68\\n        Host Application = C:\\WINDOWS\\System32\\WindowsPowerShell\\v1.0\\powershell.exe\\n        Engine Version = 5.1.26100.8875\\n        Runspace ID = 4c42a43a-9e18-42e7-82d5-39afd17cf314\\n        Pipeline ID = 43\\n        Command Name = Get-FileHash\\n        Command Type = Function\\n        Script Name = Z:\\windows\\run_it_vector.ps1\\n        Command Path = \\n        Sequence Number = 2551\\n        User = PURPLELAB\\jdoe\\n        Connected User = \\n        Shell ID = Microsoft.PowerShell\\n\\n\\nUser Data:\\n\\n","record_id":17067}}
{"schema_version":"1.0","record_type":"powershell","timestamp_utc":"2026-08-11T15:14:47Z","host":"purplelab-win-client.purplelab.local","user":"S-1-5-21-1898955512-2253536272-2216333128-1103","provider":"Microsoft-Windows-PowerShell","run_id":"run-001","label":"attack","source":{"raw_file":"C:\\CyberRangers\\evidence\\it\\runs\\run-001\\raw\\windows-client\\EventLog_Microsoft-Windows-PowerShell_Operational.csv","raw_row":69},"data":{"event_id":4103,"event_type":"module_pipeline","script_text":"CommandInvocation(Get-Date): \"Get-Date\"\\n\\n\\nContext:\\n        Severity = Informational\\n        Host Name = ConsoleHost\\n        Host Version = 5.1.26100.8875\\n        Host ID = a02d10d4-ac40-4a73-bdd1-bb8bb54ffa68\\n        Host Application = C:\\WINDOWS\\System32\\WindowsPowerShell\\v1.0\\powershell.exe\\n        Engine Version = 5.1.26100.8875\\n        Runspace ID = 4c42a43a-9e18-42e7-82d5-39afd17cf314\\n        Pipeline ID = 43\\n        Command Name = Get-Date\\n        Command Type = Cmdlet\\n        Script Name = Z:\\windows\\run_it_vector.ps1\\n        Command Path = \\n        Sequence Number = 2553\\n        User = PURPLELAB\\jdoe\\n        Connected User = \\n        Shell ID = Microsoft.PowerShell\\n\\n\\nUser Data:\\n\\n","record_id":17068}}
{"schema_version":"1.0","record_type":"powershell","timestamp_utc":"2026-08-11T15:14:47Z","host":"purplelab-win-client.purplelab.local","user":"S-1-5-21-1898955512-2253536272-2216333128-1103","provider":"Microsoft-Windows-PowerShell","run_id":"run-001","label":"attack","source":{"raw_file":"C:\\CyberRangers\\evidence\\it\\runs\\run-001\\raw\\windows-client\\EventLog_Microsoft-Windows-PowerShell_Operational.csv","raw_row":70},"data":{"event_id":4103,"event_type":"module_pipeline","script_text":"CommandInvocation(Resolve-Path): \"Resolve-Path\"\\nParameterBinding(Resolve-Path): name=\"Path\"; value=\"C:\\WiperTest\\file_115bdd86.txt\"\\nCommandInvocation(ForEach-Object): \"ForEach-Object\"\\nParameterBinding(ForEach-Object): name=\"MemberName\"; value=\"ProviderPath\"\\nParameterBinding(ForEach-Object): name=\"InputObject\"; value=\"C:\\WiperTest\\file_115bdd86.txt\"\\n\\n\\nContext:\\n        Severity = Informational\\n        Host Name = ConsoleHost\\n        Host Version = 5.1.26100.8875\\n        Host ID = a02d10d4-ac40-4a73-bdd1-bb8bb54ffa68\\n        Host Application = C:\\WINDOWS\\System32\\WindowsPowerShell\\v1.0\\powershell.exe\\n        Engine Version = 5.1.26100.8875\\n        Runspace ID = 4c42a43a-9e18-42e7-82d5-39afd17cf314\\n        Pipeline ID = 43\\n        Command Name = Resolve-Path\\n        Command Type = Cmdlet\\n        Script Name = C:\\WINDOWS\\system32\\WindowsPowerShell\\v1.0\\Modules\\Microsoft.PowerShell.Utility\\Microsoft.PowerShell.Utility.psm1\\n        Command Path = \\n        Sequence Number = 2555\\n        User = PURPLELAB\\jdoe\\n        Connected User = \\n        Shell ID = Microsoft.PowerShell\\n\\n\\nUser Data:\\n\\n","record_id":17069}}
{"schema_version":"1.0","record_type":"powershell","timestamp_utc":"2026-08-11T15:14:47Z","host":"purplelab-win-client.purplelab.local","user":"S-1-5-21-1898955512-2253536272-2216333128-1103","provider":"Microsoft-Windows-PowerShell","run_id":"run-001","label":"attack","source":{"raw_file":"C:\\CyberRangers\\evidence\\it\\runs\\run-001\\raw\\windows-client\\EventLog_Microsoft-Windows-PowerShell_Operational.csv","raw_row":71},"data":{"event_id":4103,"event_type":"module_pipeline","script_text":"CommandInvocation(Test-Path): \"Test-Path\"\\nParameterBinding(Test-Path): name=\"LiteralPath\"; value=\"C:\\WiperTest\\file_115bdd86.txt\"\\nParameterBinding(Test-Path): name=\"PathType\"; value=\"Container\"\\n\\n\\nContext:\\n        Severity = Informational\\n        Host Name = ConsoleHost\\n        Host Version = 5.1.26100.8875\\n        Host ID = a02d10d4-ac40-4a73-bdd1-bb8bb54ffa68\\n        Host Application = C:\\WINDOWS\\System32\\WindowsPowerShell\\v1.0\\powershell.exe\\n        Engine Version = 5.1.26100.8875\\n        Runspace ID = 4c42a43a-9e18-42e7-82d5-39afd17cf314\\n        Pipeline ID = 43\\n        Command Name = Test-Path\\n        Command Type = Cmdlet\\n        Script Name = C:\\WINDOWS\\system32\\WindowsPowerShell\\v1.0\\Modules\\Microsoft.PowerShell.Utility\\Microsoft.PowerShell.Utility.psm1\\n        Command Path = \\n        Sequence Number = 2557\\n        User = PURPLELAB\\jdoe\\n        Connected User = \\n        Shell ID = Microsoft.PowerShell\\n\\n\\nUser Data:\\n\\n","record_id":17070}}
{"schema_version":"1.0","record_type":"powershell","timestamp_utc":"2026-08-11T15:14:47Z","host":"purplelab-win-client.purplelab.local","user":"S-1-5-21-1898955512-2253536272-2216333128-1103","provider":"Microsoft-Windows-PowerShell","run_id":"run-001","label":"attack","source":{"raw_file":"C:\\CyberRangers\\evidence\\it\\runs\\run-001\\raw\\windows-client\\EventLog_Microsoft-Windows-PowerShell_Operational.csv","raw_row":72},"data":{"event_id":4103,"event_type":"module_pipeline","script_text":"CommandInvocation(GetStreamHash): \"GetStreamHash\"\\nParameterBinding(GetStreamHash): name=\"InputStream\"; value=\"System.IO.FileStream\"\\nParameterBinding(GetStreamHash): name=\"RelatedPath\"; value=\"C:\\WiperTest\\file_115bdd86.txt\"\\nParameterBinding(GetStreamHash): name=\"Hasher\"; value=\"System.Security.Cryptography.SHA256CryptoServiceProvider\"\\n\\n\\nContext:\\n        Severity = Informational\\n        Host Name = ConsoleHost\\n        Host Version = 5.1.26100.8875\\n        Host ID = a02d10d4-ac40-4a73-bdd1-bb8bb54ffa68\\n        Host Application = C:\\WINDOWS\\System32\\WindowsPowerShell\\v1.0\\powershell.exe\\n        Engine Version = 5.1.26100.8875\\n        Runspace ID = 4c42a43a-9e18-42e7-82d5-39afd17cf314\\n        Pipeline ID = 43\\n        Command Name = GetStreamHash\\n        Command Type = Function\\n        Script Name = C:\\WINDOWS\\system32\\WindowsPowerShell\\v1.0\\Modules\\Microsoft.PowerShell.Utility\\Microsoft.PowerShell.Utility.psm1\\n        Command Path = \\n        Sequence Number = 2559\\n        User = PURPLELAB\\jdoe\\n        Connected User = \\n        Shell ID = Microsoft.PowerShell\\n\\n\\nUser Data:\\n\\n","record_id":17071}}
{"schema_version":"1.0","record_type":"powershell","timestamp_utc":"2026-08-11T15:14:47Z","host":"purplelab-win-client.purplelab.local","user":"S-1-5-21-1898955512-2253536272-2216333128-1103","provider":"Microsoft-Windows-PowerShell","run_id":"run-001","label":"attack","source":{"raw_file":"C:\\CyberRangers\\evidence\\it\\runs\\run-001\\raw\\windows-client\\EventLog_Microsoft-Windows-PowerShell_Operational.csv","raw_row":73},"data":{"event_id":4103,"event_type":"module_pipeline","script_text":"CommandInvocation(Get-FileHash): \"Get-FileHash\"\\nParameterBinding(Get-FileHash): name=\"Algorithm\"; value=\"SHA256\"\\nParameterBinding(Get-FileHash): name=\"Path\"; value=\"C:\\WiperTest\\file_115bdd86.txt\"\\n\\n\\nContext:\\n        Severity = Informational\\n        Host Name = ConsoleHost\\n        Host Version = 5.1.26100.8875\\n        Host ID = a02d10d4-ac40-4a73-bdd1-bb8bb54ffa68\\n        Host Application = C:\\WINDOWS\\System32\\WindowsPowerShell\\v1.0\\powershell.exe\\n        Engine Version = 5.1.26100.8875\\n        Runspace ID = 4c42a43a-9e18-42e7-82d5-39afd17cf314\\n        Pipeline ID = 43\\n        Command Name = Get-FileHash\\n        Command Type = Function\\n        Script Name = Z:\\windows\\run_it_vector.ps1\\n        Command Path = \\n        Sequence Number = 2561\\n        User = PURPLELAB\\jdoe\\n        Connected User = \\n        Shell ID = Microsoft.PowerShell\\n\\n\\nUser Data:\\n\\n","record_id":17072}}
{"schema_version":"1.0","record_type":"powershell","timestamp_utc":"2026-08-11T15:14:47Z","host":"purplelab-win-client.purplelab.local","user":"S-1-5-21-1898955512-2253536272-2216333128-1103","provider":"Microsoft-Windows-PowerShell","run_id":"run-001","label":"attack","source":{"raw_file":"C:\\CyberRangers\\evidence\\it\\runs\\run-001\\raw\\windows-client\\EventLog_Microsoft-Windows-PowerShell_Operational.csv","raw_row":74},"data":{"event_id":4103,"event_type":"module_pipeline","script_text":"CommandInvocation(Get-Date): \"Get-Date\"\\n\\n\\nContext:\\n        Severity = Informational\\n        Host Name = ConsoleHost\\n        Host Version = 5.1.26100.8875\\n        Host ID = a02d10d4-ac40-4a73-bdd1-bb8bb54ffa68\\n        Host Application = C:\\WINDOWS\\System32\\WindowsPowerShell\\v1.0\\powershell.exe\\n        Engine Version = 5.1.26100.8875\\n        Runspace ID = 4c42a43a-9e18-42e7-82d5-39afd17cf314\\n        Pipeline ID = 43\\n        Command Name = Get-Date\\n        Command Type = Cmdlet\\n        Script Name = Z:\\windows\\run_it_vector.ps1\\n        Command Path = \\n        Sequence Number = 2563\\n        User = PURPLELAB\\jdoe\\n        Connected User = \\n        Shell ID = Microsoft.PowerShell\\n\\n\\nUser Data:\\n\\n","record_id":17073}}
{"schema_version":"1.0","record_type":"powershell","timestamp_utc":"2026-08-11T15:14:47Z","host":"purplelab-win-client.purplelab.local","user":"S-1-5-21-1898955512-2253536272-2216333128-1103","provider":"Microsoft-Windows-PowerShell","run_id":"run-001","label":"attack","source":{"raw_file":"C:\\CyberRangers\\evidence\\it\\runs\\run-001\\raw\\windows-client\\EventLog_Microsoft-Windows-PowerShell_Operational.csv","raw_row":75},"data":{"event_id":4103,"event_type":"module_pipeline","script_text":"CommandInvocation(Resolve-Path): \"Resolve-Path\"\\nParameterBinding(Resolve-Path): name=\"Path\"; value=\"C:\\WiperTest\\file_1b13b23f.txt\"\\nCommandInvocation(ForEach-Object): \"ForEach-Object\"\\nParameterBinding(ForEach-Object): name=\"MemberName\"; value=\"ProviderPath\"\\nParameterBinding(ForEach-Object): name=\"InputObject\"; value=\"C:\\WiperTest\\file_1b13b23f.txt\"\\n\\n\\nContext:\\n        Severity = Informational\\n        Host Name = ConsoleHost\\n        Host Version = 5.1.26100.8875\\n        Host ID = a02d10d4-ac40-4a73-bdd1-bb8bb54ffa68\\n        Host Application = C:\\WINDOWS\\System32\\WindowsPowerShell\\v1.0\\powershell.exe\\n        Engine Version = 5.1.26100.8875\\n        Runspace ID = 4c42a43a-9e18-42e7-82d5-39afd17cf314\\n        Pipeline ID = 43\\n        Command Name = Resolve-Path\\n        Command Type = Cmdlet\\n        Script Name = C:\\WINDOWS\\system32\\WindowsPowerShell\\v1.0\\Modules\\Microsoft.PowerShell.Utility\\Microsoft.PowerShell.Utility.psm1\\n        Command Path = \\n        Sequence Number = 2565\\n        User = PURPLELAB\\jdoe\\n        Connected User = \\n        Shell ID = Microsoft.PowerShell\\n\\n\\nUser Data:\\n\\n","record_id":17074}}
{"schema_version":"1.0","record_type":"powershell","timestamp_utc":"2026-08-11T15:14:47Z","host":"purplelab-win-client.purplelab.local","user":"S-1-5-21-1898955512-2253536272-2216333128-1103","provider":"Microsoft-Windows-PowerShell","run_id":"run-001","label":"attack","source":{"raw_file":"C:\\CyberRangers\\evidence\\it\\runs\\run-001\\raw\\windows-client\\EventLog_Microsoft-Windows-PowerShell_Operational.csv","raw_row":76},"data":{"event_id":4103,"event_type":"module_pipeline","script_text":"CommandInvocation(Test-Path): \"Test-Path\"\\nParameterBinding(Test-Path): name=\"LiteralPath\"; value=\"C:\\WiperTest\\file_1b13b23f.txt\"\\nParameterBinding(Test-Path): name=\"PathType\"; value=\"Container\"\\n\\n\\nContext:\\n        Severity = Informational\\n        Host Name = ConsoleHost\\n        Host Version = 5.1.26100.8875\\n        Host ID = a02d10d4-ac40-4a73-bdd1-bb8bb54ffa68\\n        Host Application = C:\\WINDOWS\\System32\\WindowsPowerShell\\v1.0\\powershell.exe\\n        Engine Version = 5.1.26100.8875\\n        Runspace ID = 4c42a43a-9e18-42e7-82d5-39afd17cf314\\n        Pipeline ID = 43\\n        Command Name = Test-Path\\n        Command Type = Cmdlet\\n        Script Name = C:\\WINDOWS\\system32\\WindowsPowerShell\\v1.0\\Modules\\Microsoft.PowerShell.Utility\\Microsoft.PowerShell.Utility.psm1\\n        Command Path = \\n        Sequence Number = 2567\\n        User = PURPLELAB\\jdoe\\n        Connected User = \\n        Shell ID = Microsoft.PowerShell\\n\\n\\nUser Data:\\n\\n","record_id":17075}}
{"schema_version":"1.0","record_type":"powershell","timestamp_utc":"2026-08-11T15:14:47Z","host":"purplelab-win-client.purplelab.local","user":"S-1-5-21-1898955512-2253536272-2216333128-1103","provider":"Microsoft-Windows-PowerShell","run_id":"run-001","label":"attack","source":{"raw_file":"C:\\CyberRangers\\evidence\\it\\runs\\run-001\\raw\\windows-client\\EventLog_Microsoft-Windows-PowerShell_Operational.csv","raw_row":77},"data":{"event_id":4103,"event_type":"module_pipeline","script_text":"CommandInvocation(GetStreamHash): \"GetStreamHash\"\\nParameterBinding(GetStreamHash): name=\"InputStream\"; value=\"System.IO.FileStream\"\\nParameterBinding(GetStreamHash): name=\"RelatedPath\"; value=\"C:\\WiperTest\\file_1b13b23f.txt\"\\nParameterBinding(GetStreamHash): name=\"Hasher\"; value=\"System.Security.Cryptography.SHA256CryptoServiceProvider\"\\n\\n\\nContext:\\n        Severity = Informational\\n        Host Name = ConsoleHost\\n        Host Version = 5.1.26100.8875\\n        Host ID = a02d10d4-ac40-4a73-bdd1-bb8bb54ffa68\\n        Host Application = C:\\WINDOWS\\System32\\WindowsPowerShell\\v1.0\\powershell.exe\\n        Engine Version = 5.1.26100.8875\\n        Runspace ID = 4c42a43a-9e18-42e7-82d5-39afd17cf314\\n        Pipeline ID = 43\\n        Command Name = GetStreamHash\\n        Command Type = Function\\n        Script Name = C:\\WINDOWS\\system32\\WindowsPowerShell\\v1.0\\Modules\\Microsoft.PowerShell.Utility\\Microsoft.PowerShell.Utility.psm1\\n        Command Path = \\n        Sequence Number = 2569\\n        User = PURPLELAB\\jdoe\\n        Connected User = \\n        Shell ID = Microsoft.PowerShell\\n\\n\\nUser Data:\\n\\n","record_id":17076}}
{"schema_version":"1.0","record_type":"powershell","timestamp_utc":"2026-08-11T15:14:47Z","host":"purplelab-win-client.purplelab.local","user":"S-1-5-21-1898955512-2253536272-2216333128-1103","provider":"Microsoft-Windows-PowerShell","run_id":"run-001","label":"attack","source":{"raw_file":"C:\\CyberRangers\\evidence\\it\\runs\\run-001\\raw\\windows-client\\EventLog_Microsoft-Windows-PowerShell_Operational.csv","raw_row":78},"data":{"event_id":4103,"event_type":"module_pipeline","script_text":"CommandInvocation(Get-FileHash): \"Get-FileHash\"\\nParameterBinding(Get-FileHash): name=\"Algorithm\"; value=\"SHA256\"\\nParameterBinding(Get-FileHash): name=\"Path\"; value=\"C:\\WiperTest\\file_1b13b23f.txt\"\\n\\n\\nContext:\\n        Severity = Informational\\n        Host Name = ConsoleHost\\n        Host Version = 5.1.26100.8875\\n        Host ID = a02d10d4-ac40-4a73-bdd1-bb8bb54ffa68\\n        Host Application = C:\\WINDOWS\\System32\\WindowsPowerShell\\v1.0\\powershell.exe\\n        Engine Version = 5.1.26100.8875\\n        Runspace ID = 4c42a43a-9e18-42e7-82d5-39afd17cf314\\n        Pipeline ID = 43\\n        Command Name = Get-FileHash\\n        Command Type = Function\\n        Script Name = Z:\\windows\\run_it_vector.ps1\\n        Command Path = \\n        Sequence Number = 2571\\n        User = PURPLELAB\\jdoe\\n        Connected User = \\n        Shell ID = Microsoft.PowerShell\\n\\n\\nUser Data:\\n\\n","record_id":17077}}
{"schema_version":"1.0","record_type":"powershell","timestamp_utc":"2026-08-11T15:14:47Z","host":"purplelab-win-client.purplelab.local","user":"S-1-5-21-1898955512-2253536272-2216333128-1103","provider":"Microsoft-Windows-PowerShell","run_id":"run-001","label":"attack","source":{"raw_file":"C:\\CyberRangers\\evidence\\it\\runs\\run-001\\raw\\windows-client\\EventLog_Microsoft-Windows-PowerShell_Operational.csv","raw_row":79},"data":{"event_id":4103,"event_type":"module_pipeline","script_text":"CommandInvocation(Get-Date): \"Get-Date\"\\n\\n\\nContext:\\n        Severity = Informational\\n        Host Name = ConsoleHost\\n        Host Version = 5.1.26100.8875\\n        Host ID = a02d10d4-ac40-4a73-bdd1-bb8bb54ffa68\\n        Host Application = C:\\WINDOWS\\System32\\WindowsPowerShell\\v1.0\\powershell.exe\\n        Engine Version = 5.1.26100.8875\\n        Runspace ID = 4c42a43a-9e18-42e7-82d5-39afd17cf314\\n        Pipeline ID = 43\\n        Command Name = Get-Date\\n        Command Type = Cmdlet\\n        Script Name = Z:\\windows\\run_it_vector.ps1\\n        Command Path = \\n        Sequence Number = 2573\\n        User = PURPLELAB\\jdoe\\n        Connected User = \\n        Shell ID = Microsoft.PowerShell\\n\\n\\nUser Data:\\n\\n","record_id":17078}}
{"schema_version":"1.0","record_type":"powershell","timestamp_utc":"2026-08-11T15:14:47Z","host":"purplelab-win-client.purplelab.local","user":"S-1-5-21-1898955512-2253536272-2216333128-1103","provider":"Microsoft-Windows-PowerShell","run_id":"run-001","label":"attack","source":{"raw_file":"C:\\CyberRangers\\evidence\\it\\runs\\run-001\\raw\\windows-client\\EventLog_Microsoft-Windows-PowerShell_Operational.csv","raw_row":80},"data":{"event_id":4103,"event_type":"module_pipeline","script_text":"CommandInvocation(Resolve-Path): \"Resolve-Path\"\\nParameterBinding(Resolve-Path): name=\"Path\"; value=\"C:\\WiperTest\\file_29857e81.txt\"\\nCommandInvocation(ForEach-Object): \"ForEach-Object\"\\nParameterBinding(ForEach-Object): name=\"MemberName\"; value=\"ProviderPath\"\\nParameterBinding(ForEach-Object): name=\"InputObject\"; value=\"C:\\WiperTest\\file_29857e81.txt\"\\n\\n\\nContext:\\n        Severity = Informational\\n        Host Name = ConsoleHost\\n        Host Version = 5.1.26100.8875\\n        Host ID = a02d10d4-ac40-4a73-bdd1-bb8bb54ffa68\\n        Host Application = C:\\WINDOWS\\System32\\WindowsPowerShell\\v1.0\\powershell.exe\\n        Engine Version = 5.1.26100.8875\\n        Runspace ID = 4c42a43a-9e18-42e7-82d5-39afd17cf314\\n        Pipeline ID = 43\\n        Command Name = Resolve-Path\\n        Command Type = Cmdlet\\n        Script Name = C:\\WINDOWS\\system32\\WindowsPowerShell\\v1.0\\Modules\\Microsoft.PowerShell.Utility\\Microsoft.PowerShell.Utility.psm1\\n        Command Path = \\n        Sequence Number = 2575\\n        User = PURPLELAB\\jdoe\\n        Connected User = \\n        Shell ID = Microsoft.PowerShell\\n\\n\\nUser Data:\\n\\n","record_id":17079}}
{"schema_version":"1.0","record_type":"powershell","timestamp_utc":"2026-08-11T15:14:47Z","host":"purplelab-win-client.purplelab.local","user":"S-1-5-21-1898955512-2253536272-2216333128-1103","provider":"Microsoft-Windows-PowerShell","run_id":"run-001","label":"attack","source":{"raw_file":"C:\\CyberRangers\\evidence\\it\\runs\\run-001\\raw\\windows-client\\EventLog_Microsoft-Windows-PowerShell_Operational.csv","raw_row":81},"data":{"event_id":4103,"event_type":"module_pipeline","script_text":"CommandInvocation(Test-Path): \"Test-Path\"\\nParameterBinding(Test-Path): name=\"LiteralPath\"; value=\"C:\\WiperTest\\file_29857e81.txt\"\\nParameterBinding(Test-Path): name=\"PathType\"; value=\"Container\"\\n\\n\\nContext:\\n        Severity = Informational\\n        Host Name = ConsoleHost\\n        Host Version = 5.1.26100.8875\\n        Host ID = a02d10d4-ac40-4a73-bdd1-bb8bb54ffa68\\n        Host Application = C:\\WINDOWS\\System32\\WindowsPowerShell\\v1.0\\powershell.exe\\n        Engine Version = 5.1.26100.8875\\n        Runspace ID = 4c42a43a-9e18-42e7-82d5-39afd17cf314\\n        Pipeline ID = 43\\n        Command Name = Test-Path\\n        Command Type = Cmdlet\\n        Script Name = C:\\WINDOWS\\system32\\WindowsPowerShell\\v1.0\\Modules\\Microsoft.PowerShell.Utility\\Microsoft.PowerShell.Utility.psm1\\n        Command Path = \\n        Sequence Number = 2577\\n        User = PURPLELAB\\jdoe\\n        Connected User = \\n        Shell ID = Microsoft.PowerShell\\n\\n\\nUser Data:\\n\\n","record_id":17080}}
{"schema_version":"1.0","record_type":"powershell","timestamp_utc":"2026-08-11T15:14:47Z","host":"purplelab-win-client.purplelab.local","user":"S-1-5-21-1898955512-2253536272-2216333128-1103","provider":"Microsoft-Windows-PowerShell","run_id":"run-001","label":"attack","source":{"raw_file":"C:\\CyberRangers\\evidence\\it\\runs\\run-001\\raw\\windows-client\\EventLog_Microsoft-Windows-PowerShell_Operational.csv","raw_row":82},"data":{"event_id":4103,"event_type":"module_pipeline","script_text":"CommandInvocation(GetStreamHash): \"GetStreamHash\"\\nParameterBinding(GetStreamHash): name=\"InputStream\"; value=\"System.IO.FileStream\"\\nParameterBinding(GetStreamHash): name=\"RelatedPath\"; value=\"C:\\WiperTest\\file_29857e81.txt\"\\nParameterBinding(GetStreamHash): name=\"Hasher\"; value=\"System.Security.Cryptography.SHA256CryptoServiceProvider\"\\n\\n\\nContext:\\n        Severity = Informational\\n        Host Name = ConsoleHost\\n        Host Version = 5.1.26100.8875\\n        Host ID = a02d10d4-ac40-4a73-bdd1-bb8bb54ffa68\\n        Host Application = C:\\WINDOWS\\System32\\WindowsPowerShell\\v1.0\\powershell.exe\\n        Engine Version = 5.1.26100.8875\\n        Runspace ID = 4c42a43a-9e18-42e7-82d5-39afd17cf314\\n        Pipeline ID = 43\\n        Command Name = GetStreamHash\\n        Command Type = Function\\n        Script Name = C:\\WINDOWS\\system32\\WindowsPowerShell\\v1.0\\Modules\\Microsoft.PowerShell.Utility\\Microsoft.PowerShell.Utility.psm1\\n        Command Path = \\n        Sequence Number = 2579\\n        User = PURPLELAB\\jdoe\\n        Connected User = \\n        Shell ID = Microsoft.PowerShell\\n\\n\\nUser Data:\\n\\n","record_id":17081}}
{"schema_version":"1.0","record_type":"powershell","timestamp_utc":"2026-08-11T15:14:47Z","host":"purplelab-win-client.purplelab.local","user":"S-1-5-21-1898955512-2253536272-2216333128-1103","provider":"Microsoft-Windows-PowerShell","run_id":"run-001","label":"attack","source":{"raw_file":"C:\\CyberRangers\\evidence\\it\\runs\\run-001\\raw\\windows-client\\EventLog_Microsoft-Windows-PowerShell_Operational.csv","raw_row":83},"data":{"event_id":4103,"event_type":"module_pipeline","script_text":"CommandInvocation(Get-FileHash): \"Get-FileHash\"\\nParameterBinding(Get-FileHash): name=\"Algorithm\"; value=\"SHA256\"\\nParameterBinding(Get-FileHash): name=\"Path\"; value=\"C:\\WiperTest\\file_29857e81.txt\"\\n\\n\\nContext:\\n        Severity = Informational\\n        Host Name = ConsoleHost\\n        Host Version = 5.1.26100.8875\\n        Host ID = a02d10d4-ac40-4a73-bdd1-bb8bb54ffa68\\n        Host Application = C:\\WINDOWS\\System32\\WindowsPowerShell\\v1.0\\powershell.exe\\n        Engine Version = 5.1.26100.8875\\n        Runspace ID = 4c42a43a-9e18-42e7-82d5-39afd17cf314\\n        Pipeline ID = 43\\n        Command Name = Get-FileHash\\n        Command Type = Function\\n        Script Name = Z:\\windows\\run_it_vector.ps1\\n        Command Path = \\n        Sequence Number = 2581\\n        User = PURPLELAB\\jdoe\\n        Connected User = \\n        Shell ID = Microsoft.PowerShell\\n\\n\\nUser Data:\\n\\n","record_id":17082}}
{"schema_version":"1.0","record_type":"powershell","timestamp_utc":"2026-08-11T15:14:47Z","host":"purplelab-win-client.purplelab.local","user":"S-1-5-21-1898955512-2253536272-2216333128-1103","provider":"Microsoft-Windows-PowerShell","run_id":"run-001","label":"attack","source":{"raw_file":"C:\\CyberRangers\\evidence\\it\\runs\\run-001\\raw\\windows-client\\EventLog_Microsoft-Windows-PowerShell_Operational.csv","raw_row":84},"data":{"event_id":4103,"event_type":"module_pipeline","script_text":"CommandInvocation(Get-Date): \"Get-Date\"\\n\\n\\nContext:\\n        Severity = Informational\\n        Host Name = ConsoleHost\\n        Host Version = 5.1.26100.8875\\n        Host ID = a02d10d4-ac40-4a73-bdd1-bb8bb54ffa68\\n        Host Application = C:\\WINDOWS\\System32\\WindowsPowerShell\\v1.0\\powershell.exe\\n        Engine Version = 5.1.26100.8875\\n        Runspace ID = 4c42a43a-9e18-42e7-82d5-39afd17cf314\\n        Pipeline ID = 43\\n        Command Name = Get-Date\\n        Command Type = Cmdlet\\n        Script Name = Z:\\windows\\run_it_vector.ps1\\n        Command Path = \\n        Sequence Number = 2583\\n        User = PURPLELAB\\jdoe\\n        Connected User = \\n        Shell ID = Microsoft.PowerShell\\n\\n\\nUser Data:\\n\\n","record_id":17083}}
{"schema_version":"1.0","record_type":"powershell","timestamp_utc":"2026-08-11T15:14:47Z","host":"purplelab-win-client.purplelab.local","user":"S-1-5-21-1898955512-2253536272-2216333128-1103","provider":"Microsoft-Windows-PowerShell","run_id":"run-001","label":"attack","source":{"raw_file":"C:\\CyberRangers\\evidence\\it\\runs\\run-001\\raw\\windows-client\\EventLog_Microsoft-Windows-PowerShell_Operational.csv","raw_row":85},"data":{"event_id":4103,"event_type":"module_pipeline","script_text":"CommandInvocation(Resolve-Path): \"Resolve-Path\"\\nParameterBinding(Resolve-Path): name=\"Path\"; value=\"C:\\WiperTest\\file_2b951731.txt\"\\nCommandInvocation(ForEach-Object): \"ForEach-Object\"\\nParameterBinding(ForEach-Object): name=\"MemberName\"; value=\"ProviderPath\"\\nParameterBinding(ForEach-Object): name=\"InputObject\"; value=\"C:\\WiperTest\\file_2b951731.txt\"\\n\\n\\nContext:\\n        Severity = Informational\\n        Host Name = ConsoleHost\\n        Host Version = 5.1.26100.8875\\n        Host ID = a02d10d4-ac40-4a73-bdd1-bb8bb54ffa68\\n        Host Application = C:\\WINDOWS\\System32\\WindowsPowerShell\\v1.0\\powershell.exe\\n        Engine Version = 5.1.26100.8875\\n        Runspace ID = 4c42a43a-9e18-42e7-82d5-39afd17cf314\\n        Pipeline ID = 43\\n        Command Name = Resolve-Path\\n        Command Type = Cmdlet\\n        Script Name = C:\\WINDOWS\\system32\\WindowsPowerShell\\v1.0\\Modules\\Microsoft.PowerShell.Utility\\Microsoft.PowerShell.Utility.psm1\\n        Command Path = \\n        Sequence Number = 2585\\n        User = PURPLELAB\\jdoe\\n        Connected User = \\n        Shell ID = Microsoft.PowerShell\\n\\n\\nUser Data:\\n\\n","record_id":17084}}
{"schema_version":"1.0","record_type":"powershell","timestamp_utc":"2026-08-11T15:14:47Z","host":"purplelab-win-client.purplelab.local","user":"S-1-5-21-1898955512-2253536272-2216333128-1103","provider":"Microsoft-Windows-PowerShell","run_id":"run-001","label":"attack","source":{"raw_file":"C:\\CyberRangers\\evidence\\it\\runs\\run-001\\raw\\windows-client\\EventLog_Microsoft-Windows-PowerShell_Operational.csv","raw_row":86},"data":{"event_id":4103,"event_type":"module_pipeline","script_text":"CommandInvocation(Test-Path): \"Test-Path\"\\nParameterBinding(Test-Path): name=\"LiteralPath\"; value=\"C:\\WiperTest\\file_2b951731.txt\"\\nParameterBinding(Test-Path): name=\"PathType\"; value=\"Container\"\\n\\n\\nContext:\\n        Severity = Informational\\n        Host Name = ConsoleHost\\n        Host Version = 5.1.26100.8875\\n        Host ID = a02d10d4-ac40-4a73-bdd1-bb8bb54ffa68\\n        Host Application = C:\\WINDOWS\\System32\\WindowsPowerShell\\v1.0\\powershell.exe\\n        Engine Version = 5.1.26100.8875\\n        Runspace ID = 4c42a43a-9e18-42e7-82d5-39afd17cf314\\n        Pipeline ID = 43\\n        Command Name = Test-Path\\n        Command Type = Cmdlet\\n        Script Name = C:\\WINDOWS\\system32\\WindowsPowerShell\\v1.0\\Modules\\Microsoft.PowerShell.Utility\\Microsoft.PowerShell.Utility.psm1\\n        Command Path = \\n        Sequence Number = 2587\\n        User = PURPLELAB\\jdoe\\n        Connected User = \\n        Shell ID = Microsoft.PowerShell\\n\\n\\nUser Data:\\n\\n","record_id":17085}}
{"schema_version":"1.0","record_type":"powershell","timestamp_utc":"2026-08-11T15:14:47Z","host":"purplelab-win-client.purplelab.local","user":"S-1-5-21-1898955512-2253536272-2216333128-1103","provider":"Microsoft-Windows-PowerShell","run_id":"run-001","label":"attack","source":{"raw_file":"C:\\CyberRangers\\evidence\\it\\runs\\run-001\\raw\\windows-client\\EventLog_Microsoft-Windows-PowerShell_Operational.csv","raw_row":87},"data":{"event_id":4103,"event_type":"module_pipeline","script_text":"CommandInvocation(GetStreamHash): \"GetStreamHash\"\\nParameterBinding(GetStreamHash): name=\"InputStream\"; value=\"System.IO.FileStream\"\\nParameterBinding(GetStreamHash): name=\"RelatedPath\"; value=\"C:\\WiperTest\\file_2b951731.txt\"\\nParameterBinding(GetStreamHash): name=\"Hasher\"; value=\"System.Security.Cryptography.SHA256CryptoServiceProvider\"\\n\\n\\nContext:\\n        Severity = Informational\\n        Host Name = ConsoleHost\\n        Host Version = 5.1.26100.8875\\n        Host ID = a02d10d4-ac40-4a73-bdd1-bb8bb54ffa68\\n        Host Application = C:\\WINDOWS\\System32\\WindowsPowerShell\\v1.0\\powershell.exe\\n        Engine Version = 5.1.26100.8875\\n        Runspace ID = 4c42a43a-9e18-42e7-82d5-39afd17cf314\\n        Pipeline ID = 43\\n        Command Name = GetStreamHash\\n        Command Type = Function\\n        Script Name = C:\\WINDOWS\\system32\\WindowsPowerShell\\v1.0\\Modules\\Microsoft.PowerShell.Utility\\Microsoft.PowerShell.Utility.psm1\\n        Command Path = \\n        Sequence Number = 2589\\n        User = PURPLELAB\\jdoe\\n        Connected User = \\n        Shell ID = Microsoft.PowerShell\\n\\n\\nUser Data:\\n\\n","record_id":17086}}
{"schema_version":"1.0","record_type":"powershell","timestamp_utc":"2026-08-11T15:14:47Z","host":"purplelab-win-client.purplelab.local","user":"S-1-5-21-1898955512-2253536272-2216333128-1103","provider":"Microsoft-Windows-PowerShell","run_id":"run-001","label":"attack","source":{"raw_file":"C:\\CyberRangers\\evidence\\it\\runs\\run-001\\raw\\windows-client\\EventLog_Microsoft-Windows-PowerShell_Operational.csv","raw_row":88},"data":{"event_id":4103,"event_type":"module_pipeline","script_text":"CommandInvocation(Get-FileHash): \"Get-FileHash\"\\nParameterBinding(Get-FileHash): name=\"Algorithm\"; value=\"SHA256\"\\nParameterBinding(Get-FileHash): name=\"Path\"; value=\"C:\\WiperTest\\file_2b951731.txt\"\\n\\n\\nContext:\\n        Severity = Informational\\n        Host Name = ConsoleHost\\n        Host Version = 5.1.26100.8875\\n        Host ID = a02d10d4-ac40-4a73-bdd1-bb8bb54ffa68\\n        Host Application = C:\\WINDOWS\\System32\\WindowsPowerShell\\v1.0\\powershell.exe\\n        Engine Version = 5.1.26100.8875\\n        Runspace ID = 4c42a43a-9e18-42e7-82d5-39afd17cf314\\n        Pipeline ID = 43\\n        Command Name = Get-FileHash\\n        Command Type = Function\\n        Script Name = Z:\\windows\\run_it_vector.ps1\\n        Command Path = \\n        Sequence Number = 2591\\n        User = PURPLELAB\\jdoe\\n        Connected User = \\n        Shell ID = Microsoft.PowerShell\\n\\n\\nUser Data:\\n\\n","record_id":17087}}
{"schema_version":"1.0","record_type":"powershell","timestamp_utc":"2026-08-11T15:14:47Z","host":"purplelab-win-client.purplelab.local","user":"S-1-5-21-1898955512-2253536272-2216333128-1103","provider":"Microsoft-Windows-PowerShell","run_id":"run-001","label":"attack","source":{"raw_file":"C:\\CyberRangers\\evidence\\it\\runs\\run-001\\raw\\windows-client\\EventLog_Microsoft-Windows-PowerShell_Operational.csv","raw_row":89},"data":{"event_id":4103,"event_type":"module_pipeline","script_text":"CommandInvocation(Get-Date): \"Get-Date\"\\n\\n\\nContext:\\n        Severity = Informational\\n        Host Name = ConsoleHost\\n        Host Version = 5.1.26100.8875\\n        Host ID = a02d10d4-ac40-4a73-bdd1-bb8bb54ffa68\\n        Host Application = C:\\WINDOWS\\System32\\WindowsPowerShell\\v1.0\\powershell.exe\\n        Engine Version = 5.1.26100.8875\\n        Runspace ID = 4c42a43a-9e18-42e7-82d5-39afd17cf314\\n        Pipeline ID = 43\\n        Command Name = Get-Date\\n        Command Type = Cmdlet\\n        Script Name = Z:\\windows\\run_it_vector.ps1\\n        Command Path = \\n        Sequence Number = 2593\\n        User = PURPLELAB\\jdoe\\n        Connected User = \\n        Shell ID = Microsoft.PowerShell\\n\\n\\nUser Data:\\n\\n","record_id":17088}}
{"schema_version":"1.0","record_type":"powershell","timestamp_utc":"2026-08-11T15:14:47Z","host":"purplelab-win-client.purplelab.local","user":"S-1-5-21-1898955512-2253536272-2216333128-1103","provider":"Microsoft-Windows-PowerShell","run_id":"run-001","label":"attack","source":{"raw_file":"C:\\CyberRangers\\evidence\\it\\runs\\run-001\\raw\\windows-client\\EventLog_Microsoft-Windows-PowerShell_Operational.csv","raw_row":90},"data":{"event_id":4103,"event_type":"module_pipeline","script_text":"CommandInvocation(Resolve-Path): \"Resolve-Path\"\\nParameterBinding(Resolve-Path): name=\"Path\"; value=\"C:\\WiperTest\\file_449b9f8d.txt\"\\nCommandInvocation(ForEach-Object): \"ForEach-Object\"\\nParameterBinding(ForEach-Object): name=\"MemberName\"; value=\"ProviderPath\"\\nParameterBinding(ForEach-Object): name=\"InputObject\"; value=\"C:\\WiperTest\\file_449b9f8d.txt\"\\n\\n\\nContext:\\n        Severity = Informational\\n        Host Name = ConsoleHost\\n        Host Version = 5.1.26100.8875\\n        Host ID = a02d10d4-ac40-4a73-bdd1-bb8bb54ffa68\\n        Host Application = C:\\WINDOWS\\System32\\WindowsPowerShell\\v1.0\\powershell.exe\\n        Engine Version = 5.1.26100.8875\\n        Runspace ID = 4c42a43a-9e18-42e7-82d5-39afd17cf314\\n        Pipeline ID = 43\\n        Command Name = Resolve-Path\\n        Command Type = Cmdlet\\n        Script Name = C:\\WINDOWS\\system32\\WindowsPowerShell\\v1.0\\Modules\\Microsoft.PowerShell.Utility\\Microsoft.PowerShell.Utility.psm1\\n        Command Path = \\n        Sequence Number = 2595\\n        User = PURPLELAB\\jdoe\\n        Connected User = \\n        Shell ID = Microsoft.PowerShell\\n\\n\\nUser Data:\\n\\n","record_id":17089}}
{"schema_version":"1.0","record_type":"powershell","timestamp_utc":"2026-08-11T15:14:47Z","host":"purplelab-win-client.purplelab.local","user":"S-1-5-21-1898955512-2253536272-2216333128-1103","provider":"Microsoft-Windows-PowerShell","run_id":"run-001","label":"attack","source":{"raw_file":"C:\\CyberRangers\\evidence\\it\\runs\\run-001\\raw\\windows-client\\EventLog_Microsoft-Windows-PowerShell_Operational.csv","raw_row":91},"data":{"event_id":4103,"event_type":"module_pipeline","script_text":"CommandInvocation(Test-Path): \"Test-Path\"\\nParameterBinding(Test-Path): name=\"LiteralPath\"; value=\"C:\\WiperTest\\file_449b9f8d.txt\"\\nParameterBinding(Test-Path): name=\"PathType\"; value=\"Container\"\\n\\n\\nContext:\\n        Severity = Informational\\n        Host Name = ConsoleHost\\n        Host Version = 5.1.26100.8875\\n        Host ID = a02d10d4-ac40-4a73-bdd1-bb8bb54ffa68\\n        Host Application = C:\\WINDOWS\\System32\\WindowsPowerShell\\v1.0\\powershell.exe\\n        Engine Version = 5.1.26100.8875\\n        Runspace ID = 4c42a43a-9e18-42e7-82d5-39afd17cf314\\n        Pipeline ID = 43\\n        Command Name = Test-Path\\n        Command Type = Cmdlet\\n        Script Name = C:\\WINDOWS\\system32\\WindowsPowerShell\\v1.0\\Modules\\Microsoft.PowerShell.Utility\\Microsoft.PowerShell.Utility.psm1\\n        Command Path = \\n        Sequence Number = 2597\\n        User = PURPLELAB\\jdoe\\n        Connected User = \\n        Shell ID = Microsoft.PowerShell\\n\\n\\nUser Data:\\n\\n","record_id":17090}}
{"schema_version":"1.0","record_type":"powershell","timestamp_utc":"2026-08-11T15:14:47Z","host":"purplelab-win-client.purplelab.local","user":"S-1-5-21-1898955512-2253536272-2216333128-1103","provider":"Microsoft-Windows-PowerShell","run_id":"run-001","label":"attack","source":{"raw_file":"C:\\CyberRangers\\evidence\\it\\runs\\run-001\\raw\\windows-client\\EventLog_Microsoft-Windows-PowerShell_Operational.csv","raw_row":92},"data":{"event_id":4103,"event_type":"module_pipeline","script_text":"CommandInvocation(GetStreamHash): \"GetStreamHash\"\\nParameterBinding(GetStreamHash): name=\"InputStream\"; value=\"System.IO.FileStream\"\\nParameterBinding(GetStreamHash): name=\"RelatedPath\"; value=\"C:\\WiperTest\\file_449b9f8d.txt\"\\nParameterBinding(GetStreamHash): name=\"Hasher\"; value=\"System.Security.Cryptography.SHA256CryptoServiceProvider\"\\n\\n\\nContext:\\n        Severity = Informational\\n        Host Name = ConsoleHost\\n        Host Version = 5.1.26100.8875\\n        Host ID = a02d10d4-ac40-4a73-bdd1-bb8bb54ffa68\\n        Host Application = C:\\WINDOWS\\System32\\WindowsPowerShell\\v1.0\\powershell.exe\\n        Engine Version = 5.1.26100.8875\\n        Runspace ID = 4c42a43a-9e18-42e7-82d5-39afd17cf314\\n        Pipeline ID = 43\\n        Command Name = GetStreamHash\\n        Command Type = Function\\n        Script Name = C:\\WINDOWS\\system32\\WindowsPowerShell\\v1.0\\Modules\\Microsoft.PowerShell.Utility\\Microsoft.PowerShell.Utility.psm1\\n        Command Path = \\n        Sequence Number = 2599\\n        User = PURPLELAB\\jdoe\\n        Connected User = \\n        Shell ID = Microsoft.PowerShell\\n\\n\\nUser Data:\\n\\n","record_id":17091}}
{"schema_version":"1.0","record_type":"powershell","timestamp_utc":"2026-08-11T15:14:47Z","host":"purplelab-win-client.purplelab.local","user":"S-1-5-21-1898955512-2253536272-2216333128-1103","provider":"Microsoft-Windows-PowerShell","run_id":"run-001","label":"attack","source":{"raw_file":"C:\\CyberRangers\\evidence\\it\\runs\\run-001\\raw\\windows-client\\EventLog_Microsoft-Windows-PowerShell_Operational.csv","raw_row":93},"data":{"event_id":4103,"event_type":"module_pipeline","script_text":"CommandInvocation(Get-FileHash): \"Get-FileHash\"\\nParameterBinding(Get-FileHash): name=\"Algorithm\"; value=\"SHA256\"\\nParameterBinding(Get-FileHash): name=\"Path\"; value=\"C:\\WiperTest\\file_449b9f8d.txt\"\\n\\n\\nContext:\\n        Severity = Informational\\n        Host Name = ConsoleHost\\n        Host Version = 5.1.26100.8875\\n        Host ID = a02d10d4-ac40-4a73-bdd1-bb8bb54ffa68\\n        Host Application = C:\\WINDOWS\\System32\\WindowsPowerShell\\v1.0\\powershell.exe\\n        Engine Version = 5.1.26100.8875\\n        Runspace ID = 4c42a43a-9e18-42e7-82d5-39afd17cf314\\n        Pipeline ID = 43\\n        Command Name = Get-FileHash\\n        Command Type = Function\\n        Script Name = Z:\\windows\\run_it_vector.ps1\\n        Command Path = \\n        Sequence Number = 2601\\n        User = PURPLELAB\\jdoe\\n        Connected User = \\n        Shell ID = Microsoft.PowerShell\\n\\n\\nUser Data:\\n\\n","record_id":17092}}
{"schema_version":"1.0","record_type":"powershell","timestamp_utc":"2026-08-11T15:14:47Z","host":"purplelab-win-client.purplelab.local","user":"S-1-5-21-1898955512-2253536272-2216333128-1103","provider":"Microsoft-Windows-PowerShell","run_id":"run-001","label":"attack","source":{"raw_file":"C:\\CyberRangers\\evidence\\it\\runs\\run-001\\raw\\windows-client\\EventLog_Microsoft-Windows-PowerShell_Operational.csv","raw_row":94},"data":{"event_id":4103,"event_type":"module_pipeline","script_text":"CommandInvocation(Get-Date): \"Get-Date\"\\n\\n\\nContext:\\n        Severity = Informational\\n        Host Name = ConsoleHost\\n        Host Version = 5.1.26100.8875\\n        Host ID = a02d10d4-ac40-4a73-bdd1-bb8bb54ffa68\\n        Host Application = C:\\WINDOWS\\System32\\WindowsPowerShell\\v1.0\\powershell.exe\\n        Engine Version = 5.1.26100.8875\\n        Runspace ID = 4c42a43a-9e18-42e7-82d5-39afd17cf314\\n        Pipeline ID = 43\\n        Command Name = Get-Date\\n        Command Type = Cmdlet\\n        Script Name = Z:\\windows\\run_it_vector.ps1\\n        Command Path = \\n        Sequence Number = 2603\\n        User = PURPLELAB\\jdoe\\n        Connected User = \\n        Shell ID = Microsoft.PowerShell\\n\\n\\nUser Data:\\n\\n","record_id":17093}}
{"schema_version":"1.0","record_type":"powershell","timestamp_utc":"2026-08-11T15:14:47Z","host":"purplelab-win-client.purplelab.local","user":"S-1-5-21-1898955512-2253536272-2216333128-1103","provider":"Microsoft-Windows-PowerShell","run_id":"run-001","label":"attack","source":{"raw_file":"C:\\CyberRangers\\evidence\\it\\runs\\run-001\\raw\\windows-client\\EventLog_Microsoft-Windows-PowerShell_Operational.csv","raw_row":95},"data":{"event_id":4103,"event_type":"module_pipeline","script_text":"CommandInvocation(Resolve-Path): \"Resolve-Path\"\\nParameterBinding(Resolve-Path): name=\"Path\"; value=\"C:\\WiperTest\\file_88524924.txt\"\\nCommandInvocation(ForEach-Object): \"ForEach-Object\"\\nParameterBinding(ForEach-Object): name=\"MemberName\"; value=\"ProviderPath\"\\nParameterBinding(ForEach-Object): name=\"InputObject\"; value=\"C:\\WiperTest\\file_88524924.txt\"\\n\\n\\nContext:\\n        Severity = Informational\\n        Host Name = ConsoleHost\\n        Host Version = 5.1.26100.8875\\n        Host ID = a02d10d4-ac40-4a73-bdd1-bb8bb54ffa68\\n        Host Application = C:\\WINDOWS\\System32\\WindowsPowerShell\\v1.0\\powershell.exe\\n        Engine Version = 5.1.26100.8875\\n        Runspace ID = 4c42a43a-9e18-42e7-82d5-39afd17cf314\\n        Pipeline ID = 43\\n        Command Name = Resolve-Path\\n        Command Type = Cmdlet\\n        Script Name = C:\\WINDOWS\\system32\\WindowsPowerShell\\v1.0\\Modules\\Microsoft.PowerShell.Utility\\Microsoft.PowerShell.Utility.psm1\\n        Command Path = \\n        Sequence Number = 2605\\n        User = PURPLELAB\\jdoe\\n        Connected User = \\n        Shell ID = Microsoft.PowerShell\\n\\n\\nUser Data:\\n\\n","record_id":17094}}
