{"schema_version":"1.0","record_type":"powershell","timestamp_utc":"2026-08-11T15:14:47Z","host":"purplelab-win-client.purplelab.local","user":"S-1-5-21-1898955512-2253536272-2216333128-1103","provider":"Microsoft-Windows-PowerShell","run_id":"run-001","label":"attack","source":{"raw_file":"C:\\CyberRangers\\evidence\\it\\runs\\run-001\\raw\\windows-client\\EventLog_Microsoft-Windows-PowerShell_Operational.csv","raw_row":96},"data":{"event_id":4103,"event_type":"module_pipeline","script_text":"CommandInvocation(Test-Path): \"Test-Path\"\\nParameterBinding(Test-Path): name=\"LiteralPath\"; value=\"C:\\WiperTest\\file_88524924.txt\"\\nParameterBinding(Test-Path): name=\"PathType\"; value=\"Container\"\\n\\n\\nContext:\\n        Severity = Informational\\n        Host Name = ConsoleHost\\n        Host Version = 5.1.26100.8875\\n        Host ID = a02d10d4-ac40-4a73-bdd1-bb8bb54ffa68\\n        Host Application = C:\\WINDOWS\\System32\\WindowsPowerShell\\v1.0\\powershell.exe\\n        Engine Version = 5.1.26100.8875\\n        Runspace ID = 4c42a43a-9e18-42e7-82d5-39afd17cf314\\n        Pipeline ID = 43\\n        Command Name = Test-Path\\n        Command Type = Cmdlet\\n        Script Name = C:\\WINDOWS\\system32\\WindowsPowerShell\\v1.0\\Modules\\Microsoft.PowerShell.Utility\\Microsoft.PowerShell.Utility.psm1\\n        Command Path = \\n        Sequence Number = 2607\\n        User = PURPLELAB\\jdoe\\n        Connected User = \\n        Shell ID = Microsoft.PowerShell\\n\\n\\nUser Data:\\n\\n","record_id":17095}}
{"schema_version":"1.0","record_type":"powershell","timestamp_utc":"2026-08-11T15:14:47Z","host":"purplelab-win-client.purplelab.local","user":"S-1-5-21-1898955512-2253536272-2216333128-1103","provider":"Microsoft-Windows-PowerShell","run_id":"run-001","label":"attack","source":{"raw_file":"C:\\CyberRangers\\evidence\\it\\runs\\run-001\\raw\\windows-client\\EventLog_Microsoft-Windows-PowerShell_Operational.csv","raw_row":97},"data":{"event_id":4103,"event_type":"module_pipeline","script_text":"CommandInvocation(GetStreamHash): \"GetStreamHash\"\\nParameterBinding(GetStreamHash): name=\"InputStream\"; value=\"System.IO.FileStream\"\\nParameterBinding(GetStreamHash): name=\"RelatedPath\"; value=\"C:\\WiperTest\\file_88524924.txt\"\\nParameterBinding(GetStreamHash): name=\"Hasher\"; value=\"System.Security.Cryptography.SHA256CryptoServiceProvider\"\\n\\n\\nContext:\\n        Severity = Informational\\n        Host Name = ConsoleHost\\n        Host Version = 5.1.26100.8875\\n        Host ID = a02d10d4-ac40-4a73-bdd1-bb8bb54ffa68\\n        Host Application = C:\\WINDOWS\\System32\\WindowsPowerShell\\v1.0\\powershell.exe\\n        Engine Version = 5.1.26100.8875\\n        Runspace ID = 4c42a43a-9e18-42e7-82d5-39afd17cf314\\n        Pipeline ID = 43\\n        Command Name = GetStreamHash\\n        Command Type = Function\\n        Script Name = C:\\WINDOWS\\system32\\WindowsPowerShell\\v1.0\\Modules\\Microsoft.PowerShell.Utility\\Microsoft.PowerShell.Utility.psm1\\n        Command Path = \\n        Sequence Number = 2609\\n        User = PURPLELAB\\jdoe\\n        Connected User = \\n        Shell ID = Microsoft.PowerShell\\n\\n\\nUser Data:\\n\\n","record_id":17096}}
{"schema_version":"1.0","record_type":"powershell","timestamp_utc":"2026-08-11T15:14:47Z","host":"purplelab-win-client.purplelab.local","user":"S-1-5-21-1898955512-2253536272-2216333128-1103","provider":"Microsoft-Windows-PowerShell","run_id":"run-001","label":"attack","source":{"raw_file":"C:\\CyberRangers\\evidence\\it\\runs\\run-001\\raw\\windows-client\\EventLog_Microsoft-Windows-PowerShell_Operational.csv","raw_row":98},"data":{"event_id":4103,"event_type":"module_pipeline","script_text":"CommandInvocation(Get-FileHash): \"Get-FileHash\"\\nParameterBinding(Get-FileHash): name=\"Algorithm\"; value=\"SHA256\"\\nParameterBinding(Get-FileHash): name=\"Path\"; value=\"C:\\WiperTest\\file_88524924.txt\"\\n\\n\\nContext:\\n        Severity = Informational\\n        Host Name = ConsoleHost\\n        Host Version = 5.1.26100.8875\\n        Host ID = a02d10d4-ac40-4a73-bdd1-bb8bb54ffa68\\n        Host Application = C:\\WINDOWS\\System32\\WindowsPowerShell\\v1.0\\powershell.exe\\n        Engine Version = 5.1.26100.8875\\n        Runspace ID = 4c42a43a-9e18-42e7-82d5-39afd17cf314\\n        Pipeline ID = 43\\n        Command Name = Get-FileHash\\n        Command Type = Function\\n        Script Name = Z:\\windows\\run_it_vector.ps1\\n        Command Path = \\n        Sequence Number = 2611\\n        User = PURPLELAB\\jdoe\\n        Connected User = \\n        Shell ID = Microsoft.PowerShell\\n\\n\\nUser Data:\\n\\n","record_id":17097}}
{"schema_version":"1.0","record_type":"powershell","timestamp_utc":"2026-08-11T15:14:47Z","host":"purplelab-win-client.purplelab.local","user":"S-1-5-21-1898955512-2253536272-2216333128-1103","provider":"Microsoft-Windows-PowerShell","run_id":"run-001","label":"attack","source":{"raw_file":"C:\\CyberRangers\\evidence\\it\\runs\\run-001\\raw\\windows-client\\EventLog_Microsoft-Windows-PowerShell_Operational.csv","raw_row":99},"data":{"event_id":4103,"event_type":"module_pipeline","script_text":"CommandInvocation(Get-Date): \"Get-Date\"\\n\\n\\nContext:\\n        Severity = Informational\\n        Host Name = ConsoleHost\\n        Host Version = 5.1.26100.8875\\n        Host ID = a02d10d4-ac40-4a73-bdd1-bb8bb54ffa68\\n        Host Application = C:\\WINDOWS\\System32\\WindowsPowerShell\\v1.0\\powershell.exe\\n        Engine Version = 5.1.26100.8875\\n        Runspace ID = 4c42a43a-9e18-42e7-82d5-39afd17cf314\\n        Pipeline ID = 43\\n        Command Name = Get-Date\\n        Command Type = Cmdlet\\n        Script Name = Z:\\windows\\run_it_vector.ps1\\n        Command Path = \\n        Sequence Number = 2613\\n        User = PURPLELAB\\jdoe\\n        Connected User = \\n        Shell ID = Microsoft.PowerShell\\n\\n\\nUser Data:\\n\\n","record_id":17098}}
{"schema_version":"1.0","record_type":"powershell","timestamp_utc":"2026-08-11T15:14:47Z","host":"purplelab-win-client.purplelab.local","user":"S-1-5-21-1898955512-2253536272-2216333128-1103","provider":"Microsoft-Windows-PowerShell","run_id":"run-001","label":"attack","source":{"raw_file":"C:\\CyberRangers\\evidence\\it\\runs\\run-001\\raw\\windows-client\\EventLog_Microsoft-Windows-PowerShell_Operational.csv","raw_row":100},"data":{"event_id":4103,"event_type":"module_pipeline","script_text":"CommandInvocation(Resolve-Path): \"Resolve-Path\"\\nParameterBinding(Resolve-Path): name=\"Path\"; value=\"C:\\WiperTest\\file_de485b11.txt\"\\nCommandInvocation(ForEach-Object): \"ForEach-Object\"\\nParameterBinding(ForEach-Object): name=\"MemberName\"; value=\"ProviderPath\"\\nParameterBinding(ForEach-Object): name=\"InputObject\"; value=\"C:\\WiperTest\\file_de485b11.txt\"\\n\\n\\nContext:\\n        Severity = Informational\\n        Host Name = ConsoleHost\\n        Host Version = 5.1.26100.8875\\n        Host ID = a02d10d4-ac40-4a73-bdd1-bb8bb54ffa68\\n        Host Application = C:\\WINDOWS\\System32\\WindowsPowerShell\\v1.0\\powershell.exe\\n        Engine Version = 5.1.26100.8875\\n        Runspace ID = 4c42a43a-9e18-42e7-82d5-39afd17cf314\\n        Pipeline ID = 43\\n        Command Name = Resolve-Path\\n        Command Type = Cmdlet\\n        Script Name = C:\\WINDOWS\\system32\\WindowsPowerShell\\v1.0\\Modules\\Microsoft.PowerShell.Utility\\Microsoft.PowerShell.Utility.psm1\\n        Command Path = \\n        Sequence Number = 2615\\n        User = PURPLELAB\\jdoe\\n        Connected User = \\n        Shell ID = Microsoft.PowerShell\\n\\n\\nUser Data:\\n\\n","record_id":17099}}
{"schema_version":"1.0","record_type":"powershell","timestamp_utc":"2026-08-11T15:14:47Z","host":"purplelab-win-client.purplelab.local","user":"S-1-5-21-1898955512-2253536272-2216333128-1103","provider":"Microsoft-Windows-PowerShell","run_id":"run-001","label":"attack","source":{"raw_file":"C:\\CyberRangers\\evidence\\it\\runs\\run-001\\raw\\windows-client\\EventLog_Microsoft-Windows-PowerShell_Operational.csv","raw_row":101},"data":{"event_id":4103,"event_type":"module_pipeline","script_text":"CommandInvocation(Test-Path): \"Test-Path\"\\nParameterBinding(Test-Path): name=\"LiteralPath\"; value=\"C:\\WiperTest\\file_de485b11.txt\"\\nParameterBinding(Test-Path): name=\"PathType\"; value=\"Container\"\\n\\n\\nContext:\\n        Severity = Informational\\n        Host Name = ConsoleHost\\n        Host Version = 5.1.26100.8875\\n        Host ID = a02d10d4-ac40-4a73-bdd1-bb8bb54ffa68\\n        Host Application = C:\\WINDOWS\\System32\\WindowsPowerShell\\v1.0\\powershell.exe\\n        Engine Version = 5.1.26100.8875\\n        Runspace ID = 4c42a43a-9e18-42e7-82d5-39afd17cf314\\n        Pipeline ID = 43\\n        Command Name = Test-Path\\n        Command Type = Cmdlet\\n        Script Name = C:\\WINDOWS\\system32\\WindowsPowerShell\\v1.0\\Modules\\Microsoft.PowerShell.Utility\\Microsoft.PowerShell.Utility.psm1\\n        Command Path = \\n        Sequence Number = 2617\\n        User = PURPLELAB\\jdoe\\n        Connected User = \\n        Shell ID = Microsoft.PowerShell\\n\\n\\nUser Data:\\n\\n","record_id":17100}}
{"schema_version":"1.0","record_type":"powershell","timestamp_utc":"2026-08-11T15:14:47Z","host":"purplelab-win-client.purplelab.local","user":"S-1-5-21-1898955512-2253536272-2216333128-1103","provider":"Microsoft-Windows-PowerShell","run_id":"run-001","label":"attack","source":{"raw_file":"C:\\CyberRangers\\evidence\\it\\runs\\run-001\\raw\\windows-client\\EventLog_Microsoft-Windows-PowerShell_Operational.csv","raw_row":102},"data":{"event_id":4103,"event_type":"module_pipeline","script_text":"CommandInvocation(GetStreamHash): \"GetStreamHash\"\\nParameterBinding(GetStreamHash): name=\"InputStream\"; value=\"System.IO.FileStream\"\\nParameterBinding(GetStreamHash): name=\"RelatedPath\"; value=\"C:\\WiperTest\\file_de485b11.txt\"\\nParameterBinding(GetStreamHash): name=\"Hasher\"; value=\"System.Security.Cryptography.SHA256CryptoServiceProvider\"\\n\\n\\nContext:\\n        Severity = Informational\\n        Host Name = ConsoleHost\\n        Host Version = 5.1.26100.8875\\n        Host ID = a02d10d4-ac40-4a73-bdd1-bb8bb54ffa68\\n        Host Application = C:\\WINDOWS\\System32\\WindowsPowerShell\\v1.0\\powershell.exe\\n        Engine Version = 5.1.26100.8875\\n        Runspace ID = 4c42a43a-9e18-42e7-82d5-39afd17cf314\\n        Pipeline ID = 43\\n        Command Name = GetStreamHash\\n        Command Type = Function\\n        Script Name = C:\\WINDOWS\\system32\\WindowsPowerShell\\v1.0\\Modules\\Microsoft.PowerShell.Utility\\Microsoft.PowerShell.Utility.psm1\\n        Command Path = \\n        Sequence Number = 2619\\n        User = PURPLELAB\\jdoe\\n        Connected User = \\n        Shell ID = Microsoft.PowerShell\\n\\n\\nUser Data:\\n\\n","record_id":17101}}
{"schema_version":"1.0","record_type":"powershell","timestamp_utc":"2026-08-11T15:14:47Z","host":"purplelab-win-client.purplelab.local","user":"S-1-5-21-1898955512-2253536272-2216333128-1103","provider":"Microsoft-Windows-PowerShell","run_id":"run-001","label":"attack","source":{"raw_file":"C:\\CyberRangers\\evidence\\it\\runs\\run-001\\raw\\windows-client\\EventLog_Microsoft-Windows-PowerShell_Operational.csv","raw_row":103},"data":{"event_id":4103,"event_type":"module_pipeline","script_text":"CommandInvocation(Get-FileHash): \"Get-FileHash\"\\nParameterBinding(Get-FileHash): name=\"Algorithm\"; value=\"SHA256\"\\nParameterBinding(Get-FileHash): name=\"Path\"; value=\"C:\\WiperTest\\file_de485b11.txt\"\\n\\n\\nContext:\\n        Severity = Informational\\n        Host Name = ConsoleHost\\n        Host Version = 5.1.26100.8875\\n        Host ID = a02d10d4-ac40-4a73-bdd1-bb8bb54ffa68\\n        Host Application = C:\\WINDOWS\\System32\\WindowsPowerShell\\v1.0\\powershell.exe\\n        Engine Version = 5.1.26100.8875\\n        Runspace ID = 4c42a43a-9e18-42e7-82d5-39afd17cf314\\n        Pipeline ID = 43\\n        Command Name = Get-FileHash\\n        Command Type = Function\\n        Script Name = Z:\\windows\\run_it_vector.ps1\\n        Command Path = \\n        Sequence Number = 2621\\n        User = PURPLELAB\\jdoe\\n        Connected User = \\n        Shell ID = Microsoft.PowerShell\\n\\n\\nUser Data:\\n\\n","record_id":17102}}
{"schema_version":"1.0","record_type":"powershell","timestamp_utc":"2026-08-11T15:14:47Z","host":"purplelab-win-client.purplelab.local","user":"S-1-5-21-1898955512-2253536272-2216333128-1103","provider":"Microsoft-Windows-PowerShell","run_id":"run-001","label":"attack","source":{"raw_file":"C:\\CyberRangers\\evidence\\it\\runs\\run-001\\raw\\windows-client\\EventLog_Microsoft-Windows-PowerShell_Operational.csv","raw_row":104},"data":{"event_id":4103,"event_type":"module_pipeline","script_text":"CommandInvocation(Get-Date): \"Get-Date\"\\n\\n\\nContext:\\n        Severity = Informational\\n        Host Name = ConsoleHost\\n        Host Version = 5.1.26100.8875\\n        Host ID = a02d10d4-ac40-4a73-bdd1-bb8bb54ffa68\\n        Host Application = C:\\WINDOWS\\System32\\WindowsPowerShell\\v1.0\\powershell.exe\\n        Engine Version = 5.1.26100.8875\\n        Runspace ID = 4c42a43a-9e18-42e7-82d5-39afd17cf314\\n        Pipeline ID = 43\\n        Command Name = Get-Date\\n        Command Type = Cmdlet\\n        Script Name = Z:\\windows\\run_it_vector.ps1\\n        Command Path = \\n        Sequence Number = 2623\\n        User = PURPLELAB\\jdoe\\n        Connected User = \\n        Shell ID = Microsoft.PowerShell\\n\\n\\nUser Data:\\n\\n","record_id":17103}}
{"schema_version":"1.0","record_type":"powershell","timestamp_utc":"2026-08-11T15:14:47Z","host":"purplelab-win-client.purplelab.local","user":"S-1-5-21-1898955512-2253536272-2216333128-1103","provider":"Microsoft-Windows-PowerShell","run_id":"run-001","label":"attack","source":{"raw_file":"C:\\CyberRangers\\evidence\\it\\runs\\run-001\\raw\\windows-client\\EventLog_Microsoft-Windows-PowerShell_Operational.csv","raw_row":105},"data":{"event_id":4103,"event_type":"module_pipeline","script_text":"CommandInvocation(Resolve-Path): \"Resolve-Path\"\\nParameterBinding(Resolve-Path): name=\"Path\"; value=\"C:\\WiperTest\\file_ea0c83d5.txt\"\\nCommandInvocation(ForEach-Object): \"ForEach-Object\"\\nParameterBinding(ForEach-Object): name=\"MemberName\"; value=\"ProviderPath\"\\nParameterBinding(ForEach-Object): name=\"InputObject\"; value=\"C:\\WiperTest\\file_ea0c83d5.txt\"\\n\\n\\nContext:\\n        Severity = Informational\\n        Host Name = ConsoleHost\\n        Host Version = 5.1.26100.8875\\n        Host ID = a02d10d4-ac40-4a73-bdd1-bb8bb54ffa68\\n        Host Application = C:\\WINDOWS\\System32\\WindowsPowerShell\\v1.0\\powershell.exe\\n        Engine Version = 5.1.26100.8875\\n        Runspace ID = 4c42a43a-9e18-42e7-82d5-39afd17cf314\\n        Pipeline ID = 43\\n        Command Name = Resolve-Path\\n        Command Type = Cmdlet\\n        Script Name = C:\\WINDOWS\\system32\\WindowsPowerShell\\v1.0\\Modules\\Microsoft.PowerShell.Utility\\Microsoft.PowerShell.Utility.psm1\\n        Command Path = \\n        Sequence Number = 2625\\n        User = PURPLELAB\\jdoe\\n        Connected User = \\n        Shell ID = Microsoft.PowerShell\\n\\n\\nUser Data:\\n\\n","record_id":17104}}
{"schema_version":"1.0","record_type":"powershell","timestamp_utc":"2026-08-11T15:14:47Z","host":"purplelab-win-client.purplelab.local","user":"S-1-5-21-1898955512-2253536272-2216333128-1103","provider":"Microsoft-Windows-PowerShell","run_id":"run-001","label":"attack","source":{"raw_file":"C:\\CyberRangers\\evidence\\it\\runs\\run-001\\raw\\windows-client\\EventLog_Microsoft-Windows-PowerShell_Operational.csv","raw_row":106},"data":{"event_id":4103,"event_type":"module_pipeline","script_text":"CommandInvocation(Test-Path): \"Test-Path\"\\nParameterBinding(Test-Path): name=\"LiteralPath\"; value=\"C:\\WiperTest\\file_ea0c83d5.txt\"\\nParameterBinding(Test-Path): name=\"PathType\"; value=\"Container\"\\n\\n\\nContext:\\n        Severity = Informational\\n        Host Name = ConsoleHost\\n        Host Version = 5.1.26100.8875\\n        Host ID = a02d10d4-ac40-4a73-bdd1-bb8bb54ffa68\\n        Host Application = C:\\WINDOWS\\System32\\WindowsPowerShell\\v1.0\\powershell.exe\\n        Engine Version = 5.1.26100.8875\\n        Runspace ID = 4c42a43a-9e18-42e7-82d5-39afd17cf314\\n        Pipeline ID = 43\\n        Command Name = Test-Path\\n        Command Type = Cmdlet\\n        Script Name = C:\\WINDOWS\\system32\\WindowsPowerShell\\v1.0\\Modules\\Microsoft.PowerShell.Utility\\Microsoft.PowerShell.Utility.psm1\\n        Command Path = \\n        Sequence Number = 2627\\n        User = PURPLELAB\\jdoe\\n        Connected User = \\n        Shell ID = Microsoft.PowerShell\\n\\n\\nUser Data:\\n\\n","record_id":17105}}
{"schema_version":"1.0","record_type":"powershell","timestamp_utc":"2026-08-11T15:14:47Z","host":"purplelab-win-client.purplelab.local","user":"S-1-5-21-1898955512-2253536272-2216333128-1103","provider":"Microsoft-Windows-PowerShell","run_id":"run-001","label":"attack","source":{"raw_file":"C:\\CyberRangers\\evidence\\it\\runs\\run-001\\raw\\windows-client\\EventLog_Microsoft-Windows-PowerShell_Operational.csv","raw_row":107},"data":{"event_id":4103,"event_type":"module_pipeline","script_text":"CommandInvocation(GetStreamHash): \"GetStreamHash\"\\nParameterBinding(GetStreamHash): name=\"InputStream\"; value=\"System.IO.FileStream\"\\nParameterBinding(GetStreamHash): name=\"RelatedPath\"; value=\"C:\\WiperTest\\file_ea0c83d5.txt\"\\nParameterBinding(GetStreamHash): name=\"Hasher\"; value=\"System.Security.Cryptography.SHA256CryptoServiceProvider\"\\n\\n\\nContext:\\n        Severity = Informational\\n        Host Name = ConsoleHost\\n        Host Version = 5.1.26100.8875\\n        Host ID = a02d10d4-ac40-4a73-bdd1-bb8bb54ffa68\\n        Host Application = C:\\WINDOWS\\System32\\WindowsPowerShell\\v1.0\\powershell.exe\\n        Engine Version = 5.1.26100.8875\\n        Runspace ID = 4c42a43a-9e18-42e7-82d5-39afd17cf314\\n        Pipeline ID = 43\\n        Command Name = GetStreamHash\\n        Command Type = Function\\n        Script Name = C:\\WINDOWS\\system32\\WindowsPowerShell\\v1.0\\Modules\\Microsoft.PowerShell.Utility\\Microsoft.PowerShell.Utility.psm1\\n        Command Path = \\n        Sequence Number = 2629\\n        User = PURPLELAB\\jdoe\\n        Connected User = \\n        Shell ID = Microsoft.PowerShell\\n\\n\\nUser Data:\\n\\n","record_id":17106}}
{"schema_version":"1.0","record_type":"powershell","timestamp_utc":"2026-08-11T15:14:47Z","host":"purplelab-win-client.purplelab.local","user":"S-1-5-21-1898955512-2253536272-2216333128-1103","provider":"Microsoft-Windows-PowerShell","run_id":"run-001","label":"attack","source":{"raw_file":"C:\\CyberRangers\\evidence\\it\\runs\\run-001\\raw\\windows-client\\EventLog_Microsoft-Windows-PowerShell_Operational.csv","raw_row":108},"data":{"event_id":4103,"event_type":"module_pipeline","script_text":"CommandInvocation(Get-FileHash): \"Get-FileHash\"\\nParameterBinding(Get-FileHash): name=\"Algorithm\"; value=\"SHA256\"\\nParameterBinding(Get-FileHash): name=\"Path\"; value=\"C:\\WiperTest\\file_ea0c83d5.txt\"\\n\\n\\nContext:\\n        Severity = Informational\\n        Host Name = ConsoleHost\\n        Host Version = 5.1.26100.8875\\n        Host ID = a02d10d4-ac40-4a73-bdd1-bb8bb54ffa68\\n        Host Application = C:\\WINDOWS\\System32\\WindowsPowerShell\\v1.0\\powershell.exe\\n        Engine Version = 5.1.26100.8875\\n        Runspace ID = 4c42a43a-9e18-42e7-82d5-39afd17cf314\\n        Pipeline ID = 43\\n        Command Name = Get-FileHash\\n        Command Type = Function\\n        Script Name = Z:\\windows\\run_it_vector.ps1\\n        Command Path = \\n        Sequence Number = 2631\\n        User = PURPLELAB\\jdoe\\n        Connected User = \\n        Shell ID = Microsoft.PowerShell\\n\\n\\nUser Data:\\n\\n","record_id":17107}}
{"schema_version":"1.0","record_type":"powershell","timestamp_utc":"2026-08-11T15:14:47Z","host":"purplelab-win-client.purplelab.local","user":"S-1-5-21-1898955512-2253536272-2216333128-1103","provider":"Microsoft-Windows-PowerShell","run_id":"run-001","label":"attack","source":{"raw_file":"C:\\CyberRangers\\evidence\\it\\runs\\run-001\\raw\\windows-client\\EventLog_Microsoft-Windows-PowerShell_Operational.csv","raw_row":109},"data":{"event_id":4103,"event_type":"module_pipeline","script_text":"CommandInvocation(Export-Csv): \"Export-Csv\"\\nParameterBinding(Export-Csv): name=\"Path\"; value=\"C:\\CyberRangers\\evidence\\it\\runs\\run-001\\raw\\windows-client\\01-pre-wipe-files.csv\"\\nParameterBinding(Export-Csv): name=\"NoTypeInformation\"; value=\"True\"\\nParameterBinding(Export-Csv): name=\"InputObject\"; value=\"@{collected_utc=2026-08-11T15:14:47.6273274Z; path=C:\\WiperTest\\.wiper-lab-approved; size_bytes=24; last_write_utc=2026-07-27T15:05:44.7777334Z; sha256=9B55C174E4C3162B5C3400D8669CBA54F76A7106BE2D2401A3A40269E93D8317}\"\\nParameterBinding(Export-Csv): name=\"InputObject\"; value=\"@{collected_utc=2026-08-11T15:14:47.6515138Z; path=C:\\WiperTest\\file_0ae1034a.txt; size_bytes=28; last_write_utc=2026-07-29T14:15:04.1319034Z; sha256=E2C857D373F1E50E86D8A07479E58F904FC42A69CBC3CFABF0D100CA507B7686}\"\\nParameterBinding(Export-Csv): name=\"InputObject\"; value=\"@{collected_utc=2026-08-11T15:14:47.6674593Z; path=C:\\WiperTest\\file_0ee4f530.txt; size_bytes=28; last_write_utc=2026-07-29T14:15:04.1776004Z; sha256=1583B01567786E8BAA11F3695434BCBE62456B64A22486AA2A688542887CF276}\"\\nParameterBinding(Export-Csv): name=\"InputObject\"; value=\"@{collected_utc=2026-08-11T15:14:47.6872787Z; path=C:\\WiperTest\\file_115bdd86.txt; size_bytes=28; last_write_utc=2026-07-29T14:15:04.1159420Z; sha256=7F321ED51C8C112404193AAC82E2F8CC0C0027CC2CEDAB0401695386DF90D8F7}\"\\nParameterBinding(Export-Csv): name=\"InputObject\"; value=\"@{collected_utc=2026-08-11T15:14:47.7049471Z; path=C:\\WiperTest\\file_1b13b23f.txt; size_bytes=28; last_write_utc=2026-07-29T14:15:03.9963418Z; sha256=C0825587F7BB0D82E196D783C4E5982C698DF35F0801CB94CDE8D63874267A5A}\"\\nParameterBinding(Export-Csv): name=\"InputObject\"; value=\"@{collected_utc=2026-08-11T15:14:47.7171477Z; path=C:\\WiperTest\\file_29857e81.txt; size_bytes=29; last_write_utc=2026-07-29T14:15:04.1954688Z; sha256=2B5A49F34DCEF03A3341B19BDC74DB9DE25DDEFCEC91F4797329B76DA56EF68D}\"\\nParameterBinding(Export-Csv): name=\"InputObject\"; value=\"@{collected_utc=2026-08-11T15:14:47.7321037Z; path=C:\\WiperTest\\file_2b951731.txt; size_bytes=28; last_write_utc=2026-07-29T14:15:04.1656900Z; sha256=7A312C0DB03C12CF53462F51A9B83722A6A7269816E99082307AF7B93A71D16B}\"\\nParameterBinding(Export-Csv): name=\"InputObject\"; value=\"@{collected_utc=2026-08-11T15:14:47.7502919Z; path=C:\\WiperTest\\file_449b9f8d.txt; size_bytes=28; last_write_utc=2026-07-29T14:15:04.1537956Z; sha256=94F9CAFEDECEE3A1DB9B2691752CB87E8E562C00D2775E6CF29A77830C4A1ABE}\"\\nParameterBinding(Export-Csv): name=\"InputObject\"; value=\"@{collected_utc=2026-08-11T15:14:47.7638175Z; path=C:\\WiperTest\\file_88524924.txt; size_bytes=28; last_write_utc=2026-07-29T14:15:04.1019429Z; sha256=E89EEBFCB8936AAF04B9FBED4E7A18138C6E803E01C65D492AD38F9A221B5A06}\"\\nParameterBinding(Export-Csv): name=\"InputObject\"; value=\"@{collected_utc=2026-08-11T15:14:47.7769995Z; path=C:\\WiperTest\\file_de485b11.txt; size_bytes=28; last_write_utc=2026-07-29T14:15:04.1278623Z; sha256=EE4168CDF9E4D4FA43E1641C0A200DF6EAD6C6553A6DE3B7695EA992EE4600C4}\"\\nParameterBinding(Export-Csv): name=\"InputObject\"; value=\"@{collected_utc=2026-08-11T15:14:47.7927110Z; path=C:\\WiperTest\\file_ea0c83d5.txt; size_bytes=28; last_write_utc=2026-07-29T14:15:04.1415904Z; sha256=664B49474EE14D3CD13B7F055675E0124C96E7169DF4E8B6827A036AB5C5DD70}\"\\n\\n\\nContext:\\n        Severity = Informational\\n        Host Name = ConsoleHost\\n        Host Version = 5.1.26100.8875\\n        Host ID = a02d10d4-ac40-4a73-bdd1-bb8bb54ffa68\\n        Host Application = C:\\WINDOWS\\System32\\WindowsPowerShell\\v1.0\\powershell.exe\\n        Engine Version = 5.1.26100.8875\\n        Runspace ID = 4c42a43a-9e18-42e7-82d5-39afd17cf314\\n        Pipeline ID = 43\\n        Command Name = Export-Csv\\n        Command Type = Cmdlet\\n        Script Name = Z:\\windows\\run_it_vector.ps1\\n        Command Path = \\n        Sequence Number = 2633\\n        User = PURPLELAB\\jdoe\\n        Connected User = \\n        Shell ID = Microsoft.PowerShell\\n\\n\\nUser Data:\\n\\n","record_id":17108}}
{"schema_version":"1.0","record_type":"powershell","timestamp_utc":"2026-08-11T15:14:47Z","host":"purplelab-win-client.purplelab.local","user":"S-1-5-21-1898955512-2253536272-2216333128-1103","provider":"Microsoft-Windows-PowerShell","run_id":"run-001","label":"attack","source":{"raw_file":"C:\\CyberRangers\\evidence\\it\\runs\\run-001\\raw\\windows-client\\EventLog_Microsoft-Windows-PowerShell_Operational.csv","raw_row":110},"data":{"event_id":4103,"event_type":"module_pipeline","script_text":"CommandInvocation(Get-Date): \"Get-Date\"\\n\\n\\nContext:\\n        Severity = Informational\\n        Host Name = ConsoleHost\\n        Host Version = 5.1.26100.8875\\n        Host ID = a02d10d4-ac40-4a73-bdd1-bb8bb54ffa68\\n        Host Application = C:\\WINDOWS\\System32\\WindowsPowerShell\\v1.0\\powershell.exe\\n        Engine Version = 5.1.26100.8875\\n        Runspace ID = 4c42a43a-9e18-42e7-82d5-39afd17cf314\\n        Pipeline ID = 43\\n        Command Name = Get-Date\\n        Command Type = Cmdlet\\n        Script Name = Z:\\windows\\run_it_vector.ps1\\n        Command Path = \\n        Sequence Number = 2635\\n        User = PURPLELAB\\jdoe\\n        Connected User = \\n        Shell ID = Microsoft.PowerShell\\n\\n\\nUser Data:\\n\\n","record_id":17109}}
{"schema_version":"1.0","record_type":"powershell","timestamp_utc":"2026-08-11T15:14:47Z","host":"purplelab-win-client.purplelab.local","user":"S-1-5-21-1898955512-2253536272-2216333128-1103","provider":"Microsoft-Windows-PowerShell","run_id":"run-001","label":"attack","source":{"raw_file":"C:\\CyberRangers\\evidence\\it\\runs\\run-001\\raw\\windows-client\\EventLog_Microsoft-Windows-PowerShell_Operational.csv","raw_row":111},"data":{"event_id":4104,"event_type":"script_block","script_text":"Creating Scriptblock text (1 of 1):\\nfunction Invoke-EvidenceStep {\\n    param(\\n        [string]$Phase,\\n        [scriptblock]$Action\\n    )\\n\\n    Add-RunEvent $Phase \"STARTED\" \"Step started.\"\\n\\n    try {\\n        # Save any useful object returned by the child script.\\n        $Result = & $Action\\n\\n        Add-RunEvent $Phase \"COMPLETED\" \"Step completed successfully.\"\\n        return $Result\\n    }\\n    catch {\\n        Add-RunEvent $Phase \"FAILED\" $_.Exception.Message\\n        throw\\n    }\\n}\\n\\nScriptBlock ID: 40bc4052-43d0-4664-8ef8-13850696b8e3\\nPath: Z:\\windows\\run_it_vector.ps1","record_id":17110}}
{"schema_version":"1.0","record_type":"powershell","timestamp_utc":"2026-08-11T15:14:47Z","host":"purplelab-win-client.purplelab.local","user":"S-1-5-21-1898955512-2253536272-2216333128-1103","provider":"Microsoft-Windows-PowerShell","run_id":"run-001","label":"attack","source":{"raw_file":"C:\\CyberRangers\\evidence\\it\\runs\\run-001\\raw\\windows-client\\EventLog_Microsoft-Windows-PowerShell_Operational.csv","raw_row":112},"data":{"event_id":4103,"event_type":"module_pipeline","script_text":"CommandInvocation(Get-Date): \"Get-Date\"\\n\\n\\nContext:\\n        Severity = Informational\\n        Host Name = ConsoleHost\\n        Host Version = 5.1.26100.8875\\n        Host ID = a02d10d4-ac40-4a73-bdd1-bb8bb54ffa68\\n        Host Application = C:\\WINDOWS\\System32\\WindowsPowerShell\\v1.0\\powershell.exe\\n        Engine Version = 5.1.26100.8875\\n        Runspace ID = 4c42a43a-9e18-42e7-82d5-39afd17cf314\\n        Pipeline ID = 43\\n        Command Name = Get-Date\\n        Command Type = Cmdlet\\n        Script Name = Z:\\windows\\run_it_vector.ps1\\n        Command Path = \\n        Sequence Number = 2637\\n        User = PURPLELAB\\jdoe\\n        Connected User = \\n        Shell ID = Microsoft.PowerShell\\n\\n\\nUser Data:\\n\\n","record_id":17111}}
{"schema_version":"1.0","record_type":"powershell","timestamp_utc":"2026-08-11T15:14:47Z","host":"purplelab-win-client.purplelab.local","user":"S-1-5-21-1898955512-2253536272-2216333128-1103","provider":"Microsoft-Windows-PowerShell","run_id":"run-001","label":"attack","source":{"raw_file":"C:\\CyberRangers\\evidence\\it\\runs\\run-001\\raw\\windows-client\\EventLog_Microsoft-Windows-PowerShell_Operational.csv","raw_row":113},"data":{"event_id":4103,"event_type":"module_pipeline","script_text":"CommandInvocation(Export-Csv): \"Export-Csv\"\\nParameterBinding(Export-Csv): name=\"Path\"; value=\"C:\\CyberRangers\\evidence\\it\\runs\\run-001\\raw\\windows-client\\run_it_vector.csv\"\\nParameterBinding(Export-Csv): name=\"NoTypeInformation\"; value=\"True\"\\nParameterBinding(Export-Csv): name=\"Append\"; value=\"True\"\\nParameterBinding(Export-Csv): name=\"InputObject\"; value=\"@{timestamp_utc=2026-08-11T15:14:47.8134956Z; run_id=run-001; phase=discovery; status=STARTED; details=Step started.}\"\\n\\n\\nContext:\\n        Severity = Informational\\n        Host Name = ConsoleHost\\n        Host Version = 5.1.26100.8875\\n        Host ID = a02d10d4-ac40-4a73-bdd1-bb8bb54ffa68\\n        Host Application = C:\\WINDOWS\\System32\\WindowsPowerShell\\v1.0\\powershell.exe\\n        Engine Version = 5.1.26100.8875\\n        Runspace ID = 4c42a43a-9e18-42e7-82d5-39afd17cf314\\n        Pipeline ID = 43\\n        Command Name = Export-Csv\\n        Command Type = Cmdlet\\n        Script Name = Z:\\windows\\run_it_vector.ps1\\n        Command Path = \\n        Sequence Number = 2639\\n        User = PURPLELAB\\jdoe\\n        Connected User = \\n        Shell ID = Microsoft.PowerShell\\n\\n\\nUser Data:\\n\\n","record_id":17112}}
{"schema_version":"1.0","record_type":"powershell","timestamp_utc":"2026-08-11T15:14:47Z","host":"purplelab-win-client.purplelab.local","user":"S-1-5-21-1898955512-2253536272-2216333128-1103","provider":"Microsoft-Windows-PowerShell","run_id":"run-001","label":"attack","source":{"raw_file":"C:\\CyberRangers\\evidence\\it\\runs\\run-001\\raw\\windows-client\\EventLog_Microsoft-Windows-PowerShell_Operational.csv","raw_row":114},"data":{"event_id":4104,"event_type":"script_block","script_text":"Creating Scriptblock text (1 of 1):\\n{\\n        & $DiscoveryScript `\\n            -RunId $RunId `\\n            -OutputDirectory $DiscoveryRoot\\n    }\\n\\nScriptBlock ID: d99f336a-96d1-40b3-9dc0-5a23871678b7\\nPath: Z:\\windows\\run_it_vector.ps1","record_id":17113}}
{"schema_version":"1.0","record_type":"powershell","timestamp_utc":"2026-08-11T15:14:47Z","host":"purplelab-win-client.purplelab.local","user":"S-1-5-21-1898955512-2253536272-2216333128-1103","provider":"Microsoft-Windows-PowerShell","run_id":"run-001","label":"attack","source":{"raw_file":"C:\\CyberRangers\\evidence\\it\\runs\\run-001\\raw\\windows-client\\EventLog_Microsoft-Windows-PowerShell_Operational.csv","raw_row":115},"data":{"event_id":4103,"event_type":"module_pipeline","script_text":"CommandInvocation(Set-StrictMode): \"Set-StrictMode\"\\nParameterBinding(Set-StrictMode): name=\"Version\"; value=\"5.1.26100.8875\"\\n\\n\\nContext:\\n        Severity = Informational\\n        Host Name = ConsoleHost\\n        Host Version = 5.1.26100.8875\\n        Host ID = a02d10d4-ac40-4a73-bdd1-bb8bb54ffa68\\n        Host Application = C:\\WINDOWS\\System32\\WindowsPowerShell\\v1.0\\powershell.exe\\n        Engine Version = 5.1.26100.8875\\n        Runspace ID = 4c42a43a-9e18-42e7-82d5-39afd17cf314\\n        Pipeline ID = 43\\n        Command Name = Set-StrictMode\\n        Command Type = Cmdlet\\n        Script Name = Z:\\windows\\win_discovery.ps1\\n        Command Path = \\n        Sequence Number = 2641\\n        User = PURPLELAB\\jdoe\\n        Connected User = \\n        Shell ID = Microsoft.PowerShell\\n\\n\\nUser Data:\\n\\n","record_id":17114}}
{"schema_version":"1.0","record_type":"powershell","timestamp_utc":"2026-08-11T15:14:47Z","host":"purplelab-win-client.purplelab.local","user":"S-1-5-21-1898955512-2253536272-2216333128-1103","provider":"Microsoft-Windows-PowerShell","run_id":"run-001","label":"attack","source":{"raw_file":"C:\\CyberRangers\\evidence\\it\\runs\\run-001\\raw\\windows-client\\EventLog_Microsoft-Windows-PowerShell_Operational.csv","raw_row":116},"data":{"event_id":4103,"event_type":"module_pipeline","script_text":"CommandInvocation(Test-Path): \"Test-Path\"\\nParameterBinding(Test-Path): name=\"LiteralPath\"; value=\"C:\\CyberRangers\\evidence\\it\\runs\\run-001\\raw\\windows-client\\discovery\"\\n\\n\\nContext:\\n        Severity = Informational\\n        Host Name = ConsoleHost\\n        Host Version = 5.1.26100.8875\\n        Host ID = a02d10d4-ac40-4a73-bdd1-bb8bb54ffa68\\n        Host Application = C:\\WINDOWS\\System32\\WindowsPowerShell\\v1.0\\powershell.exe\\n        Engine Version = 5.1.26100.8875\\n        Runspace ID = 4c42a43a-9e18-42e7-82d5-39afd17cf314\\n        Pipeline ID = 43\\n        Command Name = Test-Path\\n        Command Type = Cmdlet\\n        Script Name = Z:\\windows\\win_discovery.ps1\\n        Command Path = \\n        Sequence Number = 2643\\n        User = PURPLELAB\\jdoe\\n        Connected User = \\n        Shell ID = Microsoft.PowerShell\\n\\n\\nUser Data:\\n\\n","record_id":17115}}
{"schema_version":"1.0","record_type":"powershell","timestamp_utc":"2026-08-11T15:14:47Z","host":"purplelab-win-client.purplelab.local","user":"S-1-5-21-1898955512-2253536272-2216333128-1103","provider":"Microsoft-Windows-PowerShell","run_id":"run-001","label":"attack","source":{"raw_file":"C:\\CyberRangers\\evidence\\it\\runs\\run-001\\raw\\windows-client\\EventLog_Microsoft-Windows-PowerShell_Operational.csv","raw_row":117},"data":{"event_id":4103,"event_type":"module_pipeline","script_text":"CommandInvocation(Test-Path): \"Test-Path\"\\nParameterBinding(Test-Path): name=\"LiteralPath\"; value=\"C:\\CyberRangers\\evidence\\it\\runs\\run-001\\raw\\windows-client\\discovery\"\\nParameterBinding(Test-Path): name=\"PathType\"; value=\"Container\"\\n\\n\\nContext:\\n        Severity = Informational\\n        Host Name = ConsoleHost\\n        Host Version = 5.1.26100.8875\\n        Host ID = a02d10d4-ac40-4a73-bdd1-bb8bb54ffa68\\n        Host Application = C:\\WINDOWS\\System32\\WindowsPowerShell\\v1.0\\powershell.exe\\n        Engine Version = 5.1.26100.8875\\n        Runspace ID = 4c42a43a-9e18-42e7-82d5-39afd17cf314\\n        Pipeline ID = 43\\n        Command Name = Test-Path\\n        Command Type = Cmdlet\\n        Script Name = Z:\\windows\\win_discovery.ps1\\n        Command Path = \\n        Sequence Number = 2645\\n        User = PURPLELAB\\jdoe\\n        Connected User = \\n        Shell ID = Microsoft.PowerShell\\n\\n\\nUser Data:\\n\\n","record_id":17116}}
{"schema_version":"1.0","record_type":"powershell","timestamp_utc":"2026-08-11T15:14:47Z","host":"purplelab-win-client.purplelab.local","user":"S-1-5-21-1898955512-2253536272-2216333128-1103","provider":"Microsoft-Windows-PowerShell","run_id":"run-001","label":"attack","source":{"raw_file":"C:\\CyberRangers\\evidence\\it\\runs\\run-001\\raw\\windows-client\\EventLog_Microsoft-Windows-PowerShell_Operational.csv","raw_row":118},"data":{"event_id":4103,"event_type":"module_pipeline","script_text":"CommandInvocation(Resolve-Path): \"Resolve-Path\"\\nParameterBinding(Resolve-Path): name=\"LiteralPath\"; value=\"C:\\CyberRangers\\evidence\\it\\runs\\run-001\\raw\\windows-client\\discovery\"\\n\\n\\nContext:\\n        Severity = Informational\\n        Host Name = ConsoleHost\\n        Host Version = 5.1.26100.8875\\n        Host ID = a02d10d4-ac40-4a73-bdd1-bb8bb54ffa68\\n        Host Application = C:\\WINDOWS\\System32\\WindowsPowerShell\\v1.0\\powershell.exe\\n        Engine Version = 5.1.26100.8875\\n        Runspace ID = 4c42a43a-9e18-42e7-82d5-39afd17cf314\\n        Pipeline ID = 43\\n        Command Name = Resolve-Path\\n        Command Type = Cmdlet\\n        Script Name = Z:\\windows\\win_discovery.ps1\\n        Command Path = \\n        Sequence Number = 2647\\n        User = PURPLELAB\\jdoe\\n        Connected User = \\n        Shell ID = Microsoft.PowerShell\\n\\n\\nUser Data:\\n\\n","record_id":17117}}
{"schema_version":"1.0","record_type":"powershell","timestamp_utc":"2026-08-11T15:14:47Z","host":"purplelab-win-client.purplelab.local","user":"S-1-5-21-1898955512-2253536272-2216333128-1103","provider":"Microsoft-Windows-PowerShell","run_id":"run-001","label":"attack","source":{"raw_file":"C:\\CyberRangers\\evidence\\it\\runs\\run-001\\raw\\windows-client\\EventLog_Microsoft-Windows-PowerShell_Operational.csv","raw_row":119},"data":{"event_id":4103,"event_type":"module_pipeline","script_text":"CommandInvocation(Get-Date): \"Get-Date\"\\n\\n\\nContext:\\n        Severity = Informational\\n        Host Name = ConsoleHost\\n        Host Version = 5.1.26100.8875\\n        Host ID = a02d10d4-ac40-4a73-bdd1-bb8bb54ffa68\\n        Host Application = C:\\WINDOWS\\System32\\WindowsPowerShell\\v1.0\\powershell.exe\\n        Engine Version = 5.1.26100.8875\\n        Runspace ID = 4c42a43a-9e18-42e7-82d5-39afd17cf314\\n        Pipeline ID = 43\\n        Command Name = Get-Date\\n        Command Type = Cmdlet\\n        Script Name = Z:\\windows\\win_discovery.ps1\\n        Command Path = \\n        Sequence Number = 2649\\n        User = PURPLELAB\\jdoe\\n        Connected User = \\n        Shell ID = Microsoft.PowerShell\\n\\n\\nUser Data:\\n\\n","record_id":17118}}
{"schema_version":"1.0","record_type":"powershell","timestamp_utc":"2026-08-11T15:14:47Z","host":"purplelab-win-client.purplelab.local","user":"S-1-5-21-1898955512-2253536272-2216333128-1103","provider":"Microsoft-Windows-PowerShell","run_id":"run-001","label":"attack","source":{"raw_file":"C:\\CyberRangers\\evidence\\it\\runs\\run-001\\raw\\windows-client\\EventLog_Microsoft-Windows-PowerShell_Operational.csv","raw_row":120},"data":{"event_id":4103,"event_type":"module_pipeline","script_text":"CommandInvocation(New-Item): \"New-Item\"\\nParameterBinding(New-Item): name=\"ItemType\"; value=\"Directory\"\\nParameterBinding(New-Item): name=\"Path\"; value=\"C:\\CyberRangers\\evidence\\it\\runs\\run-001\\raw\\windows-client\\discovery\"\\nParameterBinding(New-Item): name=\"Force\"; value=\"True\"\\nCommandInvocation(Out-Null): \"Out-Null\"\\nParameterBinding(Out-Null): name=\"InputObject\"; value=\"C:\\CyberRangers\\evidence\\it\\runs\\run-001\\raw\\windows-client\\discovery\"\\n\\n\\nContext:\\n        Severity = Informational\\n        Host Name = ConsoleHost\\n        Host Version = 5.1.26100.8875\\n        Host ID = a02d10d4-ac40-4a73-bdd1-bb8bb54ffa68\\n        Host Application = C:\\WINDOWS\\System32\\WindowsPowerShell\\v1.0\\powershell.exe\\n        Engine Version = 5.1.26100.8875\\n        Runspace ID = 4c42a43a-9e18-42e7-82d5-39afd17cf314\\n        Pipeline ID = 43\\n        Command Name = New-Item\\n        Command Type = Cmdlet\\n        Script Name = Z:\\windows\\win_discovery.ps1\\n        Command Path = \\n        Sequence Number = 2651\\n        User = PURPLELAB\\jdoe\\n        Connected User = \\n        Shell ID = Microsoft.PowerShell\\n\\n\\nUser Data:\\n\\n","record_id":17119}}
{"schema_version":"1.0","record_type":"powershell","timestamp_utc":"2026-08-11T15:14:47Z","host":"purplelab-win-client.purplelab.local","user":"S-1-5-21-1898955512-2253536272-2216333128-1103","provider":"Microsoft-Windows-PowerShell","run_id":"run-001","label":"attack","source":{"raw_file":"C:\\CyberRangers\\evidence\\it\\runs\\run-001\\raw\\windows-client\\EventLog_Microsoft-Windows-PowerShell_Operational.csv","raw_row":121},"data":{"event_id":4103,"event_type":"module_pipeline","script_text":"CommandInvocation(Resolve-Path): \"Resolve-Path\"\\nParameterBinding(Resolve-Path): name=\"LiteralPath\"; value=\"C:\\CyberRangers\\evidence\\it\\runs\\run-001\\raw\\windows-client\\discovery\"\\n\\n\\nContext:\\n        Severity = Informational\\n        Host Name = ConsoleHost\\n        Host Version = 5.1.26100.8875\\n        Host ID = a02d10d4-ac40-4a73-bdd1-bb8bb54ffa68\\n        Host Application = C:\\WINDOWS\\System32\\WindowsPowerShell\\v1.0\\powershell.exe\\n        Engine Version = 5.1.26100.8875\\n        Runspace ID = 4c42a43a-9e18-42e7-82d5-39afd17cf314\\n        Pipeline ID = 43\\n        Command Name = Resolve-Path\\n        Command Type = Cmdlet\\n        Script Name = Z:\\windows\\win_discovery.ps1\\n        Command Path = \\n        Sequence Number = 2653\\n        User = PURPLELAB\\jdoe\\n        Connected User = \\n        Shell ID = Microsoft.PowerShell\\n\\n\\nUser Data:\\n\\n","record_id":17120}}
{"schema_version":"1.0","record_type":"powershell","timestamp_utc":"2026-08-11T15:14:47Z","host":"purplelab-win-client.purplelab.local","user":"S-1-5-21-1898955512-2253536272-2216333128-1103","provider":"Microsoft-Windows-PowerShell","run_id":"run-001","label":"attack","source":{"raw_file":"C:\\CyberRangers\\evidence\\it\\runs\\run-001\\raw\\windows-client\\EventLog_Microsoft-Windows-PowerShell_Operational.csv","raw_row":122},"data":{"event_id":4103,"event_type":"module_pipeline","script_text":"CommandInvocation(Join-Path): \"Join-Path\"\\nParameterBinding(Join-Path): name=\"Path\"; value=\"C:\\CyberRangers\\evidence\\it\\runs\\run-001\\raw\\windows-client\\discovery\"\\nParameterBinding(Join-Path): name=\"ChildPath\"; value=\"00_run-metadata.json\"\\n\\n\\nContext:\\n        Severity = Informational\\n        Host Name = ConsoleHost\\n        Host Version = 5.1.26100.8875\\n        Host ID = a02d10d4-ac40-4a73-bdd1-bb8bb54ffa68\\n        Host Application = C:\\WINDOWS\\System32\\WindowsPowerShell\\v1.0\\powershell.exe\\n        Engine Version = 5.1.26100.8875\\n        Runspace ID = 4c42a43a-9e18-42e7-82d5-39afd17cf314\\n        Pipeline ID = 43\\n        Command Name = Join-Path\\n        Command Type = Cmdlet\\n        Script Name = Z:\\windows\\win_discovery.ps1\\n        Command Path = \\n        Sequence Number = 2655\\n        User = PURPLELAB\\jdoe\\n        Connected User = \\n        Shell ID = Microsoft.PowerShell\\n\\n\\nUser Data:\\n\\n","record_id":17121}}
{"schema_version":"1.0","record_type":"powershell","timestamp_utc":"2026-08-11T15:14:47Z","host":"purplelab-win-client.purplelab.local","user":"S-1-5-21-1898955512-2253536272-2216333128-1103","provider":"Microsoft-Windows-PowerShell","run_id":"run-001","label":"attack","source":{"raw_file":"C:\\CyberRangers\\evidence\\it\\runs\\run-001\\raw\\windows-client\\EventLog_Microsoft-Windows-PowerShell_Operational.csv","raw_row":123},"data":{"event_id":4103,"event_type":"module_pipeline","script_text":"CommandInvocation(Test-Path): \"Test-Path\"\\nParameterBinding(Test-Path): name=\"Path\"; value=\"C:\\CyberRangers\\evidence\\it\\runs\\run-001\\raw\\windows-client\\discovery\\00_run-metadata.json\"\\n\\n\\nContext:\\n        Severity = Informational\\n        Host Name = ConsoleHost\\n        Host Version = 5.1.26100.8875\\n        Host ID = a02d10d4-ac40-4a73-bdd1-bb8bb54ffa68\\n        Host Application = C:\\WINDOWS\\System32\\WindowsPowerShell\\v1.0\\powershell.exe\\n        Engine Version = 5.1.26100.8875\\n        Runspace ID = 4c42a43a-9e18-42e7-82d5-39afd17cf314\\n        Pipeline ID = 43\\n        Command Name = Test-Path\\n        Command Type = Cmdlet\\n        Script Name = Z:\\windows\\win_discovery.ps1\\n        Command Path = \\n        Sequence Number = 2657\\n        User = PURPLELAB\\jdoe\\n        Connected User = \\n        Shell ID = Microsoft.PowerShell\\n\\n\\nUser Data:\\n\\n","record_id":17122}}
{"schema_version":"1.0","record_type":"powershell","timestamp_utc":"2026-08-11T15:14:47Z","host":"purplelab-win-client.purplelab.local","user":"S-1-5-21-1898955512-2253536272-2216333128-1103","provider":"Microsoft-Windows-PowerShell","run_id":"run-001","label":"attack","source":{"raw_file":"C:\\CyberRangers\\evidence\\it\\runs\\run-001\\raw\\windows-client\\EventLog_Microsoft-Windows-PowerShell_Operational.csv","raw_row":124},"data":{"event_id":4103,"event_type":"module_pipeline","script_text":"CommandInvocation(ConvertTo-Json): \"ConvertTo-Json\"\\nParameterBinding(ConvertTo-Json): name=\"Depth\"; value=\"6\"\\nCommandInvocation(Set-Content): \"Set-Content\"\\nParameterBinding(Set-Content): name=\"LiteralPath\"; value=\"C:\\CyberRangers\\evidence\\it\\runs\\run-001\\raw\\windows-client\\discovery\\00_run-metadata.json\"\\nParameterBinding(Set-Content): name=\"Encoding\"; value=\"UTF8\"\\nParameterBinding(ConvertTo-Json): name=\"InputObject\"; value=\"System.Collections.Specialized.OrderedDictionary\"\\nParameterBinding(Set-Content): name=\"Value\"; value=\"{\\n    \"project\":  \"Project Janus\",\\n    \"script\":  \"win_discovery.ps1\",\\n    \"run_id\":  \"run-001\",\\n    \"started_utc\":  \"2026-08-11T15:14:47.8945701Z\",\\n    \"collector_host\":  \"PURPLELAB-WIN-C\",\\n    \"collector_user\":  \"PURPLELAB\\\\jdoe\",\\n    \"run_directory\":  \"C:\\\\CyberRangers\\\\evidence\\\\it\\\\runs\\\\run-001\\\\raw\\\\windows-client\\\\discovery\",\\n    \"mode\":  \"local_read_only_discovery\"\\n}, ...\"\\n\\n\\nContext:\\n        Severity = Informational\\n        Host Name = ConsoleHost\\n        Host Version = 5.1.26100.8875\\n        Host ID = a02d10d4-ac40-4a73-bdd1-bb8bb54ffa68\\n        Host Application = C:\\WINDOWS\\System32\\WindowsPowerShell\\v1.0\\powershell.exe\\n        Engine Version = 5.1.26100.8875\\n        Runspace ID = 4c42a43a-9e18-42e7-82d5-39afd17cf314\\n        Pipeline ID = 43\\n        Command Name = ConvertTo-Json\\n        Command Type = Cmdlet\\n        Script Name = Z:\\windows\\win_discovery.ps1\\n        Command Path = \\n        Sequence Number = 2659\\n        User = PURPLELAB\\jdoe\\n        Connected User = \\n        Shell ID = Microsoft.PowerShell\\n\\n\\nUser Data:\\n\\n","record_id":17123}}
{"schema_version":"1.0","record_type":"powershell","timestamp_utc":"2026-08-11T15:14:48Z","host":"purplelab-win-client.purplelab.local","user":"S-1-5-21-1898955512-2253536272-2216333128-1103","provider":"Microsoft-Windows-PowerShell","run_id":"run-001","label":"attack","source":{"raw_file":"C:\\CyberRangers\\evidence\\it\\runs\\run-001\\raw\\windows-client\\EventLog_Microsoft-Windows-PowerShell_Operational.csv","raw_row":125},"data":{"event_id":4103,"event_type":"module_pipeline","script_text":"CommandInvocation(Get-CimInstance): \"Get-CimInstance\"\\nParameterBinding(Get-CimInstance): name=\"ClassName\"; value=\"Win32_ComputerSystem\"\\n\\n\\nContext:\\n        Severity = Informational\\n        Host Name = ConsoleHost\\n        Host Version = 5.1.26100.8875\\n        Host ID = a02d10d4-ac40-4a73-bdd1-bb8bb54ffa68\\n        Host Application = C:\\WINDOWS\\System32\\WindowsPowerShell\\v1.0\\powershell.exe\\n        Engine Version = 5.1.26100.8875\\n        Runspace ID = 4c42a43a-9e18-42e7-82d5-39afd17cf314\\n        Pipeline ID = 43\\n        Command Name = Get-CimInstance\\n        Command Type = Cmdlet\\n        Script Name = Z:\\windows\\win_discovery.ps1\\n        Command Path = \\n        Sequence Number = 2661\\n        User = PURPLELAB\\jdoe\\n        Connected User = \\n        Shell ID = Microsoft.PowerShell\\n\\n\\nUser Data:\\n\\n","record_id":17124}}
{"schema_version":"1.0","record_type":"powershell","timestamp_utc":"2026-08-11T15:14:48Z","host":"purplelab-win-client.purplelab.local","user":"S-1-5-21-1898955512-2253536272-2216333128-1103","provider":"Microsoft-Windows-PowerShell","run_id":"run-001","label":"attack","source":{"raw_file":"C:\\CyberRangers\\evidence\\it\\runs\\run-001\\raw\\windows-client\\EventLog_Microsoft-Windows-PowerShell_Operational.csv","raw_row":126},"data":{"event_id":4103,"event_type":"module_pipeline","script_text":"CommandInvocation(Get-CimInstance): \"Get-CimInstance\"\\nParameterBinding(Get-CimInstance): name=\"ClassName\"; value=\"Win32_OperatingSystem\"\\n\\n\\nContext:\\n        Severity = Informational\\n        Host Name = ConsoleHost\\n        Host Version = 5.1.26100.8875\\n        Host ID = a02d10d4-ac40-4a73-bdd1-bb8bb54ffa68\\n        Host Application = C:\\WINDOWS\\System32\\WindowsPowerShell\\v1.0\\powershell.exe\\n        Engine Version = 5.1.26100.8875\\n        Runspace ID = 4c42a43a-9e18-42e7-82d5-39afd17cf314\\n        Pipeline ID = 43\\n        Command Name = Get-CimInstance\\n        Command Type = Cmdlet\\n        Script Name = Z:\\windows\\win_discovery.ps1\\n        Command Path = \\n        Sequence Number = 2663\\n        User = PURPLELAB\\jdoe\\n        Connected User = \\n        Shell ID = Microsoft.PowerShell\\n\\n\\nUser Data:\\n\\n","record_id":17125}}
