{"schema_version":"1.0","record_type":"process_creation","timestamp_utc":"2026-08-12T14:33:48Z","host":"purplelab-win-client.purplelab.local","user":"PURPLELAB\\jdoe","provider":"Microsoft-Windows-Sysmon","run_id":"run-001","label":"baseline","source":{"raw_file":"C:\\CyberRangers\\evidence\\it\\baselines\\run-001\\raw\\windows-client\\EventLog_Microsoft-Windows-Sysmon_Operational.csv","raw_row":217},"data":{"event_id":1,"process_image":"C:\\Windows\\System32\\hostname.exe","process_id":2480,"parent_image":"C:\\Windows\\System32\\WindowsPowerShell\\v1.0\\powershell.exe","parent_process_id":4120,"command_line":"hostname"}}
{"schema_version":"1.0","record_type":"process_creation","timestamp_utc":"2026-08-12T14:33:48Z","host":"purplelab-win-client.purplelab.local","user":"PURPLELAB\\jdoe","provider":"Microsoft-Windows-Sysmon","run_id":"run-001","label":"baseline","source":{"raw_file":"C:\\CyberRangers\\evidence\\it\\baselines\\run-001\\raw\\windows-client\\EventLog_Microsoft-Windows-Sysmon_Operational.csv","raw_row":218},"data":{"event_id":1,"process_image":"C:\\Windows\\System32\\ipconfig.exe","process_id":1996,"parent_image":"C:\\Windows\\System32\\WindowsPowerShell\\v1.0\\powershell.exe","parent_process_id":4120,"command_line":"ipconfig /all"}}
{"schema_version":"1.0","record_type":"powershell","timestamp_utc":"2026-08-12T14:33:49Z","host":"purplelab-win-client.purplelab.local","user":"S-1-5-21-1898955512-2253536272-2216333128-1103","provider":"Microsoft-Windows-PowerShell","run_id":"run-001","label":"baseline","source":{"raw_file":"C:\\CyberRangers\\evidence\\it\\baselines\\run-001\\raw\\windows-client\\EventLog_Microsoft-Windows-PowerShell_Operational.csv","raw_row":219},"data":{"event_id":4103,"event_type":"module_pipeline","script_text":"CommandInvocation(tasklist): \"tasklist\"\n\nContext:\n        Severity = Informational\n        Host Name = ConsoleHost\n        Host Version = 5.1.26100.8875\n        Host Application = C:\\WINDOWS\\System32\\WindowsPowerShell\\v1.0\\powershell.exe\n        Engine Version = 5.1.26100.8875\n        Pipeline ID = 110\n        Command Name = tasklist\n        Command Type = Application\n        User = PURPLELAB\\jdoe\n","record_id":23219}}
{"schema_version":"1.0","record_type":"powershell","timestamp_utc":"2026-08-12T14:33:49Z","host":"purplelab-win-client.purplelab.local","user":"S-1-5-21-1898955512-2253536272-2216333128-1103","provider":"Microsoft-Windows-PowerShell","run_id":"run-001","label":"baseline","source":{"raw_file":"C:\\CyberRangers\\evidence\\it\\baselines\\run-001\\raw\\windows-client\\EventLog_Microsoft-Windows-PowerShell_Operational.csv","raw_row":220},"data":{"event_id":4103,"event_type":"module_pipeline","script_text":"CommandInvocation(nslookup): \"nslookup\"\n\nContext:\n        Severity = Informational\n        Host Name = ConsoleHost\n        Host Version = 5.1.26100.8875\n        Host Application = C:\\WINDOWS\\System32\\WindowsPowerShell\\v1.0\\powershell.exe\n        Engine Version = 5.1.26100.8875\n        Pipeline ID = 110\n        Command Name = nslookup\n        Command Type = Application\n        User = PURPLELAB\\jdoe\n","record_id":23220}}
{"schema_version":"1.0","record_type":"process_creation","timestamp_utc":"2026-08-12T14:33:49Z","host":"purplelab-win-client.purplelab.local","user":"PURPLELAB\\jdoe","provider":"Microsoft-Windows-Sysmon","run_id":"run-001","label":"baseline","source":{"raw_file":"C:\\CyberRangers\\evidence\\it\\baselines\\run-001\\raw\\windows-client\\EventLog_Microsoft-Windows-Sysmon_Operational.csv","raw_row":219},"data":{"event_id":1,"process_image":"C:\\Windows\\System32\\tasklist.exe","process_id":5220,"parent_image":"C:\\Windows\\System32\\WindowsPowerShell\\v1.0\\powershell.exe","parent_process_id":4120,"command_line":"tasklist /fo csv"}}
{"schema_version":"1.0","record_type":"process_creation","timestamp_utc":"2026-08-12T14:33:49Z","host":"purplelab-win-client.purplelab.local","user":"PURPLELAB\\jdoe","provider":"Microsoft-Windows-Sysmon","run_id":"run-001","label":"baseline","source":{"raw_file":"C:\\CyberRangers\\evidence\\it\\baselines\\run-001\\raw\\windows-client\\EventLog_Microsoft-Windows-Sysmon_Operational.csv","raw_row":220},"data":{"event_id":1,"process_image":"C:\\Windows\\System32\\nslookup.exe","process_id":7264,"parent_image":"C:\\Windows\\System32\\WindowsPowerShell\\v1.0\\powershell.exe","parent_process_id":4120,"command_line":"nslookup purplelab.local"}}
{"schema_version":"1.0","record_type":"powershell","timestamp_utc":"2026-08-12T14:33:50Z","host":"purplelab-win-client.purplelab.local","user":"S-1-5-21-1898955512-2253536272-2216333128-1103","provider":"Microsoft-Windows-PowerShell","run_id":"run-001","label":"baseline","source":{"raw_file":"C:\\CyberRangers\\evidence\\it\\baselines\\run-001\\raw\\windows-client\\EventLog_Microsoft-Windows-PowerShell_Operational.csv","raw_row":221},"data":{"event_id":4103,"event_type":"module_pipeline","script_text":"CommandInvocation(cmd): \"cmd\"\n\nContext:\n        Severity = Informational\n        Host Name = ConsoleHost\n        Host Version = 5.1.26100.8875\n        Host Application = C:\\WINDOWS\\System32\\WindowsPowerShell\\v1.0\\powershell.exe\n        Engine Version = 5.1.26100.8875\n        Pipeline ID = 111\n        Command Name = cmd\n        Command Type = Application\n        User = PURPLELAB\\jdoe\n","record_id":23221}}
{"schema_version":"1.0","record_type":"powershell","timestamp_utc":"2026-08-12T14:33:50Z","host":"purplelab-win-client.purplelab.local","user":"S-1-5-21-1898955512-2253536272-2216333128-1103","provider":"Microsoft-Windows-PowerShell","run_id":"run-001","label":"baseline","source":{"raw_file":"C:\\CyberRangers\\evidence\\it\\baselines\\run-001\\raw\\windows-client\\EventLog_Microsoft-Windows-PowerShell_Operational.csv","raw_row":222},"data":{"event_id":4103,"event_type":"module_pipeline","script_text":"CommandInvocation(whoami): \"whoami\"\n\nContext:\n        Severity = Informational\n        Host Name = ConsoleHost\n        Host Version = 5.1.26100.8875\n        Host Application = C:\\WINDOWS\\System32\\WindowsPowerShell\\v1.0\\powershell.exe\n        Engine Version = 5.1.26100.8875\n        Pipeline ID = 111\n        Command Name = whoami\n        Command Type = Application\n        User = PURPLELAB\\jdoe\n","record_id":23222}}
{"schema_version":"1.0","record_type":"process_creation","timestamp_utc":"2026-08-12T14:33:50Z","host":"purplelab-win-client.purplelab.local","user":"PURPLELAB\\jdoe","provider":"Microsoft-Windows-Sysmon","run_id":"run-001","label":"baseline","source":{"raw_file":"C:\\CyberRangers\\evidence\\it\\baselines\\run-001\\raw\\windows-client\\EventLog_Microsoft-Windows-Sysmon_Operational.csv","raw_row":221},"data":{"event_id":1,"process_image":"C:\\Windows\\System32\\cmd.exe","process_id":9512,"parent_image":"C:\\Windows\\explorer.exe","parent_process_id":3488,"command_line":"cmd.exe /c echo routine workstation check"}}
{"schema_version":"1.0","record_type":"process_creation","timestamp_utc":"2026-08-12T14:33:50Z","host":"purplelab-win-client.purplelab.local","user":"PURPLELAB\\jdoe","provider":"Microsoft-Windows-Sysmon","run_id":"run-001","label":"baseline","source":{"raw_file":"C:\\CyberRangers\\evidence\\it\\baselines\\run-001\\raw\\windows-client\\EventLog_Microsoft-Windows-Sysmon_Operational.csv","raw_row":222},"data":{"event_id":1,"process_image":"C:\\Windows\\System32\\whoami.exe","process_id":4820,"parent_image":"C:\\Windows\\System32\\WindowsPowerShell\\v1.0\\powershell.exe","parent_process_id":4120,"command_line":"whoami"}}
{"schema_version":"1.0","record_type":"powershell","timestamp_utc":"2026-08-12T14:33:51Z","host":"purplelab-win-client.purplelab.local","user":"S-1-5-21-1898955512-2253536272-2216333128-1103","provider":"Microsoft-Windows-PowerShell","run_id":"run-001","label":"baseline","source":{"raw_file":"C:\\CyberRangers\\evidence\\it\\baselines\\run-001\\raw\\windows-client\\EventLog_Microsoft-Windows-PowerShell_Operational.csv","raw_row":223},"data":{"event_id":4103,"event_type":"module_pipeline","script_text":"CommandInvocation(hostname): \"hostname\"\n\nContext:\n        Severity = Informational\n        Host Name = ConsoleHost\n        Host Version = 5.1.26100.8875\n        Host Application = C:\\WINDOWS\\System32\\WindowsPowerShell\\v1.0\\powershell.exe\n        Engine Version = 5.1.26100.8875\n        Pipeline ID = 112\n        Command Name = hostname\n        Command Type = Application\n        User = PURPLELAB\\jdoe\n","record_id":23223}}
{"schema_version":"1.0","record_type":"powershell","timestamp_utc":"2026-08-12T14:33:51Z","host":"purplelab-win-client.purplelab.local","user":"S-1-5-21-1898955512-2253536272-2216333128-1103","provider":"Microsoft-Windows-PowerShell","run_id":"run-001","label":"baseline","source":{"raw_file":"C:\\CyberRangers\\evidence\\it\\baselines\\run-001\\raw\\windows-client\\EventLog_Microsoft-Windows-PowerShell_Operational.csv","raw_row":224},"data":{"event_id":4103,"event_type":"module_pipeline","script_text":"CommandInvocation(ipconfig): \"ipconfig\"\n\nContext:\n        Severity = Informational\n        Host Name = ConsoleHost\n        Host Version = 5.1.26100.8875\n        Host Application = C:\\WINDOWS\\System32\\WindowsPowerShell\\v1.0\\powershell.exe\n        Engine Version = 5.1.26100.8875\n        Pipeline ID = 112\n        Command Name = ipconfig\n        Command Type = Application\n        User = PURPLELAB\\jdoe\n","record_id":23224}}
{"schema_version":"1.0","record_type":"process_creation","timestamp_utc":"2026-08-12T14:33:51Z","host":"purplelab-win-client.purplelab.local","user":"PURPLELAB\\jdoe","provider":"Microsoft-Windows-Sysmon","run_id":"run-001","label":"baseline","source":{"raw_file":"C:\\CyberRangers\\evidence\\it\\baselines\\run-001\\raw\\windows-client\\EventLog_Microsoft-Windows-Sysmon_Operational.csv","raw_row":223},"data":{"event_id":1,"process_image":"C:\\Windows\\System32\\hostname.exe","process_id":7932,"parent_image":"C:\\Windows\\System32\\WindowsPowerShell\\v1.0\\powershell.exe","parent_process_id":4120,"command_line":"hostname"}}
{"schema_version":"1.0","record_type":"process_creation","timestamp_utc":"2026-08-12T14:33:51Z","host":"purplelab-win-client.purplelab.local","user":"PURPLELAB\\jdoe","provider":"Microsoft-Windows-Sysmon","run_id":"run-001","label":"baseline","source":{"raw_file":"C:\\CyberRangers\\evidence\\it\\baselines\\run-001\\raw\\windows-client\\EventLog_Microsoft-Windows-Sysmon_Operational.csv","raw_row":224},"data":{"event_id":1,"process_image":"C:\\Windows\\System32\\ipconfig.exe","process_id":5552,"parent_image":"C:\\Windows\\System32\\WindowsPowerShell\\v1.0\\powershell.exe","parent_process_id":4120,"command_line":"ipconfig /all"}}
{"schema_version":"1.0","record_type":"powershell","timestamp_utc":"2026-08-12T14:33:52Z","host":"purplelab-win-client.purplelab.local","user":"S-1-5-21-1898955512-2253536272-2216333128-1103","provider":"Microsoft-Windows-PowerShell","run_id":"run-001","label":"baseline","source":{"raw_file":"C:\\CyberRangers\\evidence\\it\\baselines\\run-001\\raw\\windows-client\\EventLog_Microsoft-Windows-PowerShell_Operational.csv","raw_row":225},"data":{"event_id":4103,"event_type":"module_pipeline","script_text":"CommandInvocation(tasklist): \"tasklist\"\n\nContext:\n        Severity = Informational\n        Host Name = ConsoleHost\n        Host Version = 5.1.26100.8875\n        Host Application = C:\\WINDOWS\\System32\\WindowsPowerShell\\v1.0\\powershell.exe\n        Engine Version = 5.1.26100.8875\n        Pipeline ID = 113\n        Command Name = tasklist\n        Command Type = Application\n        User = PURPLELAB\\jdoe\n","record_id":23225}}
{"schema_version":"1.0","record_type":"powershell","timestamp_utc":"2026-08-12T14:33:52Z","host":"purplelab-win-client.purplelab.local","user":"S-1-5-21-1898955512-2253536272-2216333128-1103","provider":"Microsoft-Windows-PowerShell","run_id":"run-001","label":"baseline","source":{"raw_file":"C:\\CyberRangers\\evidence\\it\\baselines\\run-001\\raw\\windows-client\\EventLog_Microsoft-Windows-PowerShell_Operational.csv","raw_row":226},"data":{"event_id":4103,"event_type":"module_pipeline","script_text":"CommandInvocation(nslookup): \"nslookup\"\n\nContext:\n        Severity = Informational\n        Host Name = ConsoleHost\n        Host Version = 5.1.26100.8875\n        Host Application = C:\\WINDOWS\\System32\\WindowsPowerShell\\v1.0\\powershell.exe\n        Engine Version = 5.1.26100.8875\n        Pipeline ID = 113\n        Command Name = nslookup\n        Command Type = Application\n        User = PURPLELAB\\jdoe\n","record_id":23226}}
{"schema_version":"1.0","record_type":"process_creation","timestamp_utc":"2026-08-12T14:33:52Z","host":"purplelab-win-client.purplelab.local","user":"PURPLELAB\\jdoe","provider":"Microsoft-Windows-Sysmon","run_id":"run-001","label":"baseline","source":{"raw_file":"C:\\CyberRangers\\evidence\\it\\baselines\\run-001\\raw\\windows-client\\EventLog_Microsoft-Windows-Sysmon_Operational.csv","raw_row":225},"data":{"event_id":1,"process_image":"C:\\Windows\\System32\\tasklist.exe","process_id":2484,"parent_image":"C:\\Windows\\System32\\WindowsPowerShell\\v1.0\\powershell.exe","parent_process_id":4120,"command_line":"tasklist /fo csv"}}
{"schema_version":"1.0","record_type":"process_creation","timestamp_utc":"2026-08-12T14:33:52Z","host":"purplelab-win-client.purplelab.local","user":"PURPLELAB\\jdoe","provider":"Microsoft-Windows-Sysmon","run_id":"run-001","label":"baseline","source":{"raw_file":"C:\\CyberRangers\\evidence\\it\\baselines\\run-001\\raw\\windows-client\\EventLog_Microsoft-Windows-Sysmon_Operational.csv","raw_row":226},"data":{"event_id":1,"process_image":"C:\\Windows\\System32\\nslookup.exe","process_id":4040,"parent_image":"C:\\Windows\\System32\\WindowsPowerShell\\v1.0\\powershell.exe","parent_process_id":4120,"command_line":"nslookup purplelab.local"}}
{"schema_version":"1.0","record_type":"powershell","timestamp_utc":"2026-08-12T14:33:53Z","host":"purplelab-win-client.purplelab.local","user":"S-1-5-21-1898955512-2253536272-2216333128-1103","provider":"Microsoft-Windows-PowerShell","run_id":"run-001","label":"baseline","source":{"raw_file":"C:\\CyberRangers\\evidence\\it\\baselines\\run-001\\raw\\windows-client\\EventLog_Microsoft-Windows-PowerShell_Operational.csv","raw_row":227},"data":{"event_id":4103,"event_type":"module_pipeline","script_text":"CommandInvocation(cmd): \"cmd\"\n\nContext:\n        Severity = Informational\n        Host Name = ConsoleHost\n        Host Version = 5.1.26100.8875\n        Host Application = C:\\WINDOWS\\System32\\WindowsPowerShell\\v1.0\\powershell.exe\n        Engine Version = 5.1.26100.8875\n        Pipeline ID = 114\n        Command Name = cmd\n        Command Type = Application\n        User = PURPLELAB\\jdoe\n","record_id":23227}}
{"schema_version":"1.0","record_type":"powershell","timestamp_utc":"2026-08-12T14:33:53Z","host":"purplelab-win-client.purplelab.local","user":"S-1-5-21-1898955512-2253536272-2216333128-1103","provider":"Microsoft-Windows-PowerShell","run_id":"run-001","label":"baseline","source":{"raw_file":"C:\\CyberRangers\\evidence\\it\\baselines\\run-001\\raw\\windows-client\\EventLog_Microsoft-Windows-PowerShell_Operational.csv","raw_row":228},"data":{"event_id":4103,"event_type":"module_pipeline","script_text":"CommandInvocation(whoami): \"whoami\"\n\nContext:\n        Severity = Informational\n        Host Name = ConsoleHost\n        Host Version = 5.1.26100.8875\n        Host Application = C:\\WINDOWS\\System32\\WindowsPowerShell\\v1.0\\powershell.exe\n        Engine Version = 5.1.26100.8875\n        Pipeline ID = 114\n        Command Name = whoami\n        Command Type = Application\n        User = PURPLELAB\\jdoe\n","record_id":23228}}
{"schema_version":"1.0","record_type":"process_creation","timestamp_utc":"2026-08-12T14:33:53Z","host":"purplelab-win-client.purplelab.local","user":"PURPLELAB\\jdoe","provider":"Microsoft-Windows-Sysmon","run_id":"run-001","label":"baseline","source":{"raw_file":"C:\\CyberRangers\\evidence\\it\\baselines\\run-001\\raw\\windows-client\\EventLog_Microsoft-Windows-Sysmon_Operational.csv","raw_row":227},"data":{"event_id":1,"process_image":"C:\\Windows\\System32\\cmd.exe","process_id":7228,"parent_image":"C:\\Windows\\explorer.exe","parent_process_id":3488,"command_line":"cmd.exe /c echo routine workstation check"}}
{"schema_version":"1.0","record_type":"process_creation","timestamp_utc":"2026-08-12T14:33:53Z","host":"purplelab-win-client.purplelab.local","user":"PURPLELAB\\jdoe","provider":"Microsoft-Windows-Sysmon","run_id":"run-001","label":"baseline","source":{"raw_file":"C:\\CyberRangers\\evidence\\it\\baselines\\run-001\\raw\\windows-client\\EventLog_Microsoft-Windows-Sysmon_Operational.csv","raw_row":228},"data":{"event_id":1,"process_image":"C:\\Windows\\System32\\whoami.exe","process_id":4800,"parent_image":"C:\\Windows\\System32\\WindowsPowerShell\\v1.0\\powershell.exe","parent_process_id":4120,"command_line":"whoami"}}
{"schema_version":"1.0","record_type":"powershell","timestamp_utc":"2026-08-12T14:33:54Z","host":"purplelab-win-client.purplelab.local","user":"S-1-5-21-1898955512-2253536272-2216333128-1103","provider":"Microsoft-Windows-PowerShell","run_id":"run-001","label":"baseline","source":{"raw_file":"C:\\CyberRangers\\evidence\\it\\baselines\\run-001\\raw\\windows-client\\EventLog_Microsoft-Windows-PowerShell_Operational.csv","raw_row":229},"data":{"event_id":4103,"event_type":"module_pipeline","script_text":"CommandInvocation(hostname): \"hostname\"\n\nContext:\n        Severity = Informational\n        Host Name = ConsoleHost\n        Host Version = 5.1.26100.8875\n        Host Application = C:\\WINDOWS\\System32\\WindowsPowerShell\\v1.0\\powershell.exe\n        Engine Version = 5.1.26100.8875\n        Pipeline ID = 115\n        Command Name = hostname\n        Command Type = Application\n        User = PURPLELAB\\jdoe\n","record_id":23229}}
{"schema_version":"1.0","record_type":"powershell","timestamp_utc":"2026-08-12T14:33:54Z","host":"purplelab-win-client.purplelab.local","user":"S-1-5-21-1898955512-2253536272-2216333128-1103","provider":"Microsoft-Windows-PowerShell","run_id":"run-001","label":"baseline","source":{"raw_file":"C:\\CyberRangers\\evidence\\it\\baselines\\run-001\\raw\\windows-client\\EventLog_Microsoft-Windows-PowerShell_Operational.csv","raw_row":230},"data":{"event_id":4103,"event_type":"module_pipeline","script_text":"CommandInvocation(ipconfig): \"ipconfig\"\n\nContext:\n        Severity = Informational\n        Host Name = ConsoleHost\n        Host Version = 5.1.26100.8875\n        Host Application = C:\\WINDOWS\\System32\\WindowsPowerShell\\v1.0\\powershell.exe\n        Engine Version = 5.1.26100.8875\n        Pipeline ID = 115\n        Command Name = ipconfig\n        Command Type = Application\n        User = PURPLELAB\\jdoe\n","record_id":23230}}
{"schema_version":"1.0","record_type":"process_creation","timestamp_utc":"2026-08-12T14:33:54Z","host":"purplelab-win-client.purplelab.local","user":"PURPLELAB\\jdoe","provider":"Microsoft-Windows-Sysmon","run_id":"run-001","label":"baseline","source":{"raw_file":"C:\\CyberRangers\\evidence\\it\\baselines\\run-001\\raw\\windows-client\\EventLog_Microsoft-Windows-Sysmon_Operational.csv","raw_row":229},"data":{"event_id":1,"process_image":"C:\\Windows\\System32\\hostname.exe","process_id":8168,"parent_image":"C:\\Windows\\System32\\WindowsPowerShell\\v1.0\\powershell.exe","parent_process_id":4120,"command_line":"hostname"}}
{"schema_version":"1.0","record_type":"process_creation","timestamp_utc":"2026-08-12T14:33:54Z","host":"purplelab-win-client.purplelab.local","user":"PURPLELAB\\jdoe","provider":"Microsoft-Windows-Sysmon","run_id":"run-001","label":"baseline","source":{"raw_file":"C:\\CyberRangers\\evidence\\it\\baselines\\run-001\\raw\\windows-client\\EventLog_Microsoft-Windows-Sysmon_Operational.csv","raw_row":230},"data":{"event_id":1,"process_image":"C:\\Windows\\System32\\ipconfig.exe","process_id":9096,"parent_image":"C:\\Windows\\System32\\WindowsPowerShell\\v1.0\\powershell.exe","parent_process_id":4120,"command_line":"ipconfig /all"}}
{"schema_version":"1.0","record_type":"powershell","timestamp_utc":"2026-08-12T14:33:55Z","host":"purplelab-win-client.purplelab.local","user":"S-1-5-21-1898955512-2253536272-2216333128-1103","provider":"Microsoft-Windows-PowerShell","run_id":"run-001","label":"baseline","source":{"raw_file":"C:\\CyberRangers\\evidence\\it\\baselines\\run-001\\raw\\windows-client\\EventLog_Microsoft-Windows-PowerShell_Operational.csv","raw_row":231},"data":{"event_id":4103,"event_type":"module_pipeline","script_text":"CommandInvocation(tasklist): \"tasklist\"\n\nContext:\n        Severity = Informational\n        Host Name = ConsoleHost\n        Host Version = 5.1.26100.8875\n        Host Application = C:\\WINDOWS\\System32\\WindowsPowerShell\\v1.0\\powershell.exe\n        Engine Version = 5.1.26100.8875\n        Pipeline ID = 116\n        Command Name = tasklist\n        Command Type = Application\n        User = PURPLELAB\\jdoe\n","record_id":23231}}
{"schema_version":"1.0","record_type":"powershell","timestamp_utc":"2026-08-12T14:33:55Z","host":"purplelab-win-client.purplelab.local","user":"S-1-5-21-1898955512-2253536272-2216333128-1103","provider":"Microsoft-Windows-PowerShell","run_id":"run-001","label":"baseline","source":{"raw_file":"C:\\CyberRangers\\evidence\\it\\baselines\\run-001\\raw\\windows-client\\EventLog_Microsoft-Windows-PowerShell_Operational.csv","raw_row":232},"data":{"event_id":4103,"event_type":"module_pipeline","script_text":"CommandInvocation(nslookup): \"nslookup\"\n\nContext:\n        Severity = Informational\n        Host Name = ConsoleHost\n        Host Version = 5.1.26100.8875\n        Host Application = C:\\WINDOWS\\System32\\WindowsPowerShell\\v1.0\\powershell.exe\n        Engine Version = 5.1.26100.8875\n        Pipeline ID = 116\n        Command Name = nslookup\n        Command Type = Application\n        User = PURPLELAB\\jdoe\n","record_id":23232}}
{"schema_version":"1.0","record_type":"process_creation","timestamp_utc":"2026-08-12T14:33:55Z","host":"purplelab-win-client.purplelab.local","user":"PURPLELAB\\jdoe","provider":"Microsoft-Windows-Sysmon","run_id":"run-001","label":"baseline","source":{"raw_file":"C:\\CyberRangers\\evidence\\it\\baselines\\run-001\\raw\\windows-client\\EventLog_Microsoft-Windows-Sysmon_Operational.csv","raw_row":231},"data":{"event_id":1,"process_image":"C:\\Windows\\System32\\tasklist.exe","process_id":7872,"parent_image":"C:\\Windows\\System32\\WindowsPowerShell\\v1.0\\powershell.exe","parent_process_id":4120,"command_line":"tasklist /fo csv"}}
{"schema_version":"1.0","record_type":"process_creation","timestamp_utc":"2026-08-12T14:33:55Z","host":"purplelab-win-client.purplelab.local","user":"PURPLELAB\\jdoe","provider":"Microsoft-Windows-Sysmon","run_id":"run-001","label":"baseline","source":{"raw_file":"C:\\CyberRangers\\evidence\\it\\baselines\\run-001\\raw\\windows-client\\EventLog_Microsoft-Windows-Sysmon_Operational.csv","raw_row":232},"data":{"event_id":1,"process_image":"C:\\Windows\\System32\\nslookup.exe","process_id":9624,"parent_image":"C:\\Windows\\System32\\WindowsPowerShell\\v1.0\\powershell.exe","parent_process_id":4120,"command_line":"nslookup purplelab.local"}}
{"schema_version":"1.0","record_type":"powershell","timestamp_utc":"2026-08-12T14:33:56Z","host":"purplelab-win-client.purplelab.local","user":"S-1-5-21-1898955512-2253536272-2216333128-1103","provider":"Microsoft-Windows-PowerShell","run_id":"run-001","label":"baseline","source":{"raw_file":"C:\\CyberRangers\\evidence\\it\\baselines\\run-001\\raw\\windows-client\\EventLog_Microsoft-Windows-PowerShell_Operational.csv","raw_row":233},"data":{"event_id":4103,"event_type":"module_pipeline","script_text":"CommandInvocation(cmd): \"cmd\"\n\nContext:\n        Severity = Informational\n        Host Name = ConsoleHost\n        Host Version = 5.1.26100.8875\n        Host Application = C:\\WINDOWS\\System32\\WindowsPowerShell\\v1.0\\powershell.exe\n        Engine Version = 5.1.26100.8875\n        Pipeline ID = 117\n        Command Name = cmd\n        Command Type = Application\n        User = PURPLELAB\\jdoe\n","record_id":23233}}
{"schema_version":"1.0","record_type":"powershell","timestamp_utc":"2026-08-12T14:33:56Z","host":"purplelab-win-client.purplelab.local","user":"S-1-5-21-1898955512-2253536272-2216333128-1103","provider":"Microsoft-Windows-PowerShell","run_id":"run-001","label":"baseline","source":{"raw_file":"C:\\CyberRangers\\evidence\\it\\baselines\\run-001\\raw\\windows-client\\EventLog_Microsoft-Windows-PowerShell_Operational.csv","raw_row":234},"data":{"event_id":4103,"event_type":"module_pipeline","script_text":"CommandInvocation(whoami): \"whoami\"\n\nContext:\n        Severity = Informational\n        Host Name = ConsoleHost\n        Host Version = 5.1.26100.8875\n        Host Application = C:\\WINDOWS\\System32\\WindowsPowerShell\\v1.0\\powershell.exe\n        Engine Version = 5.1.26100.8875\n        Pipeline ID = 117\n        Command Name = whoami\n        Command Type = Application\n        User = PURPLELAB\\jdoe\n","record_id":23234}}
{"schema_version":"1.0","record_type":"process_creation","timestamp_utc":"2026-08-12T14:33:56Z","host":"purplelab-win-client.purplelab.local","user":"PURPLELAB\\jdoe","provider":"Microsoft-Windows-Sysmon","run_id":"run-001","label":"baseline","source":{"raw_file":"C:\\CyberRangers\\evidence\\it\\baselines\\run-001\\raw\\windows-client\\EventLog_Microsoft-Windows-Sysmon_Operational.csv","raw_row":233},"data":{"event_id":1,"process_image":"C:\\Windows\\System32\\cmd.exe","process_id":9556,"parent_image":"C:\\Windows\\explorer.exe","parent_process_id":3488,"command_line":"cmd.exe /c echo routine workstation check"}}
{"schema_version":"1.0","record_type":"process_creation","timestamp_utc":"2026-08-12T14:33:56Z","host":"purplelab-win-client.purplelab.local","user":"PURPLELAB\\jdoe","provider":"Microsoft-Windows-Sysmon","run_id":"run-001","label":"baseline","source":{"raw_file":"C:\\CyberRangers\\evidence\\it\\baselines\\run-001\\raw\\windows-client\\EventLog_Microsoft-Windows-Sysmon_Operational.csv","raw_row":234},"data":{"event_id":1,"process_image":"C:\\Windows\\System32\\whoami.exe","process_id":6964,"parent_image":"C:\\Windows\\System32\\WindowsPowerShell\\v1.0\\powershell.exe","parent_process_id":4120,"command_line":"whoami"}}
{"schema_version":"1.0","record_type":"powershell","timestamp_utc":"2026-08-12T14:33:57Z","host":"purplelab-win-client.purplelab.local","user":"S-1-5-21-1898955512-2253536272-2216333128-1103","provider":"Microsoft-Windows-PowerShell","run_id":"run-001","label":"baseline","source":{"raw_file":"C:\\CyberRangers\\evidence\\it\\baselines\\run-001\\raw\\windows-client\\EventLog_Microsoft-Windows-PowerShell_Operational.csv","raw_row":235},"data":{"event_id":4103,"event_type":"module_pipeline","script_text":"CommandInvocation(hostname): \"hostname\"\n\nContext:\n        Severity = Informational\n        Host Name = ConsoleHost\n        Host Version = 5.1.26100.8875\n        Host Application = C:\\WINDOWS\\System32\\WindowsPowerShell\\v1.0\\powershell.exe\n        Engine Version = 5.1.26100.8875\n        Pipeline ID = 118\n        Command Name = hostname\n        Command Type = Application\n        User = PURPLELAB\\jdoe\n","record_id":23235}}
{"schema_version":"1.0","record_type":"powershell","timestamp_utc":"2026-08-12T14:33:57Z","host":"purplelab-win-client.purplelab.local","user":"S-1-5-21-1898955512-2253536272-2216333128-1103","provider":"Microsoft-Windows-PowerShell","run_id":"run-001","label":"baseline","source":{"raw_file":"C:\\CyberRangers\\evidence\\it\\baselines\\run-001\\raw\\windows-client\\EventLog_Microsoft-Windows-PowerShell_Operational.csv","raw_row":236},"data":{"event_id":4103,"event_type":"module_pipeline","script_text":"CommandInvocation(ipconfig): \"ipconfig\"\n\nContext:\n        Severity = Informational\n        Host Name = ConsoleHost\n        Host Version = 5.1.26100.8875\n        Host Application = C:\\WINDOWS\\System32\\WindowsPowerShell\\v1.0\\powershell.exe\n        Engine Version = 5.1.26100.8875\n        Pipeline ID = 118\n        Command Name = ipconfig\n        Command Type = Application\n        User = PURPLELAB\\jdoe\n","record_id":23236}}
{"schema_version":"1.0","record_type":"process_creation","timestamp_utc":"2026-08-12T14:33:57Z","host":"purplelab-win-client.purplelab.local","user":"PURPLELAB\\jdoe","provider":"Microsoft-Windows-Sysmon","run_id":"run-001","label":"baseline","source":{"raw_file":"C:\\CyberRangers\\evidence\\it\\baselines\\run-001\\raw\\windows-client\\EventLog_Microsoft-Windows-Sysmon_Operational.csv","raw_row":235},"data":{"event_id":1,"process_image":"C:\\Windows\\System32\\hostname.exe","process_id":6104,"parent_image":"C:\\Windows\\System32\\WindowsPowerShell\\v1.0\\powershell.exe","parent_process_id":4120,"command_line":"hostname"}}
{"schema_version":"1.0","record_type":"process_creation","timestamp_utc":"2026-08-12T14:33:57Z","host":"purplelab-win-client.purplelab.local","user":"PURPLELAB\\jdoe","provider":"Microsoft-Windows-Sysmon","run_id":"run-001","label":"baseline","source":{"raw_file":"C:\\CyberRangers\\evidence\\it\\baselines\\run-001\\raw\\windows-client\\EventLog_Microsoft-Windows-Sysmon_Operational.csv","raw_row":236},"data":{"event_id":1,"process_image":"C:\\Windows\\System32\\ipconfig.exe","process_id":3164,"parent_image":"C:\\Windows\\System32\\WindowsPowerShell\\v1.0\\powershell.exe","parent_process_id":4120,"command_line":"ipconfig /all"}}
{"schema_version":"1.0","record_type":"powershell","timestamp_utc":"2026-08-12T14:33:58Z","host":"purplelab-win-client.purplelab.local","user":"S-1-5-21-1898955512-2253536272-2216333128-1103","provider":"Microsoft-Windows-PowerShell","run_id":"run-001","label":"baseline","source":{"raw_file":"C:\\CyberRangers\\evidence\\it\\baselines\\run-001\\raw\\windows-client\\EventLog_Microsoft-Windows-PowerShell_Operational.csv","raw_row":237},"data":{"event_id":4103,"event_type":"module_pipeline","script_text":"CommandInvocation(tasklist): \"tasklist\"\n\nContext:\n        Severity = Informational\n        Host Name = ConsoleHost\n        Host Version = 5.1.26100.8875\n        Host Application = C:\\WINDOWS\\System32\\WindowsPowerShell\\v1.0\\powershell.exe\n        Engine Version = 5.1.26100.8875\n        Pipeline ID = 119\n        Command Name = tasklist\n        Command Type = Application\n        User = PURPLELAB\\jdoe\n","record_id":23237}}
{"schema_version":"1.0","record_type":"powershell","timestamp_utc":"2026-08-12T14:33:58Z","host":"purplelab-win-client.purplelab.local","user":"S-1-5-21-1898955512-2253536272-2216333128-1103","provider":"Microsoft-Windows-PowerShell","run_id":"run-001","label":"baseline","source":{"raw_file":"C:\\CyberRangers\\evidence\\it\\baselines\\run-001\\raw\\windows-client\\EventLog_Microsoft-Windows-PowerShell_Operational.csv","raw_row":238},"data":{"event_id":4103,"event_type":"module_pipeline","script_text":"CommandInvocation(nslookup): \"nslookup\"\n\nContext:\n        Severity = Informational\n        Host Name = ConsoleHost\n        Host Version = 5.1.26100.8875\n        Host Application = C:\\WINDOWS\\System32\\WindowsPowerShell\\v1.0\\powershell.exe\n        Engine Version = 5.1.26100.8875\n        Pipeline ID = 119\n        Command Name = nslookup\n        Command Type = Application\n        User = PURPLELAB\\jdoe\n","record_id":23238}}
{"schema_version":"1.0","record_type":"process_creation","timestamp_utc":"2026-08-12T14:33:58Z","host":"purplelab-win-client.purplelab.local","user":"PURPLELAB\\jdoe","provider":"Microsoft-Windows-Sysmon","run_id":"run-001","label":"baseline","source":{"raw_file":"C:\\CyberRangers\\evidence\\it\\baselines\\run-001\\raw\\windows-client\\EventLog_Microsoft-Windows-Sysmon_Operational.csv","raw_row":237},"data":{"event_id":1,"process_image":"C:\\Windows\\System32\\tasklist.exe","process_id":5828,"parent_image":"C:\\Windows\\System32\\WindowsPowerShell\\v1.0\\powershell.exe","parent_process_id":4120,"command_line":"tasklist /fo csv"}}
{"schema_version":"1.0","record_type":"process_creation","timestamp_utc":"2026-08-12T14:33:58Z","host":"purplelab-win-client.purplelab.local","user":"PURPLELAB\\jdoe","provider":"Microsoft-Windows-Sysmon","run_id":"run-001","label":"baseline","source":{"raw_file":"C:\\CyberRangers\\evidence\\it\\baselines\\run-001\\raw\\windows-client\\EventLog_Microsoft-Windows-Sysmon_Operational.csv","raw_row":238},"data":{"event_id":1,"process_image":"C:\\Windows\\System32\\nslookup.exe","process_id":7888,"parent_image":"C:\\Windows\\System32\\WindowsPowerShell\\v1.0\\powershell.exe","parent_process_id":4120,"command_line":"nslookup purplelab.local"}}
{"schema_version":"1.0","record_type":"powershell","timestamp_utc":"2026-08-12T14:33:59Z","host":"purplelab-win-client.purplelab.local","user":"S-1-5-21-1898955512-2253536272-2216333128-1103","provider":"Microsoft-Windows-PowerShell","run_id":"run-001","label":"baseline","source":{"raw_file":"C:\\CyberRangers\\evidence\\it\\baselines\\run-001\\raw\\windows-client\\EventLog_Microsoft-Windows-PowerShell_Operational.csv","raw_row":239},"data":{"event_id":4103,"event_type":"module_pipeline","script_text":"CommandInvocation(cmd): \"cmd\"\n\nContext:\n        Severity = Informational\n        Host Name = ConsoleHost\n        Host Version = 5.1.26100.8875\n        Host Application = C:\\WINDOWS\\System32\\WindowsPowerShell\\v1.0\\powershell.exe\n        Engine Version = 5.1.26100.8875\n        Pipeline ID = 120\n        Command Name = cmd\n        Command Type = Application\n        User = PURPLELAB\\jdoe\n","record_id":23239}}
{"schema_version":"1.0","record_type":"powershell","timestamp_utc":"2026-08-12T14:33:59Z","host":"purplelab-win-client.purplelab.local","user":"S-1-5-21-1898955512-2253536272-2216333128-1103","provider":"Microsoft-Windows-PowerShell","run_id":"run-001","label":"baseline","source":{"raw_file":"C:\\CyberRangers\\evidence\\it\\baselines\\run-001\\raw\\windows-client\\EventLog_Microsoft-Windows-PowerShell_Operational.csv","raw_row":240},"data":{"event_id":4103,"event_type":"module_pipeline","script_text":"CommandInvocation(whoami): \"whoami\"\n\nContext:\n        Severity = Informational\n        Host Name = ConsoleHost\n        Host Version = 5.1.26100.8875\n        Host Application = C:\\WINDOWS\\System32\\WindowsPowerShell\\v1.0\\powershell.exe\n        Engine Version = 5.1.26100.8875\n        Pipeline ID = 120\n        Command Name = whoami\n        Command Type = Application\n        User = PURPLELAB\\jdoe\n","record_id":23240}}
{"schema_version":"1.0","record_type":"process_creation","timestamp_utc":"2026-08-12T14:33:59Z","host":"purplelab-win-client.purplelab.local","user":"PURPLELAB\\jdoe","provider":"Microsoft-Windows-Sysmon","run_id":"run-001","label":"baseline","source":{"raw_file":"C:\\CyberRangers\\evidence\\it\\baselines\\run-001\\raw\\windows-client\\EventLog_Microsoft-Windows-Sysmon_Operational.csv","raw_row":239},"data":{"event_id":1,"process_image":"C:\\Windows\\System32\\cmd.exe","process_id":6144,"parent_image":"C:\\Windows\\explorer.exe","parent_process_id":3488,"command_line":"cmd.exe /c echo routine workstation check"}}
{"schema_version":"1.0","record_type":"process_creation","timestamp_utc":"2026-08-12T14:33:59Z","host":"purplelab-win-client.purplelab.local","user":"PURPLELAB\\jdoe","provider":"Microsoft-Windows-Sysmon","run_id":"run-001","label":"baseline","source":{"raw_file":"C:\\CyberRangers\\evidence\\it\\baselines\\run-001\\raw\\windows-client\\EventLog_Microsoft-Windows-Sysmon_Operational.csv","raw_row":240},"data":{"event_id":1,"process_image":"C:\\Windows\\System32\\whoami.exe","process_id":3868,"parent_image":"C:\\Windows\\System32\\WindowsPowerShell\\v1.0\\powershell.exe","parent_process_id":4120,"command_line":"whoami"}}
