{"schema_version":"1.0","record_type":"process_creation","timestamp_utc":"2026-08-12T14:32:15Z","host":"purplelab-win-client.purplelab.local","user":"PURPLELAB\\jdoe","provider":"Microsoft-Windows-Sysmon","run_id":"run-001","label":"baseline","source":{"raw_file":"C:\\CyberRangers\\evidence\\it\\baselines\\run-001\\raw\\windows-client\\EventLog_Microsoft-Windows-Sysmon_Operational.csv","raw_row":31},"data":{"event_id":1,"process_image":"C:\\Windows\\System32\\hostname.exe","process_id":4100,"parent_image":"C:\\Windows\\System32\\WindowsPowerShell\\v1.0\\powershell.exe","parent_process_id":4120,"command_line":"hostname"}}
{"schema_version":"1.0","record_type":"process_creation","timestamp_utc":"2026-08-12T14:32:15Z","host":"purplelab-win-client.purplelab.local","user":"PURPLELAB\\jdoe","provider":"Microsoft-Windows-Sysmon","run_id":"run-001","label":"baseline","source":{"raw_file":"C:\\CyberRangers\\evidence\\it\\baselines\\run-001\\raw\\windows-client\\EventLog_Microsoft-Windows-Sysmon_Operational.csv","raw_row":32},"data":{"event_id":1,"process_image":"C:\\Windows\\System32\\ipconfig.exe","process_id":5380,"parent_image":"C:\\Windows\\System32\\WindowsPowerShell\\v1.0\\powershell.exe","parent_process_id":4120,"command_line":"ipconfig /all"}}
{"schema_version":"1.0","record_type":"powershell","timestamp_utc":"2026-08-12T14:32:16Z","host":"purplelab-win-client.purplelab.local","user":"S-1-5-21-1898955512-2253536272-2216333128-1103","provider":"Microsoft-Windows-PowerShell","run_id":"run-001","label":"baseline","source":{"raw_file":"C:\\CyberRangers\\evidence\\it\\baselines\\run-001\\raw\\windows-client\\EventLog_Microsoft-Windows-PowerShell_Operational.csv","raw_row":33},"data":{"event_id":4103,"event_type":"module_pipeline","script_text":"CommandInvocation(tasklist): \"tasklist\"\n\nContext:\n        Severity = Informational\n        Host Name = ConsoleHost\n        Host Version = 5.1.26100.8875\n        Host Application = C:\\WINDOWS\\System32\\WindowsPowerShell\\v1.0\\powershell.exe\n        Engine Version = 5.1.26100.8875\n        Pipeline ID = 17\n        Command Name = tasklist\n        Command Type = Application\n        User = PURPLELAB\\jdoe\n","record_id":23033}}
{"schema_version":"1.0","record_type":"powershell","timestamp_utc":"2026-08-12T14:32:16Z","host":"purplelab-win-client.purplelab.local","user":"S-1-5-21-1898955512-2253536272-2216333128-1103","provider":"Microsoft-Windows-PowerShell","run_id":"run-001","label":"baseline","source":{"raw_file":"C:\\CyberRangers\\evidence\\it\\baselines\\run-001\\raw\\windows-client\\EventLog_Microsoft-Windows-PowerShell_Operational.csv","raw_row":34},"data":{"event_id":4103,"event_type":"module_pipeline","script_text":"CommandInvocation(nslookup): \"nslookup\"\n\nContext:\n        Severity = Informational\n        Host Name = ConsoleHost\n        Host Version = 5.1.26100.8875\n        Host Application = C:\\WINDOWS\\System32\\WindowsPowerShell\\v1.0\\powershell.exe\n        Engine Version = 5.1.26100.8875\n        Pipeline ID = 17\n        Command Name = nslookup\n        Command Type = Application\n        User = PURPLELAB\\jdoe\n","record_id":23034}}
{"schema_version":"1.0","record_type":"process_creation","timestamp_utc":"2026-08-12T14:32:16Z","host":"purplelab-win-client.purplelab.local","user":"PURPLELAB\\jdoe","provider":"Microsoft-Windows-Sysmon","run_id":"run-001","label":"baseline","source":{"raw_file":"C:\\CyberRangers\\evidence\\it\\baselines\\run-001\\raw\\windows-client\\EventLog_Microsoft-Windows-Sysmon_Operational.csv","raw_row":33},"data":{"event_id":1,"process_image":"C:\\Windows\\System32\\tasklist.exe","process_id":2560,"parent_image":"C:\\Windows\\System32\\WindowsPowerShell\\v1.0\\powershell.exe","parent_process_id":4120,"command_line":"tasklist /fo csv"}}
{"schema_version":"1.0","record_type":"process_creation","timestamp_utc":"2026-08-12T14:32:16Z","host":"purplelab-win-client.purplelab.local","user":"PURPLELAB\\jdoe","provider":"Microsoft-Windows-Sysmon","run_id":"run-001","label":"baseline","source":{"raw_file":"C:\\CyberRangers\\evidence\\it\\baselines\\run-001\\raw\\windows-client\\EventLog_Microsoft-Windows-Sysmon_Operational.csv","raw_row":34},"data":{"event_id":1,"process_image":"C:\\Windows\\System32\\nslookup.exe","process_id":5288,"parent_image":"C:\\Windows\\System32\\WindowsPowerShell\\v1.0\\powershell.exe","parent_process_id":4120,"command_line":"nslookup purplelab.local"}}
{"schema_version":"1.0","record_type":"powershell","timestamp_utc":"2026-08-12T14:32:17Z","host":"purplelab-win-client.purplelab.local","user":"S-1-5-21-1898955512-2253536272-2216333128-1103","provider":"Microsoft-Windows-PowerShell","run_id":"run-001","label":"baseline","source":{"raw_file":"C:\\CyberRangers\\evidence\\it\\baselines\\run-001\\raw\\windows-client\\EventLog_Microsoft-Windows-PowerShell_Operational.csv","raw_row":35},"data":{"event_id":4103,"event_type":"module_pipeline","script_text":"CommandInvocation(cmd): \"cmd\"\n\nContext:\n        Severity = Informational\n        Host Name = ConsoleHost\n        Host Version = 5.1.26100.8875\n        Host Application = C:\\WINDOWS\\System32\\WindowsPowerShell\\v1.0\\powershell.exe\n        Engine Version = 5.1.26100.8875\n        Pipeline ID = 18\n        Command Name = cmd\n        Command Type = Application\n        User = PURPLELAB\\jdoe\n","record_id":23035}}
{"schema_version":"1.0","record_type":"powershell","timestamp_utc":"2026-08-12T14:32:17Z","host":"purplelab-win-client.purplelab.local","user":"S-1-5-21-1898955512-2253536272-2216333128-1103","provider":"Microsoft-Windows-PowerShell","run_id":"run-001","label":"baseline","source":{"raw_file":"C:\\CyberRangers\\evidence\\it\\baselines\\run-001\\raw\\windows-client\\EventLog_Microsoft-Windows-PowerShell_Operational.csv","raw_row":36},"data":{"event_id":4103,"event_type":"module_pipeline","script_text":"CommandInvocation(whoami): \"whoami\"\n\nContext:\n        Severity = Informational\n        Host Name = ConsoleHost\n        Host Version = 5.1.26100.8875\n        Host Application = C:\\WINDOWS\\System32\\WindowsPowerShell\\v1.0\\powershell.exe\n        Engine Version = 5.1.26100.8875\n        Pipeline ID = 18\n        Command Name = whoami\n        Command Type = Application\n        User = PURPLELAB\\jdoe\n","record_id":23036}}
{"schema_version":"1.0","record_type":"process_creation","timestamp_utc":"2026-08-12T14:32:17Z","host":"purplelab-win-client.purplelab.local","user":"PURPLELAB\\jdoe","provider":"Microsoft-Windows-Sysmon","run_id":"run-001","label":"baseline","source":{"raw_file":"C:\\CyberRangers\\evidence\\it\\baselines\\run-001\\raw\\windows-client\\EventLog_Microsoft-Windows-Sysmon_Operational.csv","raw_row":35},"data":{"event_id":1,"process_image":"C:\\Windows\\System32\\cmd.exe","process_id":6840,"parent_image":"C:\\Windows\\explorer.exe","parent_process_id":3488,"command_line":"cmd.exe /c echo routine workstation check"}}
{"schema_version":"1.0","record_type":"process_creation","timestamp_utc":"2026-08-12T14:32:17Z","host":"purplelab-win-client.purplelab.local","user":"PURPLELAB\\jdoe","provider":"Microsoft-Windows-Sysmon","run_id":"run-001","label":"baseline","source":{"raw_file":"C:\\CyberRangers\\evidence\\it\\baselines\\run-001\\raw\\windows-client\\EventLog_Microsoft-Windows-Sysmon_Operational.csv","raw_row":36},"data":{"event_id":1,"process_image":"C:\\Windows\\System32\\whoami.exe","process_id":3952,"parent_image":"C:\\Windows\\System32\\WindowsPowerShell\\v1.0\\powershell.exe","parent_process_id":4120,"command_line":"whoami"}}
{"schema_version":"1.0","record_type":"powershell","timestamp_utc":"2026-08-12T14:32:18Z","host":"purplelab-win-client.purplelab.local","user":"S-1-5-21-1898955512-2253536272-2216333128-1103","provider":"Microsoft-Windows-PowerShell","run_id":"run-001","label":"baseline","source":{"raw_file":"C:\\CyberRangers\\evidence\\it\\baselines\\run-001\\raw\\windows-client\\EventLog_Microsoft-Windows-PowerShell_Operational.csv","raw_row":37},"data":{"event_id":4103,"event_type":"module_pipeline","script_text":"CommandInvocation(hostname): \"hostname\"\n\nContext:\n        Severity = Informational\n        Host Name = ConsoleHost\n        Host Version = 5.1.26100.8875\n        Host Application = C:\\WINDOWS\\System32\\WindowsPowerShell\\v1.0\\powershell.exe\n        Engine Version = 5.1.26100.8875\n        Pipeline ID = 19\n        Command Name = hostname\n        Command Type = Application\n        User = PURPLELAB\\jdoe\n","record_id":23037}}
{"schema_version":"1.0","record_type":"powershell","timestamp_utc":"2026-08-12T14:32:18Z","host":"purplelab-win-client.purplelab.local","user":"S-1-5-21-1898955512-2253536272-2216333128-1103","provider":"Microsoft-Windows-PowerShell","run_id":"run-001","label":"baseline","source":{"raw_file":"C:\\CyberRangers\\evidence\\it\\baselines\\run-001\\raw\\windows-client\\EventLog_Microsoft-Windows-PowerShell_Operational.csv","raw_row":38},"data":{"event_id":4103,"event_type":"module_pipeline","script_text":"CommandInvocation(ipconfig): \"ipconfig\"\n\nContext:\n        Severity = Informational\n        Host Name = ConsoleHost\n        Host Version = 5.1.26100.8875\n        Host Application = C:\\WINDOWS\\System32\\WindowsPowerShell\\v1.0\\powershell.exe\n        Engine Version = 5.1.26100.8875\n        Pipeline ID = 19\n        Command Name = ipconfig\n        Command Type = Application\n        User = PURPLELAB\\jdoe\n","record_id":23038}}
{"schema_version":"1.0","record_type":"process_creation","timestamp_utc":"2026-08-12T14:32:18Z","host":"purplelab-win-client.purplelab.local","user":"PURPLELAB\\jdoe","provider":"Microsoft-Windows-Sysmon","run_id":"run-001","label":"baseline","source":{"raw_file":"C:\\CyberRangers\\evidence\\it\\baselines\\run-001\\raw\\windows-client\\EventLog_Microsoft-Windows-Sysmon_Operational.csv","raw_row":37},"data":{"event_id":1,"process_image":"C:\\Windows\\System32\\hostname.exe","process_id":8648,"parent_image":"C:\\Windows\\System32\\WindowsPowerShell\\v1.0\\powershell.exe","parent_process_id":4120,"command_line":"hostname"}}
{"schema_version":"1.0","record_type":"process_creation","timestamp_utc":"2026-08-12T14:32:18Z","host":"purplelab-win-client.purplelab.local","user":"PURPLELAB\\jdoe","provider":"Microsoft-Windows-Sysmon","run_id":"run-001","label":"baseline","source":{"raw_file":"C:\\CyberRangers\\evidence\\it\\baselines\\run-001\\raw\\windows-client\\EventLog_Microsoft-Windows-Sysmon_Operational.csv","raw_row":38},"data":{"event_id":1,"process_image":"C:\\Windows\\System32\\ipconfig.exe","process_id":1584,"parent_image":"C:\\Windows\\System32\\WindowsPowerShell\\v1.0\\powershell.exe","parent_process_id":4120,"command_line":"ipconfig /all"}}
{"schema_version":"1.0","record_type":"powershell","timestamp_utc":"2026-08-12T14:32:19Z","host":"purplelab-win-client.purplelab.local","user":"S-1-5-21-1898955512-2253536272-2216333128-1103","provider":"Microsoft-Windows-PowerShell","run_id":"run-001","label":"baseline","source":{"raw_file":"C:\\CyberRangers\\evidence\\it\\baselines\\run-001\\raw\\windows-client\\EventLog_Microsoft-Windows-PowerShell_Operational.csv","raw_row":39},"data":{"event_id":4103,"event_type":"module_pipeline","script_text":"CommandInvocation(tasklist): \"tasklist\"\n\nContext:\n        Severity = Informational\n        Host Name = ConsoleHost\n        Host Version = 5.1.26100.8875\n        Host Application = C:\\WINDOWS\\System32\\WindowsPowerShell\\v1.0\\powershell.exe\n        Engine Version = 5.1.26100.8875\n        Pipeline ID = 20\n        Command Name = tasklist\n        Command Type = Application\n        User = PURPLELAB\\jdoe\n","record_id":23039}}
{"schema_version":"1.0","record_type":"powershell","timestamp_utc":"2026-08-12T14:32:19Z","host":"purplelab-win-client.purplelab.local","user":"S-1-5-21-1898955512-2253536272-2216333128-1103","provider":"Microsoft-Windows-PowerShell","run_id":"run-001","label":"baseline","source":{"raw_file":"C:\\CyberRangers\\evidence\\it\\baselines\\run-001\\raw\\windows-client\\EventLog_Microsoft-Windows-PowerShell_Operational.csv","raw_row":40},"data":{"event_id":4103,"event_type":"module_pipeline","script_text":"CommandInvocation(nslookup): \"nslookup\"\n\nContext:\n        Severity = Informational\n        Host Name = ConsoleHost\n        Host Version = 5.1.26100.8875\n        Host Application = C:\\WINDOWS\\System32\\WindowsPowerShell\\v1.0\\powershell.exe\n        Engine Version = 5.1.26100.8875\n        Pipeline ID = 20\n        Command Name = nslookup\n        Command Type = Application\n        User = PURPLELAB\\jdoe\n","record_id":23040}}
{"schema_version":"1.0","record_type":"process_creation","timestamp_utc":"2026-08-12T14:32:19Z","host":"purplelab-win-client.purplelab.local","user":"PURPLELAB\\jdoe","provider":"Microsoft-Windows-Sysmon","run_id":"run-001","label":"baseline","source":{"raw_file":"C:\\CyberRangers\\evidence\\it\\baselines\\run-001\\raw\\windows-client\\EventLog_Microsoft-Windows-Sysmon_Operational.csv","raw_row":39},"data":{"event_id":1,"process_image":"C:\\Windows\\System32\\tasklist.exe","process_id":5432,"parent_image":"C:\\Windows\\System32\\WindowsPowerShell\\v1.0\\powershell.exe","parent_process_id":4120,"command_line":"tasklist /fo csv"}}
{"schema_version":"1.0","record_type":"process_creation","timestamp_utc":"2026-08-12T14:32:19Z","host":"purplelab-win-client.purplelab.local","user":"PURPLELAB\\jdoe","provider":"Microsoft-Windows-Sysmon","run_id":"run-001","label":"baseline","source":{"raw_file":"C:\\CyberRangers\\evidence\\it\\baselines\\run-001\\raw\\windows-client\\EventLog_Microsoft-Windows-Sysmon_Operational.csv","raw_row":40},"data":{"event_id":1,"process_image":"C:\\Windows\\System32\\nslookup.exe","process_id":4624,"parent_image":"C:\\Windows\\System32\\WindowsPowerShell\\v1.0\\powershell.exe","parent_process_id":4120,"command_line":"nslookup purplelab.local"}}
{"schema_version":"1.0","record_type":"powershell","timestamp_utc":"2026-08-12T14:32:20Z","host":"purplelab-win-client.purplelab.local","user":"S-1-5-21-1898955512-2253536272-2216333128-1103","provider":"Microsoft-Windows-PowerShell","run_id":"run-001","label":"baseline","source":{"raw_file":"C:\\CyberRangers\\evidence\\it\\baselines\\run-001\\raw\\windows-client\\EventLog_Microsoft-Windows-PowerShell_Operational.csv","raw_row":41},"data":{"event_id":4103,"event_type":"module_pipeline","script_text":"CommandInvocation(cmd): \"cmd\"\n\nContext:\n        Severity = Informational\n        Host Name = ConsoleHost\n        Host Version = 5.1.26100.8875\n        Host Application = C:\\WINDOWS\\System32\\WindowsPowerShell\\v1.0\\powershell.exe\n        Engine Version = 5.1.26100.8875\n        Pipeline ID = 21\n        Command Name = cmd\n        Command Type = Application\n        User = PURPLELAB\\jdoe\n","record_id":23041}}
{"schema_version":"1.0","record_type":"powershell","timestamp_utc":"2026-08-12T14:32:20Z","host":"purplelab-win-client.purplelab.local","user":"S-1-5-21-1898955512-2253536272-2216333128-1103","provider":"Microsoft-Windows-PowerShell","run_id":"run-001","label":"baseline","source":{"raw_file":"C:\\CyberRangers\\evidence\\it\\baselines\\run-001\\raw\\windows-client\\EventLog_Microsoft-Windows-PowerShell_Operational.csv","raw_row":42},"data":{"event_id":4103,"event_type":"module_pipeline","script_text":"CommandInvocation(whoami): \"whoami\"\n\nContext:\n        Severity = Informational\n        Host Name = ConsoleHost\n        Host Version = 5.1.26100.8875\n        Host Application = C:\\WINDOWS\\System32\\WindowsPowerShell\\v1.0\\powershell.exe\n        Engine Version = 5.1.26100.8875\n        Pipeline ID = 21\n        Command Name = whoami\n        Command Type = Application\n        User = PURPLELAB\\jdoe\n","record_id":23042}}
{"schema_version":"1.0","record_type":"process_creation","timestamp_utc":"2026-08-12T14:32:20Z","host":"purplelab-win-client.purplelab.local","user":"PURPLELAB\\jdoe","provider":"Microsoft-Windows-Sysmon","run_id":"run-001","label":"baseline","source":{"raw_file":"C:\\CyberRangers\\evidence\\it\\baselines\\run-001\\raw\\windows-client\\EventLog_Microsoft-Windows-Sysmon_Operational.csv","raw_row":41},"data":{"event_id":1,"process_image":"C:\\Windows\\System32\\cmd.exe","process_id":4892,"parent_image":"C:\\Windows\\explorer.exe","parent_process_id":3488,"command_line":"cmd.exe /c echo routine workstation check"}}
{"schema_version":"1.0","record_type":"process_creation","timestamp_utc":"2026-08-12T14:32:20Z","host":"purplelab-win-client.purplelab.local","user":"PURPLELAB\\jdoe","provider":"Microsoft-Windows-Sysmon","run_id":"run-001","label":"baseline","source":{"raw_file":"C:\\CyberRangers\\evidence\\it\\baselines\\run-001\\raw\\windows-client\\EventLog_Microsoft-Windows-Sysmon_Operational.csv","raw_row":42},"data":{"event_id":1,"process_image":"C:\\Windows\\System32\\whoami.exe","process_id":8500,"parent_image":"C:\\Windows\\System32\\WindowsPowerShell\\v1.0\\powershell.exe","parent_process_id":4120,"command_line":"whoami"}}
{"schema_version":"1.0","record_type":"powershell","timestamp_utc":"2026-08-12T14:32:21Z","host":"purplelab-win-client.purplelab.local","user":"S-1-5-21-1898955512-2253536272-2216333128-1103","provider":"Microsoft-Windows-PowerShell","run_id":"run-001","label":"baseline","source":{"raw_file":"C:\\CyberRangers\\evidence\\it\\baselines\\run-001\\raw\\windows-client\\EventLog_Microsoft-Windows-PowerShell_Operational.csv","raw_row":43},"data":{"event_id":4103,"event_type":"module_pipeline","script_text":"CommandInvocation(hostname): \"hostname\"\n\nContext:\n        Severity = Informational\n        Host Name = ConsoleHost\n        Host Version = 5.1.26100.8875\n        Host Application = C:\\WINDOWS\\System32\\WindowsPowerShell\\v1.0\\powershell.exe\n        Engine Version = 5.1.26100.8875\n        Pipeline ID = 22\n        Command Name = hostname\n        Command Type = Application\n        User = PURPLELAB\\jdoe\n","record_id":23043}}
{"schema_version":"1.0","record_type":"powershell","timestamp_utc":"2026-08-12T14:32:21Z","host":"purplelab-win-client.purplelab.local","user":"S-1-5-21-1898955512-2253536272-2216333128-1103","provider":"Microsoft-Windows-PowerShell","run_id":"run-001","label":"baseline","source":{"raw_file":"C:\\CyberRangers\\evidence\\it\\baselines\\run-001\\raw\\windows-client\\EventLog_Microsoft-Windows-PowerShell_Operational.csv","raw_row":44},"data":{"event_id":4103,"event_type":"module_pipeline","script_text":"CommandInvocation(ipconfig): \"ipconfig\"\n\nContext:\n        Severity = Informational\n        Host Name = ConsoleHost\n        Host Version = 5.1.26100.8875\n        Host Application = C:\\WINDOWS\\System32\\WindowsPowerShell\\v1.0\\powershell.exe\n        Engine Version = 5.1.26100.8875\n        Pipeline ID = 22\n        Command Name = ipconfig\n        Command Type = Application\n        User = PURPLELAB\\jdoe\n","record_id":23044}}
{"schema_version":"1.0","record_type":"process_creation","timestamp_utc":"2026-08-12T14:32:21Z","host":"purplelab-win-client.purplelab.local","user":"PURPLELAB\\jdoe","provider":"Microsoft-Windows-Sysmon","run_id":"run-001","label":"baseline","source":{"raw_file":"C:\\CyberRangers\\evidence\\it\\baselines\\run-001\\raw\\windows-client\\EventLog_Microsoft-Windows-Sysmon_Operational.csv","raw_row":43},"data":{"event_id":1,"process_image":"C:\\Windows\\System32\\hostname.exe","process_id":4812,"parent_image":"C:\\Windows\\System32\\WindowsPowerShell\\v1.0\\powershell.exe","parent_process_id":4120,"command_line":"hostname"}}
{"schema_version":"1.0","record_type":"process_creation","timestamp_utc":"2026-08-12T14:32:21Z","host":"purplelab-win-client.purplelab.local","user":"PURPLELAB\\jdoe","provider":"Microsoft-Windows-Sysmon","run_id":"run-001","label":"baseline","source":{"raw_file":"C:\\CyberRangers\\evidence\\it\\baselines\\run-001\\raw\\windows-client\\EventLog_Microsoft-Windows-Sysmon_Operational.csv","raw_row":44},"data":{"event_id":1,"process_image":"C:\\Windows\\System32\\ipconfig.exe","process_id":9660,"parent_image":"C:\\Windows\\System32\\WindowsPowerShell\\v1.0\\powershell.exe","parent_process_id":4120,"command_line":"ipconfig /all"}}
{"schema_version":"1.0","record_type":"powershell","timestamp_utc":"2026-08-12T14:32:22Z","host":"purplelab-win-client.purplelab.local","user":"S-1-5-21-1898955512-2253536272-2216333128-1103","provider":"Microsoft-Windows-PowerShell","run_id":"run-001","label":"baseline","source":{"raw_file":"C:\\CyberRangers\\evidence\\it\\baselines\\run-001\\raw\\windows-client\\EventLog_Microsoft-Windows-PowerShell_Operational.csv","raw_row":45},"data":{"event_id":4103,"event_type":"module_pipeline","script_text":"CommandInvocation(tasklist): \"tasklist\"\n\nContext:\n        Severity = Informational\n        Host Name = ConsoleHost\n        Host Version = 5.1.26100.8875\n        Host Application = C:\\WINDOWS\\System32\\WindowsPowerShell\\v1.0\\powershell.exe\n        Engine Version = 5.1.26100.8875\n        Pipeline ID = 23\n        Command Name = tasklist\n        Command Type = Application\n        User = PURPLELAB\\jdoe\n","record_id":23045}}
{"schema_version":"1.0","record_type":"powershell","timestamp_utc":"2026-08-12T14:32:22Z","host":"purplelab-win-client.purplelab.local","user":"S-1-5-21-1898955512-2253536272-2216333128-1103","provider":"Microsoft-Windows-PowerShell","run_id":"run-001","label":"baseline","source":{"raw_file":"C:\\CyberRangers\\evidence\\it\\baselines\\run-001\\raw\\windows-client\\EventLog_Microsoft-Windows-PowerShell_Operational.csv","raw_row":46},"data":{"event_id":4103,"event_type":"module_pipeline","script_text":"CommandInvocation(nslookup): \"nslookup\"\n\nContext:\n        Severity = Informational\n        Host Name = ConsoleHost\n        Host Version = 5.1.26100.8875\n        Host Application = C:\\WINDOWS\\System32\\WindowsPowerShell\\v1.0\\powershell.exe\n        Engine Version = 5.1.26100.8875\n        Pipeline ID = 23\n        Command Name = nslookup\n        Command Type = Application\n        User = PURPLELAB\\jdoe\n","record_id":23046}}
{"schema_version":"1.0","record_type":"process_creation","timestamp_utc":"2026-08-12T14:32:22Z","host":"purplelab-win-client.purplelab.local","user":"PURPLELAB\\jdoe","provider":"Microsoft-Windows-Sysmon","run_id":"run-001","label":"baseline","source":{"raw_file":"C:\\CyberRangers\\evidence\\it\\baselines\\run-001\\raw\\windows-client\\EventLog_Microsoft-Windows-Sysmon_Operational.csv","raw_row":45},"data":{"event_id":1,"process_image":"C:\\Windows\\System32\\tasklist.exe","process_id":7668,"parent_image":"C:\\Windows\\System32\\WindowsPowerShell\\v1.0\\powershell.exe","parent_process_id":4120,"command_line":"tasklist /fo csv"}}
{"schema_version":"1.0","record_type":"process_creation","timestamp_utc":"2026-08-12T14:32:22Z","host":"purplelab-win-client.purplelab.local","user":"PURPLELAB\\jdoe","provider":"Microsoft-Windows-Sysmon","run_id":"run-001","label":"baseline","source":{"raw_file":"C:\\CyberRangers\\evidence\\it\\baselines\\run-001\\raw\\windows-client\\EventLog_Microsoft-Windows-Sysmon_Operational.csv","raw_row":46},"data":{"event_id":1,"process_image":"C:\\Windows\\System32\\nslookup.exe","process_id":8184,"parent_image":"C:\\Windows\\System32\\WindowsPowerShell\\v1.0\\powershell.exe","parent_process_id":4120,"command_line":"nslookup purplelab.local"}}
{"schema_version":"1.0","record_type":"powershell","timestamp_utc":"2026-08-12T14:32:23Z","host":"purplelab-win-client.purplelab.local","user":"S-1-5-21-1898955512-2253536272-2216333128-1103","provider":"Microsoft-Windows-PowerShell","run_id":"run-001","label":"baseline","source":{"raw_file":"C:\\CyberRangers\\evidence\\it\\baselines\\run-001\\raw\\windows-client\\EventLog_Microsoft-Windows-PowerShell_Operational.csv","raw_row":47},"data":{"event_id":4103,"event_type":"module_pipeline","script_text":"CommandInvocation(cmd): \"cmd\"\n\nContext:\n        Severity = Informational\n        Host Name = ConsoleHost\n        Host Version = 5.1.26100.8875\n        Host Application = C:\\WINDOWS\\System32\\WindowsPowerShell\\v1.0\\powershell.exe\n        Engine Version = 5.1.26100.8875\n        Pipeline ID = 24\n        Command Name = cmd\n        Command Type = Application\n        User = PURPLELAB\\jdoe\n","record_id":23047}}
{"schema_version":"1.0","record_type":"powershell","timestamp_utc":"2026-08-12T14:32:23Z","host":"purplelab-win-client.purplelab.local","user":"S-1-5-21-1898955512-2253536272-2216333128-1103","provider":"Microsoft-Windows-PowerShell","run_id":"run-001","label":"baseline","source":{"raw_file":"C:\\CyberRangers\\evidence\\it\\baselines\\run-001\\raw\\windows-client\\EventLog_Microsoft-Windows-PowerShell_Operational.csv","raw_row":48},"data":{"event_id":4103,"event_type":"module_pipeline","script_text":"CommandInvocation(whoami): \"whoami\"\n\nContext:\n        Severity = Informational\n        Host Name = ConsoleHost\n        Host Version = 5.1.26100.8875\n        Host Application = C:\\WINDOWS\\System32\\WindowsPowerShell\\v1.0\\powershell.exe\n        Engine Version = 5.1.26100.8875\n        Pipeline ID = 24\n        Command Name = whoami\n        Command Type = Application\n        User = PURPLELAB\\jdoe\n","record_id":23048}}
{"schema_version":"1.0","record_type":"process_creation","timestamp_utc":"2026-08-12T14:32:23Z","host":"purplelab-win-client.purplelab.local","user":"PURPLELAB\\jdoe","provider":"Microsoft-Windows-Sysmon","run_id":"run-001","label":"baseline","source":{"raw_file":"C:\\CyberRangers\\evidence\\it\\baselines\\run-001\\raw\\windows-client\\EventLog_Microsoft-Windows-Sysmon_Operational.csv","raw_row":47},"data":{"event_id":1,"process_image":"C:\\Windows\\System32\\cmd.exe","process_id":1976,"parent_image":"C:\\Windows\\explorer.exe","parent_process_id":3488,"command_line":"cmd.exe /c echo routine workstation check"}}
{"schema_version":"1.0","record_type":"process_creation","timestamp_utc":"2026-08-12T14:32:23Z","host":"purplelab-win-client.purplelab.local","user":"PURPLELAB\\jdoe","provider":"Microsoft-Windows-Sysmon","run_id":"run-001","label":"baseline","source":{"raw_file":"C:\\CyberRangers\\evidence\\it\\baselines\\run-001\\raw\\windows-client\\EventLog_Microsoft-Windows-Sysmon_Operational.csv","raw_row":48},"data":{"event_id":1,"process_image":"C:\\Windows\\System32\\whoami.exe","process_id":6080,"parent_image":"C:\\Windows\\System32\\WindowsPowerShell\\v1.0\\powershell.exe","parent_process_id":4120,"command_line":"whoami"}}
{"schema_version":"1.0","record_type":"powershell","timestamp_utc":"2026-08-12T14:32:24Z","host":"purplelab-win-client.purplelab.local","user":"S-1-5-21-1898955512-2253536272-2216333128-1103","provider":"Microsoft-Windows-PowerShell","run_id":"run-001","label":"baseline","source":{"raw_file":"C:\\CyberRangers\\evidence\\it\\baselines\\run-001\\raw\\windows-client\\EventLog_Microsoft-Windows-PowerShell_Operational.csv","raw_row":49},"data":{"event_id":4103,"event_type":"module_pipeline","script_text":"CommandInvocation(hostname): \"hostname\"\n\nContext:\n        Severity = Informational\n        Host Name = ConsoleHost\n        Host Version = 5.1.26100.8875\n        Host Application = C:\\WINDOWS\\System32\\WindowsPowerShell\\v1.0\\powershell.exe\n        Engine Version = 5.1.26100.8875\n        Pipeline ID = 25\n        Command Name = hostname\n        Command Type = Application\n        User = PURPLELAB\\jdoe\n","record_id":23049}}
{"schema_version":"1.0","record_type":"powershell","timestamp_utc":"2026-08-12T14:32:24Z","host":"purplelab-win-client.purplelab.local","user":"S-1-5-21-1898955512-2253536272-2216333128-1103","provider":"Microsoft-Windows-PowerShell","run_id":"run-001","label":"baseline","source":{"raw_file":"C:\\CyberRangers\\evidence\\it\\baselines\\run-001\\raw\\windows-client\\EventLog_Microsoft-Windows-PowerShell_Operational.csv","raw_row":50},"data":{"event_id":4103,"event_type":"module_pipeline","script_text":"CommandInvocation(ipconfig): \"ipconfig\"\n\nContext:\n        Severity = Informational\n        Host Name = ConsoleHost\n        Host Version = 5.1.26100.8875\n        Host Application = C:\\WINDOWS\\System32\\WindowsPowerShell\\v1.0\\powershell.exe\n        Engine Version = 5.1.26100.8875\n        Pipeline ID = 25\n        Command Name = ipconfig\n        Command Type = Application\n        User = PURPLELAB\\jdoe\n","record_id":23050}}
{"schema_version":"1.0","record_type":"process_creation","timestamp_utc":"2026-08-12T14:32:24Z","host":"purplelab-win-client.purplelab.local","user":"PURPLELAB\\jdoe","provider":"Microsoft-Windows-Sysmon","run_id":"run-001","label":"baseline","source":{"raw_file":"C:\\CyberRangers\\evidence\\it\\baselines\\run-001\\raw\\windows-client\\EventLog_Microsoft-Windows-Sysmon_Operational.csv","raw_row":49},"data":{"event_id":1,"process_image":"C:\\Windows\\System32\\hostname.exe","process_id":3336,"parent_image":"C:\\Windows\\System32\\WindowsPowerShell\\v1.0\\powershell.exe","parent_process_id":4120,"command_line":"hostname"}}
{"schema_version":"1.0","record_type":"process_creation","timestamp_utc":"2026-08-12T14:32:24Z","host":"purplelab-win-client.purplelab.local","user":"PURPLELAB\\jdoe","provider":"Microsoft-Windows-Sysmon","run_id":"run-001","label":"baseline","source":{"raw_file":"C:\\CyberRangers\\evidence\\it\\baselines\\run-001\\raw\\windows-client\\EventLog_Microsoft-Windows-Sysmon_Operational.csv","raw_row":50},"data":{"event_id":1,"process_image":"C:\\Windows\\System32\\ipconfig.exe","process_id":4764,"parent_image":"C:\\Windows\\System32\\WindowsPowerShell\\v1.0\\powershell.exe","parent_process_id":4120,"command_line":"ipconfig /all"}}
{"schema_version":"1.0","record_type":"powershell","timestamp_utc":"2026-08-12T14:32:25Z","host":"purplelab-win-client.purplelab.local","user":"S-1-5-21-1898955512-2253536272-2216333128-1103","provider":"Microsoft-Windows-PowerShell","run_id":"run-001","label":"baseline","source":{"raw_file":"C:\\CyberRangers\\evidence\\it\\baselines\\run-001\\raw\\windows-client\\EventLog_Microsoft-Windows-PowerShell_Operational.csv","raw_row":51},"data":{"event_id":4103,"event_type":"module_pipeline","script_text":"CommandInvocation(tasklist): \"tasklist\"\n\nContext:\n        Severity = Informational\n        Host Name = ConsoleHost\n        Host Version = 5.1.26100.8875\n        Host Application = C:\\WINDOWS\\System32\\WindowsPowerShell\\v1.0\\powershell.exe\n        Engine Version = 5.1.26100.8875\n        Pipeline ID = 26\n        Command Name = tasklist\n        Command Type = Application\n        User = PURPLELAB\\jdoe\n","record_id":23051}}
{"schema_version":"1.0","record_type":"powershell","timestamp_utc":"2026-08-12T14:32:25Z","host":"purplelab-win-client.purplelab.local","user":"S-1-5-21-1898955512-2253536272-2216333128-1103","provider":"Microsoft-Windows-PowerShell","run_id":"run-001","label":"baseline","source":{"raw_file":"C:\\CyberRangers\\evidence\\it\\baselines\\run-001\\raw\\windows-client\\EventLog_Microsoft-Windows-PowerShell_Operational.csv","raw_row":52},"data":{"event_id":4103,"event_type":"module_pipeline","script_text":"CommandInvocation(nslookup): \"nslookup\"\n\nContext:\n        Severity = Informational\n        Host Name = ConsoleHost\n        Host Version = 5.1.26100.8875\n        Host Application = C:\\WINDOWS\\System32\\WindowsPowerShell\\v1.0\\powershell.exe\n        Engine Version = 5.1.26100.8875\n        Pipeline ID = 26\n        Command Name = nslookup\n        Command Type = Application\n        User = PURPLELAB\\jdoe\n","record_id":23052}}
{"schema_version":"1.0","record_type":"process_creation","timestamp_utc":"2026-08-12T14:32:25Z","host":"purplelab-win-client.purplelab.local","user":"PURPLELAB\\jdoe","provider":"Microsoft-Windows-Sysmon","run_id":"run-001","label":"baseline","source":{"raw_file":"C:\\CyberRangers\\evidence\\it\\baselines\\run-001\\raw\\windows-client\\EventLog_Microsoft-Windows-Sysmon_Operational.csv","raw_row":51},"data":{"event_id":1,"process_image":"C:\\Windows\\System32\\tasklist.exe","process_id":9536,"parent_image":"C:\\Windows\\System32\\WindowsPowerShell\\v1.0\\powershell.exe","parent_process_id":4120,"command_line":"tasklist /fo csv"}}
{"schema_version":"1.0","record_type":"process_creation","timestamp_utc":"2026-08-12T14:32:25Z","host":"purplelab-win-client.purplelab.local","user":"PURPLELAB\\jdoe","provider":"Microsoft-Windows-Sysmon","run_id":"run-001","label":"baseline","source":{"raw_file":"C:\\CyberRangers\\evidence\\it\\baselines\\run-001\\raw\\windows-client\\EventLog_Microsoft-Windows-Sysmon_Operational.csv","raw_row":52},"data":{"event_id":1,"process_image":"C:\\Windows\\System32\\nslookup.exe","process_id":4568,"parent_image":"C:\\Windows\\System32\\WindowsPowerShell\\v1.0\\powershell.exe","parent_process_id":4120,"command_line":"nslookup purplelab.local"}}
{"schema_version":"1.0","record_type":"powershell","timestamp_utc":"2026-08-12T14:32:26Z","host":"purplelab-win-client.purplelab.local","user":"S-1-5-21-1898955512-2253536272-2216333128-1103","provider":"Microsoft-Windows-PowerShell","run_id":"run-001","label":"baseline","source":{"raw_file":"C:\\CyberRangers\\evidence\\it\\baselines\\run-001\\raw\\windows-client\\EventLog_Microsoft-Windows-PowerShell_Operational.csv","raw_row":53},"data":{"event_id":4103,"event_type":"module_pipeline","script_text":"CommandInvocation(cmd): \"cmd\"\n\nContext:\n        Severity = Informational\n        Host Name = ConsoleHost\n        Host Version = 5.1.26100.8875\n        Host Application = C:\\WINDOWS\\System32\\WindowsPowerShell\\v1.0\\powershell.exe\n        Engine Version = 5.1.26100.8875\n        Pipeline ID = 27\n        Command Name = cmd\n        Command Type = Application\n        User = PURPLELAB\\jdoe\n","record_id":23053}}
{"schema_version":"1.0","record_type":"powershell","timestamp_utc":"2026-08-12T14:32:26Z","host":"purplelab-win-client.purplelab.local","user":"S-1-5-21-1898955512-2253536272-2216333128-1103","provider":"Microsoft-Windows-PowerShell","run_id":"run-001","label":"baseline","source":{"raw_file":"C:\\CyberRangers\\evidence\\it\\baselines\\run-001\\raw\\windows-client\\EventLog_Microsoft-Windows-PowerShell_Operational.csv","raw_row":54},"data":{"event_id":4103,"event_type":"module_pipeline","script_text":"CommandInvocation(whoami): \"whoami\"\n\nContext:\n        Severity = Informational\n        Host Name = ConsoleHost\n        Host Version = 5.1.26100.8875\n        Host Application = C:\\WINDOWS\\System32\\WindowsPowerShell\\v1.0\\powershell.exe\n        Engine Version = 5.1.26100.8875\n        Pipeline ID = 27\n        Command Name = whoami\n        Command Type = Application\n        User = PURPLELAB\\jdoe\n","record_id":23054}}
{"schema_version":"1.0","record_type":"process_creation","timestamp_utc":"2026-08-12T14:32:26Z","host":"purplelab-win-client.purplelab.local","user":"PURPLELAB\\jdoe","provider":"Microsoft-Windows-Sysmon","run_id":"run-001","label":"baseline","source":{"raw_file":"C:\\CyberRangers\\evidence\\it\\baselines\\run-001\\raw\\windows-client\\EventLog_Microsoft-Windows-Sysmon_Operational.csv","raw_row":53},"data":{"event_id":1,"process_image":"C:\\Windows\\System32\\cmd.exe","process_id":4380,"parent_image":"C:\\Windows\\explorer.exe","parent_process_id":3488,"command_line":"cmd.exe /c echo routine workstation check"}}
{"schema_version":"1.0","record_type":"process_creation","timestamp_utc":"2026-08-12T14:32:26Z","host":"purplelab-win-client.purplelab.local","user":"PURPLELAB\\jdoe","provider":"Microsoft-Windows-Sysmon","run_id":"run-001","label":"baseline","source":{"raw_file":"C:\\CyberRangers\\evidence\\it\\baselines\\run-001\\raw\\windows-client\\EventLog_Microsoft-Windows-Sysmon_Operational.csv","raw_row":54},"data":{"event_id":1,"process_image":"C:\\Windows\\System32\\whoami.exe","process_id":6048,"parent_image":"C:\\Windows\\System32\\WindowsPowerShell\\v1.0\\powershell.exe","parent_process_id":4120,"command_line":"whoami"}}
{"schema_version":"1.0","record_type":"powershell","timestamp_utc":"2026-08-12T14:32:27Z","host":"purplelab-win-client.purplelab.local","user":"S-1-5-21-1898955512-2253536272-2216333128-1103","provider":"Microsoft-Windows-PowerShell","run_id":"run-001","label":"baseline","source":{"raw_file":"C:\\CyberRangers\\evidence\\it\\baselines\\run-001\\raw\\windows-client\\EventLog_Microsoft-Windows-PowerShell_Operational.csv","raw_row":55},"data":{"event_id":4103,"event_type":"module_pipeline","script_text":"CommandInvocation(hostname): \"hostname\"\n\nContext:\n        Severity = Informational\n        Host Name = ConsoleHost\n        Host Version = 5.1.26100.8875\n        Host Application = C:\\WINDOWS\\System32\\WindowsPowerShell\\v1.0\\powershell.exe\n        Engine Version = 5.1.26100.8875\n        Pipeline ID = 28\n        Command Name = hostname\n        Command Type = Application\n        User = PURPLELAB\\jdoe\n","record_id":23055}}
{"schema_version":"1.0","record_type":"powershell","timestamp_utc":"2026-08-12T14:32:27Z","host":"purplelab-win-client.purplelab.local","user":"S-1-5-21-1898955512-2253536272-2216333128-1103","provider":"Microsoft-Windows-PowerShell","run_id":"run-001","label":"baseline","source":{"raw_file":"C:\\CyberRangers\\evidence\\it\\baselines\\run-001\\raw\\windows-client\\EventLog_Microsoft-Windows-PowerShell_Operational.csv","raw_row":56},"data":{"event_id":4103,"event_type":"module_pipeline","script_text":"CommandInvocation(ipconfig): \"ipconfig\"\n\nContext:\n        Severity = Informational\n        Host Name = ConsoleHost\n        Host Version = 5.1.26100.8875\n        Host Application = C:\\WINDOWS\\System32\\WindowsPowerShell\\v1.0\\powershell.exe\n        Engine Version = 5.1.26100.8875\n        Pipeline ID = 28\n        Command Name = ipconfig\n        Command Type = Application\n        User = PURPLELAB\\jdoe\n","record_id":23056}}
{"schema_version":"1.0","record_type":"process_creation","timestamp_utc":"2026-08-12T14:32:27Z","host":"purplelab-win-client.purplelab.local","user":"PURPLELAB\\jdoe","provider":"Microsoft-Windows-Sysmon","run_id":"run-001","label":"baseline","source":{"raw_file":"C:\\CyberRangers\\evidence\\it\\baselines\\run-001\\raw\\windows-client\\EventLog_Microsoft-Windows-Sysmon_Operational.csv","raw_row":55},"data":{"event_id":1,"process_image":"C:\\Windows\\System32\\hostname.exe","process_id":7788,"parent_image":"C:\\Windows\\System32\\WindowsPowerShell\\v1.0\\powershell.exe","parent_process_id":4120,"command_line":"hostname"}}
{"schema_version":"1.0","record_type":"process_creation","timestamp_utc":"2026-08-12T14:32:27Z","host":"purplelab-win-client.purplelab.local","user":"PURPLELAB\\jdoe","provider":"Microsoft-Windows-Sysmon","run_id":"run-001","label":"baseline","source":{"raw_file":"C:\\CyberRangers\\evidence\\it\\baselines\\run-001\\raw\\windows-client\\EventLog_Microsoft-Windows-Sysmon_Operational.csv","raw_row":56},"data":{"event_id":1,"process_image":"C:\\Windows\\System32\\ipconfig.exe","process_id":6568,"parent_image":"C:\\Windows\\System32\\WindowsPowerShell\\v1.0\\powershell.exe","parent_process_id":4120,"command_line":"ipconfig /all"}}
{"schema_version":"1.0","record_type":"powershell","timestamp_utc":"2026-08-12T14:32:28Z","host":"purplelab-win-client.purplelab.local","user":"S-1-5-21-1898955512-2253536272-2216333128-1103","provider":"Microsoft-Windows-PowerShell","run_id":"run-001","label":"baseline","source":{"raw_file":"C:\\CyberRangers\\evidence\\it\\baselines\\run-001\\raw\\windows-client\\EventLog_Microsoft-Windows-PowerShell_Operational.csv","raw_row":57},"data":{"event_id":4103,"event_type":"module_pipeline","script_text":"CommandInvocation(tasklist): \"tasklist\"\n\nContext:\n        Severity = Informational\n        Host Name = ConsoleHost\n        Host Version = 5.1.26100.8875\n        Host Application = C:\\WINDOWS\\System32\\WindowsPowerShell\\v1.0\\powershell.exe\n        Engine Version = 5.1.26100.8875\n        Pipeline ID = 29\n        Command Name = tasklist\n        Command Type = Application\n        User = PURPLELAB\\jdoe\n","record_id":23057}}
{"schema_version":"1.0","record_type":"powershell","timestamp_utc":"2026-08-12T14:32:28Z","host":"purplelab-win-client.purplelab.local","user":"S-1-5-21-1898955512-2253536272-2216333128-1103","provider":"Microsoft-Windows-PowerShell","run_id":"run-001","label":"baseline","source":{"raw_file":"C:\\CyberRangers\\evidence\\it\\baselines\\run-001\\raw\\windows-client\\EventLog_Microsoft-Windows-PowerShell_Operational.csv","raw_row":58},"data":{"event_id":4103,"event_type":"module_pipeline","script_text":"CommandInvocation(nslookup): \"nslookup\"\n\nContext:\n        Severity = Informational\n        Host Name = ConsoleHost\n        Host Version = 5.1.26100.8875\n        Host Application = C:\\WINDOWS\\System32\\WindowsPowerShell\\v1.0\\powershell.exe\n        Engine Version = 5.1.26100.8875\n        Pipeline ID = 29\n        Command Name = nslookup\n        Command Type = Application\n        User = PURPLELAB\\jdoe\n","record_id":23058}}
{"schema_version":"1.0","record_type":"process_creation","timestamp_utc":"2026-08-12T14:32:28Z","host":"purplelab-win-client.purplelab.local","user":"PURPLELAB\\jdoe","provider":"Microsoft-Windows-Sysmon","run_id":"run-001","label":"baseline","source":{"raw_file":"C:\\CyberRangers\\evidence\\it\\baselines\\run-001\\raw\\windows-client\\EventLog_Microsoft-Windows-Sysmon_Operational.csv","raw_row":57},"data":{"event_id":1,"process_image":"C:\\Windows\\System32\\tasklist.exe","process_id":6752,"parent_image":"C:\\Windows\\System32\\WindowsPowerShell\\v1.0\\powershell.exe","parent_process_id":4120,"command_line":"tasklist /fo csv"}}
{"schema_version":"1.0","record_type":"process_creation","timestamp_utc":"2026-08-12T14:32:28Z","host":"purplelab-win-client.purplelab.local","user":"PURPLELAB\\jdoe","provider":"Microsoft-Windows-Sysmon","run_id":"run-001","label":"baseline","source":{"raw_file":"C:\\CyberRangers\\evidence\\it\\baselines\\run-001\\raw\\windows-client\\EventLog_Microsoft-Windows-Sysmon_Operational.csv","raw_row":58},"data":{"event_id":1,"process_image":"C:\\Windows\\System32\\nslookup.exe","process_id":7412,"parent_image":"C:\\Windows\\System32\\WindowsPowerShell\\v1.0\\powershell.exe","parent_process_id":4120,"command_line":"nslookup purplelab.local"}}
{"schema_version":"1.0","record_type":"powershell","timestamp_utc":"2026-08-12T14:32:29Z","host":"purplelab-win-client.purplelab.local","user":"S-1-5-21-1898955512-2253536272-2216333128-1103","provider":"Microsoft-Windows-PowerShell","run_id":"run-001","label":"baseline","source":{"raw_file":"C:\\CyberRangers\\evidence\\it\\baselines\\run-001\\raw\\windows-client\\EventLog_Microsoft-Windows-PowerShell_Operational.csv","raw_row":59},"data":{"event_id":4103,"event_type":"module_pipeline","script_text":"CommandInvocation(cmd): \"cmd\"\n\nContext:\n        Severity = Informational\n        Host Name = ConsoleHost\n        Host Version = 5.1.26100.8875\n        Host Application = C:\\WINDOWS\\System32\\WindowsPowerShell\\v1.0\\powershell.exe\n        Engine Version = 5.1.26100.8875\n        Pipeline ID = 30\n        Command Name = cmd\n        Command Type = Application\n        User = PURPLELAB\\jdoe\n","record_id":23059}}
{"schema_version":"1.0","record_type":"powershell","timestamp_utc":"2026-08-12T14:32:29Z","host":"purplelab-win-client.purplelab.local","user":"S-1-5-21-1898955512-2253536272-2216333128-1103","provider":"Microsoft-Windows-PowerShell","run_id":"run-001","label":"baseline","source":{"raw_file":"C:\\CyberRangers\\evidence\\it\\baselines\\run-001\\raw\\windows-client\\EventLog_Microsoft-Windows-PowerShell_Operational.csv","raw_row":60},"data":{"event_id":4103,"event_type":"module_pipeline","script_text":"CommandInvocation(whoami): \"whoami\"\n\nContext:\n        Severity = Informational\n        Host Name = ConsoleHost\n        Host Version = 5.1.26100.8875\n        Host Application = C:\\WINDOWS\\System32\\WindowsPowerShell\\v1.0\\powershell.exe\n        Engine Version = 5.1.26100.8875\n        Pipeline ID = 30\n        Command Name = whoami\n        Command Type = Application\n        User = PURPLELAB\\jdoe\n","record_id":23060}}
{"schema_version":"1.0","record_type":"process_creation","timestamp_utc":"2026-08-12T14:32:29Z","host":"purplelab-win-client.purplelab.local","user":"PURPLELAB\\jdoe","provider":"Microsoft-Windows-Sysmon","run_id":"run-001","label":"baseline","source":{"raw_file":"C:\\CyberRangers\\evidence\\it\\baselines\\run-001\\raw\\windows-client\\EventLog_Microsoft-Windows-Sysmon_Operational.csv","raw_row":59},"data":{"event_id":1,"process_image":"C:\\Windows\\System32\\cmd.exe","process_id":9136,"parent_image":"C:\\Windows\\explorer.exe","parent_process_id":3488,"command_line":"cmd.exe /c echo routine workstation check"}}
{"schema_version":"1.0","record_type":"process_creation","timestamp_utc":"2026-08-12T14:32:29Z","host":"purplelab-win-client.purplelab.local","user":"PURPLELAB\\jdoe","provider":"Microsoft-Windows-Sysmon","run_id":"run-001","label":"baseline","source":{"raw_file":"C:\\CyberRangers\\evidence\\it\\baselines\\run-001\\raw\\windows-client\\EventLog_Microsoft-Windows-Sysmon_Operational.csv","raw_row":60},"data":{"event_id":1,"process_image":"C:\\Windows\\System32\\whoami.exe","process_id":1860,"parent_image":"C:\\Windows\\System32\\WindowsPowerShell\\v1.0\\powershell.exe","parent_process_id":4120,"command_line":"whoami"}}
{"schema_version":"1.0","record_type":"powershell","timestamp_utc":"2026-08-12T14:32:30Z","host":"purplelab-win-client.purplelab.local","user":"S-1-5-21-1898955512-2253536272-2216333128-1103","provider":"Microsoft-Windows-PowerShell","run_id":"run-001","label":"baseline","source":{"raw_file":"C:\\CyberRangers\\evidence\\it\\baselines\\run-001\\raw\\windows-client\\EventLog_Microsoft-Windows-PowerShell_Operational.csv","raw_row":61},"data":{"event_id":4103,"event_type":"module_pipeline","script_text":"CommandInvocation(hostname): \"hostname\"\n\nContext:\n        Severity = Informational\n        Host Name = ConsoleHost\n        Host Version = 5.1.26100.8875\n        Host Application = C:\\WINDOWS\\System32\\WindowsPowerShell\\v1.0\\powershell.exe\n        Engine Version = 5.1.26100.8875\n        Pipeline ID = 31\n        Command Name = hostname\n        Command Type = Application\n        User = PURPLELAB\\jdoe\n","record_id":23061}}
{"schema_version":"1.0","record_type":"powershell","timestamp_utc":"2026-08-12T14:32:30Z","host":"purplelab-win-client.purplelab.local","user":"S-1-5-21-1898955512-2253536272-2216333128-1103","provider":"Microsoft-Windows-PowerShell","run_id":"run-001","label":"baseline","source":{"raw_file":"C:\\CyberRangers\\evidence\\it\\baselines\\run-001\\raw\\windows-client\\EventLog_Microsoft-Windows-PowerShell_Operational.csv","raw_row":62},"data":{"event_id":4103,"event_type":"module_pipeline","script_text":"CommandInvocation(ipconfig): \"ipconfig\"\n\nContext:\n        Severity = Informational\n        Host Name = ConsoleHost\n        Host Version = 5.1.26100.8875\n        Host Application = C:\\WINDOWS\\System32\\WindowsPowerShell\\v1.0\\powershell.exe\n        Engine Version = 5.1.26100.8875\n        Pipeline ID = 31\n        Command Name = ipconfig\n        Command Type = Application\n        User = PURPLELAB\\jdoe\n","record_id":23062}}
{"schema_version":"1.0","record_type":"process_creation","timestamp_utc":"2026-08-12T14:32:30Z","host":"purplelab-win-client.purplelab.local","user":"PURPLELAB\\jdoe","provider":"Microsoft-Windows-Sysmon","run_id":"run-001","label":"baseline","source":{"raw_file":"C:\\CyberRangers\\evidence\\it\\baselines\\run-001\\raw\\windows-client\\EventLog_Microsoft-Windows-Sysmon_Operational.csv","raw_row":61},"data":{"event_id":1,"process_image":"C:\\Windows\\System32\\hostname.exe","process_id":4688,"parent_image":"C:\\Windows\\System32\\WindowsPowerShell\\v1.0\\powershell.exe","parent_process_id":4120,"command_line":"hostname"}}
{"schema_version":"1.0","record_type":"process_creation","timestamp_utc":"2026-08-12T14:32:30Z","host":"purplelab-win-client.purplelab.local","user":"PURPLELAB\\jdoe","provider":"Microsoft-Windows-Sysmon","run_id":"run-001","label":"baseline","source":{"raw_file":"C:\\CyberRangers\\evidence\\it\\baselines\\run-001\\raw\\windows-client\\EventLog_Microsoft-Windows-Sysmon_Operational.csv","raw_row":62},"data":{"event_id":1,"process_image":"C:\\Windows\\System32\\ipconfig.exe","process_id":5380,"parent_image":"C:\\Windows\\System32\\WindowsPowerShell\\v1.0\\powershell.exe","parent_process_id":4120,"command_line":"ipconfig /all"}}
{"schema_version":"1.0","record_type":"powershell","timestamp_utc":"2026-08-12T14:32:31Z","host":"purplelab-win-client.purplelab.local","user":"S-1-5-21-1898955512-2253536272-2216333128-1103","provider":"Microsoft-Windows-PowerShell","run_id":"run-001","label":"baseline","source":{"raw_file":"C:\\CyberRangers\\evidence\\it\\baselines\\run-001\\raw\\windows-client\\EventLog_Microsoft-Windows-PowerShell_Operational.csv","raw_row":63},"data":{"event_id":4103,"event_type":"module_pipeline","script_text":"CommandInvocation(tasklist): \"tasklist\"\n\nContext:\n        Severity = Informational\n        Host Name = ConsoleHost\n        Host Version = 5.1.26100.8875\n        Host Application = C:\\WINDOWS\\System32\\WindowsPowerShell\\v1.0\\powershell.exe\n        Engine Version = 5.1.26100.8875\n        Pipeline ID = 32\n        Command Name = tasklist\n        Command Type = Application\n        User = PURPLELAB\\jdoe\n","record_id":23063}}
