{"schema_version":"1.0","record_type":"powershell","timestamp_utc":"2026-08-12T14:32:00Z","host":"purplelab-win-client.purplelab.local","user":"S-1-5-21-1898955512-2253536272-2216333128-1103","provider":"Microsoft-Windows-PowerShell","run_id":"run-001","label":"baseline","source":{"raw_file":"C:\\CyberRangers\\evidence\\it\\baselines\\run-001\\raw\\windows-client\\EventLog_Microsoft-Windows-PowerShell_Operational.csv","raw_row":1},"data":{"event_id":4103,"event_type":"module_pipeline","script_text":"CommandInvocation(hostname): \"hostname\"\n\nContext:\n        Severity = Informational\n        Host Name = ConsoleHost\n        Host Version = 5.1.26100.8875\n        Host Application = C:\\WINDOWS\\System32\\WindowsPowerShell\\v1.0\\powershell.exe\n        Engine Version = 5.1.26100.8875\n        Pipeline ID = 1\n        Command Name = hostname\n        Command Type = Application\n        User = PURPLELAB\\jdoe\n","record_id":23001}}
{"schema_version":"1.0","record_type":"powershell","timestamp_utc":"2026-08-12T14:32:00Z","host":"purplelab-win-client.purplelab.local","user":"S-1-5-21-1898955512-2253536272-2216333128-1103","provider":"Microsoft-Windows-PowerShell","run_id":"run-001","label":"baseline","source":{"raw_file":"C:\\CyberRangers\\evidence\\it\\baselines\\run-001\\raw\\windows-client\\EventLog_Microsoft-Windows-PowerShell_Operational.csv","raw_row":2},"data":{"event_id":4103,"event_type":"module_pipeline","script_text":"CommandInvocation(ipconfig): \"ipconfig\"\n\nContext:\n        Severity = Informational\n        Host Name = ConsoleHost\n        Host Version = 5.1.26100.8875\n        Host Application = C:\\WINDOWS\\System32\\WindowsPowerShell\\v1.0\\powershell.exe\n        Engine Version = 5.1.26100.8875\n        Pipeline ID = 1\n        Command Name = ipconfig\n        Command Type = Application\n        User = PURPLELAB\\jdoe\n","record_id":23002}}
{"schema_version":"1.0","record_type":"process_creation","timestamp_utc":"2026-08-12T14:32:00Z","host":"purplelab-win-client.purplelab.local","user":"PURPLELAB\\jdoe","provider":"Microsoft-Windows-Sysmon","run_id":"run-001","label":"baseline","source":{"raw_file":"C:\\CyberRangers\\evidence\\it\\baselines\\run-001\\raw\\windows-client\\EventLog_Microsoft-Windows-Sysmon_Operational.csv","raw_row":1},"data":{"event_id":1,"process_image":"C:\\Windows\\System32\\hostname.exe","process_id":2232,"parent_image":"C:\\Windows\\System32\\WindowsPowerShell\\v1.0\\powershell.exe","parent_process_id":4120,"command_line":"hostname"}}
{"schema_version":"1.0","record_type":"process_creation","timestamp_utc":"2026-08-12T14:32:00Z","host":"purplelab-win-client.purplelab.local","user":"PURPLELAB\\jdoe","provider":"Microsoft-Windows-Sysmon","run_id":"run-001","label":"baseline","source":{"raw_file":"C:\\CyberRangers\\evidence\\it\\baselines\\run-001\\raw\\windows-client\\EventLog_Microsoft-Windows-Sysmon_Operational.csv","raw_row":2},"data":{"event_id":1,"process_image":"C:\\Windows\\System32\\ipconfig.exe","process_id":8936,"parent_image":"C:\\Windows\\System32\\WindowsPowerShell\\v1.0\\powershell.exe","parent_process_id":4120,"command_line":"ipconfig /all"}}
{"schema_version":"1.0","record_type":"powershell","timestamp_utc":"2026-08-12T14:32:01Z","host":"purplelab-win-client.purplelab.local","user":"S-1-5-21-1898955512-2253536272-2216333128-1103","provider":"Microsoft-Windows-PowerShell","run_id":"run-001","label":"baseline","source":{"raw_file":"C:\\CyberRangers\\evidence\\it\\baselines\\run-001\\raw\\windows-client\\EventLog_Microsoft-Windows-PowerShell_Operational.csv","raw_row":3},"data":{"event_id":4103,"event_type":"module_pipeline","script_text":"CommandInvocation(tasklist): \"tasklist\"\n\nContext:\n        Severity = Informational\n        Host Name = ConsoleHost\n        Host Version = 5.1.26100.8875\n        Host Application = C:\\WINDOWS\\System32\\WindowsPowerShell\\v1.0\\powershell.exe\n        Engine Version = 5.1.26100.8875\n        Pipeline ID = 2\n        Command Name = tasklist\n        Command Type = Application\n        User = PURPLELAB\\jdoe\n","record_id":23003}}
{"schema_version":"1.0","record_type":"powershell","timestamp_utc":"2026-08-12T14:32:01Z","host":"purplelab-win-client.purplelab.local","user":"S-1-5-21-1898955512-2253536272-2216333128-1103","provider":"Microsoft-Windows-PowerShell","run_id":"run-001","label":"baseline","source":{"raw_file":"C:\\CyberRangers\\evidence\\it\\baselines\\run-001\\raw\\windows-client\\EventLog_Microsoft-Windows-PowerShell_Operational.csv","raw_row":4},"data":{"event_id":4103,"event_type":"module_pipeline","script_text":"CommandInvocation(nslookup): \"nslookup\"\n\nContext:\n        Severity = Informational\n        Host Name = ConsoleHost\n        Host Version = 5.1.26100.8875\n        Host Application = C:\\WINDOWS\\System32\\WindowsPowerShell\\v1.0\\powershell.exe\n        Engine Version = 5.1.26100.8875\n        Pipeline ID = 2\n        Command Name = nslookup\n        Command Type = Application\n        User = PURPLELAB\\jdoe\n","record_id":23004}}
{"schema_version":"1.0","record_type":"process_creation","timestamp_utc":"2026-08-12T14:32:01Z","host":"purplelab-win-client.purplelab.local","user":"PURPLELAB\\jdoe","provider":"Microsoft-Windows-Sysmon","run_id":"run-001","label":"baseline","source":{"raw_file":"C:\\CyberRangers\\evidence\\it\\baselines\\run-001\\raw\\windows-client\\EventLog_Microsoft-Windows-Sysmon_Operational.csv","raw_row":3},"data":{"event_id":1,"process_image":"C:\\Windows\\System32\\tasklist.exe","process_id":9192,"parent_image":"C:\\Windows\\System32\\WindowsPowerShell\\v1.0\\powershell.exe","parent_process_id":4120,"command_line":"tasklist /fo csv"}}
{"schema_version":"1.0","record_type":"process_creation","timestamp_utc":"2026-08-12T14:32:01Z","host":"purplelab-win-client.purplelab.local","user":"PURPLELAB\\jdoe","provider":"Microsoft-Windows-Sysmon","run_id":"run-001","label":"baseline","source":{"raw_file":"C:\\CyberRangers\\evidence\\it\\baselines\\run-001\\raw\\windows-client\\EventLog_Microsoft-Windows-Sysmon_Operational.csv","raw_row":4},"data":{"event_id":1,"process_image":"C:\\Windows\\System32\\nslookup.exe","process_id":1232,"parent_image":"C:\\Windows\\System32\\WindowsPowerShell\\v1.0\\powershell.exe","parent_process_id":4120,"command_line":"nslookup purplelab.local"}}
{"schema_version":"1.0","record_type":"powershell","timestamp_utc":"2026-08-12T14:32:02Z","host":"purplelab-win-client.purplelab.local","user":"S-1-5-21-1898955512-2253536272-2216333128-1103","provider":"Microsoft-Windows-PowerShell","run_id":"run-001","label":"baseline","source":{"raw_file":"C:\\CyberRangers\\evidence\\it\\baselines\\run-001\\raw\\windows-client\\EventLog_Microsoft-Windows-PowerShell_Operational.csv","raw_row":5},"data":{"event_id":4103,"event_type":"module_pipeline","script_text":"CommandInvocation(cmd): \"cmd\"\n\nContext:\n        Severity = Informational\n        Host Name = ConsoleHost\n        Host Version = 5.1.26100.8875\n        Host Application = C:\\WINDOWS\\System32\\WindowsPowerShell\\v1.0\\powershell.exe\n        Engine Version = 5.1.26100.8875\n        Pipeline ID = 3\n        Command Name = cmd\n        Command Type = Application\n        User = PURPLELAB\\jdoe\n","record_id":23005}}
{"schema_version":"1.0","record_type":"powershell","timestamp_utc":"2026-08-12T14:32:02Z","host":"purplelab-win-client.purplelab.local","user":"S-1-5-21-1898955512-2253536272-2216333128-1103","provider":"Microsoft-Windows-PowerShell","run_id":"run-001","label":"baseline","source":{"raw_file":"C:\\CyberRangers\\evidence\\it\\baselines\\run-001\\raw\\windows-client\\EventLog_Microsoft-Windows-PowerShell_Operational.csv","raw_row":6},"data":{"event_id":4103,"event_type":"module_pipeline","script_text":"CommandInvocation(whoami): \"whoami\"\n\nContext:\n        Severity = Informational\n        Host Name = ConsoleHost\n        Host Version = 5.1.26100.8875\n        Host Application = C:\\WINDOWS\\System32\\WindowsPowerShell\\v1.0\\powershell.exe\n        Engine Version = 5.1.26100.8875\n        Pipeline ID = 3\n        Command Name = whoami\n        Command Type = Application\n        User = PURPLELAB\\jdoe\n","record_id":23006}}
{"schema_version":"1.0","record_type":"process_creation","timestamp_utc":"2026-08-12T14:32:02Z","host":"purplelab-win-client.purplelab.local","user":"PURPLELAB\\jdoe","provider":"Microsoft-Windows-Sysmon","run_id":"run-001","label":"baseline","source":{"raw_file":"C:\\CyberRangers\\evidence\\it\\baselines\\run-001\\raw\\windows-client\\EventLog_Microsoft-Windows-Sysmon_Operational.csv","raw_row":5},"data":{"event_id":1,"process_image":"C:\\Windows\\System32\\cmd.exe","process_id":2872,"parent_image":"C:\\Windows\\explorer.exe","parent_process_id":3488,"command_line":"cmd.exe /c echo routine workstation check"}}
{"schema_version":"1.0","record_type":"process_creation","timestamp_utc":"2026-08-12T14:32:02Z","host":"purplelab-win-client.purplelab.local","user":"PURPLELAB\\jdoe","provider":"Microsoft-Windows-Sysmon","run_id":"run-001","label":"baseline","source":{"raw_file":"C:\\CyberRangers\\evidence\\it\\baselines\\run-001\\raw\\windows-client\\EventLog_Microsoft-Windows-Sysmon_Operational.csv","raw_row":6},"data":{"event_id":1,"process_image":"C:\\Windows\\System32\\whoami.exe","process_id":1348,"parent_image":"C:\\Windows\\System32\\WindowsPowerShell\\v1.0\\powershell.exe","parent_process_id":4120,"command_line":"whoami"}}
{"schema_version":"1.0","record_type":"powershell","timestamp_utc":"2026-08-12T14:32:03Z","host":"purplelab-win-client.purplelab.local","user":"S-1-5-21-1898955512-2253536272-2216333128-1103","provider":"Microsoft-Windows-PowerShell","run_id":"run-001","label":"baseline","source":{"raw_file":"C:\\CyberRangers\\evidence\\it\\baselines\\run-001\\raw\\windows-client\\EventLog_Microsoft-Windows-PowerShell_Operational.csv","raw_row":7},"data":{"event_id":4103,"event_type":"module_pipeline","script_text":"CommandInvocation(hostname): \"hostname\"\n\nContext:\n        Severity = Informational\n        Host Name = ConsoleHost\n        Host Version = 5.1.26100.8875\n        Host Application = C:\\WINDOWS\\System32\\WindowsPowerShell\\v1.0\\powershell.exe\n        Engine Version = 5.1.26100.8875\n        Pipeline ID = 4\n        Command Name = hostname\n        Command Type = Application\n        User = PURPLELAB\\jdoe\n","record_id":23007}}
{"schema_version":"1.0","record_type":"powershell","timestamp_utc":"2026-08-12T14:32:03Z","host":"purplelab-win-client.purplelab.local","user":"S-1-5-21-1898955512-2253536272-2216333128-1103","provider":"Microsoft-Windows-PowerShell","run_id":"run-001","label":"baseline","source":{"raw_file":"C:\\CyberRangers\\evidence\\it\\baselines\\run-001\\raw\\windows-client\\EventLog_Microsoft-Windows-PowerShell_Operational.csv","raw_row":8},"data":{"event_id":4103,"event_type":"module_pipeline","script_text":"CommandInvocation(ipconfig): \"ipconfig\"\n\nContext:\n        Severity = Informational\n        Host Name = ConsoleHost\n        Host Version = 5.1.26100.8875\n        Host Application = C:\\WINDOWS\\System32\\WindowsPowerShell\\v1.0\\powershell.exe\n        Engine Version = 5.1.26100.8875\n        Pipeline ID = 4\n        Command Name = ipconfig\n        Command Type = Application\n        User = PURPLELAB\\jdoe\n","record_id":23008}}
{"schema_version":"1.0","record_type":"process_creation","timestamp_utc":"2026-08-12T14:32:03Z","host":"purplelab-win-client.purplelab.local","user":"PURPLELAB\\jdoe","provider":"Microsoft-Windows-Sysmon","run_id":"run-001","label":"baseline","source":{"raw_file":"C:\\CyberRangers\\evidence\\it\\baselines\\run-001\\raw\\windows-client\\EventLog_Microsoft-Windows-Sysmon_Operational.csv","raw_row":7},"data":{"event_id":1,"process_image":"C:\\Windows\\System32\\hostname.exe","process_id":8112,"parent_image":"C:\\Windows\\System32\\WindowsPowerShell\\v1.0\\powershell.exe","parent_process_id":4120,"command_line":"hostname"}}
{"schema_version":"1.0","record_type":"process_creation","timestamp_utc":"2026-08-12T14:32:03Z","host":"purplelab-win-client.purplelab.local","user":"PURPLELAB\\jdoe","provider":"Microsoft-Windows-Sysmon","run_id":"run-001","label":"baseline","source":{"raw_file":"C:\\CyberRangers\\evidence\\it\\baselines\\run-001\\raw\\windows-client\\EventLog_Microsoft-Windows-Sysmon_Operational.csv","raw_row":8},"data":{"event_id":1,"process_image":"C:\\Windows\\System32\\ipconfig.exe","process_id":9320,"parent_image":"C:\\Windows\\System32\\WindowsPowerShell\\v1.0\\powershell.exe","parent_process_id":4120,"command_line":"ipconfig /all"}}
{"schema_version":"1.0","record_type":"powershell","timestamp_utc":"2026-08-12T14:32:04Z","host":"purplelab-win-client.purplelab.local","user":"S-1-5-21-1898955512-2253536272-2216333128-1103","provider":"Microsoft-Windows-PowerShell","run_id":"run-001","label":"baseline","source":{"raw_file":"C:\\CyberRangers\\evidence\\it\\baselines\\run-001\\raw\\windows-client\\EventLog_Microsoft-Windows-PowerShell_Operational.csv","raw_row":9},"data":{"event_id":4103,"event_type":"module_pipeline","script_text":"CommandInvocation(tasklist): \"tasklist\"\n\nContext:\n        Severity = Informational\n        Host Name = ConsoleHost\n        Host Version = 5.1.26100.8875\n        Host Application = C:\\WINDOWS\\System32\\WindowsPowerShell\\v1.0\\powershell.exe\n        Engine Version = 5.1.26100.8875\n        Pipeline ID = 5\n        Command Name = tasklist\n        Command Type = Application\n        User = PURPLELAB\\jdoe\n","record_id":23009}}
{"schema_version":"1.0","record_type":"powershell","timestamp_utc":"2026-08-12T14:32:04Z","host":"purplelab-win-client.purplelab.local","user":"S-1-5-21-1898955512-2253536272-2216333128-1103","provider":"Microsoft-Windows-PowerShell","run_id":"run-001","label":"baseline","source":{"raw_file":"C:\\CyberRangers\\evidence\\it\\baselines\\run-001\\raw\\windows-client\\EventLog_Microsoft-Windows-PowerShell_Operational.csv","raw_row":10},"data":{"event_id":4103,"event_type":"module_pipeline","script_text":"CommandInvocation(nslookup): \"nslookup\"\n\nContext:\n        Severity = Informational\n        Host Name = ConsoleHost\n        Host Version = 5.1.26100.8875\n        Host Application = C:\\WINDOWS\\System32\\WindowsPowerShell\\v1.0\\powershell.exe\n        Engine Version = 5.1.26100.8875\n        Pipeline ID = 5\n        Command Name = nslookup\n        Command Type = Application\n        User = PURPLELAB\\jdoe\n","record_id":23010}}
{"schema_version":"1.0","record_type":"process_creation","timestamp_utc":"2026-08-12T14:32:04Z","host":"purplelab-win-client.purplelab.local","user":"PURPLELAB\\jdoe","provider":"Microsoft-Windows-Sysmon","run_id":"run-001","label":"baseline","source":{"raw_file":"C:\\CyberRangers\\evidence\\it\\baselines\\run-001\\raw\\windows-client\\EventLog_Microsoft-Windows-Sysmon_Operational.csv","raw_row":9},"data":{"event_id":1,"process_image":"C:\\Windows\\System32\\tasklist.exe","process_id":4784,"parent_image":"C:\\Windows\\System32\\WindowsPowerShell\\v1.0\\powershell.exe","parent_process_id":4120,"command_line":"tasklist /fo csv"}}
{"schema_version":"1.0","record_type":"process_creation","timestamp_utc":"2026-08-12T14:32:04Z","host":"purplelab-win-client.purplelab.local","user":"PURPLELAB\\jdoe","provider":"Microsoft-Windows-Sysmon","run_id":"run-001","label":"baseline","source":{"raw_file":"C:\\CyberRangers\\evidence\\it\\baselines\\run-001\\raw\\windows-client\\EventLog_Microsoft-Windows-Sysmon_Operational.csv","raw_row":10},"data":{"event_id":1,"process_image":"C:\\Windows\\System32\\nslookup.exe","process_id":8016,"parent_image":"C:\\Windows\\System32\\WindowsPowerShell\\v1.0\\powershell.exe","parent_process_id":4120,"command_line":"nslookup purplelab.local"}}
{"schema_version":"1.0","record_type":"powershell","timestamp_utc":"2026-08-12T14:32:05Z","host":"purplelab-win-client.purplelab.local","user":"S-1-5-21-1898955512-2253536272-2216333128-1103","provider":"Microsoft-Windows-PowerShell","run_id":"run-001","label":"baseline","source":{"raw_file":"C:\\CyberRangers\\evidence\\it\\baselines\\run-001\\raw\\windows-client\\EventLog_Microsoft-Windows-PowerShell_Operational.csv","raw_row":11},"data":{"event_id":4103,"event_type":"module_pipeline","script_text":"CommandInvocation(cmd): \"cmd\"\n\nContext:\n        Severity = Informational\n        Host Name = ConsoleHost\n        Host Version = 5.1.26100.8875\n        Host Application = C:\\WINDOWS\\System32\\WindowsPowerShell\\v1.0\\powershell.exe\n        Engine Version = 5.1.26100.8875\n        Pipeline ID = 6\n        Command Name = cmd\n        Command Type = Application\n        User = PURPLELAB\\jdoe\n","record_id":23011}}
{"schema_version":"1.0","record_type":"powershell","timestamp_utc":"2026-08-12T14:32:05Z","host":"purplelab-win-client.purplelab.local","user":"S-1-5-21-1898955512-2253536272-2216333128-1103","provider":"Microsoft-Windows-PowerShell","run_id":"run-001","label":"baseline","source":{"raw_file":"C:\\CyberRangers\\evidence\\it\\baselines\\run-001\\raw\\windows-client\\EventLog_Microsoft-Windows-PowerShell_Operational.csv","raw_row":12},"data":{"event_id":4103,"event_type":"module_pipeline","script_text":"CommandInvocation(whoami): \"whoami\"\n\nContext:\n        Severity = Informational\n        Host Name = ConsoleHost\n        Host Version = 5.1.26100.8875\n        Host Application = C:\\WINDOWS\\System32\\WindowsPowerShell\\v1.0\\powershell.exe\n        Engine Version = 5.1.26100.8875\n        Pipeline ID = 6\n        Command Name = whoami\n        Command Type = Application\n        User = PURPLELAB\\jdoe\n","record_id":23012}}
{"schema_version":"1.0","record_type":"process_creation","timestamp_utc":"2026-08-12T14:32:05Z","host":"purplelab-win-client.purplelab.local","user":"PURPLELAB\\jdoe","provider":"Microsoft-Windows-Sysmon","run_id":"run-001","label":"baseline","source":{"raw_file":"C:\\CyberRangers\\evidence\\it\\baselines\\run-001\\raw\\windows-client\\EventLog_Microsoft-Windows-Sysmon_Operational.csv","raw_row":11},"data":{"event_id":1,"process_image":"C:\\Windows\\System32\\cmd.exe","process_id":2836,"parent_image":"C:\\Windows\\explorer.exe","parent_process_id":3488,"command_line":"cmd.exe /c echo routine workstation check"}}
{"schema_version":"1.0","record_type":"process_creation","timestamp_utc":"2026-08-12T14:32:05Z","host":"purplelab-win-client.purplelab.local","user":"PURPLELAB\\jdoe","provider":"Microsoft-Windows-Sysmon","run_id":"run-001","label":"baseline","source":{"raw_file":"C:\\CyberRangers\\evidence\\it\\baselines\\run-001\\raw\\windows-client\\EventLog_Microsoft-Windows-Sysmon_Operational.csv","raw_row":12},"data":{"event_id":1,"process_image":"C:\\Windows\\System32\\whoami.exe","process_id":3180,"parent_image":"C:\\Windows\\System32\\WindowsPowerShell\\v1.0\\powershell.exe","parent_process_id":4120,"command_line":"whoami"}}
{"schema_version":"1.0","record_type":"powershell","timestamp_utc":"2026-08-12T14:32:06Z","host":"purplelab-win-client.purplelab.local","user":"S-1-5-21-1898955512-2253536272-2216333128-1103","provider":"Microsoft-Windows-PowerShell","run_id":"run-001","label":"baseline","source":{"raw_file":"C:\\CyberRangers\\evidence\\it\\baselines\\run-001\\raw\\windows-client\\EventLog_Microsoft-Windows-PowerShell_Operational.csv","raw_row":13},"data":{"event_id":4103,"event_type":"module_pipeline","script_text":"CommandInvocation(hostname): \"hostname\"\n\nContext:\n        Severity = Informational\n        Host Name = ConsoleHost\n        Host Version = 5.1.26100.8875\n        Host Application = C:\\WINDOWS\\System32\\WindowsPowerShell\\v1.0\\powershell.exe\n        Engine Version = 5.1.26100.8875\n        Pipeline ID = 7\n        Command Name = hostname\n        Command Type = Application\n        User = PURPLELAB\\jdoe\n","record_id":23013}}
{"schema_version":"1.0","record_type":"powershell","timestamp_utc":"2026-08-12T14:32:06Z","host":"purplelab-win-client.purplelab.local","user":"S-1-5-21-1898955512-2253536272-2216333128-1103","provider":"Microsoft-Windows-PowerShell","run_id":"run-001","label":"baseline","source":{"raw_file":"C:\\CyberRangers\\evidence\\it\\baselines\\run-001\\raw\\windows-client\\EventLog_Microsoft-Windows-PowerShell_Operational.csv","raw_row":14},"data":{"event_id":4103,"event_type":"module_pipeline","script_text":"CommandInvocation(ipconfig): \"ipconfig\"\n\nContext:\n        Severity = Informational\n        Host Name = ConsoleHost\n        Host Version = 5.1.26100.8875\n        Host Application = C:\\WINDOWS\\System32\\WindowsPowerShell\\v1.0\\powershell.exe\n        Engine Version = 5.1.26100.8875\n        Pipeline ID = 7\n        Command Name = ipconfig\n        Command Type = Application\n        User = PURPLELAB\\jdoe\n","record_id":23014}}
{"schema_version":"1.0","record_type":"process_creation","timestamp_utc":"2026-08-12T14:32:06Z","host":"purplelab-win-client.purplelab.local","user":"PURPLELAB\\jdoe","provider":"Microsoft-Windows-Sysmon","run_id":"run-001","label":"baseline","source":{"raw_file":"C:\\CyberRangers\\evidence\\it\\baselines\\run-001\\raw\\windows-client\\EventLog_Microsoft-Windows-Sysmon_Operational.csv","raw_row":13},"data":{"event_id":1,"process_image":"C:\\Windows\\System32\\hostname.exe","process_id":8112,"parent_image":"C:\\Windows\\System32\\WindowsPowerShell\\v1.0\\powershell.exe","parent_process_id":4120,"command_line":"hostname"}}
{"schema_version":"1.0","record_type":"process_creation","timestamp_utc":"2026-08-12T14:32:06Z","host":"purplelab-win-client.purplelab.local","user":"PURPLELAB\\jdoe","provider":"Microsoft-Windows-Sysmon","run_id":"run-001","label":"baseline","source":{"raw_file":"C:\\CyberRangers\\evidence\\it\\baselines\\run-001\\raw\\windows-client\\EventLog_Microsoft-Windows-Sysmon_Operational.csv","raw_row":14},"data":{"event_id":1,"process_image":"C:\\Windows\\System32\\ipconfig.exe","process_id":6168,"parent_image":"C:\\Windows\\System32\\WindowsPowerShell\\v1.0\\powershell.exe","parent_process_id":4120,"command_line":"ipconfig /all"}}
{"schema_version":"1.0","record_type":"powershell","timestamp_utc":"2026-08-12T14:32:07Z","host":"purplelab-win-client.purplelab.local","user":"S-1-5-21-1898955512-2253536272-2216333128-1103","provider":"Microsoft-Windows-PowerShell","run_id":"run-001","label":"baseline","source":{"raw_file":"C:\\CyberRangers\\evidence\\it\\baselines\\run-001\\raw\\windows-client\\EventLog_Microsoft-Windows-PowerShell_Operational.csv","raw_row":15},"data":{"event_id":4103,"event_type":"module_pipeline","script_text":"CommandInvocation(tasklist): \"tasklist\"\n\nContext:\n        Severity = Informational\n        Host Name = ConsoleHost\n        Host Version = 5.1.26100.8875\n        Host Application = C:\\WINDOWS\\System32\\WindowsPowerShell\\v1.0\\powershell.exe\n        Engine Version = 5.1.26100.8875\n        Pipeline ID = 8\n        Command Name = tasklist\n        Command Type = Application\n        User = PURPLELAB\\jdoe\n","record_id":23015}}
{"schema_version":"1.0","record_type":"powershell","timestamp_utc":"2026-08-12T14:32:07Z","host":"purplelab-win-client.purplelab.local","user":"S-1-5-21-1898955512-2253536272-2216333128-1103","provider":"Microsoft-Windows-PowerShell","run_id":"run-001","label":"baseline","source":{"raw_file":"C:\\CyberRangers\\evidence\\it\\baselines\\run-001\\raw\\windows-client\\EventLog_Microsoft-Windows-PowerShell_Operational.csv","raw_row":16},"data":{"event_id":4103,"event_type":"module_pipeline","script_text":"CommandInvocation(nslookup): \"nslookup\"\n\nContext:\n        Severity = Informational\n        Host Name = ConsoleHost\n        Host Version = 5.1.26100.8875\n        Host Application = C:\\WINDOWS\\System32\\WindowsPowerShell\\v1.0\\powershell.exe\n        Engine Version = 5.1.26100.8875\n        Pipeline ID = 8\n        Command Name = nslookup\n        Command Type = Application\n        User = PURPLELAB\\jdoe\n","record_id":23016}}
{"schema_version":"1.0","record_type":"process_creation","timestamp_utc":"2026-08-12T14:32:07Z","host":"purplelab-win-client.purplelab.local","user":"PURPLELAB\\jdoe","provider":"Microsoft-Windows-Sysmon","run_id":"run-001","label":"baseline","source":{"raw_file":"C:\\CyberRangers\\evidence\\it\\baselines\\run-001\\raw\\windows-client\\EventLog_Microsoft-Windows-Sysmon_Operational.csv","raw_row":15},"data":{"event_id":1,"process_image":"C:\\Windows\\System32\\tasklist.exe","process_id":9476,"parent_image":"C:\\Windows\\System32\\WindowsPowerShell\\v1.0\\powershell.exe","parent_process_id":4120,"command_line":"tasklist /fo csv"}}
{"schema_version":"1.0","record_type":"process_creation","timestamp_utc":"2026-08-12T14:32:07Z","host":"purplelab-win-client.purplelab.local","user":"PURPLELAB\\jdoe","provider":"Microsoft-Windows-Sysmon","run_id":"run-001","label":"baseline","source":{"raw_file":"C:\\CyberRangers\\evidence\\it\\baselines\\run-001\\raw\\windows-client\\EventLog_Microsoft-Windows-Sysmon_Operational.csv","raw_row":16},"data":{"event_id":1,"process_image":"C:\\Windows\\System32\\nslookup.exe","process_id":5176,"parent_image":"C:\\Windows\\System32\\WindowsPowerShell\\v1.0\\powershell.exe","parent_process_id":4120,"command_line":"nslookup purplelab.local"}}
{"schema_version":"1.0","record_type":"powershell","timestamp_utc":"2026-08-12T14:32:08Z","host":"purplelab-win-client.purplelab.local","user":"S-1-5-21-1898955512-2253536272-2216333128-1103","provider":"Microsoft-Windows-PowerShell","run_id":"run-001","label":"baseline","source":{"raw_file":"C:\\CyberRangers\\evidence\\it\\baselines\\run-001\\raw\\windows-client\\EventLog_Microsoft-Windows-PowerShell_Operational.csv","raw_row":17},"data":{"event_id":4103,"event_type":"module_pipeline","script_text":"CommandInvocation(cmd): \"cmd\"\n\nContext:\n        Severity = Informational\n        Host Name = ConsoleHost\n        Host Version = 5.1.26100.8875\n        Host Application = C:\\WINDOWS\\System32\\WindowsPowerShell\\v1.0\\powershell.exe\n        Engine Version = 5.1.26100.8875\n        Pipeline ID = 9\n        Command Name = cmd\n        Command Type = Application\n        User = PURPLELAB\\jdoe\n","record_id":23017}}
{"schema_version":"1.0","record_type":"powershell","timestamp_utc":"2026-08-12T14:32:08Z","host":"purplelab-win-client.purplelab.local","user":"S-1-5-21-1898955512-2253536272-2216333128-1103","provider":"Microsoft-Windows-PowerShell","run_id":"run-001","label":"baseline","source":{"raw_file":"C:\\CyberRangers\\evidence\\it\\baselines\\run-001\\raw\\windows-client\\EventLog_Microsoft-Windows-PowerShell_Operational.csv","raw_row":18},"data":{"event_id":4103,"event_type":"module_pipeline","script_text":"CommandInvocation(whoami): \"whoami\"\n\nContext:\n        Severity = Informational\n        Host Name = ConsoleHost\n        Host Version = 5.1.26100.8875\n        Host Application = C:\\WINDOWS\\System32\\WindowsPowerShell\\v1.0\\powershell.exe\n        Engine Version = 5.1.26100.8875\n        Pipeline ID = 9\n        Command Name = whoami\n        Command Type = Application\n        User = PURPLELAB\\jdoe\n","record_id":23018}}
{"schema_version":"1.0","record_type":"process_creation","timestamp_utc":"2026-08-12T14:32:08Z","host":"purplelab-win-client.purplelab.local","user":"PURPLELAB\\jdoe","provider":"Microsoft-Windows-Sysmon","run_id":"run-001","label":"baseline","source":{"raw_file":"C:\\CyberRangers\\evidence\\it\\baselines\\run-001\\raw\\windows-client\\EventLog_Microsoft-Windows-Sysmon_Operational.csv","raw_row":17},"data":{"event_id":1,"process_image":"C:\\Windows\\System32\\cmd.exe","process_id":4032,"parent_image":"C:\\Windows\\explorer.exe","parent_process_id":3488,"command_line":"cmd.exe /c echo routine workstation check"}}
{"schema_version":"1.0","record_type":"process_creation","timestamp_utc":"2026-08-12T14:32:08Z","host":"purplelab-win-client.purplelab.local","user":"PURPLELAB\\jdoe","provider":"Microsoft-Windows-Sysmon","run_id":"run-001","label":"baseline","source":{"raw_file":"C:\\CyberRangers\\evidence\\it\\baselines\\run-001\\raw\\windows-client\\EventLog_Microsoft-Windows-Sysmon_Operational.csv","raw_row":18},"data":{"event_id":1,"process_image":"C:\\Windows\\System32\\whoami.exe","process_id":7336,"parent_image":"C:\\Windows\\System32\\WindowsPowerShell\\v1.0\\powershell.exe","parent_process_id":4120,"command_line":"whoami"}}
{"schema_version":"1.0","record_type":"powershell","timestamp_utc":"2026-08-12T14:32:09Z","host":"purplelab-win-client.purplelab.local","user":"S-1-5-21-1898955512-2253536272-2216333128-1103","provider":"Microsoft-Windows-PowerShell","run_id":"run-001","label":"baseline","source":{"raw_file":"C:\\CyberRangers\\evidence\\it\\baselines\\run-001\\raw\\windows-client\\EventLog_Microsoft-Windows-PowerShell_Operational.csv","raw_row":19},"data":{"event_id":4103,"event_type":"module_pipeline","script_text":"CommandInvocation(hostname): \"hostname\"\n\nContext:\n        Severity = Informational\n        Host Name = ConsoleHost\n        Host Version = 5.1.26100.8875\n        Host Application = C:\\WINDOWS\\System32\\WindowsPowerShell\\v1.0\\powershell.exe\n        Engine Version = 5.1.26100.8875\n        Pipeline ID = 10\n        Command Name = hostname\n        Command Type = Application\n        User = PURPLELAB\\jdoe\n","record_id":23019}}
{"schema_version":"1.0","record_type":"powershell","timestamp_utc":"2026-08-12T14:32:09Z","host":"purplelab-win-client.purplelab.local","user":"S-1-5-21-1898955512-2253536272-2216333128-1103","provider":"Microsoft-Windows-PowerShell","run_id":"run-001","label":"baseline","source":{"raw_file":"C:\\CyberRangers\\evidence\\it\\baselines\\run-001\\raw\\windows-client\\EventLog_Microsoft-Windows-PowerShell_Operational.csv","raw_row":20},"data":{"event_id":4103,"event_type":"module_pipeline","script_text":"CommandInvocation(ipconfig): \"ipconfig\"\n\nContext:\n        Severity = Informational\n        Host Name = ConsoleHost\n        Host Version = 5.1.26100.8875\n        Host Application = C:\\WINDOWS\\System32\\WindowsPowerShell\\v1.0\\powershell.exe\n        Engine Version = 5.1.26100.8875\n        Pipeline ID = 10\n        Command Name = ipconfig\n        Command Type = Application\n        User = PURPLELAB\\jdoe\n","record_id":23020}}
{"schema_version":"1.0","record_type":"process_creation","timestamp_utc":"2026-08-12T14:32:09Z","host":"purplelab-win-client.purplelab.local","user":"PURPLELAB\\jdoe","provider":"Microsoft-Windows-Sysmon","run_id":"run-001","label":"baseline","source":{"raw_file":"C:\\CyberRangers\\evidence\\it\\baselines\\run-001\\raw\\windows-client\\EventLog_Microsoft-Windows-Sysmon_Operational.csv","raw_row":19},"data":{"event_id":1,"process_image":"C:\\Windows\\System32\\hostname.exe","process_id":3880,"parent_image":"C:\\Windows\\System32\\WindowsPowerShell\\v1.0\\powershell.exe","parent_process_id":4120,"command_line":"hostname"}}
{"schema_version":"1.0","record_type":"process_creation","timestamp_utc":"2026-08-12T14:32:09Z","host":"purplelab-win-client.purplelab.local","user":"PURPLELAB\\jdoe","provider":"Microsoft-Windows-Sysmon","run_id":"run-001","label":"baseline","source":{"raw_file":"C:\\CyberRangers\\evidence\\it\\baselines\\run-001\\raw\\windows-client\\EventLog_Microsoft-Windows-Sysmon_Operational.csv","raw_row":20},"data":{"event_id":1,"process_image":"C:\\Windows\\System32\\ipconfig.exe","process_id":1684,"parent_image":"C:\\Windows\\System32\\WindowsPowerShell\\v1.0\\powershell.exe","parent_process_id":4120,"command_line":"ipconfig /all"}}
{"schema_version":"1.0","record_type":"powershell","timestamp_utc":"2026-08-12T14:32:10Z","host":"purplelab-win-client.purplelab.local","user":"S-1-5-21-1898955512-2253536272-2216333128-1103","provider":"Microsoft-Windows-PowerShell","run_id":"run-001","label":"baseline","source":{"raw_file":"C:\\CyberRangers\\evidence\\it\\baselines\\run-001\\raw\\windows-client\\EventLog_Microsoft-Windows-PowerShell_Operational.csv","raw_row":21},"data":{"event_id":4103,"event_type":"module_pipeline","script_text":"CommandInvocation(tasklist): \"tasklist\"\n\nContext:\n        Severity = Informational\n        Host Name = ConsoleHost\n        Host Version = 5.1.26100.8875\n        Host Application = C:\\WINDOWS\\System32\\WindowsPowerShell\\v1.0\\powershell.exe\n        Engine Version = 5.1.26100.8875\n        Pipeline ID = 11\n        Command Name = tasklist\n        Command Type = Application\n        User = PURPLELAB\\jdoe\n","record_id":23021}}
{"schema_version":"1.0","record_type":"powershell","timestamp_utc":"2026-08-12T14:32:10Z","host":"purplelab-win-client.purplelab.local","user":"S-1-5-21-1898955512-2253536272-2216333128-1103","provider":"Microsoft-Windows-PowerShell","run_id":"run-001","label":"baseline","source":{"raw_file":"C:\\CyberRangers\\evidence\\it\\baselines\\run-001\\raw\\windows-client\\EventLog_Microsoft-Windows-PowerShell_Operational.csv","raw_row":22},"data":{"event_id":4103,"event_type":"module_pipeline","script_text":"CommandInvocation(nslookup): \"nslookup\"\n\nContext:\n        Severity = Informational\n        Host Name = ConsoleHost\n        Host Version = 5.1.26100.8875\n        Host Application = C:\\WINDOWS\\System32\\WindowsPowerShell\\v1.0\\powershell.exe\n        Engine Version = 5.1.26100.8875\n        Pipeline ID = 11\n        Command Name = nslookup\n        Command Type = Application\n        User = PURPLELAB\\jdoe\n","record_id":23022}}
{"schema_version":"1.0","record_type":"process_creation","timestamp_utc":"2026-08-12T14:32:10Z","host":"purplelab-win-client.purplelab.local","user":"PURPLELAB\\jdoe","provider":"Microsoft-Windows-Sysmon","run_id":"run-001","label":"baseline","source":{"raw_file":"C:\\CyberRangers\\evidence\\it\\baselines\\run-001\\raw\\windows-client\\EventLog_Microsoft-Windows-Sysmon_Operational.csv","raw_row":21},"data":{"event_id":1,"process_image":"C:\\Windows\\System32\\tasklist.exe","process_id":7648,"parent_image":"C:\\Windows\\System32\\WindowsPowerShell\\v1.0\\powershell.exe","parent_process_id":4120,"command_line":"tasklist /fo csv"}}
{"schema_version":"1.0","record_type":"process_creation","timestamp_utc":"2026-08-12T14:32:10Z","host":"purplelab-win-client.purplelab.local","user":"PURPLELAB\\jdoe","provider":"Microsoft-Windows-Sysmon","run_id":"run-001","label":"baseline","source":{"raw_file":"C:\\CyberRangers\\evidence\\it\\baselines\\run-001\\raw\\windows-client\\EventLog_Microsoft-Windows-Sysmon_Operational.csv","raw_row":22},"data":{"event_id":1,"process_image":"C:\\Windows\\System32\\nslookup.exe","process_id":1400,"parent_image":"C:\\Windows\\System32\\WindowsPowerShell\\v1.0\\powershell.exe","parent_process_id":4120,"command_line":"nslookup purplelab.local"}}
{"schema_version":"1.0","record_type":"powershell","timestamp_utc":"2026-08-12T14:32:11Z","host":"purplelab-win-client.purplelab.local","user":"S-1-5-21-1898955512-2253536272-2216333128-1103","provider":"Microsoft-Windows-PowerShell","run_id":"run-001","label":"baseline","source":{"raw_file":"C:\\CyberRangers\\evidence\\it\\baselines\\run-001\\raw\\windows-client\\EventLog_Microsoft-Windows-PowerShell_Operational.csv","raw_row":23},"data":{"event_id":4103,"event_type":"module_pipeline","script_text":"CommandInvocation(cmd): \"cmd\"\n\nContext:\n        Severity = Informational\n        Host Name = ConsoleHost\n        Host Version = 5.1.26100.8875\n        Host Application = C:\\WINDOWS\\System32\\WindowsPowerShell\\v1.0\\powershell.exe\n        Engine Version = 5.1.26100.8875\n        Pipeline ID = 12\n        Command Name = cmd\n        Command Type = Application\n        User = PURPLELAB\\jdoe\n","record_id":23023}}
{"schema_version":"1.0","record_type":"powershell","timestamp_utc":"2026-08-12T14:32:11Z","host":"purplelab-win-client.purplelab.local","user":"S-1-5-21-1898955512-2253536272-2216333128-1103","provider":"Microsoft-Windows-PowerShell","run_id":"run-001","label":"baseline","source":{"raw_file":"C:\\CyberRangers\\evidence\\it\\baselines\\run-001\\raw\\windows-client\\EventLog_Microsoft-Windows-PowerShell_Operational.csv","raw_row":24},"data":{"event_id":4103,"event_type":"module_pipeline","script_text":"CommandInvocation(whoami): \"whoami\"\n\nContext:\n        Severity = Informational\n        Host Name = ConsoleHost\n        Host Version = 5.1.26100.8875\n        Host Application = C:\\WINDOWS\\System32\\WindowsPowerShell\\v1.0\\powershell.exe\n        Engine Version = 5.1.26100.8875\n        Pipeline ID = 12\n        Command Name = whoami\n        Command Type = Application\n        User = PURPLELAB\\jdoe\n","record_id":23024}}
{"schema_version":"1.0","record_type":"process_creation","timestamp_utc":"2026-08-12T14:32:11Z","host":"purplelab-win-client.purplelab.local","user":"PURPLELAB\\jdoe","provider":"Microsoft-Windows-Sysmon","run_id":"run-001","label":"baseline","source":{"raw_file":"C:\\CyberRangers\\evidence\\it\\baselines\\run-001\\raw\\windows-client\\EventLog_Microsoft-Windows-Sysmon_Operational.csv","raw_row":23},"data":{"event_id":1,"process_image":"C:\\Windows\\System32\\cmd.exe","process_id":5000,"parent_image":"C:\\Windows\\explorer.exe","parent_process_id":3488,"command_line":"cmd.exe /c echo routine workstation check"}}
{"schema_version":"1.0","record_type":"process_creation","timestamp_utc":"2026-08-12T14:32:11Z","host":"purplelab-win-client.purplelab.local","user":"PURPLELAB\\jdoe","provider":"Microsoft-Windows-Sysmon","run_id":"run-001","label":"baseline","source":{"raw_file":"C:\\CyberRangers\\evidence\\it\\baselines\\run-001\\raw\\windows-client\\EventLog_Microsoft-Windows-Sysmon_Operational.csv","raw_row":24},"data":{"event_id":1,"process_image":"C:\\Windows\\System32\\whoami.exe","process_id":6988,"parent_image":"C:\\Windows\\System32\\WindowsPowerShell\\v1.0\\powershell.exe","parent_process_id":4120,"command_line":"whoami"}}
{"schema_version":"1.0","record_type":"powershell","timestamp_utc":"2026-08-12T14:32:12Z","host":"purplelab-win-client.purplelab.local","user":"S-1-5-21-1898955512-2253536272-2216333128-1103","provider":"Microsoft-Windows-PowerShell","run_id":"run-001","label":"baseline","source":{"raw_file":"C:\\CyberRangers\\evidence\\it\\baselines\\run-001\\raw\\windows-client\\EventLog_Microsoft-Windows-PowerShell_Operational.csv","raw_row":25},"data":{"event_id":4103,"event_type":"module_pipeline","script_text":"CommandInvocation(hostname): \"hostname\"\n\nContext:\n        Severity = Informational\n        Host Name = ConsoleHost\n        Host Version = 5.1.26100.8875\n        Host Application = C:\\WINDOWS\\System32\\WindowsPowerShell\\v1.0\\powershell.exe\n        Engine Version = 5.1.26100.8875\n        Pipeline ID = 13\n        Command Name = hostname\n        Command Type = Application\n        User = PURPLELAB\\jdoe\n","record_id":23025}}
{"schema_version":"1.0","record_type":"powershell","timestamp_utc":"2026-08-12T14:32:12Z","host":"purplelab-win-client.purplelab.local","user":"S-1-5-21-1898955512-2253536272-2216333128-1103","provider":"Microsoft-Windows-PowerShell","run_id":"run-001","label":"baseline","source":{"raw_file":"C:\\CyberRangers\\evidence\\it\\baselines\\run-001\\raw\\windows-client\\EventLog_Microsoft-Windows-PowerShell_Operational.csv","raw_row":26},"data":{"event_id":4103,"event_type":"module_pipeline","script_text":"CommandInvocation(ipconfig): \"ipconfig\"\n\nContext:\n        Severity = Informational\n        Host Name = ConsoleHost\n        Host Version = 5.1.26100.8875\n        Host Application = C:\\WINDOWS\\System32\\WindowsPowerShell\\v1.0\\powershell.exe\n        Engine Version = 5.1.26100.8875\n        Pipeline ID = 13\n        Command Name = ipconfig\n        Command Type = Application\n        User = PURPLELAB\\jdoe\n","record_id":23026}}
{"schema_version":"1.0","record_type":"process_creation","timestamp_utc":"2026-08-12T14:32:12Z","host":"purplelab-win-client.purplelab.local","user":"PURPLELAB\\jdoe","provider":"Microsoft-Windows-Sysmon","run_id":"run-001","label":"baseline","source":{"raw_file":"C:\\CyberRangers\\evidence\\it\\baselines\\run-001\\raw\\windows-client\\EventLog_Microsoft-Windows-Sysmon_Operational.csv","raw_row":25},"data":{"event_id":1,"process_image":"C:\\Windows\\System32\\hostname.exe","process_id":1292,"parent_image":"C:\\Windows\\System32\\WindowsPowerShell\\v1.0\\powershell.exe","parent_process_id":4120,"command_line":"hostname"}}
{"schema_version":"1.0","record_type":"process_creation","timestamp_utc":"2026-08-12T14:32:12Z","host":"purplelab-win-client.purplelab.local","user":"PURPLELAB\\jdoe","provider":"Microsoft-Windows-Sysmon","run_id":"run-001","label":"baseline","source":{"raw_file":"C:\\CyberRangers\\evidence\\it\\baselines\\run-001\\raw\\windows-client\\EventLog_Microsoft-Windows-Sysmon_Operational.csv","raw_row":26},"data":{"event_id":1,"process_image":"C:\\Windows\\System32\\ipconfig.exe","process_id":3316,"parent_image":"C:\\Windows\\System32\\WindowsPowerShell\\v1.0\\powershell.exe","parent_process_id":4120,"command_line":"ipconfig /all"}}
{"schema_version":"1.0","record_type":"powershell","timestamp_utc":"2026-08-12T14:32:13Z","host":"purplelab-win-client.purplelab.local","user":"S-1-5-21-1898955512-2253536272-2216333128-1103","provider":"Microsoft-Windows-PowerShell","run_id":"run-001","label":"baseline","source":{"raw_file":"C:\\CyberRangers\\evidence\\it\\baselines\\run-001\\raw\\windows-client\\EventLog_Microsoft-Windows-PowerShell_Operational.csv","raw_row":27},"data":{"event_id":4103,"event_type":"module_pipeline","script_text":"CommandInvocation(tasklist): \"tasklist\"\n\nContext:\n        Severity = Informational\n        Host Name = ConsoleHost\n        Host Version = 5.1.26100.8875\n        Host Application = C:\\WINDOWS\\System32\\WindowsPowerShell\\v1.0\\powershell.exe\n        Engine Version = 5.1.26100.8875\n        Pipeline ID = 14\n        Command Name = tasklist\n        Command Type = Application\n        User = PURPLELAB\\jdoe\n","record_id":23027}}
{"schema_version":"1.0","record_type":"powershell","timestamp_utc":"2026-08-12T14:32:13Z","host":"purplelab-win-client.purplelab.local","user":"S-1-5-21-1898955512-2253536272-2216333128-1103","provider":"Microsoft-Windows-PowerShell","run_id":"run-001","label":"baseline","source":{"raw_file":"C:\\CyberRangers\\evidence\\it\\baselines\\run-001\\raw\\windows-client\\EventLog_Microsoft-Windows-PowerShell_Operational.csv","raw_row":28},"data":{"event_id":4103,"event_type":"module_pipeline","script_text":"CommandInvocation(nslookup): \"nslookup\"\n\nContext:\n        Severity = Informational\n        Host Name = ConsoleHost\n        Host Version = 5.1.26100.8875\n        Host Application = C:\\WINDOWS\\System32\\WindowsPowerShell\\v1.0\\powershell.exe\n        Engine Version = 5.1.26100.8875\n        Pipeline ID = 14\n        Command Name = nslookup\n        Command Type = Application\n        User = PURPLELAB\\jdoe\n","record_id":23028}}
{"schema_version":"1.0","record_type":"process_creation","timestamp_utc":"2026-08-12T14:32:13Z","host":"purplelab-win-client.purplelab.local","user":"PURPLELAB\\jdoe","provider":"Microsoft-Windows-Sysmon","run_id":"run-001","label":"baseline","source":{"raw_file":"C:\\CyberRangers\\evidence\\it\\baselines\\run-001\\raw\\windows-client\\EventLog_Microsoft-Windows-Sysmon_Operational.csv","raw_row":27},"data":{"event_id":1,"process_image":"C:\\Windows\\System32\\tasklist.exe","process_id":2116,"parent_image":"C:\\Windows\\System32\\WindowsPowerShell\\v1.0\\powershell.exe","parent_process_id":4120,"command_line":"tasklist /fo csv"}}
{"schema_version":"1.0","record_type":"process_creation","timestamp_utc":"2026-08-12T14:32:13Z","host":"purplelab-win-client.purplelab.local","user":"PURPLELAB\\jdoe","provider":"Microsoft-Windows-Sysmon","run_id":"run-001","label":"baseline","source":{"raw_file":"C:\\CyberRangers\\evidence\\it\\baselines\\run-001\\raw\\windows-client\\EventLog_Microsoft-Windows-Sysmon_Operational.csv","raw_row":28},"data":{"event_id":1,"process_image":"C:\\Windows\\System32\\nslookup.exe","process_id":4472,"parent_image":"C:\\Windows\\System32\\WindowsPowerShell\\v1.0\\powershell.exe","parent_process_id":4120,"command_line":"nslookup purplelab.local"}}
{"schema_version":"1.0","record_type":"powershell","timestamp_utc":"2026-08-12T14:32:14Z","host":"purplelab-win-client.purplelab.local","user":"S-1-5-21-1898955512-2253536272-2216333128-1103","provider":"Microsoft-Windows-PowerShell","run_id":"run-001","label":"baseline","source":{"raw_file":"C:\\CyberRangers\\evidence\\it\\baselines\\run-001\\raw\\windows-client\\EventLog_Microsoft-Windows-PowerShell_Operational.csv","raw_row":29},"data":{"event_id":4103,"event_type":"module_pipeline","script_text":"CommandInvocation(cmd): \"cmd\"\n\nContext:\n        Severity = Informational\n        Host Name = ConsoleHost\n        Host Version = 5.1.26100.8875\n        Host Application = C:\\WINDOWS\\System32\\WindowsPowerShell\\v1.0\\powershell.exe\n        Engine Version = 5.1.26100.8875\n        Pipeline ID = 15\n        Command Name = cmd\n        Command Type = Application\n        User = PURPLELAB\\jdoe\n","record_id":23029}}
{"schema_version":"1.0","record_type":"powershell","timestamp_utc":"2026-08-12T14:32:14Z","host":"purplelab-win-client.purplelab.local","user":"S-1-5-21-1898955512-2253536272-2216333128-1103","provider":"Microsoft-Windows-PowerShell","run_id":"run-001","label":"baseline","source":{"raw_file":"C:\\CyberRangers\\evidence\\it\\baselines\\run-001\\raw\\windows-client\\EventLog_Microsoft-Windows-PowerShell_Operational.csv","raw_row":30},"data":{"event_id":4103,"event_type":"module_pipeline","script_text":"CommandInvocation(whoami): \"whoami\"\n\nContext:\n        Severity = Informational\n        Host Name = ConsoleHost\n        Host Version = 5.1.26100.8875\n        Host Application = C:\\WINDOWS\\System32\\WindowsPowerShell\\v1.0\\powershell.exe\n        Engine Version = 5.1.26100.8875\n        Pipeline ID = 15\n        Command Name = whoami\n        Command Type = Application\n        User = PURPLELAB\\jdoe\n","record_id":23030}}
{"schema_version":"1.0","record_type":"process_creation","timestamp_utc":"2026-08-12T14:32:14Z","host":"purplelab-win-client.purplelab.local","user":"PURPLELAB\\jdoe","provider":"Microsoft-Windows-Sysmon","run_id":"run-001","label":"baseline","source":{"raw_file":"C:\\CyberRangers\\evidence\\it\\baselines\\run-001\\raw\\windows-client\\EventLog_Microsoft-Windows-Sysmon_Operational.csv","raw_row":29},"data":{"event_id":1,"process_image":"C:\\Windows\\System32\\cmd.exe","process_id":7988,"parent_image":"C:\\Windows\\explorer.exe","parent_process_id":3488,"command_line":"cmd.exe /c echo routine workstation check"}}
{"schema_version":"1.0","record_type":"process_creation","timestamp_utc":"2026-08-12T14:32:14Z","host":"purplelab-win-client.purplelab.local","user":"PURPLELAB\\jdoe","provider":"Microsoft-Windows-Sysmon","run_id":"run-001","label":"baseline","source":{"raw_file":"C:\\CyberRangers\\evidence\\it\\baselines\\run-001\\raw\\windows-client\\EventLog_Microsoft-Windows-Sysmon_Operational.csv","raw_row":30},"data":{"event_id":1,"process_image":"C:\\Windows\\System32\\whoami.exe","process_id":6624,"parent_image":"C:\\Windows\\System32\\WindowsPowerShell\\v1.0\\powershell.exe","parent_process_id":4120,"command_line":"whoami"}}
{"schema_version":"1.0","record_type":"powershell","timestamp_utc":"2026-08-12T14:32:15Z","host":"purplelab-win-client.purplelab.local","user":"S-1-5-21-1898955512-2253536272-2216333128-1103","provider":"Microsoft-Windows-PowerShell","run_id":"run-001","label":"baseline","source":{"raw_file":"C:\\CyberRangers\\evidence\\it\\baselines\\run-001\\raw\\windows-client\\EventLog_Microsoft-Windows-PowerShell_Operational.csv","raw_row":31},"data":{"event_id":4103,"event_type":"module_pipeline","script_text":"CommandInvocation(hostname): \"hostname\"\n\nContext:\n        Severity = Informational\n        Host Name = ConsoleHost\n        Host Version = 5.1.26100.8875\n        Host Application = C:\\WINDOWS\\System32\\WindowsPowerShell\\v1.0\\powershell.exe\n        Engine Version = 5.1.26100.8875\n        Pipeline ID = 16\n        Command Name = hostname\n        Command Type = Application\n        User = PURPLELAB\\jdoe\n","record_id":23031}}
{"schema_version":"1.0","record_type":"powershell","timestamp_utc":"2026-08-12T14:32:15Z","host":"purplelab-win-client.purplelab.local","user":"S-1-5-21-1898955512-2253536272-2216333128-1103","provider":"Microsoft-Windows-PowerShell","run_id":"run-001","label":"baseline","source":{"raw_file":"C:\\CyberRangers\\evidence\\it\\baselines\\run-001\\raw\\windows-client\\EventLog_Microsoft-Windows-PowerShell_Operational.csv","raw_row":32},"data":{"event_id":4103,"event_type":"module_pipeline","script_text":"CommandInvocation(ipconfig): \"ipconfig\"\n\nContext:\n        Severity = Informational\n        Host Name = ConsoleHost\n        Host Version = 5.1.26100.8875\n        Host Application = C:\\WINDOWS\\System32\\WindowsPowerShell\\v1.0\\powershell.exe\n        Engine Version = 5.1.26100.8875\n        Pipeline ID = 16\n        Command Name = ipconfig\n        Command Type = Application\n        User = PURPLELAB\\jdoe\n","record_id":23032}}
