{"schema_version":"1.0","record_type":"powershell","timestamp_utc":"2026-08-12T14:33:33Z","host":"purplelab-win-client.purplelab.local","user":"S-1-5-21-1898955512-2253536272-2216333128-1103","provider":"Microsoft-Windows-PowerShell","run_id":"run-001","label":"baseline","source":{"raw_file":"C:\\CyberRangers\\evidence\\it\\baselines\\run-001\\raw\\windows-client\\EventLog_Microsoft-Windows-PowerShell_Operational.csv","raw_row":188},"data":{"event_id":4103,"event_type":"module_pipeline","script_text":"CommandInvocation(ipconfig): \"ipconfig\"\n\nContext:\n        Severity = Informational\n        Host Name = ConsoleHost\n        Host Version = 5.1.26100.8875\n        Host Application = C:\\WINDOWS\\System32\\WindowsPowerShell\\v1.0\\powershell.exe\n        Engine Version = 5.1.26100.8875\n        Pipeline ID = 94\n        Command Name = ipconfig\n        Command Type = Application\n        User = PURPLELAB\\jdoe\n","record_id":23188}}
{"schema_version":"1.0","record_type":"process_creation","timestamp_utc":"2026-08-12T14:33:33Z","host":"purplelab-win-client.purplelab.local","user":"PURPLELAB\\jdoe","provider":"Microsoft-Windows-Sysmon","run_id":"run-001","label":"baseline","source":{"raw_file":"C:\\CyberRangers\\evidence\\it\\baselines\\run-001\\raw\\windows-client\\EventLog_Microsoft-Windows-Sysmon_Operational.csv","raw_row":187},"data":{"event_id":1,"process_image":"C:\\Windows\\System32\\hostname.exe","process_id":3332,"parent_image":"C:\\Windows\\System32\\WindowsPowerShell\\v1.0\\powershell.exe","parent_process_id":4120,"command_line":"hostname"}}
{"schema_version":"1.0","record_type":"process_creation","timestamp_utc":"2026-08-12T14:33:33Z","host":"purplelab-win-client.purplelab.local","user":"PURPLELAB\\jdoe","provider":"Microsoft-Windows-Sysmon","run_id":"run-001","label":"baseline","source":{"raw_file":"C:\\CyberRangers\\evidence\\it\\baselines\\run-001\\raw\\windows-client\\EventLog_Microsoft-Windows-Sysmon_Operational.csv","raw_row":188},"data":{"event_id":1,"process_image":"C:\\Windows\\System32\\ipconfig.exe","process_id":8532,"parent_image":"C:\\Windows\\System32\\WindowsPowerShell\\v1.0\\powershell.exe","parent_process_id":4120,"command_line":"ipconfig /all"}}
{"schema_version":"1.0","record_type":"powershell","timestamp_utc":"2026-08-12T14:33:34Z","host":"purplelab-win-client.purplelab.local","user":"S-1-5-21-1898955512-2253536272-2216333128-1103","provider":"Microsoft-Windows-PowerShell","run_id":"run-001","label":"baseline","source":{"raw_file":"C:\\CyberRangers\\evidence\\it\\baselines\\run-001\\raw\\windows-client\\EventLog_Microsoft-Windows-PowerShell_Operational.csv","raw_row":189},"data":{"event_id":4103,"event_type":"module_pipeline","script_text":"CommandInvocation(tasklist): \"tasklist\"\n\nContext:\n        Severity = Informational\n        Host Name = ConsoleHost\n        Host Version = 5.1.26100.8875\n        Host Application = C:\\WINDOWS\\System32\\WindowsPowerShell\\v1.0\\powershell.exe\n        Engine Version = 5.1.26100.8875\n        Pipeline ID = 95\n        Command Name = tasklist\n        Command Type = Application\n        User = PURPLELAB\\jdoe\n","record_id":23189}}
{"schema_version":"1.0","record_type":"powershell","timestamp_utc":"2026-08-12T14:33:34Z","host":"purplelab-win-client.purplelab.local","user":"S-1-5-21-1898955512-2253536272-2216333128-1103","provider":"Microsoft-Windows-PowerShell","run_id":"run-001","label":"baseline","source":{"raw_file":"C:\\CyberRangers\\evidence\\it\\baselines\\run-001\\raw\\windows-client\\EventLog_Microsoft-Windows-PowerShell_Operational.csv","raw_row":190},"data":{"event_id":4103,"event_type":"module_pipeline","script_text":"CommandInvocation(nslookup): \"nslookup\"\n\nContext:\n        Severity = Informational\n        Host Name = ConsoleHost\n        Host Version = 5.1.26100.8875\n        Host Application = C:\\WINDOWS\\System32\\WindowsPowerShell\\v1.0\\powershell.exe\n        Engine Version = 5.1.26100.8875\n        Pipeline ID = 95\n        Command Name = nslookup\n        Command Type = Application\n        User = PURPLELAB\\jdoe\n","record_id":23190}}
{"schema_version":"1.0","record_type":"process_creation","timestamp_utc":"2026-08-12T14:33:34Z","host":"purplelab-win-client.purplelab.local","user":"PURPLELAB\\jdoe","provider":"Microsoft-Windows-Sysmon","run_id":"run-001","label":"baseline","source":{"raw_file":"C:\\CyberRangers\\evidence\\it\\baselines\\run-001\\raw\\windows-client\\EventLog_Microsoft-Windows-Sysmon_Operational.csv","raw_row":189},"data":{"event_id":1,"process_image":"C:\\Windows\\System32\\tasklist.exe","process_id":5180,"parent_image":"C:\\Windows\\System32\\WindowsPowerShell\\v1.0\\powershell.exe","parent_process_id":4120,"command_line":"tasklist /fo csv"}}
{"schema_version":"1.0","record_type":"process_creation","timestamp_utc":"2026-08-12T14:33:34Z","host":"purplelab-win-client.purplelab.local","user":"PURPLELAB\\jdoe","provider":"Microsoft-Windows-Sysmon","run_id":"run-001","label":"baseline","source":{"raw_file":"C:\\CyberRangers\\evidence\\it\\baselines\\run-001\\raw\\windows-client\\EventLog_Microsoft-Windows-Sysmon_Operational.csv","raw_row":190},"data":{"event_id":1,"process_image":"C:\\Windows\\System32\\nslookup.exe","process_id":4068,"parent_image":"C:\\Windows\\System32\\WindowsPowerShell\\v1.0\\powershell.exe","parent_process_id":4120,"command_line":"nslookup purplelab.local"}}
{"schema_version":"1.0","record_type":"powershell","timestamp_utc":"2026-08-12T14:33:35Z","host":"purplelab-win-client.purplelab.local","user":"S-1-5-21-1898955512-2253536272-2216333128-1103","provider":"Microsoft-Windows-PowerShell","run_id":"run-001","label":"baseline","source":{"raw_file":"C:\\CyberRangers\\evidence\\it\\baselines\\run-001\\raw\\windows-client\\EventLog_Microsoft-Windows-PowerShell_Operational.csv","raw_row":191},"data":{"event_id":4103,"event_type":"module_pipeline","script_text":"CommandInvocation(cmd): \"cmd\"\n\nContext:\n        Severity = Informational\n        Host Name = ConsoleHost\n        Host Version = 5.1.26100.8875\n        Host Application = C:\\WINDOWS\\System32\\WindowsPowerShell\\v1.0\\powershell.exe\n        Engine Version = 5.1.26100.8875\n        Pipeline ID = 96\n        Command Name = cmd\n        Command Type = Application\n        User = PURPLELAB\\jdoe\n","record_id":23191}}
{"schema_version":"1.0","record_type":"powershell","timestamp_utc":"2026-08-12T14:33:35Z","host":"purplelab-win-client.purplelab.local","user":"S-1-5-21-1898955512-2253536272-2216333128-1103","provider":"Microsoft-Windows-PowerShell","run_id":"run-001","label":"baseline","source":{"raw_file":"C:\\CyberRangers\\evidence\\it\\baselines\\run-001\\raw\\windows-client\\EventLog_Microsoft-Windows-PowerShell_Operational.csv","raw_row":192},"data":{"event_id":4103,"event_type":"module_pipeline","script_text":"CommandInvocation(whoami): \"whoami\"\n\nContext:\n        Severity = Informational\n        Host Name = ConsoleHost\n        Host Version = 5.1.26100.8875\n        Host Application = C:\\WINDOWS\\System32\\WindowsPowerShell\\v1.0\\powershell.exe\n        Engine Version = 5.1.26100.8875\n        Pipeline ID = 96\n        Command Name = whoami\n        Command Type = Application\n        User = PURPLELAB\\jdoe\n","record_id":23192}}
{"schema_version":"1.0","record_type":"process_creation","timestamp_utc":"2026-08-12T14:33:35Z","host":"purplelab-win-client.purplelab.local","user":"PURPLELAB\\jdoe","provider":"Microsoft-Windows-Sysmon","run_id":"run-001","label":"baseline","source":{"raw_file":"C:\\CyberRangers\\evidence\\it\\baselines\\run-001\\raw\\windows-client\\EventLog_Microsoft-Windows-Sysmon_Operational.csv","raw_row":191},"data":{"event_id":1,"process_image":"C:\\Windows\\System32\\cmd.exe","process_id":9752,"parent_image":"C:\\Windows\\explorer.exe","parent_process_id":3488,"command_line":"cmd.exe /c echo routine workstation check"}}
{"schema_version":"1.0","record_type":"process_creation","timestamp_utc":"2026-08-12T14:33:35Z","host":"purplelab-win-client.purplelab.local","user":"PURPLELAB\\jdoe","provider":"Microsoft-Windows-Sysmon","run_id":"run-001","label":"baseline","source":{"raw_file":"C:\\CyberRangers\\evidence\\it\\baselines\\run-001\\raw\\windows-client\\EventLog_Microsoft-Windows-Sysmon_Operational.csv","raw_row":192},"data":{"event_id":1,"process_image":"C:\\Windows\\System32\\whoami.exe","process_id":7960,"parent_image":"C:\\Windows\\System32\\WindowsPowerShell\\v1.0\\powershell.exe","parent_process_id":4120,"command_line":"whoami"}}
{"schema_version":"1.0","record_type":"powershell","timestamp_utc":"2026-08-12T14:33:36Z","host":"purplelab-win-client.purplelab.local","user":"S-1-5-21-1898955512-2253536272-2216333128-1103","provider":"Microsoft-Windows-PowerShell","run_id":"run-001","label":"baseline","source":{"raw_file":"C:\\CyberRangers\\evidence\\it\\baselines\\run-001\\raw\\windows-client\\EventLog_Microsoft-Windows-PowerShell_Operational.csv","raw_row":193},"data":{"event_id":4103,"event_type":"module_pipeline","script_text":"CommandInvocation(hostname): \"hostname\"\n\nContext:\n        Severity = Informational\n        Host Name = ConsoleHost\n        Host Version = 5.1.26100.8875\n        Host Application = C:\\WINDOWS\\System32\\WindowsPowerShell\\v1.0\\powershell.exe\n        Engine Version = 5.1.26100.8875\n        Pipeline ID = 97\n        Command Name = hostname\n        Command Type = Application\n        User = PURPLELAB\\jdoe\n","record_id":23193}}
{"schema_version":"1.0","record_type":"powershell","timestamp_utc":"2026-08-12T14:33:36Z","host":"purplelab-win-client.purplelab.local","user":"S-1-5-21-1898955512-2253536272-2216333128-1103","provider":"Microsoft-Windows-PowerShell","run_id":"run-001","label":"baseline","source":{"raw_file":"C:\\CyberRangers\\evidence\\it\\baselines\\run-001\\raw\\windows-client\\EventLog_Microsoft-Windows-PowerShell_Operational.csv","raw_row":194},"data":{"event_id":4103,"event_type":"module_pipeline","script_text":"CommandInvocation(ipconfig): \"ipconfig\"\n\nContext:\n        Severity = Informational\n        Host Name = ConsoleHost\n        Host Version = 5.1.26100.8875\n        Host Application = C:\\WINDOWS\\System32\\WindowsPowerShell\\v1.0\\powershell.exe\n        Engine Version = 5.1.26100.8875\n        Pipeline ID = 97\n        Command Name = ipconfig\n        Command Type = Application\n        User = PURPLELAB\\jdoe\n","record_id":23194}}
{"schema_version":"1.0","record_type":"process_creation","timestamp_utc":"2026-08-12T14:33:36Z","host":"purplelab-win-client.purplelab.local","user":"PURPLELAB\\jdoe","provider":"Microsoft-Windows-Sysmon","run_id":"run-001","label":"baseline","source":{"raw_file":"C:\\CyberRangers\\evidence\\it\\baselines\\run-001\\raw\\windows-client\\EventLog_Microsoft-Windows-Sysmon_Operational.csv","raw_row":193},"data":{"event_id":1,"process_image":"C:\\Windows\\System32\\hostname.exe","process_id":8148,"parent_image":"C:\\Windows\\System32\\WindowsPowerShell\\v1.0\\powershell.exe","parent_process_id":4120,"command_line":"hostname"}}
{"schema_version":"1.0","record_type":"process_creation","timestamp_utc":"2026-08-12T14:33:36Z","host":"purplelab-win-client.purplelab.local","user":"PURPLELAB\\jdoe","provider":"Microsoft-Windows-Sysmon","run_id":"run-001","label":"baseline","source":{"raw_file":"C:\\CyberRangers\\evidence\\it\\baselines\\run-001\\raw\\windows-client\\EventLog_Microsoft-Windows-Sysmon_Operational.csv","raw_row":194},"data":{"event_id":1,"process_image":"C:\\Windows\\System32\\ipconfig.exe","process_id":2384,"parent_image":"C:\\Windows\\System32\\WindowsPowerShell\\v1.0\\powershell.exe","parent_process_id":4120,"command_line":"ipconfig /all"}}
{"schema_version":"1.0","record_type":"powershell","timestamp_utc":"2026-08-12T14:33:37Z","host":"purplelab-win-client.purplelab.local","user":"S-1-5-21-1898955512-2253536272-2216333128-1103","provider":"Microsoft-Windows-PowerShell","run_id":"run-001","label":"baseline","source":{"raw_file":"C:\\CyberRangers\\evidence\\it\\baselines\\run-001\\raw\\windows-client\\EventLog_Microsoft-Windows-PowerShell_Operational.csv","raw_row":195},"data":{"event_id":4103,"event_type":"module_pipeline","script_text":"CommandInvocation(tasklist): \"tasklist\"\n\nContext:\n        Severity = Informational\n        Host Name = ConsoleHost\n        Host Version = 5.1.26100.8875\n        Host Application = C:\\WINDOWS\\System32\\WindowsPowerShell\\v1.0\\powershell.exe\n        Engine Version = 5.1.26100.8875\n        Pipeline ID = 98\n        Command Name = tasklist\n        Command Type = Application\n        User = PURPLELAB\\jdoe\n","record_id":23195}}
{"schema_version":"1.0","record_type":"powershell","timestamp_utc":"2026-08-12T14:33:37Z","host":"purplelab-win-client.purplelab.local","user":"S-1-5-21-1898955512-2253536272-2216333128-1103","provider":"Microsoft-Windows-PowerShell","run_id":"run-001","label":"baseline","source":{"raw_file":"C:\\CyberRangers\\evidence\\it\\baselines\\run-001\\raw\\windows-client\\EventLog_Microsoft-Windows-PowerShell_Operational.csv","raw_row":196},"data":{"event_id":4103,"event_type":"module_pipeline","script_text":"CommandInvocation(nslookup): \"nslookup\"\n\nContext:\n        Severity = Informational\n        Host Name = ConsoleHost\n        Host Version = 5.1.26100.8875\n        Host Application = C:\\WINDOWS\\System32\\WindowsPowerShell\\v1.0\\powershell.exe\n        Engine Version = 5.1.26100.8875\n        Pipeline ID = 98\n        Command Name = nslookup\n        Command Type = Application\n        User = PURPLELAB\\jdoe\n","record_id":23196}}
{"schema_version":"1.0","record_type":"process_creation","timestamp_utc":"2026-08-12T14:33:37Z","host":"purplelab-win-client.purplelab.local","user":"PURPLELAB\\jdoe","provider":"Microsoft-Windows-Sysmon","run_id":"run-001","label":"baseline","source":{"raw_file":"C:\\CyberRangers\\evidence\\it\\baselines\\run-001\\raw\\windows-client\\EventLog_Microsoft-Windows-Sysmon_Operational.csv","raw_row":195},"data":{"event_id":1,"process_image":"C:\\Windows\\System32\\tasklist.exe","process_id":2160,"parent_image":"C:\\Windows\\System32\\WindowsPowerShell\\v1.0\\powershell.exe","parent_process_id":4120,"command_line":"tasklist /fo csv"}}
{"schema_version":"1.0","record_type":"process_creation","timestamp_utc":"2026-08-12T14:33:37Z","host":"purplelab-win-client.purplelab.local","user":"PURPLELAB\\jdoe","provider":"Microsoft-Windows-Sysmon","run_id":"run-001","label":"baseline","source":{"raw_file":"C:\\CyberRangers\\evidence\\it\\baselines\\run-001\\raw\\windows-client\\EventLog_Microsoft-Windows-Sysmon_Operational.csv","raw_row":196},"data":{"event_id":1,"process_image":"C:\\Windows\\System32\\nslookup.exe","process_id":2064,"parent_image":"C:\\Windows\\System32\\WindowsPowerShell\\v1.0\\powershell.exe","parent_process_id":4120,"command_line":"nslookup purplelab.local"}}
{"schema_version":"1.0","record_type":"powershell","timestamp_utc":"2026-08-12T14:33:38Z","host":"purplelab-win-client.purplelab.local","user":"S-1-5-21-1898955512-2253536272-2216333128-1103","provider":"Microsoft-Windows-PowerShell","run_id":"run-001","label":"baseline","source":{"raw_file":"C:\\CyberRangers\\evidence\\it\\baselines\\run-001\\raw\\windows-client\\EventLog_Microsoft-Windows-PowerShell_Operational.csv","raw_row":197},"data":{"event_id":4103,"event_type":"module_pipeline","script_text":"CommandInvocation(cmd): \"cmd\"\n\nContext:\n        Severity = Informational\n        Host Name = ConsoleHost\n        Host Version = 5.1.26100.8875\n        Host Application = C:\\WINDOWS\\System32\\WindowsPowerShell\\v1.0\\powershell.exe\n        Engine Version = 5.1.26100.8875\n        Pipeline ID = 99\n        Command Name = cmd\n        Command Type = Application\n        User = PURPLELAB\\jdoe\n","record_id":23197}}
{"schema_version":"1.0","record_type":"powershell","timestamp_utc":"2026-08-12T14:33:38Z","host":"purplelab-win-client.purplelab.local","user":"S-1-5-21-1898955512-2253536272-2216333128-1103","provider":"Microsoft-Windows-PowerShell","run_id":"run-001","label":"baseline","source":{"raw_file":"C:\\CyberRangers\\evidence\\it\\baselines\\run-001\\raw\\windows-client\\EventLog_Microsoft-Windows-PowerShell_Operational.csv","raw_row":198},"data":{"event_id":4103,"event_type":"module_pipeline","script_text":"CommandInvocation(whoami): \"whoami\"\n\nContext:\n        Severity = Informational\n        Host Name = ConsoleHost\n        Host Version = 5.1.26100.8875\n        Host Application = C:\\WINDOWS\\System32\\WindowsPowerShell\\v1.0\\powershell.exe\n        Engine Version = 5.1.26100.8875\n        Pipeline ID = 99\n        Command Name = whoami\n        Command Type = Application\n        User = PURPLELAB\\jdoe\n","record_id":23198}}
{"schema_version":"1.0","record_type":"process_creation","timestamp_utc":"2026-08-12T14:33:38Z","host":"purplelab-win-client.purplelab.local","user":"PURPLELAB\\jdoe","provider":"Microsoft-Windows-Sysmon","run_id":"run-001","label":"baseline","source":{"raw_file":"C:\\CyberRangers\\evidence\\it\\baselines\\run-001\\raw\\windows-client\\EventLog_Microsoft-Windows-Sysmon_Operational.csv","raw_row":197},"data":{"event_id":1,"process_image":"C:\\Windows\\System32\\cmd.exe","process_id":8884,"parent_image":"C:\\Windows\\explorer.exe","parent_process_id":3488,"command_line":"cmd.exe /c echo routine workstation check"}}
{"schema_version":"1.0","record_type":"process_creation","timestamp_utc":"2026-08-12T14:33:38Z","host":"purplelab-win-client.purplelab.local","user":"PURPLELAB\\jdoe","provider":"Microsoft-Windows-Sysmon","run_id":"run-001","label":"baseline","source":{"raw_file":"C:\\CyberRangers\\evidence\\it\\baselines\\run-001\\raw\\windows-client\\EventLog_Microsoft-Windows-Sysmon_Operational.csv","raw_row":198},"data":{"event_id":1,"process_image":"C:\\Windows\\System32\\whoami.exe","process_id":1856,"parent_image":"C:\\Windows\\System32\\WindowsPowerShell\\v1.0\\powershell.exe","parent_process_id":4120,"command_line":"whoami"}}
{"schema_version":"1.0","record_type":"powershell","timestamp_utc":"2026-08-12T14:33:39Z","host":"purplelab-win-client.purplelab.local","user":"S-1-5-21-1898955512-2253536272-2216333128-1103","provider":"Microsoft-Windows-PowerShell","run_id":"run-001","label":"baseline","source":{"raw_file":"C:\\CyberRangers\\evidence\\it\\baselines\\run-001\\raw\\windows-client\\EventLog_Microsoft-Windows-PowerShell_Operational.csv","raw_row":199},"data":{"event_id":4103,"event_type":"module_pipeline","script_text":"CommandInvocation(hostname): \"hostname\"\n\nContext:\n        Severity = Informational\n        Host Name = ConsoleHost\n        Host Version = 5.1.26100.8875\n        Host Application = C:\\WINDOWS\\System32\\WindowsPowerShell\\v1.0\\powershell.exe\n        Engine Version = 5.1.26100.8875\n        Pipeline ID = 100\n        Command Name = hostname\n        Command Type = Application\n        User = PURPLELAB\\jdoe\n","record_id":23199}}
{"schema_version":"1.0","record_type":"powershell","timestamp_utc":"2026-08-12T14:33:39Z","host":"purplelab-win-client.purplelab.local","user":"S-1-5-21-1898955512-2253536272-2216333128-1103","provider":"Microsoft-Windows-PowerShell","run_id":"run-001","label":"baseline","source":{"raw_file":"C:\\CyberRangers\\evidence\\it\\baselines\\run-001\\raw\\windows-client\\EventLog_Microsoft-Windows-PowerShell_Operational.csv","raw_row":200},"data":{"event_id":4103,"event_type":"module_pipeline","script_text":"CommandInvocation(ipconfig): \"ipconfig\"\n\nContext:\n        Severity = Informational\n        Host Name = ConsoleHost\n        Host Version = 5.1.26100.8875\n        Host Application = C:\\WINDOWS\\System32\\WindowsPowerShell\\v1.0\\powershell.exe\n        Engine Version = 5.1.26100.8875\n        Pipeline ID = 100\n        Command Name = ipconfig\n        Command Type = Application\n        User = PURPLELAB\\jdoe\n","record_id":23200}}
{"schema_version":"1.0","record_type":"process_creation","timestamp_utc":"2026-08-12T14:33:39Z","host":"purplelab-win-client.purplelab.local","user":"PURPLELAB\\jdoe","provider":"Microsoft-Windows-Sysmon","run_id":"run-001","label":"baseline","source":{"raw_file":"C:\\CyberRangers\\evidence\\it\\baselines\\run-001\\raw\\windows-client\\EventLog_Microsoft-Windows-Sysmon_Operational.csv","raw_row":199},"data":{"event_id":1,"process_image":"C:\\Windows\\System32\\hostname.exe","process_id":3300,"parent_image":"C:\\Windows\\System32\\WindowsPowerShell\\v1.0\\powershell.exe","parent_process_id":4120,"command_line":"hostname"}}
{"schema_version":"1.0","record_type":"process_creation","timestamp_utc":"2026-08-12T14:33:39Z","host":"purplelab-win-client.purplelab.local","user":"PURPLELAB\\jdoe","provider":"Microsoft-Windows-Sysmon","run_id":"run-001","label":"baseline","source":{"raw_file":"C:\\CyberRangers\\evidence\\it\\baselines\\run-001\\raw\\windows-client\\EventLog_Microsoft-Windows-Sysmon_Operational.csv","raw_row":200},"data":{"event_id":1,"process_image":"C:\\Windows\\System32\\ipconfig.exe","process_id":1600,"parent_image":"C:\\Windows\\System32\\WindowsPowerShell\\v1.0\\powershell.exe","parent_process_id":4120,"command_line":"ipconfig /all"}}
{"schema_version":"1.0","record_type":"powershell","timestamp_utc":"2026-08-12T14:33:40Z","host":"purplelab-win-client.purplelab.local","user":"S-1-5-21-1898955512-2253536272-2216333128-1103","provider":"Microsoft-Windows-PowerShell","run_id":"run-001","label":"baseline","source":{"raw_file":"C:\\CyberRangers\\evidence\\it\\baselines\\run-001\\raw\\windows-client\\EventLog_Microsoft-Windows-PowerShell_Operational.csv","raw_row":201},"data":{"event_id":4103,"event_type":"module_pipeline","script_text":"CommandInvocation(tasklist): \"tasklist\"\n\nContext:\n        Severity = Informational\n        Host Name = ConsoleHost\n        Host Version = 5.1.26100.8875\n        Host Application = C:\\WINDOWS\\System32\\WindowsPowerShell\\v1.0\\powershell.exe\n        Engine Version = 5.1.26100.8875\n        Pipeline ID = 101\n        Command Name = tasklist\n        Command Type = Application\n        User = PURPLELAB\\jdoe\n","record_id":23201}}
{"schema_version":"1.0","record_type":"powershell","timestamp_utc":"2026-08-12T14:33:40Z","host":"purplelab-win-client.purplelab.local","user":"S-1-5-21-1898955512-2253536272-2216333128-1103","provider":"Microsoft-Windows-PowerShell","run_id":"run-001","label":"baseline","source":{"raw_file":"C:\\CyberRangers\\evidence\\it\\baselines\\run-001\\raw\\windows-client\\EventLog_Microsoft-Windows-PowerShell_Operational.csv","raw_row":202},"data":{"event_id":4103,"event_type":"module_pipeline","script_text":"CommandInvocation(nslookup): \"nslookup\"\n\nContext:\n        Severity = Informational\n        Host Name = ConsoleHost\n        Host Version = 5.1.26100.8875\n        Host Application = C:\\WINDOWS\\System32\\WindowsPowerShell\\v1.0\\powershell.exe\n        Engine Version = 5.1.26100.8875\n        Pipeline ID = 101\n        Command Name = nslookup\n        Command Type = Application\n        User = PURPLELAB\\jdoe\n","record_id":23202}}
{"schema_version":"1.0","record_type":"process_creation","timestamp_utc":"2026-08-12T14:33:40Z","host":"purplelab-win-client.purplelab.local","user":"PURPLELAB\\jdoe","provider":"Microsoft-Windows-Sysmon","run_id":"run-001","label":"baseline","source":{"raw_file":"C:\\CyberRangers\\evidence\\it\\baselines\\run-001\\raw\\windows-client\\EventLog_Microsoft-Windows-Sysmon_Operational.csv","raw_row":201},"data":{"event_id":1,"process_image":"C:\\Windows\\System32\\tasklist.exe","process_id":6528,"parent_image":"C:\\Windows\\System32\\WindowsPowerShell\\v1.0\\powershell.exe","parent_process_id":4120,"command_line":"tasklist /fo csv"}}
{"schema_version":"1.0","record_type":"process_creation","timestamp_utc":"2026-08-12T14:33:40Z","host":"purplelab-win-client.purplelab.local","user":"PURPLELAB\\jdoe","provider":"Microsoft-Windows-Sysmon","run_id":"run-001","label":"baseline","source":{"raw_file":"C:\\CyberRangers\\evidence\\it\\baselines\\run-001\\raw\\windows-client\\EventLog_Microsoft-Windows-Sysmon_Operational.csv","raw_row":202},"data":{"event_id":1,"process_image":"C:\\Windows\\System32\\nslookup.exe","process_id":2152,"parent_image":"C:\\Windows\\System32\\WindowsPowerShell\\v1.0\\powershell.exe","parent_process_id":4120,"command_line":"nslookup purplelab.local"}}
{"schema_version":"1.0","record_type":"powershell","timestamp_utc":"2026-08-12T14:33:41Z","host":"purplelab-win-client.purplelab.local","user":"S-1-5-21-1898955512-2253536272-2216333128-1103","provider":"Microsoft-Windows-PowerShell","run_id":"run-001","label":"baseline","source":{"raw_file":"C:\\CyberRangers\\evidence\\it\\baselines\\run-001\\raw\\windows-client\\EventLog_Microsoft-Windows-PowerShell_Operational.csv","raw_row":203},"data":{"event_id":4103,"event_type":"module_pipeline","script_text":"CommandInvocation(cmd): \"cmd\"\n\nContext:\n        Severity = Informational\n        Host Name = ConsoleHost\n        Host Version = 5.1.26100.8875\n        Host Application = C:\\WINDOWS\\System32\\WindowsPowerShell\\v1.0\\powershell.exe\n        Engine Version = 5.1.26100.8875\n        Pipeline ID = 102\n        Command Name = cmd\n        Command Type = Application\n        User = PURPLELAB\\jdoe\n","record_id":23203}}
{"schema_version":"1.0","record_type":"powershell","timestamp_utc":"2026-08-12T14:33:41Z","host":"purplelab-win-client.purplelab.local","user":"S-1-5-21-1898955512-2253536272-2216333128-1103","provider":"Microsoft-Windows-PowerShell","run_id":"run-001","label":"baseline","source":{"raw_file":"C:\\CyberRangers\\evidence\\it\\baselines\\run-001\\raw\\windows-client\\EventLog_Microsoft-Windows-PowerShell_Operational.csv","raw_row":204},"data":{"event_id":4103,"event_type":"module_pipeline","script_text":"CommandInvocation(whoami): \"whoami\"\n\nContext:\n        Severity = Informational\n        Host Name = ConsoleHost\n        Host Version = 5.1.26100.8875\n        Host Application = C:\\WINDOWS\\System32\\WindowsPowerShell\\v1.0\\powershell.exe\n        Engine Version = 5.1.26100.8875\n        Pipeline ID = 102\n        Command Name = whoami\n        Command Type = Application\n        User = PURPLELAB\\jdoe\n","record_id":23204}}
{"schema_version":"1.0","record_type":"process_creation","timestamp_utc":"2026-08-12T14:33:41Z","host":"purplelab-win-client.purplelab.local","user":"PURPLELAB\\jdoe","provider":"Microsoft-Windows-Sysmon","run_id":"run-001","label":"baseline","source":{"raw_file":"C:\\CyberRangers\\evidence\\it\\baselines\\run-001\\raw\\windows-client\\EventLog_Microsoft-Windows-Sysmon_Operational.csv","raw_row":203},"data":{"event_id":1,"process_image":"C:\\Windows\\System32\\cmd.exe","process_id":5464,"parent_image":"C:\\Windows\\explorer.exe","parent_process_id":3488,"command_line":"cmd.exe /c echo routine workstation check"}}
{"schema_version":"1.0","record_type":"process_creation","timestamp_utc":"2026-08-12T14:33:41Z","host":"purplelab-win-client.purplelab.local","user":"PURPLELAB\\jdoe","provider":"Microsoft-Windows-Sysmon","run_id":"run-001","label":"baseline","source":{"raw_file":"C:\\CyberRangers\\evidence\\it\\baselines\\run-001\\raw\\windows-client\\EventLog_Microsoft-Windows-Sysmon_Operational.csv","raw_row":204},"data":{"event_id":1,"process_image":"C:\\Windows\\System32\\whoami.exe","process_id":6176,"parent_image":"C:\\Windows\\System32\\WindowsPowerShell\\v1.0\\powershell.exe","parent_process_id":4120,"command_line":"whoami"}}
{"schema_version":"1.0","record_type":"powershell","timestamp_utc":"2026-08-12T14:33:42Z","host":"purplelab-win-client.purplelab.local","user":"S-1-5-21-1898955512-2253536272-2216333128-1103","provider":"Microsoft-Windows-PowerShell","run_id":"run-001","label":"baseline","source":{"raw_file":"C:\\CyberRangers\\evidence\\it\\baselines\\run-001\\raw\\windows-client\\EventLog_Microsoft-Windows-PowerShell_Operational.csv","raw_row":205},"data":{"event_id":4103,"event_type":"module_pipeline","script_text":"CommandInvocation(hostname): \"hostname\"\n\nContext:\n        Severity = Informational\n        Host Name = ConsoleHost\n        Host Version = 5.1.26100.8875\n        Host Application = C:\\WINDOWS\\System32\\WindowsPowerShell\\v1.0\\powershell.exe\n        Engine Version = 5.1.26100.8875\n        Pipeline ID = 103\n        Command Name = hostname\n        Command Type = Application\n        User = PURPLELAB\\jdoe\n","record_id":23205}}
{"schema_version":"1.0","record_type":"powershell","timestamp_utc":"2026-08-12T14:33:42Z","host":"purplelab-win-client.purplelab.local","user":"S-1-5-21-1898955512-2253536272-2216333128-1103","provider":"Microsoft-Windows-PowerShell","run_id":"run-001","label":"baseline","source":{"raw_file":"C:\\CyberRangers\\evidence\\it\\baselines\\run-001\\raw\\windows-client\\EventLog_Microsoft-Windows-PowerShell_Operational.csv","raw_row":206},"data":{"event_id":4103,"event_type":"module_pipeline","script_text":"CommandInvocation(ipconfig): \"ipconfig\"\n\nContext:\n        Severity = Informational\n        Host Name = ConsoleHost\n        Host Version = 5.1.26100.8875\n        Host Application = C:\\WINDOWS\\System32\\WindowsPowerShell\\v1.0\\powershell.exe\n        Engine Version = 5.1.26100.8875\n        Pipeline ID = 103\n        Command Name = ipconfig\n        Command Type = Application\n        User = PURPLELAB\\jdoe\n","record_id":23206}}
{"schema_version":"1.0","record_type":"process_creation","timestamp_utc":"2026-08-12T14:33:42Z","host":"purplelab-win-client.purplelab.local","user":"PURPLELAB\\jdoe","provider":"Microsoft-Windows-Sysmon","run_id":"run-001","label":"baseline","source":{"raw_file":"C:\\CyberRangers\\evidence\\it\\baselines\\run-001\\raw\\windows-client\\EventLog_Microsoft-Windows-Sysmon_Operational.csv","raw_row":205},"data":{"event_id":1,"process_image":"C:\\Windows\\System32\\hostname.exe","process_id":4564,"parent_image":"C:\\Windows\\System32\\WindowsPowerShell\\v1.0\\powershell.exe","parent_process_id":4120,"command_line":"hostname"}}
{"schema_version":"1.0","record_type":"process_creation","timestamp_utc":"2026-08-12T14:33:42Z","host":"purplelab-win-client.purplelab.local","user":"PURPLELAB\\jdoe","provider":"Microsoft-Windows-Sysmon","run_id":"run-001","label":"baseline","source":{"raw_file":"C:\\CyberRangers\\evidence\\it\\baselines\\run-001\\raw\\windows-client\\EventLog_Microsoft-Windows-Sysmon_Operational.csv","raw_row":206},"data":{"event_id":1,"process_image":"C:\\Windows\\System32\\ipconfig.exe","process_id":9080,"parent_image":"C:\\Windows\\System32\\WindowsPowerShell\\v1.0\\powershell.exe","parent_process_id":4120,"command_line":"ipconfig /all"}}
{"schema_version":"1.0","record_type":"powershell","timestamp_utc":"2026-08-12T14:33:43Z","host":"purplelab-win-client.purplelab.local","user":"S-1-5-21-1898955512-2253536272-2216333128-1103","provider":"Microsoft-Windows-PowerShell","run_id":"run-001","label":"baseline","source":{"raw_file":"C:\\CyberRangers\\evidence\\it\\baselines\\run-001\\raw\\windows-client\\EventLog_Microsoft-Windows-PowerShell_Operational.csv","raw_row":207},"data":{"event_id":4103,"event_type":"module_pipeline","script_text":"CommandInvocation(tasklist): \"tasklist\"\n\nContext:\n        Severity = Informational\n        Host Name = ConsoleHost\n        Host Version = 5.1.26100.8875\n        Host Application = C:\\WINDOWS\\System32\\WindowsPowerShell\\v1.0\\powershell.exe\n        Engine Version = 5.1.26100.8875\n        Pipeline ID = 104\n        Command Name = tasklist\n        Command Type = Application\n        User = PURPLELAB\\jdoe\n","record_id":23207}}
{"schema_version":"1.0","record_type":"powershell","timestamp_utc":"2026-08-12T14:33:43Z","host":"purplelab-win-client.purplelab.local","user":"S-1-5-21-1898955512-2253536272-2216333128-1103","provider":"Microsoft-Windows-PowerShell","run_id":"run-001","label":"baseline","source":{"raw_file":"C:\\CyberRangers\\evidence\\it\\baselines\\run-001\\raw\\windows-client\\EventLog_Microsoft-Windows-PowerShell_Operational.csv","raw_row":208},"data":{"event_id":4103,"event_type":"module_pipeline","script_text":"CommandInvocation(nslookup): \"nslookup\"\n\nContext:\n        Severity = Informational\n        Host Name = ConsoleHost\n        Host Version = 5.1.26100.8875\n        Host Application = C:\\WINDOWS\\System32\\WindowsPowerShell\\v1.0\\powershell.exe\n        Engine Version = 5.1.26100.8875\n        Pipeline ID = 104\n        Command Name = nslookup\n        Command Type = Application\n        User = PURPLELAB\\jdoe\n","record_id":23208}}
{"schema_version":"1.0","record_type":"process_creation","timestamp_utc":"2026-08-12T14:33:43Z","host":"purplelab-win-client.purplelab.local","user":"PURPLELAB\\jdoe","provider":"Microsoft-Windows-Sysmon","run_id":"run-001","label":"baseline","source":{"raw_file":"C:\\CyberRangers\\evidence\\it\\baselines\\run-001\\raw\\windows-client\\EventLog_Microsoft-Windows-Sysmon_Operational.csv","raw_row":207},"data":{"event_id":1,"process_image":"C:\\Windows\\System32\\tasklist.exe","process_id":9780,"parent_image":"C:\\Windows\\System32\\WindowsPowerShell\\v1.0\\powershell.exe","parent_process_id":4120,"command_line":"tasklist /fo csv"}}
{"schema_version":"1.0","record_type":"process_creation","timestamp_utc":"2026-08-12T14:33:43Z","host":"purplelab-win-client.purplelab.local","user":"PURPLELAB\\jdoe","provider":"Microsoft-Windows-Sysmon","run_id":"run-001","label":"baseline","source":{"raw_file":"C:\\CyberRangers\\evidence\\it\\baselines\\run-001\\raw\\windows-client\\EventLog_Microsoft-Windows-Sysmon_Operational.csv","raw_row":208},"data":{"event_id":1,"process_image":"C:\\Windows\\System32\\nslookup.exe","process_id":9720,"parent_image":"C:\\Windows\\System32\\WindowsPowerShell\\v1.0\\powershell.exe","parent_process_id":4120,"command_line":"nslookup purplelab.local"}}
{"schema_version":"1.0","record_type":"powershell","timestamp_utc":"2026-08-12T14:33:44Z","host":"purplelab-win-client.purplelab.local","user":"S-1-5-21-1898955512-2253536272-2216333128-1103","provider":"Microsoft-Windows-PowerShell","run_id":"run-001","label":"baseline","source":{"raw_file":"C:\\CyberRangers\\evidence\\it\\baselines\\run-001\\raw\\windows-client\\EventLog_Microsoft-Windows-PowerShell_Operational.csv","raw_row":209},"data":{"event_id":4103,"event_type":"module_pipeline","script_text":"CommandInvocation(cmd): \"cmd\"\n\nContext:\n        Severity = Informational\n        Host Name = ConsoleHost\n        Host Version = 5.1.26100.8875\n        Host Application = C:\\WINDOWS\\System32\\WindowsPowerShell\\v1.0\\powershell.exe\n        Engine Version = 5.1.26100.8875\n        Pipeline ID = 105\n        Command Name = cmd\n        Command Type = Application\n        User = PURPLELAB\\jdoe\n","record_id":23209}}
{"schema_version":"1.0","record_type":"powershell","timestamp_utc":"2026-08-12T14:33:44Z","host":"purplelab-win-client.purplelab.local","user":"S-1-5-21-1898955512-2253536272-2216333128-1103","provider":"Microsoft-Windows-PowerShell","run_id":"run-001","label":"baseline","source":{"raw_file":"C:\\CyberRangers\\evidence\\it\\baselines\\run-001\\raw\\windows-client\\EventLog_Microsoft-Windows-PowerShell_Operational.csv","raw_row":210},"data":{"event_id":4103,"event_type":"module_pipeline","script_text":"CommandInvocation(whoami): \"whoami\"\n\nContext:\n        Severity = Informational\n        Host Name = ConsoleHost\n        Host Version = 5.1.26100.8875\n        Host Application = C:\\WINDOWS\\System32\\WindowsPowerShell\\v1.0\\powershell.exe\n        Engine Version = 5.1.26100.8875\n        Pipeline ID = 105\n        Command Name = whoami\n        Command Type = Application\n        User = PURPLELAB\\jdoe\n","record_id":23210}}
{"schema_version":"1.0","record_type":"process_creation","timestamp_utc":"2026-08-12T14:33:44Z","host":"purplelab-win-client.purplelab.local","user":"PURPLELAB\\jdoe","provider":"Microsoft-Windows-Sysmon","run_id":"run-001","label":"baseline","source":{"raw_file":"C:\\CyberRangers\\evidence\\it\\baselines\\run-001\\raw\\windows-client\\EventLog_Microsoft-Windows-Sysmon_Operational.csv","raw_row":209},"data":{"event_id":1,"process_image":"C:\\Windows\\System32\\cmd.exe","process_id":3772,"parent_image":"C:\\Windows\\explorer.exe","parent_process_id":3488,"command_line":"cmd.exe /c echo routine workstation check"}}
{"schema_version":"1.0","record_type":"process_creation","timestamp_utc":"2026-08-12T14:33:44Z","host":"purplelab-win-client.purplelab.local","user":"PURPLELAB\\jdoe","provider":"Microsoft-Windows-Sysmon","run_id":"run-001","label":"baseline","source":{"raw_file":"C:\\CyberRangers\\evidence\\it\\baselines\\run-001\\raw\\windows-client\\EventLog_Microsoft-Windows-Sysmon_Operational.csv","raw_row":210},"data":{"event_id":1,"process_image":"C:\\Windows\\System32\\whoami.exe","process_id":2792,"parent_image":"C:\\Windows\\System32\\WindowsPowerShell\\v1.0\\powershell.exe","parent_process_id":4120,"command_line":"whoami"}}
{"schema_version":"1.0","record_type":"powershell","timestamp_utc":"2026-08-12T14:33:45Z","host":"purplelab-win-client.purplelab.local","user":"S-1-5-21-1898955512-2253536272-2216333128-1103","provider":"Microsoft-Windows-PowerShell","run_id":"run-001","label":"baseline","source":{"raw_file":"C:\\CyberRangers\\evidence\\it\\baselines\\run-001\\raw\\windows-client\\EventLog_Microsoft-Windows-PowerShell_Operational.csv","raw_row":211},"data":{"event_id":4103,"event_type":"module_pipeline","script_text":"CommandInvocation(hostname): \"hostname\"\n\nContext:\n        Severity = Informational\n        Host Name = ConsoleHost\n        Host Version = 5.1.26100.8875\n        Host Application = C:\\WINDOWS\\System32\\WindowsPowerShell\\v1.0\\powershell.exe\n        Engine Version = 5.1.26100.8875\n        Pipeline ID = 106\n        Command Name = hostname\n        Command Type = Application\n        User = PURPLELAB\\jdoe\n","record_id":23211}}
{"schema_version":"1.0","record_type":"powershell","timestamp_utc":"2026-08-12T14:33:45Z","host":"purplelab-win-client.purplelab.local","user":"S-1-5-21-1898955512-2253536272-2216333128-1103","provider":"Microsoft-Windows-PowerShell","run_id":"run-001","label":"baseline","source":{"raw_file":"C:\\CyberRangers\\evidence\\it\\baselines\\run-001\\raw\\windows-client\\EventLog_Microsoft-Windows-PowerShell_Operational.csv","raw_row":212},"data":{"event_id":4103,"event_type":"module_pipeline","script_text":"CommandInvocation(ipconfig): \"ipconfig\"\n\nContext:\n        Severity = Informational\n        Host Name = ConsoleHost\n        Host Version = 5.1.26100.8875\n        Host Application = C:\\WINDOWS\\System32\\WindowsPowerShell\\v1.0\\powershell.exe\n        Engine Version = 5.1.26100.8875\n        Pipeline ID = 106\n        Command Name = ipconfig\n        Command Type = Application\n        User = PURPLELAB\\jdoe\n","record_id":23212}}
{"schema_version":"1.0","record_type":"process_creation","timestamp_utc":"2026-08-12T14:33:45Z","host":"purplelab-win-client.purplelab.local","user":"PURPLELAB\\jdoe","provider":"Microsoft-Windows-Sysmon","run_id":"run-001","label":"baseline","source":{"raw_file":"C:\\CyberRangers\\evidence\\it\\baselines\\run-001\\raw\\windows-client\\EventLog_Microsoft-Windows-Sysmon_Operational.csv","raw_row":211},"data":{"event_id":1,"process_image":"C:\\Windows\\System32\\hostname.exe","process_id":1912,"parent_image":"C:\\Windows\\System32\\WindowsPowerShell\\v1.0\\powershell.exe","parent_process_id":4120,"command_line":"hostname"}}
{"schema_version":"1.0","record_type":"process_creation","timestamp_utc":"2026-08-12T14:33:45Z","host":"purplelab-win-client.purplelab.local","user":"PURPLELAB\\jdoe","provider":"Microsoft-Windows-Sysmon","run_id":"run-001","label":"baseline","source":{"raw_file":"C:\\CyberRangers\\evidence\\it\\baselines\\run-001\\raw\\windows-client\\EventLog_Microsoft-Windows-Sysmon_Operational.csv","raw_row":212},"data":{"event_id":1,"process_image":"C:\\Windows\\System32\\ipconfig.exe","process_id":6336,"parent_image":"C:\\Windows\\System32\\WindowsPowerShell\\v1.0\\powershell.exe","parent_process_id":4120,"command_line":"ipconfig /all"}}
{"schema_version":"1.0","record_type":"powershell","timestamp_utc":"2026-08-12T14:33:46Z","host":"purplelab-win-client.purplelab.local","user":"S-1-5-21-1898955512-2253536272-2216333128-1103","provider":"Microsoft-Windows-PowerShell","run_id":"run-001","label":"baseline","source":{"raw_file":"C:\\CyberRangers\\evidence\\it\\baselines\\run-001\\raw\\windows-client\\EventLog_Microsoft-Windows-PowerShell_Operational.csv","raw_row":213},"data":{"event_id":4103,"event_type":"module_pipeline","script_text":"CommandInvocation(tasklist): \"tasklist\"\n\nContext:\n        Severity = Informational\n        Host Name = ConsoleHost\n        Host Version = 5.1.26100.8875\n        Host Application = C:\\WINDOWS\\System32\\WindowsPowerShell\\v1.0\\powershell.exe\n        Engine Version = 5.1.26100.8875\n        Pipeline ID = 107\n        Command Name = tasklist\n        Command Type = Application\n        User = PURPLELAB\\jdoe\n","record_id":23213}}
{"schema_version":"1.0","record_type":"powershell","timestamp_utc":"2026-08-12T14:33:46Z","host":"purplelab-win-client.purplelab.local","user":"S-1-5-21-1898955512-2253536272-2216333128-1103","provider":"Microsoft-Windows-PowerShell","run_id":"run-001","label":"baseline","source":{"raw_file":"C:\\CyberRangers\\evidence\\it\\baselines\\run-001\\raw\\windows-client\\EventLog_Microsoft-Windows-PowerShell_Operational.csv","raw_row":214},"data":{"event_id":4103,"event_type":"module_pipeline","script_text":"CommandInvocation(nslookup): \"nslookup\"\n\nContext:\n        Severity = Informational\n        Host Name = ConsoleHost\n        Host Version = 5.1.26100.8875\n        Host Application = C:\\WINDOWS\\System32\\WindowsPowerShell\\v1.0\\powershell.exe\n        Engine Version = 5.1.26100.8875\n        Pipeline ID = 107\n        Command Name = nslookup\n        Command Type = Application\n        User = PURPLELAB\\jdoe\n","record_id":23214}}
{"schema_version":"1.0","record_type":"process_creation","timestamp_utc":"2026-08-12T14:33:46Z","host":"purplelab-win-client.purplelab.local","user":"PURPLELAB\\jdoe","provider":"Microsoft-Windows-Sysmon","run_id":"run-001","label":"baseline","source":{"raw_file":"C:\\CyberRangers\\evidence\\it\\baselines\\run-001\\raw\\windows-client\\EventLog_Microsoft-Windows-Sysmon_Operational.csv","raw_row":213},"data":{"event_id":1,"process_image":"C:\\Windows\\System32\\tasklist.exe","process_id":6528,"parent_image":"C:\\Windows\\System32\\WindowsPowerShell\\v1.0\\powershell.exe","parent_process_id":4120,"command_line":"tasklist /fo csv"}}
{"schema_version":"1.0","record_type":"process_creation","timestamp_utc":"2026-08-12T14:33:46Z","host":"purplelab-win-client.purplelab.local","user":"PURPLELAB\\jdoe","provider":"Microsoft-Windows-Sysmon","run_id":"run-001","label":"baseline","source":{"raw_file":"C:\\CyberRangers\\evidence\\it\\baselines\\run-001\\raw\\windows-client\\EventLog_Microsoft-Windows-Sysmon_Operational.csv","raw_row":214},"data":{"event_id":1,"process_image":"C:\\Windows\\System32\\nslookup.exe","process_id":3196,"parent_image":"C:\\Windows\\System32\\WindowsPowerShell\\v1.0\\powershell.exe","parent_process_id":4120,"command_line":"nslookup purplelab.local"}}
{"schema_version":"1.0","record_type":"powershell","timestamp_utc":"2026-08-12T14:33:47Z","host":"purplelab-win-client.purplelab.local","user":"S-1-5-21-1898955512-2253536272-2216333128-1103","provider":"Microsoft-Windows-PowerShell","run_id":"run-001","label":"baseline","source":{"raw_file":"C:\\CyberRangers\\evidence\\it\\baselines\\run-001\\raw\\windows-client\\EventLog_Microsoft-Windows-PowerShell_Operational.csv","raw_row":215},"data":{"event_id":4103,"event_type":"module_pipeline","script_text":"CommandInvocation(cmd): \"cmd\"\n\nContext:\n        Severity = Informational\n        Host Name = ConsoleHost\n        Host Version = 5.1.26100.8875\n        Host Application = C:\\WINDOWS\\System32\\WindowsPowerShell\\v1.0\\powershell.exe\n        Engine Version = 5.1.26100.8875\n        Pipeline ID = 108\n        Command Name = cmd\n        Command Type = Application\n        User = PURPLELAB\\jdoe\n","record_id":23215}}
{"schema_version":"1.0","record_type":"powershell","timestamp_utc":"2026-08-12T14:33:47Z","host":"purplelab-win-client.purplelab.local","user":"S-1-5-21-1898955512-2253536272-2216333128-1103","provider":"Microsoft-Windows-PowerShell","run_id":"run-001","label":"baseline","source":{"raw_file":"C:\\CyberRangers\\evidence\\it\\baselines\\run-001\\raw\\windows-client\\EventLog_Microsoft-Windows-PowerShell_Operational.csv","raw_row":216},"data":{"event_id":4103,"event_type":"module_pipeline","script_text":"CommandInvocation(whoami): \"whoami\"\n\nContext:\n        Severity = Informational\n        Host Name = ConsoleHost\n        Host Version = 5.1.26100.8875\n        Host Application = C:\\WINDOWS\\System32\\WindowsPowerShell\\v1.0\\powershell.exe\n        Engine Version = 5.1.26100.8875\n        Pipeline ID = 108\n        Command Name = whoami\n        Command Type = Application\n        User = PURPLELAB\\jdoe\n","record_id":23216}}
{"schema_version":"1.0","record_type":"process_creation","timestamp_utc":"2026-08-12T14:33:47Z","host":"purplelab-win-client.purplelab.local","user":"PURPLELAB\\jdoe","provider":"Microsoft-Windows-Sysmon","run_id":"run-001","label":"baseline","source":{"raw_file":"C:\\CyberRangers\\evidence\\it\\baselines\\run-001\\raw\\windows-client\\EventLog_Microsoft-Windows-Sysmon_Operational.csv","raw_row":215},"data":{"event_id":1,"process_image":"C:\\Windows\\System32\\cmd.exe","process_id":6564,"parent_image":"C:\\Windows\\explorer.exe","parent_process_id":3488,"command_line":"cmd.exe /c echo routine workstation check"}}
{"schema_version":"1.0","record_type":"process_creation","timestamp_utc":"2026-08-12T14:33:47Z","host":"purplelab-win-client.purplelab.local","user":"PURPLELAB\\jdoe","provider":"Microsoft-Windows-Sysmon","run_id":"run-001","label":"baseline","source":{"raw_file":"C:\\CyberRangers\\evidence\\it\\baselines\\run-001\\raw\\windows-client\\EventLog_Microsoft-Windows-Sysmon_Operational.csv","raw_row":216},"data":{"event_id":1,"process_image":"C:\\Windows\\System32\\whoami.exe","process_id":9056,"parent_image":"C:\\Windows\\System32\\WindowsPowerShell\\v1.0\\powershell.exe","parent_process_id":4120,"command_line":"whoami"}}
{"schema_version":"1.0","record_type":"powershell","timestamp_utc":"2026-08-12T14:33:48Z","host":"purplelab-win-client.purplelab.local","user":"S-1-5-21-1898955512-2253536272-2216333128-1103","provider":"Microsoft-Windows-PowerShell","run_id":"run-001","label":"baseline","source":{"raw_file":"C:\\CyberRangers\\evidence\\it\\baselines\\run-001\\raw\\windows-client\\EventLog_Microsoft-Windows-PowerShell_Operational.csv","raw_row":217},"data":{"event_id":4103,"event_type":"module_pipeline","script_text":"CommandInvocation(hostname): \"hostname\"\n\nContext:\n        Severity = Informational\n        Host Name = ConsoleHost\n        Host Version = 5.1.26100.8875\n        Host Application = C:\\WINDOWS\\System32\\WindowsPowerShell\\v1.0\\powershell.exe\n        Engine Version = 5.1.26100.8875\n        Pipeline ID = 109\n        Command Name = hostname\n        Command Type = Application\n        User = PURPLELAB\\jdoe\n","record_id":23217}}
{"schema_version":"1.0","record_type":"powershell","timestamp_utc":"2026-08-12T14:33:48Z","host":"purplelab-win-client.purplelab.local","user":"S-1-5-21-1898955512-2253536272-2216333128-1103","provider":"Microsoft-Windows-PowerShell","run_id":"run-001","label":"baseline","source":{"raw_file":"C:\\CyberRangers\\evidence\\it\\baselines\\run-001\\raw\\windows-client\\EventLog_Microsoft-Windows-PowerShell_Operational.csv","raw_row":218},"data":{"event_id":4103,"event_type":"module_pipeline","script_text":"CommandInvocation(ipconfig): \"ipconfig\"\n\nContext:\n        Severity = Informational\n        Host Name = ConsoleHost\n        Host Version = 5.1.26100.8875\n        Host Application = C:\\WINDOWS\\System32\\WindowsPowerShell\\v1.0\\powershell.exe\n        Engine Version = 5.1.26100.8875\n        Pipeline ID = 109\n        Command Name = ipconfig\n        Command Type = Application\n        User = PURPLELAB\\jdoe\n","record_id":23218}}
