{"schema_version":"1.0","record_type":"powershell","timestamp_utc":"2026-08-12T14:32:31Z","host":"purplelab-win-client.purplelab.local","user":"S-1-5-21-1898955512-2253536272-2216333128-1103","provider":"Microsoft-Windows-PowerShell","run_id":"run-001","label":"baseline","source":{"raw_file":"C:\\CyberRangers\\evidence\\it\\baselines\\run-001\\raw\\windows-client\\EventLog_Microsoft-Windows-PowerShell_Operational.csv","raw_row":64},"data":{"event_id":4103,"event_type":"module_pipeline","script_text":"CommandInvocation(nslookup): \"nslookup\"\n\nContext:\n        Severity = Informational\n        Host Name = ConsoleHost\n        Host Version = 5.1.26100.8875\n        Host Application = C:\\WINDOWS\\System32\\WindowsPowerShell\\v1.0\\powershell.exe\n        Engine Version = 5.1.26100.8875\n        Pipeline ID = 32\n        Command Name = nslookup\n        Command Type = Application\n        User = PURPLELAB\\jdoe\n","record_id":23064}}
{"schema_version":"1.0","record_type":"process_creation","timestamp_utc":"2026-08-12T14:32:31Z","host":"purplelab-win-client.purplelab.local","user":"PURPLELAB\\jdoe","provider":"Microsoft-Windows-Sysmon","run_id":"run-001","label":"baseline","source":{"raw_file":"C:\\CyberRangers\\evidence\\it\\baselines\\run-001\\raw\\windows-client\\EventLog_Microsoft-Windows-Sysmon_Operational.csv","raw_row":63},"data":{"event_id":1,"process_image":"C:\\Windows\\System32\\tasklist.exe","process_id":5052,"parent_image":"C:\\Windows\\System32\\WindowsPowerShell\\v1.0\\powershell.exe","parent_process_id":4120,"command_line":"tasklist /fo csv"}}
{"schema_version":"1.0","record_type":"process_creation","timestamp_utc":"2026-08-12T14:32:31Z","host":"purplelab-win-client.purplelab.local","user":"PURPLELAB\\jdoe","provider":"Microsoft-Windows-Sysmon","run_id":"run-001","label":"baseline","source":{"raw_file":"C:\\CyberRangers\\evidence\\it\\baselines\\run-001\\raw\\windows-client\\EventLog_Microsoft-Windows-Sysmon_Operational.csv","raw_row":64},"data":{"event_id":1,"process_image":"C:\\Windows\\System32\\nslookup.exe","process_id":3416,"parent_image":"C:\\Windows\\System32\\WindowsPowerShell\\v1.0\\powershell.exe","parent_process_id":4120,"command_line":"nslookup purplelab.local"}}
{"schema_version":"1.0","record_type":"powershell","timestamp_utc":"2026-08-12T14:32:32Z","host":"purplelab-win-client.purplelab.local","user":"S-1-5-21-1898955512-2253536272-2216333128-1103","provider":"Microsoft-Windows-PowerShell","run_id":"run-001","label":"baseline","source":{"raw_file":"C:\\CyberRangers\\evidence\\it\\baselines\\run-001\\raw\\windows-client\\EventLog_Microsoft-Windows-PowerShell_Operational.csv","raw_row":65},"data":{"event_id":4103,"event_type":"module_pipeline","script_text":"CommandInvocation(cmd): \"cmd\"\n\nContext:\n        Severity = Informational\n        Host Name = ConsoleHost\n        Host Version = 5.1.26100.8875\n        Host Application = C:\\WINDOWS\\System32\\WindowsPowerShell\\v1.0\\powershell.exe\n        Engine Version = 5.1.26100.8875\n        Pipeline ID = 33\n        Command Name = cmd\n        Command Type = Application\n        User = PURPLELAB\\jdoe\n","record_id":23065}}
{"schema_version":"1.0","record_type":"powershell","timestamp_utc":"2026-08-12T14:32:32Z","host":"purplelab-win-client.purplelab.local","user":"S-1-5-21-1898955512-2253536272-2216333128-1103","provider":"Microsoft-Windows-PowerShell","run_id":"run-001","label":"baseline","source":{"raw_file":"C:\\CyberRangers\\evidence\\it\\baselines\\run-001\\raw\\windows-client\\EventLog_Microsoft-Windows-PowerShell_Operational.csv","raw_row":66},"data":{"event_id":4103,"event_type":"module_pipeline","script_text":"CommandInvocation(whoami): \"whoami\"\n\nContext:\n        Severity = Informational\n        Host Name = ConsoleHost\n        Host Version = 5.1.26100.8875\n        Host Application = C:\\WINDOWS\\System32\\WindowsPowerShell\\v1.0\\powershell.exe\n        Engine Version = 5.1.26100.8875\n        Pipeline ID = 33\n        Command Name = whoami\n        Command Type = Application\n        User = PURPLELAB\\jdoe\n","record_id":23066}}
{"schema_version":"1.0","record_type":"process_creation","timestamp_utc":"2026-08-12T14:32:32Z","host":"purplelab-win-client.purplelab.local","user":"PURPLELAB\\jdoe","provider":"Microsoft-Windows-Sysmon","run_id":"run-001","label":"baseline","source":{"raw_file":"C:\\CyberRangers\\evidence\\it\\baselines\\run-001\\raw\\windows-client\\EventLog_Microsoft-Windows-Sysmon_Operational.csv","raw_row":65},"data":{"event_id":1,"process_image":"C:\\Windows\\System32\\cmd.exe","process_id":1840,"parent_image":"C:\\Windows\\explorer.exe","parent_process_id":3488,"command_line":"cmd.exe /c echo routine workstation check"}}
{"schema_version":"1.0","record_type":"process_creation","timestamp_utc":"2026-08-12T14:32:32Z","host":"purplelab-win-client.purplelab.local","user":"PURPLELAB\\jdoe","provider":"Microsoft-Windows-Sysmon","run_id":"run-001","label":"baseline","source":{"raw_file":"C:\\CyberRangers\\evidence\\it\\baselines\\run-001\\raw\\windows-client\\EventLog_Microsoft-Windows-Sysmon_Operational.csv","raw_row":66},"data":{"event_id":1,"process_image":"C:\\Windows\\System32\\whoami.exe","process_id":3248,"parent_image":"C:\\Windows\\System32\\WindowsPowerShell\\v1.0\\powershell.exe","parent_process_id":4120,"command_line":"whoami"}}
{"schema_version":"1.0","record_type":"powershell","timestamp_utc":"2026-08-12T14:32:33Z","host":"purplelab-win-client.purplelab.local","user":"S-1-5-21-1898955512-2253536272-2216333128-1103","provider":"Microsoft-Windows-PowerShell","run_id":"run-001","label":"baseline","source":{"raw_file":"C:\\CyberRangers\\evidence\\it\\baselines\\run-001\\raw\\windows-client\\EventLog_Microsoft-Windows-PowerShell_Operational.csv","raw_row":67},"data":{"event_id":4103,"event_type":"module_pipeline","script_text":"CommandInvocation(hostname): \"hostname\"\n\nContext:\n        Severity = Informational\n        Host Name = ConsoleHost\n        Host Version = 5.1.26100.8875\n        Host Application = C:\\WINDOWS\\System32\\WindowsPowerShell\\v1.0\\powershell.exe\n        Engine Version = 5.1.26100.8875\n        Pipeline ID = 34\n        Command Name = hostname\n        Command Type = Application\n        User = PURPLELAB\\jdoe\n","record_id":23067}}
{"schema_version":"1.0","record_type":"powershell","timestamp_utc":"2026-08-12T14:32:33Z","host":"purplelab-win-client.purplelab.local","user":"S-1-5-21-1898955512-2253536272-2216333128-1103","provider":"Microsoft-Windows-PowerShell","run_id":"run-001","label":"baseline","source":{"raw_file":"C:\\CyberRangers\\evidence\\it\\baselines\\run-001\\raw\\windows-client\\EventLog_Microsoft-Windows-PowerShell_Operational.csv","raw_row":68},"data":{"event_id":4103,"event_type":"module_pipeline","script_text":"CommandInvocation(ipconfig): \"ipconfig\"\n\nContext:\n        Severity = Informational\n        Host Name = ConsoleHost\n        Host Version = 5.1.26100.8875\n        Host Application = C:\\WINDOWS\\System32\\WindowsPowerShell\\v1.0\\powershell.exe\n        Engine Version = 5.1.26100.8875\n        Pipeline ID = 34\n        Command Name = ipconfig\n        Command Type = Application\n        User = PURPLELAB\\jdoe\n","record_id":23068}}
{"schema_version":"1.0","record_type":"process_creation","timestamp_utc":"2026-08-12T14:32:33Z","host":"purplelab-win-client.purplelab.local","user":"PURPLELAB\\jdoe","provider":"Microsoft-Windows-Sysmon","run_id":"run-001","label":"baseline","source":{"raw_file":"C:\\CyberRangers\\evidence\\it\\baselines\\run-001\\raw\\windows-client\\EventLog_Microsoft-Windows-Sysmon_Operational.csv","raw_row":67},"data":{"event_id":1,"process_image":"C:\\Windows\\System32\\hostname.exe","process_id":2452,"parent_image":"C:\\Windows\\System32\\WindowsPowerShell\\v1.0\\powershell.exe","parent_process_id":4120,"command_line":"hostname"}}
{"schema_version":"1.0","record_type":"process_creation","timestamp_utc":"2026-08-12T14:32:33Z","host":"purplelab-win-client.purplelab.local","user":"PURPLELAB\\jdoe","provider":"Microsoft-Windows-Sysmon","run_id":"run-001","label":"baseline","source":{"raw_file":"C:\\CyberRangers\\evidence\\it\\baselines\\run-001\\raw\\windows-client\\EventLog_Microsoft-Windows-Sysmon_Operational.csv","raw_row":68},"data":{"event_id":1,"process_image":"C:\\Windows\\System32\\ipconfig.exe","process_id":5568,"parent_image":"C:\\Windows\\System32\\WindowsPowerShell\\v1.0\\powershell.exe","parent_process_id":4120,"command_line":"ipconfig /all"}}
{"schema_version":"1.0","record_type":"powershell","timestamp_utc":"2026-08-12T14:32:34Z","host":"purplelab-win-client.purplelab.local","user":"S-1-5-21-1898955512-2253536272-2216333128-1103","provider":"Microsoft-Windows-PowerShell","run_id":"run-001","label":"baseline","source":{"raw_file":"C:\\CyberRangers\\evidence\\it\\baselines\\run-001\\raw\\windows-client\\EventLog_Microsoft-Windows-PowerShell_Operational.csv","raw_row":69},"data":{"event_id":4103,"event_type":"module_pipeline","script_text":"CommandInvocation(tasklist): \"tasklist\"\n\nContext:\n        Severity = Informational\n        Host Name = ConsoleHost\n        Host Version = 5.1.26100.8875\n        Host Application = C:\\WINDOWS\\System32\\WindowsPowerShell\\v1.0\\powershell.exe\n        Engine Version = 5.1.26100.8875\n        Pipeline ID = 35\n        Command Name = tasklist\n        Command Type = Application\n        User = PURPLELAB\\jdoe\n","record_id":23069}}
{"schema_version":"1.0","record_type":"powershell","timestamp_utc":"2026-08-12T14:32:34Z","host":"purplelab-win-client.purplelab.local","user":"S-1-5-21-1898955512-2253536272-2216333128-1103","provider":"Microsoft-Windows-PowerShell","run_id":"run-001","label":"baseline","source":{"raw_file":"C:\\CyberRangers\\evidence\\it\\baselines\\run-001\\raw\\windows-client\\EventLog_Microsoft-Windows-PowerShell_Operational.csv","raw_row":70},"data":{"event_id":4103,"event_type":"module_pipeline","script_text":"CommandInvocation(nslookup): \"nslookup\"\n\nContext:\n        Severity = Informational\n        Host Name = ConsoleHost\n        Host Version = 5.1.26100.8875\n        Host Application = C:\\WINDOWS\\System32\\WindowsPowerShell\\v1.0\\powershell.exe\n        Engine Version = 5.1.26100.8875\n        Pipeline ID = 35\n        Command Name = nslookup\n        Command Type = Application\n        User = PURPLELAB\\jdoe\n","record_id":23070}}
{"schema_version":"1.0","record_type":"process_creation","timestamp_utc":"2026-08-12T14:32:34Z","host":"purplelab-win-client.purplelab.local","user":"PURPLELAB\\jdoe","provider":"Microsoft-Windows-Sysmon","run_id":"run-001","label":"baseline","source":{"raw_file":"C:\\CyberRangers\\evidence\\it\\baselines\\run-001\\raw\\windows-client\\EventLog_Microsoft-Windows-Sysmon_Operational.csv","raw_row":69},"data":{"event_id":1,"process_image":"C:\\Windows\\System32\\tasklist.exe","process_id":3072,"parent_image":"C:\\Windows\\System32\\WindowsPowerShell\\v1.0\\powershell.exe","parent_process_id":4120,"command_line":"tasklist /fo csv"}}
{"schema_version":"1.0","record_type":"process_creation","timestamp_utc":"2026-08-12T14:32:34Z","host":"purplelab-win-client.purplelab.local","user":"PURPLELAB\\jdoe","provider":"Microsoft-Windows-Sysmon","run_id":"run-001","label":"baseline","source":{"raw_file":"C:\\CyberRangers\\evidence\\it\\baselines\\run-001\\raw\\windows-client\\EventLog_Microsoft-Windows-Sysmon_Operational.csv","raw_row":70},"data":{"event_id":1,"process_image":"C:\\Windows\\System32\\nslookup.exe","process_id":6044,"parent_image":"C:\\Windows\\System32\\WindowsPowerShell\\v1.0\\powershell.exe","parent_process_id":4120,"command_line":"nslookup purplelab.local"}}
{"schema_version":"1.0","record_type":"powershell","timestamp_utc":"2026-08-12T14:32:35Z","host":"purplelab-win-client.purplelab.local","user":"S-1-5-21-1898955512-2253536272-2216333128-1103","provider":"Microsoft-Windows-PowerShell","run_id":"run-001","label":"baseline","source":{"raw_file":"C:\\CyberRangers\\evidence\\it\\baselines\\run-001\\raw\\windows-client\\EventLog_Microsoft-Windows-PowerShell_Operational.csv","raw_row":71},"data":{"event_id":4103,"event_type":"module_pipeline","script_text":"CommandInvocation(cmd): \"cmd\"\n\nContext:\n        Severity = Informational\n        Host Name = ConsoleHost\n        Host Version = 5.1.26100.8875\n        Host Application = C:\\WINDOWS\\System32\\WindowsPowerShell\\v1.0\\powershell.exe\n        Engine Version = 5.1.26100.8875\n        Pipeline ID = 36\n        Command Name = cmd\n        Command Type = Application\n        User = PURPLELAB\\jdoe\n","record_id":23071}}
{"schema_version":"1.0","record_type":"powershell","timestamp_utc":"2026-08-12T14:32:35Z","host":"purplelab-win-client.purplelab.local","user":"S-1-5-21-1898955512-2253536272-2216333128-1103","provider":"Microsoft-Windows-PowerShell","run_id":"run-001","label":"baseline","source":{"raw_file":"C:\\CyberRangers\\evidence\\it\\baselines\\run-001\\raw\\windows-client\\EventLog_Microsoft-Windows-PowerShell_Operational.csv","raw_row":72},"data":{"event_id":4103,"event_type":"module_pipeline","script_text":"CommandInvocation(whoami): \"whoami\"\n\nContext:\n        Severity = Informational\n        Host Name = ConsoleHost\n        Host Version = 5.1.26100.8875\n        Host Application = C:\\WINDOWS\\System32\\WindowsPowerShell\\v1.0\\powershell.exe\n        Engine Version = 5.1.26100.8875\n        Pipeline ID = 36\n        Command Name = whoami\n        Command Type = Application\n        User = PURPLELAB\\jdoe\n","record_id":23072}}
{"schema_version":"1.0","record_type":"process_creation","timestamp_utc":"2026-08-12T14:32:35Z","host":"purplelab-win-client.purplelab.local","user":"PURPLELAB\\jdoe","provider":"Microsoft-Windows-Sysmon","run_id":"run-001","label":"baseline","source":{"raw_file":"C:\\CyberRangers\\evidence\\it\\baselines\\run-001\\raw\\windows-client\\EventLog_Microsoft-Windows-Sysmon_Operational.csv","raw_row":71},"data":{"event_id":1,"process_image":"C:\\Windows\\System32\\cmd.exe","process_id":7972,"parent_image":"C:\\Windows\\explorer.exe","parent_process_id":3488,"command_line":"cmd.exe /c echo routine workstation check"}}
{"schema_version":"1.0","record_type":"process_creation","timestamp_utc":"2026-08-12T14:32:35Z","host":"purplelab-win-client.purplelab.local","user":"PURPLELAB\\jdoe","provider":"Microsoft-Windows-Sysmon","run_id":"run-001","label":"baseline","source":{"raw_file":"C:\\CyberRangers\\evidence\\it\\baselines\\run-001\\raw\\windows-client\\EventLog_Microsoft-Windows-Sysmon_Operational.csv","raw_row":72},"data":{"event_id":1,"process_image":"C:\\Windows\\System32\\whoami.exe","process_id":4276,"parent_image":"C:\\Windows\\System32\\WindowsPowerShell\\v1.0\\powershell.exe","parent_process_id":4120,"command_line":"whoami"}}
{"schema_version":"1.0","record_type":"powershell","timestamp_utc":"2026-08-12T14:32:36Z","host":"purplelab-win-client.purplelab.local","user":"S-1-5-21-1898955512-2253536272-2216333128-1103","provider":"Microsoft-Windows-PowerShell","run_id":"run-001","label":"baseline","source":{"raw_file":"C:\\CyberRangers\\evidence\\it\\baselines\\run-001\\raw\\windows-client\\EventLog_Microsoft-Windows-PowerShell_Operational.csv","raw_row":73},"data":{"event_id":4103,"event_type":"module_pipeline","script_text":"CommandInvocation(hostname): \"hostname\"\n\nContext:\n        Severity = Informational\n        Host Name = ConsoleHost\n        Host Version = 5.1.26100.8875\n        Host Application = C:\\WINDOWS\\System32\\WindowsPowerShell\\v1.0\\powershell.exe\n        Engine Version = 5.1.26100.8875\n        Pipeline ID = 37\n        Command Name = hostname\n        Command Type = Application\n        User = PURPLELAB\\jdoe\n","record_id":23073}}
{"schema_version":"1.0","record_type":"powershell","timestamp_utc":"2026-08-12T14:32:36Z","host":"purplelab-win-client.purplelab.local","user":"S-1-5-21-1898955512-2253536272-2216333128-1103","provider":"Microsoft-Windows-PowerShell","run_id":"run-001","label":"baseline","source":{"raw_file":"C:\\CyberRangers\\evidence\\it\\baselines\\run-001\\raw\\windows-client\\EventLog_Microsoft-Windows-PowerShell_Operational.csv","raw_row":74},"data":{"event_id":4103,"event_type":"module_pipeline","script_text":"CommandInvocation(ipconfig): \"ipconfig\"\n\nContext:\n        Severity = Informational\n        Host Name = ConsoleHost\n        Host Version = 5.1.26100.8875\n        Host Application = C:\\WINDOWS\\System32\\WindowsPowerShell\\v1.0\\powershell.exe\n        Engine Version = 5.1.26100.8875\n        Pipeline ID = 37\n        Command Name = ipconfig\n        Command Type = Application\n        User = PURPLELAB\\jdoe\n","record_id":23074}}
{"schema_version":"1.0","record_type":"process_creation","timestamp_utc":"2026-08-12T14:32:36Z","host":"purplelab-win-client.purplelab.local","user":"PURPLELAB\\jdoe","provider":"Microsoft-Windows-Sysmon","run_id":"run-001","label":"baseline","source":{"raw_file":"C:\\CyberRangers\\evidence\\it\\baselines\\run-001\\raw\\windows-client\\EventLog_Microsoft-Windows-Sysmon_Operational.csv","raw_row":73},"data":{"event_id":1,"process_image":"C:\\Windows\\System32\\hostname.exe","process_id":3852,"parent_image":"C:\\Windows\\System32\\WindowsPowerShell\\v1.0\\powershell.exe","parent_process_id":4120,"command_line":"hostname"}}
{"schema_version":"1.0","record_type":"process_creation","timestamp_utc":"2026-08-12T14:32:36Z","host":"purplelab-win-client.purplelab.local","user":"PURPLELAB\\jdoe","provider":"Microsoft-Windows-Sysmon","run_id":"run-001","label":"baseline","source":{"raw_file":"C:\\CyberRangers\\evidence\\it\\baselines\\run-001\\raw\\windows-client\\EventLog_Microsoft-Windows-Sysmon_Operational.csv","raw_row":74},"data":{"event_id":1,"process_image":"C:\\Windows\\System32\\ipconfig.exe","process_id":3804,"parent_image":"C:\\Windows\\System32\\WindowsPowerShell\\v1.0\\powershell.exe","parent_process_id":4120,"command_line":"ipconfig /all"}}
{"schema_version":"1.0","record_type":"powershell","timestamp_utc":"2026-08-12T14:32:37Z","host":"purplelab-win-client.purplelab.local","user":"S-1-5-21-1898955512-2253536272-2216333128-1103","provider":"Microsoft-Windows-PowerShell","run_id":"run-001","label":"baseline","source":{"raw_file":"C:\\CyberRangers\\evidence\\it\\baselines\\run-001\\raw\\windows-client\\EventLog_Microsoft-Windows-PowerShell_Operational.csv","raw_row":75},"data":{"event_id":4103,"event_type":"module_pipeline","script_text":"CommandInvocation(tasklist): \"tasklist\"\n\nContext:\n        Severity = Informational\n        Host Name = ConsoleHost\n        Host Version = 5.1.26100.8875\n        Host Application = C:\\WINDOWS\\System32\\WindowsPowerShell\\v1.0\\powershell.exe\n        Engine Version = 5.1.26100.8875\n        Pipeline ID = 38\n        Command Name = tasklist\n        Command Type = Application\n        User = PURPLELAB\\jdoe\n","record_id":23075}}
{"schema_version":"1.0","record_type":"powershell","timestamp_utc":"2026-08-12T14:32:37Z","host":"purplelab-win-client.purplelab.local","user":"S-1-5-21-1898955512-2253536272-2216333128-1103","provider":"Microsoft-Windows-PowerShell","run_id":"run-001","label":"baseline","source":{"raw_file":"C:\\CyberRangers\\evidence\\it\\baselines\\run-001\\raw\\windows-client\\EventLog_Microsoft-Windows-PowerShell_Operational.csv","raw_row":76},"data":{"event_id":4103,"event_type":"module_pipeline","script_text":"CommandInvocation(nslookup): \"nslookup\"\n\nContext:\n        Severity = Informational\n        Host Name = ConsoleHost\n        Host Version = 5.1.26100.8875\n        Host Application = C:\\WINDOWS\\System32\\WindowsPowerShell\\v1.0\\powershell.exe\n        Engine Version = 5.1.26100.8875\n        Pipeline ID = 38\n        Command Name = nslookup\n        Command Type = Application\n        User = PURPLELAB\\jdoe\n","record_id":23076}}
{"schema_version":"1.0","record_type":"process_creation","timestamp_utc":"2026-08-12T14:32:37Z","host":"purplelab-win-client.purplelab.local","user":"PURPLELAB\\jdoe","provider":"Microsoft-Windows-Sysmon","run_id":"run-001","label":"baseline","source":{"raw_file":"C:\\CyberRangers\\evidence\\it\\baselines\\run-001\\raw\\windows-client\\EventLog_Microsoft-Windows-Sysmon_Operational.csv","raw_row":75},"data":{"event_id":1,"process_image":"C:\\Windows\\System32\\tasklist.exe","process_id":6016,"parent_image":"C:\\Windows\\System32\\WindowsPowerShell\\v1.0\\powershell.exe","parent_process_id":4120,"command_line":"tasklist /fo csv"}}
{"schema_version":"1.0","record_type":"process_creation","timestamp_utc":"2026-08-12T14:32:37Z","host":"purplelab-win-client.purplelab.local","user":"PURPLELAB\\jdoe","provider":"Microsoft-Windows-Sysmon","run_id":"run-001","label":"baseline","source":{"raw_file":"C:\\CyberRangers\\evidence\\it\\baselines\\run-001\\raw\\windows-client\\EventLog_Microsoft-Windows-Sysmon_Operational.csv","raw_row":76},"data":{"event_id":1,"process_image":"C:\\Windows\\System32\\nslookup.exe","process_id":2840,"parent_image":"C:\\Windows\\System32\\WindowsPowerShell\\v1.0\\powershell.exe","parent_process_id":4120,"command_line":"nslookup purplelab.local"}}
{"schema_version":"1.0","record_type":"powershell","timestamp_utc":"2026-08-12T14:32:38Z","host":"purplelab-win-client.purplelab.local","user":"S-1-5-21-1898955512-2253536272-2216333128-1103","provider":"Microsoft-Windows-PowerShell","run_id":"run-001","label":"baseline","source":{"raw_file":"C:\\CyberRangers\\evidence\\it\\baselines\\run-001\\raw\\windows-client\\EventLog_Microsoft-Windows-PowerShell_Operational.csv","raw_row":77},"data":{"event_id":4103,"event_type":"module_pipeline","script_text":"CommandInvocation(cmd): \"cmd\"\n\nContext:\n        Severity = Informational\n        Host Name = ConsoleHost\n        Host Version = 5.1.26100.8875\n        Host Application = C:\\WINDOWS\\System32\\WindowsPowerShell\\v1.0\\powershell.exe\n        Engine Version = 5.1.26100.8875\n        Pipeline ID = 39\n        Command Name = cmd\n        Command Type = Application\n        User = PURPLELAB\\jdoe\n","record_id":23077}}
{"schema_version":"1.0","record_type":"powershell","timestamp_utc":"2026-08-12T14:32:38Z","host":"purplelab-win-client.purplelab.local","user":"S-1-5-21-1898955512-2253536272-2216333128-1103","provider":"Microsoft-Windows-PowerShell","run_id":"run-001","label":"baseline","source":{"raw_file":"C:\\CyberRangers\\evidence\\it\\baselines\\run-001\\raw\\windows-client\\EventLog_Microsoft-Windows-PowerShell_Operational.csv","raw_row":78},"data":{"event_id":4103,"event_type":"module_pipeline","script_text":"CommandInvocation(whoami): \"whoami\"\n\nContext:\n        Severity = Informational\n        Host Name = ConsoleHost\n        Host Version = 5.1.26100.8875\n        Host Application = C:\\WINDOWS\\System32\\WindowsPowerShell\\v1.0\\powershell.exe\n        Engine Version = 5.1.26100.8875\n        Pipeline ID = 39\n        Command Name = whoami\n        Command Type = Application\n        User = PURPLELAB\\jdoe\n","record_id":23078}}
{"schema_version":"1.0","record_type":"process_creation","timestamp_utc":"2026-08-12T14:32:38Z","host":"purplelab-win-client.purplelab.local","user":"PURPLELAB\\jdoe","provider":"Microsoft-Windows-Sysmon","run_id":"run-001","label":"baseline","source":{"raw_file":"C:\\CyberRangers\\evidence\\it\\baselines\\run-001\\raw\\windows-client\\EventLog_Microsoft-Windows-Sysmon_Operational.csv","raw_row":77},"data":{"event_id":1,"process_image":"C:\\Windows\\System32\\cmd.exe","process_id":1372,"parent_image":"C:\\Windows\\explorer.exe","parent_process_id":3488,"command_line":"cmd.exe /c echo routine workstation check"}}
{"schema_version":"1.0","record_type":"process_creation","timestamp_utc":"2026-08-12T14:32:38Z","host":"purplelab-win-client.purplelab.local","user":"PURPLELAB\\jdoe","provider":"Microsoft-Windows-Sysmon","run_id":"run-001","label":"baseline","source":{"raw_file":"C:\\CyberRangers\\evidence\\it\\baselines\\run-001\\raw\\windows-client\\EventLog_Microsoft-Windows-Sysmon_Operational.csv","raw_row":78},"data":{"event_id":1,"process_image":"C:\\Windows\\System32\\whoami.exe","process_id":6444,"parent_image":"C:\\Windows\\System32\\WindowsPowerShell\\v1.0\\powershell.exe","parent_process_id":4120,"command_line":"whoami"}}
{"schema_version":"1.0","record_type":"powershell","timestamp_utc":"2026-08-12T14:32:39Z","host":"purplelab-win-client.purplelab.local","user":"S-1-5-21-1898955512-2253536272-2216333128-1103","provider":"Microsoft-Windows-PowerShell","run_id":"run-001","label":"baseline","source":{"raw_file":"C:\\CyberRangers\\evidence\\it\\baselines\\run-001\\raw\\windows-client\\EventLog_Microsoft-Windows-PowerShell_Operational.csv","raw_row":79},"data":{"event_id":4103,"event_type":"module_pipeline","script_text":"CommandInvocation(hostname): \"hostname\"\n\nContext:\n        Severity = Informational\n        Host Name = ConsoleHost\n        Host Version = 5.1.26100.8875\n        Host Application = C:\\WINDOWS\\System32\\WindowsPowerShell\\v1.0\\powershell.exe\n        Engine Version = 5.1.26100.8875\n        Pipeline ID = 40\n        Command Name = hostname\n        Command Type = Application\n        User = PURPLELAB\\jdoe\n","record_id":23079}}
{"schema_version":"1.0","record_type":"powershell","timestamp_utc":"2026-08-12T14:32:39Z","host":"purplelab-win-client.purplelab.local","user":"S-1-5-21-1898955512-2253536272-2216333128-1103","provider":"Microsoft-Windows-PowerShell","run_id":"run-001","label":"baseline","source":{"raw_file":"C:\\CyberRangers\\evidence\\it\\baselines\\run-001\\raw\\windows-client\\EventLog_Microsoft-Windows-PowerShell_Operational.csv","raw_row":80},"data":{"event_id":4103,"event_type":"module_pipeline","script_text":"CommandInvocation(ipconfig): \"ipconfig\"\n\nContext:\n        Severity = Informational\n        Host Name = ConsoleHost\n        Host Version = 5.1.26100.8875\n        Host Application = C:\\WINDOWS\\System32\\WindowsPowerShell\\v1.0\\powershell.exe\n        Engine Version = 5.1.26100.8875\n        Pipeline ID = 40\n        Command Name = ipconfig\n        Command Type = Application\n        User = PURPLELAB\\jdoe\n","record_id":23080}}
{"schema_version":"1.0","record_type":"process_creation","timestamp_utc":"2026-08-12T14:32:39Z","host":"purplelab-win-client.purplelab.local","user":"PURPLELAB\\jdoe","provider":"Microsoft-Windows-Sysmon","run_id":"run-001","label":"baseline","source":{"raw_file":"C:\\CyberRangers\\evidence\\it\\baselines\\run-001\\raw\\windows-client\\EventLog_Microsoft-Windows-Sysmon_Operational.csv","raw_row":79},"data":{"event_id":1,"process_image":"C:\\Windows\\System32\\hostname.exe","process_id":2248,"parent_image":"C:\\Windows\\System32\\WindowsPowerShell\\v1.0\\powershell.exe","parent_process_id":4120,"command_line":"hostname"}}
{"schema_version":"1.0","record_type":"process_creation","timestamp_utc":"2026-08-12T14:32:39Z","host":"purplelab-win-client.purplelab.local","user":"PURPLELAB\\jdoe","provider":"Microsoft-Windows-Sysmon","run_id":"run-001","label":"baseline","source":{"raw_file":"C:\\CyberRangers\\evidence\\it\\baselines\\run-001\\raw\\windows-client\\EventLog_Microsoft-Windows-Sysmon_Operational.csv","raw_row":80},"data":{"event_id":1,"process_image":"C:\\Windows\\System32\\ipconfig.exe","process_id":3024,"parent_image":"C:\\Windows\\System32\\WindowsPowerShell\\v1.0\\powershell.exe","parent_process_id":4120,"command_line":"ipconfig /all"}}
{"schema_version":"1.0","record_type":"powershell","timestamp_utc":"2026-08-12T14:32:40Z","host":"purplelab-win-client.purplelab.local","user":"S-1-5-21-1898955512-2253536272-2216333128-1103","provider":"Microsoft-Windows-PowerShell","run_id":"run-001","label":"baseline","source":{"raw_file":"C:\\CyberRangers\\evidence\\it\\baselines\\run-001\\raw\\windows-client\\EventLog_Microsoft-Windows-PowerShell_Operational.csv","raw_row":81},"data":{"event_id":4103,"event_type":"module_pipeline","script_text":"CommandInvocation(tasklist): \"tasklist\"\n\nContext:\n        Severity = Informational\n        Host Name = ConsoleHost\n        Host Version = 5.1.26100.8875\n        Host Application = C:\\WINDOWS\\System32\\WindowsPowerShell\\v1.0\\powershell.exe\n        Engine Version = 5.1.26100.8875\n        Pipeline ID = 41\n        Command Name = tasklist\n        Command Type = Application\n        User = PURPLELAB\\jdoe\n","record_id":23081}}
{"schema_version":"1.0","record_type":"powershell","timestamp_utc":"2026-08-12T14:32:40Z","host":"purplelab-win-client.purplelab.local","user":"S-1-5-21-1898955512-2253536272-2216333128-1103","provider":"Microsoft-Windows-PowerShell","run_id":"run-001","label":"baseline","source":{"raw_file":"C:\\CyberRangers\\evidence\\it\\baselines\\run-001\\raw\\windows-client\\EventLog_Microsoft-Windows-PowerShell_Operational.csv","raw_row":82},"data":{"event_id":4103,"event_type":"module_pipeline","script_text":"CommandInvocation(nslookup): \"nslookup\"\n\nContext:\n        Severity = Informational\n        Host Name = ConsoleHost\n        Host Version = 5.1.26100.8875\n        Host Application = C:\\WINDOWS\\System32\\WindowsPowerShell\\v1.0\\powershell.exe\n        Engine Version = 5.1.26100.8875\n        Pipeline ID = 41\n        Command Name = nslookup\n        Command Type = Application\n        User = PURPLELAB\\jdoe\n","record_id":23082}}
{"schema_version":"1.0","record_type":"process_creation","timestamp_utc":"2026-08-12T14:32:40Z","host":"purplelab-win-client.purplelab.local","user":"PURPLELAB\\jdoe","provider":"Microsoft-Windows-Sysmon","run_id":"run-001","label":"baseline","source":{"raw_file":"C:\\CyberRangers\\evidence\\it\\baselines\\run-001\\raw\\windows-client\\EventLog_Microsoft-Windows-Sysmon_Operational.csv","raw_row":81},"data":{"event_id":1,"process_image":"C:\\Windows\\System32\\tasklist.exe","process_id":8880,"parent_image":"C:\\Windows\\System32\\WindowsPowerShell\\v1.0\\powershell.exe","parent_process_id":4120,"command_line":"tasklist /fo csv"}}
{"schema_version":"1.0","record_type":"process_creation","timestamp_utc":"2026-08-12T14:32:40Z","host":"purplelab-win-client.purplelab.local","user":"PURPLELAB\\jdoe","provider":"Microsoft-Windows-Sysmon","run_id":"run-001","label":"baseline","source":{"raw_file":"C:\\CyberRangers\\evidence\\it\\baselines\\run-001\\raw\\windows-client\\EventLog_Microsoft-Windows-Sysmon_Operational.csv","raw_row":82},"data":{"event_id":1,"process_image":"C:\\Windows\\System32\\nslookup.exe","process_id":4604,"parent_image":"C:\\Windows\\System32\\WindowsPowerShell\\v1.0\\powershell.exe","parent_process_id":4120,"command_line":"nslookup purplelab.local"}}
{"schema_version":"1.0","record_type":"powershell","timestamp_utc":"2026-08-12T14:32:41Z","host":"purplelab-win-client.purplelab.local","user":"S-1-5-21-1898955512-2253536272-2216333128-1103","provider":"Microsoft-Windows-PowerShell","run_id":"run-001","label":"baseline","source":{"raw_file":"C:\\CyberRangers\\evidence\\it\\baselines\\run-001\\raw\\windows-client\\EventLog_Microsoft-Windows-PowerShell_Operational.csv","raw_row":83},"data":{"event_id":4103,"event_type":"module_pipeline","script_text":"CommandInvocation(cmd): \"cmd\"\n\nContext:\n        Severity = Informational\n        Host Name = ConsoleHost\n        Host Version = 5.1.26100.8875\n        Host Application = C:\\WINDOWS\\System32\\WindowsPowerShell\\v1.0\\powershell.exe\n        Engine Version = 5.1.26100.8875\n        Pipeline ID = 42\n        Command Name = cmd\n        Command Type = Application\n        User = PURPLELAB\\jdoe\n","record_id":23083}}
{"schema_version":"1.0","record_type":"powershell","timestamp_utc":"2026-08-12T14:32:41Z","host":"purplelab-win-client.purplelab.local","user":"S-1-5-21-1898955512-2253536272-2216333128-1103","provider":"Microsoft-Windows-PowerShell","run_id":"run-001","label":"baseline","source":{"raw_file":"C:\\CyberRangers\\evidence\\it\\baselines\\run-001\\raw\\windows-client\\EventLog_Microsoft-Windows-PowerShell_Operational.csv","raw_row":84},"data":{"event_id":4103,"event_type":"module_pipeline","script_text":"CommandInvocation(whoami): \"whoami\"\n\nContext:\n        Severity = Informational\n        Host Name = ConsoleHost\n        Host Version = 5.1.26100.8875\n        Host Application = C:\\WINDOWS\\System32\\WindowsPowerShell\\v1.0\\powershell.exe\n        Engine Version = 5.1.26100.8875\n        Pipeline ID = 42\n        Command Name = whoami\n        Command Type = Application\n        User = PURPLELAB\\jdoe\n","record_id":23084}}
{"schema_version":"1.0","record_type":"process_creation","timestamp_utc":"2026-08-12T14:32:41Z","host":"purplelab-win-client.purplelab.local","user":"PURPLELAB\\jdoe","provider":"Microsoft-Windows-Sysmon","run_id":"run-001","label":"baseline","source":{"raw_file":"C:\\CyberRangers\\evidence\\it\\baselines\\run-001\\raw\\windows-client\\EventLog_Microsoft-Windows-Sysmon_Operational.csv","raw_row":83},"data":{"event_id":1,"process_image":"C:\\Windows\\System32\\cmd.exe","process_id":5800,"parent_image":"C:\\Windows\\explorer.exe","parent_process_id":3488,"command_line":"cmd.exe /c echo routine workstation check"}}
{"schema_version":"1.0","record_type":"process_creation","timestamp_utc":"2026-08-12T14:32:41Z","host":"purplelab-win-client.purplelab.local","user":"PURPLELAB\\jdoe","provider":"Microsoft-Windows-Sysmon","run_id":"run-001","label":"baseline","source":{"raw_file":"C:\\CyberRangers\\evidence\\it\\baselines\\run-001\\raw\\windows-client\\EventLog_Microsoft-Windows-Sysmon_Operational.csv","raw_row":84},"data":{"event_id":1,"process_image":"C:\\Windows\\System32\\whoami.exe","process_id":6752,"parent_image":"C:\\Windows\\System32\\WindowsPowerShell\\v1.0\\powershell.exe","parent_process_id":4120,"command_line":"whoami"}}
{"schema_version":"1.0","record_type":"powershell","timestamp_utc":"2026-08-12T14:32:42Z","host":"purplelab-win-client.purplelab.local","user":"S-1-5-21-1898955512-2253536272-2216333128-1103","provider":"Microsoft-Windows-PowerShell","run_id":"run-001","label":"baseline","source":{"raw_file":"C:\\CyberRangers\\evidence\\it\\baselines\\run-001\\raw\\windows-client\\EventLog_Microsoft-Windows-PowerShell_Operational.csv","raw_row":85},"data":{"event_id":4103,"event_type":"module_pipeline","script_text":"CommandInvocation(hostname): \"hostname\"\n\nContext:\n        Severity = Informational\n        Host Name = ConsoleHost\n        Host Version = 5.1.26100.8875\n        Host Application = C:\\WINDOWS\\System32\\WindowsPowerShell\\v1.0\\powershell.exe\n        Engine Version = 5.1.26100.8875\n        Pipeline ID = 43\n        Command Name = hostname\n        Command Type = Application\n        User = PURPLELAB\\jdoe\n","record_id":23085}}
{"schema_version":"1.0","record_type":"powershell","timestamp_utc":"2026-08-12T14:32:42Z","host":"purplelab-win-client.purplelab.local","user":"S-1-5-21-1898955512-2253536272-2216333128-1103","provider":"Microsoft-Windows-PowerShell","run_id":"run-001","label":"baseline","source":{"raw_file":"C:\\CyberRangers\\evidence\\it\\baselines\\run-001\\raw\\windows-client\\EventLog_Microsoft-Windows-PowerShell_Operational.csv","raw_row":86},"data":{"event_id":4103,"event_type":"module_pipeline","script_text":"CommandInvocation(ipconfig): \"ipconfig\"\n\nContext:\n        Severity = Informational\n        Host Name = ConsoleHost\n        Host Version = 5.1.26100.8875\n        Host Application = C:\\WINDOWS\\System32\\WindowsPowerShell\\v1.0\\powershell.exe\n        Engine Version = 5.1.26100.8875\n        Pipeline ID = 43\n        Command Name = ipconfig\n        Command Type = Application\n        User = PURPLELAB\\jdoe\n","record_id":23086}}
{"schema_version":"1.0","record_type":"process_creation","timestamp_utc":"2026-08-12T14:32:42Z","host":"purplelab-win-client.purplelab.local","user":"PURPLELAB\\jdoe","provider":"Microsoft-Windows-Sysmon","run_id":"run-001","label":"baseline","source":{"raw_file":"C:\\CyberRangers\\evidence\\it\\baselines\\run-001\\raw\\windows-client\\EventLog_Microsoft-Windows-Sysmon_Operational.csv","raw_row":85},"data":{"event_id":1,"process_image":"C:\\Windows\\System32\\hostname.exe","process_id":1872,"parent_image":"C:\\Windows\\System32\\WindowsPowerShell\\v1.0\\powershell.exe","parent_process_id":4120,"command_line":"hostname"}}
{"schema_version":"1.0","record_type":"process_creation","timestamp_utc":"2026-08-12T14:32:42Z","host":"purplelab-win-client.purplelab.local","user":"PURPLELAB\\jdoe","provider":"Microsoft-Windows-Sysmon","run_id":"run-001","label":"baseline","source":{"raw_file":"C:\\CyberRangers\\evidence\\it\\baselines\\run-001\\raw\\windows-client\\EventLog_Microsoft-Windows-Sysmon_Operational.csv","raw_row":86},"data":{"event_id":1,"process_image":"C:\\Windows\\System32\\ipconfig.exe","process_id":6160,"parent_image":"C:\\Windows\\System32\\WindowsPowerShell\\v1.0\\powershell.exe","parent_process_id":4120,"command_line":"ipconfig /all"}}
{"schema_version":"1.0","record_type":"powershell","timestamp_utc":"2026-08-12T14:32:43Z","host":"purplelab-win-client.purplelab.local","user":"S-1-5-21-1898955512-2253536272-2216333128-1103","provider":"Microsoft-Windows-PowerShell","run_id":"run-001","label":"baseline","source":{"raw_file":"C:\\CyberRangers\\evidence\\it\\baselines\\run-001\\raw\\windows-client\\EventLog_Microsoft-Windows-PowerShell_Operational.csv","raw_row":87},"data":{"event_id":4103,"event_type":"module_pipeline","script_text":"CommandInvocation(tasklist): \"tasklist\"\n\nContext:\n        Severity = Informational\n        Host Name = ConsoleHost\n        Host Version = 5.1.26100.8875\n        Host Application = C:\\WINDOWS\\System32\\WindowsPowerShell\\v1.0\\powershell.exe\n        Engine Version = 5.1.26100.8875\n        Pipeline ID = 44\n        Command Name = tasklist\n        Command Type = Application\n        User = PURPLELAB\\jdoe\n","record_id":23087}}
{"schema_version":"1.0","record_type":"powershell","timestamp_utc":"2026-08-12T14:32:43Z","host":"purplelab-win-client.purplelab.local","user":"S-1-5-21-1898955512-2253536272-2216333128-1103","provider":"Microsoft-Windows-PowerShell","run_id":"run-001","label":"baseline","source":{"raw_file":"C:\\CyberRangers\\evidence\\it\\baselines\\run-001\\raw\\windows-client\\EventLog_Microsoft-Windows-PowerShell_Operational.csv","raw_row":88},"data":{"event_id":4103,"event_type":"module_pipeline","script_text":"CommandInvocation(nslookup): \"nslookup\"\n\nContext:\n        Severity = Informational\n        Host Name = ConsoleHost\n        Host Version = 5.1.26100.8875\n        Host Application = C:\\WINDOWS\\System32\\WindowsPowerShell\\v1.0\\powershell.exe\n        Engine Version = 5.1.26100.8875\n        Pipeline ID = 44\n        Command Name = nslookup\n        Command Type = Application\n        User = PURPLELAB\\jdoe\n","record_id":23088}}
{"schema_version":"1.0","record_type":"process_creation","timestamp_utc":"2026-08-12T14:32:43Z","host":"purplelab-win-client.purplelab.local","user":"PURPLELAB\\jdoe","provider":"Microsoft-Windows-Sysmon","run_id":"run-001","label":"baseline","source":{"raw_file":"C:\\CyberRangers\\evidence\\it\\baselines\\run-001\\raw\\windows-client\\EventLog_Microsoft-Windows-Sysmon_Operational.csv","raw_row":87},"data":{"event_id":1,"process_image":"C:\\Windows\\System32\\tasklist.exe","process_id":2708,"parent_image":"C:\\Windows\\System32\\WindowsPowerShell\\v1.0\\powershell.exe","parent_process_id":4120,"command_line":"tasklist /fo csv"}}
{"schema_version":"1.0","record_type":"process_creation","timestamp_utc":"2026-08-12T14:32:43Z","host":"purplelab-win-client.purplelab.local","user":"PURPLELAB\\jdoe","provider":"Microsoft-Windows-Sysmon","run_id":"run-001","label":"baseline","source":{"raw_file":"C:\\CyberRangers\\evidence\\it\\baselines\\run-001\\raw\\windows-client\\EventLog_Microsoft-Windows-Sysmon_Operational.csv","raw_row":88},"data":{"event_id":1,"process_image":"C:\\Windows\\System32\\nslookup.exe","process_id":7780,"parent_image":"C:\\Windows\\System32\\WindowsPowerShell\\v1.0\\powershell.exe","parent_process_id":4120,"command_line":"nslookup purplelab.local"}}
{"schema_version":"1.0","record_type":"powershell","timestamp_utc":"2026-08-12T14:32:44Z","host":"purplelab-win-client.purplelab.local","user":"S-1-5-21-1898955512-2253536272-2216333128-1103","provider":"Microsoft-Windows-PowerShell","run_id":"run-001","label":"baseline","source":{"raw_file":"C:\\CyberRangers\\evidence\\it\\baselines\\run-001\\raw\\windows-client\\EventLog_Microsoft-Windows-PowerShell_Operational.csv","raw_row":89},"data":{"event_id":4103,"event_type":"module_pipeline","script_text":"CommandInvocation(cmd): \"cmd\"\n\nContext:\n        Severity = Informational\n        Host Name = ConsoleHost\n        Host Version = 5.1.26100.8875\n        Host Application = C:\\WINDOWS\\System32\\WindowsPowerShell\\v1.0\\powershell.exe\n        Engine Version = 5.1.26100.8875\n        Pipeline ID = 45\n        Command Name = cmd\n        Command Type = Application\n        User = PURPLELAB\\jdoe\n","record_id":23089}}
{"schema_version":"1.0","record_type":"powershell","timestamp_utc":"2026-08-12T14:32:44Z","host":"purplelab-win-client.purplelab.local","user":"S-1-5-21-1898955512-2253536272-2216333128-1103","provider":"Microsoft-Windows-PowerShell","run_id":"run-001","label":"baseline","source":{"raw_file":"C:\\CyberRangers\\evidence\\it\\baselines\\run-001\\raw\\windows-client\\EventLog_Microsoft-Windows-PowerShell_Operational.csv","raw_row":90},"data":{"event_id":4103,"event_type":"module_pipeline","script_text":"CommandInvocation(whoami): \"whoami\"\n\nContext:\n        Severity = Informational\n        Host Name = ConsoleHost\n        Host Version = 5.1.26100.8875\n        Host Application = C:\\WINDOWS\\System32\\WindowsPowerShell\\v1.0\\powershell.exe\n        Engine Version = 5.1.26100.8875\n        Pipeline ID = 45\n        Command Name = whoami\n        Command Type = Application\n        User = PURPLELAB\\jdoe\n","record_id":23090}}
{"schema_version":"1.0","record_type":"process_creation","timestamp_utc":"2026-08-12T14:32:44Z","host":"purplelab-win-client.purplelab.local","user":"PURPLELAB\\jdoe","provider":"Microsoft-Windows-Sysmon","run_id":"run-001","label":"baseline","source":{"raw_file":"C:\\CyberRangers\\evidence\\it\\baselines\\run-001\\raw\\windows-client\\EventLog_Microsoft-Windows-Sysmon_Operational.csv","raw_row":89},"data":{"event_id":1,"process_image":"C:\\Windows\\System32\\cmd.exe","process_id":2428,"parent_image":"C:\\Windows\\explorer.exe","parent_process_id":3488,"command_line":"cmd.exe /c echo routine workstation check"}}
{"schema_version":"1.0","record_type":"process_creation","timestamp_utc":"2026-08-12T14:32:44Z","host":"purplelab-win-client.purplelab.local","user":"PURPLELAB\\jdoe","provider":"Microsoft-Windows-Sysmon","run_id":"run-001","label":"baseline","source":{"raw_file":"C:\\CyberRangers\\evidence\\it\\baselines\\run-001\\raw\\windows-client\\EventLog_Microsoft-Windows-Sysmon_Operational.csv","raw_row":90},"data":{"event_id":1,"process_image":"C:\\Windows\\System32\\whoami.exe","process_id":9280,"parent_image":"C:\\Windows\\System32\\WindowsPowerShell\\v1.0\\powershell.exe","parent_process_id":4120,"command_line":"whoami"}}
{"schema_version":"1.0","record_type":"powershell","timestamp_utc":"2026-08-12T14:32:45Z","host":"purplelab-win-client.purplelab.local","user":"S-1-5-21-1898955512-2253536272-2216333128-1103","provider":"Microsoft-Windows-PowerShell","run_id":"run-001","label":"baseline","source":{"raw_file":"C:\\CyberRangers\\evidence\\it\\baselines\\run-001\\raw\\windows-client\\EventLog_Microsoft-Windows-PowerShell_Operational.csv","raw_row":91},"data":{"event_id":4103,"event_type":"module_pipeline","script_text":"CommandInvocation(hostname): \"hostname\"\n\nContext:\n        Severity = Informational\n        Host Name = ConsoleHost\n        Host Version = 5.1.26100.8875\n        Host Application = C:\\WINDOWS\\System32\\WindowsPowerShell\\v1.0\\powershell.exe\n        Engine Version = 5.1.26100.8875\n        Pipeline ID = 46\n        Command Name = hostname\n        Command Type = Application\n        User = PURPLELAB\\jdoe\n","record_id":23091}}
{"schema_version":"1.0","record_type":"powershell","timestamp_utc":"2026-08-12T14:32:45Z","host":"purplelab-win-client.purplelab.local","user":"S-1-5-21-1898955512-2253536272-2216333128-1103","provider":"Microsoft-Windows-PowerShell","run_id":"run-001","label":"baseline","source":{"raw_file":"C:\\CyberRangers\\evidence\\it\\baselines\\run-001\\raw\\windows-client\\EventLog_Microsoft-Windows-PowerShell_Operational.csv","raw_row":92},"data":{"event_id":4103,"event_type":"module_pipeline","script_text":"CommandInvocation(ipconfig): \"ipconfig\"\n\nContext:\n        Severity = Informational\n        Host Name = ConsoleHost\n        Host Version = 5.1.26100.8875\n        Host Application = C:\\WINDOWS\\System32\\WindowsPowerShell\\v1.0\\powershell.exe\n        Engine Version = 5.1.26100.8875\n        Pipeline ID = 46\n        Command Name = ipconfig\n        Command Type = Application\n        User = PURPLELAB\\jdoe\n","record_id":23092}}
{"schema_version":"1.0","record_type":"process_creation","timestamp_utc":"2026-08-12T14:32:45Z","host":"purplelab-win-client.purplelab.local","user":"PURPLELAB\\jdoe","provider":"Microsoft-Windows-Sysmon","run_id":"run-001","label":"baseline","source":{"raw_file":"C:\\CyberRangers\\evidence\\it\\baselines\\run-001\\raw\\windows-client\\EventLog_Microsoft-Windows-Sysmon_Operational.csv","raw_row":91},"data":{"event_id":1,"process_image":"C:\\Windows\\System32\\hostname.exe","process_id":9412,"parent_image":"C:\\Windows\\System32\\WindowsPowerShell\\v1.0\\powershell.exe","parent_process_id":4120,"command_line":"hostname"}}
{"schema_version":"1.0","record_type":"process_creation","timestamp_utc":"2026-08-12T14:32:45Z","host":"purplelab-win-client.purplelab.local","user":"PURPLELAB\\jdoe","provider":"Microsoft-Windows-Sysmon","run_id":"run-001","label":"baseline","source":{"raw_file":"C:\\CyberRangers\\evidence\\it\\baselines\\run-001\\raw\\windows-client\\EventLog_Microsoft-Windows-Sysmon_Operational.csv","raw_row":92},"data":{"event_id":1,"process_image":"C:\\Windows\\System32\\ipconfig.exe","process_id":4036,"parent_image":"C:\\Windows\\System32\\WindowsPowerShell\\v1.0\\powershell.exe","parent_process_id":4120,"command_line":"ipconfig /all"}}
{"schema_version":"1.0","record_type":"powershell","timestamp_utc":"2026-08-12T14:32:46Z","host":"purplelab-win-client.purplelab.local","user":"S-1-5-21-1898955512-2253536272-2216333128-1103","provider":"Microsoft-Windows-PowerShell","run_id":"run-001","label":"baseline","source":{"raw_file":"C:\\CyberRangers\\evidence\\it\\baselines\\run-001\\raw\\windows-client\\EventLog_Microsoft-Windows-PowerShell_Operational.csv","raw_row":93},"data":{"event_id":4103,"event_type":"module_pipeline","script_text":"CommandInvocation(tasklist): \"tasklist\"\n\nContext:\n        Severity = Informational\n        Host Name = ConsoleHost\n        Host Version = 5.1.26100.8875\n        Host Application = C:\\WINDOWS\\System32\\WindowsPowerShell\\v1.0\\powershell.exe\n        Engine Version = 5.1.26100.8875\n        Pipeline ID = 47\n        Command Name = tasklist\n        Command Type = Application\n        User = PURPLELAB\\jdoe\n","record_id":23093}}
{"schema_version":"1.0","record_type":"powershell","timestamp_utc":"2026-08-12T14:32:46Z","host":"purplelab-win-client.purplelab.local","user":"S-1-5-21-1898955512-2253536272-2216333128-1103","provider":"Microsoft-Windows-PowerShell","run_id":"run-001","label":"baseline","source":{"raw_file":"C:\\CyberRangers\\evidence\\it\\baselines\\run-001\\raw\\windows-client\\EventLog_Microsoft-Windows-PowerShell_Operational.csv","raw_row":94},"data":{"event_id":4103,"event_type":"module_pipeline","script_text":"CommandInvocation(nslookup): \"nslookup\"\n\nContext:\n        Severity = Informational\n        Host Name = ConsoleHost\n        Host Version = 5.1.26100.8875\n        Host Application = C:\\WINDOWS\\System32\\WindowsPowerShell\\v1.0\\powershell.exe\n        Engine Version = 5.1.26100.8875\n        Pipeline ID = 47\n        Command Name = nslookup\n        Command Type = Application\n        User = PURPLELAB\\jdoe\n","record_id":23094}}
